[2022-07-25 11:18:54,027][transformers.tokenization_utils_base][INFO] - Model name 'pretrain_model/jointgt_bart' not found in model shortcut name list (facebook/bart-base, facebook/bart-large, facebook/bart-large-mnli, facebook/bart-large-cnn, facebook/bart-large-xsum, yjernite/bart_eli5). Assuming 'pretrain_model/jointgt_bart' is a path, a model identifier, or url to a directory containing tokenizer files.
[2022-07-25 11:18:54,029][transformers.tokenization_utils_base][INFO] - Didn't find file pretrain_model/jointgt_bart/added_tokens.json. We won't load it.
[2022-07-25 11:18:54,029][transformers.tokenization_utils_base][INFO] - Didn't find file pretrain_model/jointgt_bart/special_tokens_map.json. We won't load it.
[2022-07-25 11:18:54,030][transformers.tokenization_utils_base][INFO] - Didn't find file pretrain_model/jointgt_bart/tokenizer_config.json. We won't load it.
[2022-07-25 11:18:54,030][transformers.tokenization_utils_base][INFO] - Didn't find file pretrain_model/jointgt_bart/tokenizer.json. We won't load it.
[2022-07-25 11:18:54,031][transformers.tokenization_utils_base][INFO] - loading file pretrain_model/jointgt_bart/vocab.json
[2022-07-25 11:18:54,031][transformers.tokenization_utils_base][INFO] - loading file pretrain_model/jointgt_bart/merges.txt
[2022-07-25 11:18:54,031][transformers.tokenization_utils_base][INFO] - loading file None
[2022-07-25 11:18:54,031][transformers.tokenization_utils_base][INFO] - loading file None
[2022-07-25 11:18:54,031][transformers.tokenization_utils_base][INFO] - loading file None
[2022-07-25 11:18:54,031][transformers.tokenization_utils_base][INFO] - loading file None
[2022-07-25 11:19:09,841][transformers.configuration_utils][INFO] - loading configuration file pretrain_model/jointgt_bart/config.json
[2022-07-25 11:19:09,842][transformers.configuration_utils][INFO] - Model config BartConfig {
  "activation_dropout": 0.1,
  "activation_function": "gelu",
  "add_bias_logits": false,
  "add_final_layer_norm": false,
  "architectures": [
    "MyBartPretrain"
  ],
  "attention_dropout": 0.1,
  "bos_token_id": 0,
  "classif_dropout": 0.0,
  "d_model": 768,
  "decoder_attention_heads": 12,
  "decoder_ffn_dim": 3072,
  "decoder_layerdrop": 0.0,
  "decoder_layers": 6,
  "decoder_start_token_id": 2,
  "dropout": 0.1,
  "early_stopping": true,
  "encoder_attention_heads": 12,
  "encoder_ffn_dim": 3072,
  "encoder_layerdrop": 0.0,
  "encoder_layers": 6,
  "eos_token_id": 2,
  "extra_pos_embeddings": 2,
  "id2label": {
    "0": "LABEL_0",
    "1": "LABEL_1",
    "2": "LABEL_2"
  },
  "init_std": 0.02,
  "is_encoder_decoder": true,
  "label2id": {
    "LABEL_0": 0,
    "LABEL_1": 1,
    "LABEL_2": 2
  },
  "max_position_embeddings": 1024,
  "model_type": "bart",
  "no_repeat_ngram_size": 3,
  "normalize_before": false,
  "normalize_embedding": true,
  "num_beams": 4,
  "num_hidden_layers": 6,
  "pad_token_id": 1,
  "scale_embedding": false,
  "static_position_embeddings": false,
  "task_specific_params": {
    "summarization": {
      "length_penalty": 1.0,
      "max_length": 128,
      "min_length": 12,
      "num_beams": 4
    },
    "summarization_cnn": {
      "length_penalty": 2.0,
      "max_length": 142,
      "min_length": 56,
      "num_beams": 4
    },
    "summarization_xsum": {
      "length_penalty": 1.0,
      "max_length": 62,
      "min_length": 11,
      "num_beams": 6
    }
  },
  "vocab_size": 50265
}

[2022-07-25 11:19:09,843][transformers.modeling_utils][INFO] - loading weights file pretrain_model/jointgt_bart/pytorch_model.bin
[2022-07-25 11:19:16,345][transformers.modeling_utils][INFO] - All model checkpoint weights were used when initializing MyBartForConditionalGeneration.

[2022-07-25 11:19:16,345][transformers.modeling_utils][INFO] - All the weights of MyBartForConditionalGeneration were initialized from the model checkpoint at pretrain_model/jointgt_bart.
If your task is similar to the task the model of the ckeckpoint was trained on, you can already use MyBartForConditionalGeneration for predictions without further training.
[2022-07-25 11:19:21,336][__main__][DEBUG] - Parameter model.model.shared.weight: torch.Size([50265, 768]), require_grad=True
[2022-07-25 11:19:21,337][__main__][DEBUG] - Parameter model.model.encoder.embed_positions.weight: torch.Size([1026, 768]), require_grad=True
[2022-07-25 11:19:21,337][__main__][DEBUG] - Parameter model.model.encoder.layers.0.self_attn.k_proj.weight: torch.Size([768, 768]), require_grad=True
[2022-07-25 11:19:21,337][__main__][DEBUG] - Parameter model.model.encoder.layers.0.self_attn.k_proj.bias: torch.Size([768]), require_grad=True
[2022-07-25 11:19:21,337][__main__][DEBUG] - Parameter model.model.encoder.layers.0.self_attn.v_proj.weight: torch.Size([768, 768]), require_grad=True
[2022-07-25 11:19:21,337][__main__][DEBUG] - Parameter model.model.encoder.layers.0.self_attn.v_proj.bias: torch.Size([768]), require_grad=True
[2022-07-25 11:19:21,337][__main__][DEBUG] - Parameter model.model.encoder.layers.0.self_attn.q_proj.weight: torch.Size([768, 768]), require_grad=True
[2022-07-25 11:19:21,337][__main__][DEBUG] - Parameter model.model.encoder.layers.0.self_attn.q_proj.bias: torch.Size([768]), require_grad=True
[2022-07-25 11:19:21,338][__main__][DEBUG] - Parameter model.model.encoder.layers.0.self_attn.out_proj.weight: torch.Size([768, 768]), require_grad=True
[2022-07-25 11:19:21,338][__main__][DEBUG] - Parameter model.model.encoder.layers.0.self_attn.out_proj.bias: torch.Size([768]), require_grad=True
[2022-07-25 11:19:21,338][__main__][DEBUG] - Parameter model.model.encoder.layers.0.self_struc_attn.k_proj.weight: torch.Size([768, 768]), require_grad=True
[2022-07-25 11:19:21,338][__main__][DEBUG] - Parameter model.model.encoder.layers.0.self_struc_attn.k_proj.bias: torch.Size([768]), require_grad=True
[2022-07-25 11:19:21,338][__main__][DEBUG] - Parameter model.model.encoder.layers.0.self_struc_attn.v_proj.weight: torch.Size([768, 768]), require_grad=True
[2022-07-25 11:19:21,338][__main__][DEBUG] - Parameter model.model.encoder.layers.0.self_struc_attn.v_proj.bias: torch.Size([768]), require_grad=True
[2022-07-25 11:19:21,338][__main__][DEBUG] - Parameter model.model.encoder.layers.0.self_struc_attn.q_proj.weight: torch.Size([768, 768]), require_grad=True
[2022-07-25 11:19:21,338][__main__][DEBUG] - Parameter model.model.encoder.layers.0.self_struc_attn.q_proj.bias: torch.Size([768]), require_grad=True
[2022-07-25 11:19:21,338][__main__][DEBUG] - Parameter model.model.encoder.layers.0.self_struc_attn.rel_v_proj.weight: torch.Size([768, 768]), require_grad=True
[2022-07-25 11:19:21,339][__main__][DEBUG] - Parameter model.model.encoder.layers.0.self_struc_attn.rel_v_proj.bias: torch.Size([768]), require_grad=True
[2022-07-25 11:19:21,339][__main__][DEBUG] - Parameter model.model.encoder.layers.0.self_struc_attn.rel_k_proj.weight: torch.Size([768, 768]), require_grad=True
[2022-07-25 11:19:21,339][__main__][DEBUG] - Parameter model.model.encoder.layers.0.self_struc_attn.rel_k_proj.bias: torch.Size([768]), require_grad=True
[2022-07-25 11:19:21,339][__main__][DEBUG] - Parameter model.model.encoder.layers.0.self_struc_attn.out_proj.weight: torch.Size([768, 768]), require_grad=True
[2022-07-25 11:19:21,339][__main__][DEBUG] - Parameter model.model.encoder.layers.0.self_struc_attn.out_proj.bias: torch.Size([768]), require_grad=True
[2022-07-25 11:19:21,339][__main__][DEBUG] - Parameter model.model.encoder.layers.0.self_attn_layer_norm.weight: torch.Size([768]), require_grad=True
[2022-07-25 11:19:21,339][__main__][DEBUG] - Parameter model.model.encoder.layers.0.self_attn_layer_norm.bias: torch.Size([768]), require_grad=True
[2022-07-25 11:19:21,339][__main__][DEBUG] - Parameter model.model.encoder.layers.0.fc1.weight: torch.Size([3072, 768]), require_grad=True
[2022-07-25 11:19:21,339][__main__][DEBUG] - Parameter model.model.encoder.layers.0.fc1.bias: torch.Size([3072]), require_grad=True
[2022-07-25 11:19:21,339][__main__][DEBUG] - Parameter model.model.encoder.layers.0.fc2.weight: torch.Size([768, 3072]), require_grad=True
[2022-07-25 11:19:21,340][__main__][DEBUG] - Parameter model.model.encoder.layers.0.fc2.bias: torch.Size([768]), require_grad=True
[2022-07-25 11:19:21,340][__main__][DEBUG] - Parameter model.model.encoder.layers.0.final_layer_norm.weight: torch.Size([768]), require_grad=True
[2022-07-25 11:19:21,340][__main__][DEBUG] - Parameter model.model.encoder.layers.0.final_layer_norm.bias: torch.Size([768]), require_grad=True
[2022-07-25 11:19:21,340][__main__][DEBUG] - Parameter model.model.encoder.layers.1.self_attn.k_proj.weight: torch.Size([768, 768]), require_grad=True
[2022-07-25 11:19:21,340][__main__][DEBUG] - Parameter model.model.encoder.layers.1.self_attn.k_proj.bias: torch.Size([768]), require_grad=True
[2022-07-25 11:19:21,340][__main__][DEBUG] - Parameter model.model.encoder.layers.1.self_attn.v_proj.weight: torch.Size([768, 768]), require_grad=True
[2022-07-25 11:19:21,340][__main__][DEBUG] - Parameter model.model.encoder.layers.1.self_attn.v_proj.bias: torch.Size([768]), require_grad=True
[2022-07-25 11:19:21,340][__main__][DEBUG] - Parameter model.model.encoder.layers.1.self_attn.q_proj.weight: torch.Size([768, 768]), require_grad=True
[2022-07-25 11:19:21,340][__main__][DEBUG] - Parameter model.model.encoder.layers.1.self_attn.q_proj.bias: torch.Size([768]), require_grad=True
[2022-07-25 11:19:21,341][__main__][DEBUG] - Parameter model.model.encoder.layers.1.self_attn.out_proj.weight: torch.Size([768, 768]), require_grad=True
[2022-07-25 11:19:21,341][__main__][DEBUG] - Parameter model.model.encoder.layers.1.self_attn.out_proj.bias: torch.Size([768]), require_grad=True
[2022-07-25 11:19:21,341][__main__][DEBUG] - Parameter model.model.encoder.layers.1.self_struc_attn.k_proj.weight: torch.Size([768, 768]), require_grad=True
[2022-07-25 11:19:21,341][__main__][DEBUG] - Parameter model.model.encoder.layers.1.self_struc_attn.k_proj.bias: torch.Size([768]), require_grad=True
[2022-07-25 11:19:21,341][__main__][DEBUG] - Parameter model.model.encoder.layers.1.self_struc_attn.v_proj.weight: torch.Size([768, 768]), require_grad=True
[2022-07-25 11:19:21,341][__main__][DEBUG] - Parameter model.model.encoder.layers.1.self_struc_attn.v_proj.bias: torch.Size([768]), require_grad=True
[2022-07-25 11:19:21,341][__main__][DEBUG] - Parameter model.model.encoder.layers.1.self_struc_attn.q_proj.weight: torch.Size([768, 768]), require_grad=True
[2022-07-25 11:19:21,341][__main__][DEBUG] - Parameter model.model.encoder.layers.1.self_struc_attn.q_proj.bias: torch.Size([768]), require_grad=True
[2022-07-25 11:19:21,341][__main__][DEBUG] - Parameter model.model.encoder.layers.1.self_struc_attn.rel_v_proj.weight: torch.Size([768, 768]), require_grad=True
[2022-07-25 11:19:21,342][__main__][DEBUG] - Parameter model.model.encoder.layers.1.self_struc_attn.rel_v_proj.bias: torch.Size([768]), require_grad=True
[2022-07-25 11:19:21,342][__main__][DEBUG] - Parameter model.model.encoder.layers.1.self_struc_attn.rel_k_proj.weight: torch.Size([768, 768]), require_grad=True
[2022-07-25 11:19:21,342][__main__][DEBUG] - Parameter model.model.encoder.layers.1.self_struc_attn.rel_k_proj.bias: torch.Size([768]), require_grad=True
[2022-07-25 11:19:21,342][__main__][DEBUG] - Parameter model.model.encoder.layers.1.self_struc_attn.out_proj.weight: torch.Size([768, 768]), require_grad=True
[2022-07-25 11:19:21,342][__main__][DEBUG] - Parameter model.model.encoder.layers.1.self_struc_attn.out_proj.bias: torch.Size([768]), require_grad=True
[2022-07-25 11:19:21,342][__main__][DEBUG] - Parameter model.model.encoder.layers.1.self_attn_layer_norm.weight: torch.Size([768]), require_grad=True
[2022-07-25 11:19:21,342][__main__][DEBUG] - Parameter model.model.encoder.layers.1.self_attn_layer_norm.bias: torch.Size([768]), require_grad=True
[2022-07-25 11:19:21,342][__main__][DEBUG] - Parameter model.model.encoder.layers.1.fc1.weight: torch.Size([3072, 768]), require_grad=True
[2022-07-25 11:19:21,342][__main__][DEBUG] - Parameter model.model.encoder.layers.1.fc1.bias: torch.Size([3072]), require_grad=True
[2022-07-25 11:19:21,342][__main__][DEBUG] - Parameter model.model.encoder.layers.1.fc2.weight: torch.Size([768, 3072]), require_grad=True
[2022-07-25 11:19:21,343][__main__][DEBUG] - Parameter model.model.encoder.layers.1.fc2.bias: torch.Size([768]), require_grad=True
[2022-07-25 11:19:21,343][__main__][DEBUG] - Parameter model.model.encoder.layers.1.final_layer_norm.weight: torch.Size([768]), require_grad=True
[2022-07-25 11:19:21,343][__main__][DEBUG] - Parameter model.model.encoder.layers.1.final_layer_norm.bias: torch.Size([768]), require_grad=True
[2022-07-25 11:19:21,343][__main__][DEBUG] - Parameter model.model.encoder.layers.2.self_attn.k_proj.weight: torch.Size([768, 768]), require_grad=True
[2022-07-25 11:19:21,343][__main__][DEBUG] - Parameter model.model.encoder.layers.2.self_attn.k_proj.bias: torch.Size([768]), require_grad=True
[2022-07-25 11:19:21,343][__main__][DEBUG] - Parameter model.model.encoder.layers.2.self_attn.v_proj.weight: torch.Size([768, 768]), require_grad=True
[2022-07-25 11:19:21,343][__main__][DEBUG] - Parameter model.model.encoder.layers.2.self_attn.v_proj.bias: torch.Size([768]), require_grad=True
[2022-07-25 11:19:21,343][__main__][DEBUG] - Parameter model.model.encoder.layers.2.self_attn.q_proj.weight: torch.Size([768, 768]), require_grad=True
[2022-07-25 11:19:21,343][__main__][DEBUG] - Parameter model.model.encoder.layers.2.self_attn.q_proj.bias: torch.Size([768]), require_grad=True
[2022-07-25 11:19:21,344][__main__][DEBUG] - Parameter model.model.encoder.layers.2.self_attn.out_proj.weight: torch.Size([768, 768]), require_grad=True
[2022-07-25 11:19:21,344][__main__][DEBUG] - Parameter model.model.encoder.layers.2.self_attn.out_proj.bias: torch.Size([768]), require_grad=True
[2022-07-25 11:19:21,344][__main__][DEBUG] - Parameter model.model.encoder.layers.2.self_struc_attn.k_proj.weight: torch.Size([768, 768]), require_grad=True
[2022-07-25 11:19:21,344][__main__][DEBUG] - Parameter model.model.encoder.layers.2.self_struc_attn.k_proj.bias: torch.Size([768]), require_grad=True
[2022-07-25 11:19:21,344][__main__][DEBUG] - Parameter model.model.encoder.layers.2.self_struc_attn.v_proj.weight: torch.Size([768, 768]), require_grad=True
[2022-07-25 11:19:21,344][__main__][DEBUG] - Parameter model.model.encoder.layers.2.self_struc_attn.v_proj.bias: torch.Size([768]), require_grad=True
[2022-07-25 11:19:21,344][__main__][DEBUG] - Parameter model.model.encoder.layers.2.self_struc_attn.q_proj.weight: torch.Size([768, 768]), require_grad=True
[2022-07-25 11:19:21,344][__main__][DEBUG] - Parameter model.model.encoder.layers.2.self_struc_attn.q_proj.bias: torch.Size([768]), require_grad=True
[2022-07-25 11:19:21,344][__main__][DEBUG] - Parameter model.model.encoder.layers.2.self_struc_attn.rel_v_proj.weight: torch.Size([768, 768]), require_grad=True
[2022-07-25 11:19:21,345][__main__][DEBUG] - Parameter model.model.encoder.layers.2.self_struc_attn.rel_v_proj.bias: torch.Size([768]), require_grad=True
[2022-07-25 11:19:21,345][__main__][DEBUG] - Parameter model.model.encoder.layers.2.self_struc_attn.rel_k_proj.weight: torch.Size([768, 768]), require_grad=True
[2022-07-25 11:19:21,345][__main__][DEBUG] - Parameter model.model.encoder.layers.2.self_struc_attn.rel_k_proj.bias: torch.Size([768]), require_grad=True
[2022-07-25 11:19:21,345][__main__][DEBUG] - Parameter model.model.encoder.layers.2.self_struc_attn.out_proj.weight: torch.Size([768, 768]), require_grad=True
[2022-07-25 11:19:21,345][__main__][DEBUG] - Parameter model.model.encoder.layers.2.self_struc_attn.out_proj.bias: torch.Size([768]), require_grad=True
[2022-07-25 11:19:21,345][__main__][DEBUG] - Parameter model.model.encoder.layers.2.self_attn_layer_norm.weight: torch.Size([768]), require_grad=True
[2022-07-25 11:19:21,345][__main__][DEBUG] - Parameter model.model.encoder.layers.2.self_attn_layer_norm.bias: torch.Size([768]), require_grad=True
[2022-07-25 11:19:21,345][__main__][DEBUG] - Parameter model.model.encoder.layers.2.fc1.weight: torch.Size([3072, 768]), require_grad=True
[2022-07-25 11:19:21,346][__main__][DEBUG] - Parameter model.model.encoder.layers.2.fc1.bias: torch.Size([3072]), require_grad=True
[2022-07-25 11:19:21,346][__main__][DEBUG] - Parameter model.model.encoder.layers.2.fc2.weight: torch.Size([768, 3072]), require_grad=True
[2022-07-25 11:19:21,346][__main__][DEBUG] - Parameter model.model.encoder.layers.2.fc2.bias: torch.Size([768]), require_grad=True
[2022-07-25 11:19:21,346][__main__][DEBUG] - Parameter model.model.encoder.layers.2.final_layer_norm.weight: torch.Size([768]), require_grad=True
[2022-07-25 11:19:21,346][__main__][DEBUG] - Parameter model.model.encoder.layers.2.final_layer_norm.bias: torch.Size([768]), require_grad=True
[2022-07-25 11:19:21,346][__main__][DEBUG] - Parameter model.model.encoder.layers.3.self_attn.k_proj.weight: torch.Size([768, 768]), require_grad=True
[2022-07-25 11:19:21,346][__main__][DEBUG] - Parameter model.model.encoder.layers.3.self_attn.k_proj.bias: torch.Size([768]), require_grad=True
[2022-07-25 11:19:21,346][__main__][DEBUG] - Parameter model.model.encoder.layers.3.self_attn.v_proj.weight: torch.Size([768, 768]), require_grad=True
[2022-07-25 11:19:21,346][__main__][DEBUG] - Parameter model.model.encoder.layers.3.self_attn.v_proj.bias: torch.Size([768]), require_grad=True
[2022-07-25 11:19:21,347][__main__][DEBUG] - Parameter model.model.encoder.layers.3.self_attn.q_proj.weight: torch.Size([768, 768]), require_grad=True
[2022-07-25 11:19:21,347][__main__][DEBUG] - Parameter model.model.encoder.layers.3.self_attn.q_proj.bias: torch.Size([768]), require_grad=True
[2022-07-25 11:19:21,347][__main__][DEBUG] - Parameter model.model.encoder.layers.3.self_attn.out_proj.weight: torch.Size([768, 768]), require_grad=True
[2022-07-25 11:19:21,347][__main__][DEBUG] - Parameter model.model.encoder.layers.3.self_attn.out_proj.bias: torch.Size([768]), require_grad=True
[2022-07-25 11:19:21,347][__main__][DEBUG] - Parameter model.model.encoder.layers.3.self_struc_attn.k_proj.weight: torch.Size([768, 768]), require_grad=True
[2022-07-25 11:19:21,347][__main__][DEBUG] - Parameter model.model.encoder.layers.3.self_struc_attn.k_proj.bias: torch.Size([768]), require_grad=True
[2022-07-25 11:19:21,347][__main__][DEBUG] - Parameter model.model.encoder.layers.3.self_struc_attn.v_proj.weight: torch.Size([768, 768]), require_grad=True
[2022-07-25 11:19:21,347][__main__][DEBUG] - Parameter model.model.encoder.layers.3.self_struc_attn.v_proj.bias: torch.Size([768]), require_grad=True
[2022-07-25 11:19:21,347][__main__][DEBUG] - Parameter model.model.encoder.layers.3.self_struc_attn.q_proj.weight: torch.Size([768, 768]), require_grad=True
[2022-07-25 11:19:21,347][__main__][DEBUG] - Parameter model.model.encoder.layers.3.self_struc_attn.q_proj.bias: torch.Size([768]), require_grad=True
[2022-07-25 11:19:21,348][__main__][DEBUG] - Parameter model.model.encoder.layers.3.self_struc_attn.rel_v_proj.weight: torch.Size([768, 768]), require_grad=True
[2022-07-25 11:19:21,348][__main__][DEBUG] - Parameter model.model.encoder.layers.3.self_struc_attn.rel_v_proj.bias: torch.Size([768]), require_grad=True
[2022-07-25 11:19:21,348][__main__][DEBUG] - Parameter model.model.encoder.layers.3.self_struc_attn.rel_k_proj.weight: torch.Size([768, 768]), require_grad=True
[2022-07-25 11:19:21,348][__main__][DEBUG] - Parameter model.model.encoder.layers.3.self_struc_attn.rel_k_proj.bias: torch.Size([768]), require_grad=True
[2022-07-25 11:19:21,348][__main__][DEBUG] - Parameter model.model.encoder.layers.3.self_struc_attn.out_proj.weight: torch.Size([768, 768]), require_grad=True
[2022-07-25 11:19:21,348][__main__][DEBUG] - Parameter model.model.encoder.layers.3.self_struc_attn.out_proj.bias: torch.Size([768]), require_grad=True
[2022-07-25 11:19:21,348][__main__][DEBUG] - Parameter model.model.encoder.layers.3.self_attn_layer_norm.weight: torch.Size([768]), require_grad=True
[2022-07-25 11:19:21,348][__main__][DEBUG] - Parameter model.model.encoder.layers.3.self_attn_layer_norm.bias: torch.Size([768]), require_grad=True
[2022-07-25 11:19:21,348][__main__][DEBUG] - Parameter model.model.encoder.layers.3.fc1.weight: torch.Size([3072, 768]), require_grad=True
[2022-07-25 11:19:21,349][__main__][DEBUG] - Parameter model.model.encoder.layers.3.fc1.bias: torch.Size([3072]), require_grad=True
[2022-07-25 11:19:21,349][__main__][DEBUG] - Parameter model.model.encoder.layers.3.fc2.weight: torch.Size([768, 3072]), require_grad=True
[2022-07-25 11:19:21,349][__main__][DEBUG] - Parameter model.model.encoder.layers.3.fc2.bias: torch.Size([768]), require_grad=True
[2022-07-25 11:19:21,349][__main__][DEBUG] - Parameter model.model.encoder.layers.3.final_layer_norm.weight: torch.Size([768]), require_grad=True
[2022-07-25 11:19:21,349][__main__][DEBUG] - Parameter model.model.encoder.layers.3.final_layer_norm.bias: torch.Size([768]), require_grad=True
[2022-07-25 11:19:21,349][__main__][DEBUG] - Parameter model.model.encoder.layers.4.self_attn.k_proj.weight: torch.Size([768, 768]), require_grad=True
[2022-07-25 11:19:21,349][__main__][DEBUG] - Parameter model.model.encoder.layers.4.self_attn.k_proj.bias: torch.Size([768]), require_grad=True
[2022-07-25 11:19:21,349][__main__][DEBUG] - Parameter model.model.encoder.layers.4.self_attn.v_proj.weight: torch.Size([768, 768]), require_grad=True
[2022-07-25 11:19:21,349][__main__][DEBUG] - Parameter model.model.encoder.layers.4.self_attn.v_proj.bias: torch.Size([768]), require_grad=True
[2022-07-25 11:19:21,350][__main__][DEBUG] - Parameter model.model.encoder.layers.4.self_attn.q_proj.weight: torch.Size([768, 768]), require_grad=True
[2022-07-25 11:19:21,350][__main__][DEBUG] - Parameter model.model.encoder.layers.4.self_attn.q_proj.bias: torch.Size([768]), require_grad=True
[2022-07-25 11:19:21,350][__main__][DEBUG] - Parameter model.model.encoder.layers.4.self_attn.out_proj.weight: torch.Size([768, 768]), require_grad=True
[2022-07-25 11:19:21,396][__main__][DEBUG] - Parameter model.model.encoder.layers.4.self_attn.out_proj.bias: torch.Size([768]), require_grad=True
[2022-07-25 11:19:21,396][__main__][DEBUG] - Parameter model.model.encoder.layers.4.self_struc_attn.k_proj.weight: torch.Size([768, 768]), require_grad=True
[2022-07-25 11:19:21,396][__main__][DEBUG] - Parameter model.model.encoder.layers.4.self_struc_attn.k_proj.bias: torch.Size([768]), require_grad=True
[2022-07-25 11:19:21,396][__main__][DEBUG] - Parameter model.model.encoder.layers.4.self_struc_attn.v_proj.weight: torch.Size([768, 768]), require_grad=True
[2022-07-25 11:19:21,397][__main__][DEBUG] - Parameter model.model.encoder.layers.4.self_struc_attn.v_proj.bias: torch.Size([768]), require_grad=True
[2022-07-25 11:19:21,397][__main__][DEBUG] - Parameter model.model.encoder.layers.4.self_struc_attn.q_proj.weight: torch.Size([768, 768]), require_grad=True
[2022-07-25 11:19:21,397][__main__][DEBUG] - Parameter model.model.encoder.layers.4.self_struc_attn.q_proj.bias: torch.Size([768]), require_grad=True
[2022-07-25 11:19:21,397][__main__][DEBUG] - Parameter model.model.encoder.layers.4.self_struc_attn.rel_v_proj.weight: torch.Size([768, 768]), require_grad=True
[2022-07-25 11:19:21,398][__main__][DEBUG] - Parameter model.model.encoder.layers.4.self_struc_attn.rel_v_proj.bias: torch.Size([768]), require_grad=True
[2022-07-25 11:19:21,398][__main__][DEBUG] - Parameter model.model.encoder.layers.4.self_struc_attn.rel_k_proj.weight: torch.Size([768, 768]), require_grad=True
[2022-07-25 11:19:21,398][__main__][DEBUG] - Parameter model.model.encoder.layers.4.self_struc_attn.rel_k_proj.bias: torch.Size([768]), require_grad=True
[2022-07-25 11:19:21,398][__main__][DEBUG] - Parameter model.model.encoder.layers.4.self_struc_attn.out_proj.weight: torch.Size([768, 768]), require_grad=True
[2022-07-25 11:19:21,398][__main__][DEBUG] - Parameter model.model.encoder.layers.4.self_struc_attn.out_proj.bias: torch.Size([768]), require_grad=True
[2022-07-25 11:19:21,398][__main__][DEBUG] - Parameter model.model.encoder.layers.4.self_attn_layer_norm.weight: torch.Size([768]), require_grad=True
[2022-07-25 11:19:21,399][__main__][DEBUG] - Parameter model.model.encoder.layers.4.self_attn_layer_norm.bias: torch.Size([768]), require_grad=True
[2022-07-25 11:19:21,399][__main__][DEBUG] - Parameter model.model.encoder.layers.4.fc1.weight: torch.Size([3072, 768]), require_grad=True
[2022-07-25 11:19:21,399][__main__][DEBUG] - Parameter model.model.encoder.layers.4.fc1.bias: torch.Size([3072]), require_grad=True
[2022-07-25 11:19:21,399][__main__][DEBUG] - Parameter model.model.encoder.layers.4.fc2.weight: torch.Size([768, 3072]), require_grad=True
[2022-07-25 11:19:21,399][__main__][DEBUG] - Parameter model.model.encoder.layers.4.fc2.bias: torch.Size([768]), require_grad=True
[2022-07-25 11:19:21,400][__main__][DEBUG] - Parameter model.model.encoder.layers.4.final_layer_norm.weight: torch.Size([768]), require_grad=True
[2022-07-25 11:19:21,400][__main__][DEBUG] - Parameter model.model.encoder.layers.4.final_layer_norm.bias: torch.Size([768]), require_grad=True
[2022-07-25 11:19:21,400][__main__][DEBUG] - Parameter model.model.encoder.layers.5.self_attn.k_proj.weight: torch.Size([768, 768]), require_grad=True
[2022-07-25 11:19:21,400][__main__][DEBUG] - Parameter model.model.encoder.layers.5.self_attn.k_proj.bias: torch.Size([768]), require_grad=True
[2022-07-25 11:19:21,400][__main__][DEBUG] - Parameter model.model.encoder.layers.5.self_attn.v_proj.weight: torch.Size([768, 768]), require_grad=True
[2022-07-25 11:19:21,400][__main__][DEBUG] - Parameter model.model.encoder.layers.5.self_attn.v_proj.bias: torch.Size([768]), require_grad=True
[2022-07-25 11:19:21,401][__main__][DEBUG] - Parameter model.model.encoder.layers.5.self_attn.q_proj.weight: torch.Size([768, 768]), require_grad=True
[2022-07-25 11:19:21,401][__main__][DEBUG] - Parameter model.model.encoder.layers.5.self_attn.q_proj.bias: torch.Size([768]), require_grad=True
[2022-07-25 11:19:21,401][__main__][DEBUG] - Parameter model.model.encoder.layers.5.self_attn.out_proj.weight: torch.Size([768, 768]), require_grad=True
[2022-07-25 11:19:21,401][__main__][DEBUG] - Parameter model.model.encoder.layers.5.self_attn.out_proj.bias: torch.Size([768]), require_grad=True
[2022-07-25 11:19:21,401][__main__][DEBUG] - Parameter model.model.encoder.layers.5.self_struc_attn.k_proj.weight: torch.Size([768, 768]), require_grad=True
[2022-07-25 11:19:21,401][__main__][DEBUG] - Parameter model.model.encoder.layers.5.self_struc_attn.k_proj.bias: torch.Size([768]), require_grad=True
[2022-07-25 11:19:21,401][__main__][DEBUG] - Parameter model.model.encoder.layers.5.self_struc_attn.v_proj.weight: torch.Size([768, 768]), require_grad=True
[2022-07-25 11:19:21,401][__main__][DEBUG] - Parameter model.model.encoder.layers.5.self_struc_attn.v_proj.bias: torch.Size([768]), require_grad=True
[2022-07-25 11:19:21,401][__main__][DEBUG] - Parameter model.model.encoder.layers.5.self_struc_attn.q_proj.weight: torch.Size([768, 768]), require_grad=True
[2022-07-25 11:19:21,401][__main__][DEBUG] - Parameter model.model.encoder.layers.5.self_struc_attn.q_proj.bias: torch.Size([768]), require_grad=True
[2022-07-25 11:19:21,401][__main__][DEBUG] - Parameter model.model.encoder.layers.5.self_struc_attn.rel_v_proj.weight: torch.Size([768, 768]), require_grad=True
[2022-07-25 11:19:21,402][__main__][DEBUG] - Parameter model.model.encoder.layers.5.self_struc_attn.rel_v_proj.bias: torch.Size([768]), require_grad=True
[2022-07-25 11:19:21,402][__main__][DEBUG] - Parameter model.model.encoder.layers.5.self_struc_attn.rel_k_proj.weight: torch.Size([768, 768]), require_grad=True
[2022-07-25 11:19:21,402][__main__][DEBUG] - Parameter model.model.encoder.layers.5.self_struc_attn.rel_k_proj.bias: torch.Size([768]), require_grad=True
[2022-07-25 11:19:21,402][__main__][DEBUG] - Parameter model.model.encoder.layers.5.self_struc_attn.out_proj.weight: torch.Size([768, 768]), require_grad=True
[2022-07-25 11:19:21,402][__main__][DEBUG] - Parameter model.model.encoder.layers.5.self_struc_attn.out_proj.bias: torch.Size([768]), require_grad=True
[2022-07-25 11:19:21,402][__main__][DEBUG] - Parameter model.model.encoder.layers.5.self_attn_layer_norm.weight: torch.Size([768]), require_grad=True
[2022-07-25 11:19:21,402][__main__][DEBUG] - Parameter model.model.encoder.layers.5.self_attn_layer_norm.bias: torch.Size([768]), require_grad=True
[2022-07-25 11:19:21,402][__main__][DEBUG] - Parameter model.model.encoder.layers.5.fc1.weight: torch.Size([3072, 768]), require_grad=True
[2022-07-25 11:19:21,402][__main__][DEBUG] - Parameter model.model.encoder.layers.5.fc1.bias: torch.Size([3072]), require_grad=True
[2022-07-25 11:19:21,402][__main__][DEBUG] - Parameter model.model.encoder.layers.5.fc2.weight: torch.Size([768, 3072]), require_grad=True
[2022-07-25 11:19:21,402][__main__][DEBUG] - Parameter model.model.encoder.layers.5.fc2.bias: torch.Size([768]), require_grad=True
[2022-07-25 11:19:21,403][__main__][DEBUG] - Parameter model.model.encoder.layers.5.final_layer_norm.weight: torch.Size([768]), require_grad=True
[2022-07-25 11:19:21,403][__main__][DEBUG] - Parameter model.model.encoder.layers.5.final_layer_norm.bias: torch.Size([768]), require_grad=True
[2022-07-25 11:19:21,403][__main__][DEBUG] - Parameter model.model.encoder.layernorm_embedding.weight: torch.Size([768]), require_grad=True
[2022-07-25 11:19:21,403][__main__][DEBUG] - Parameter model.model.encoder.layernorm_embedding.bias: torch.Size([768]), require_grad=True
[2022-07-25 11:19:21,403][__main__][DEBUG] - Parameter model.model.decoder.embed_positions.weight: torch.Size([1026, 768]), require_grad=True
[2022-07-25 11:19:21,403][__main__][DEBUG] - Parameter model.model.decoder.layers.0.self_attn.k_proj.weight: torch.Size([768, 768]), require_grad=True
[2022-07-25 11:19:21,403][__main__][DEBUG] - Parameter model.model.decoder.layers.0.self_attn.k_proj.bias: torch.Size([768]), require_grad=True
[2022-07-25 11:19:21,403][__main__][DEBUG] - Parameter model.model.decoder.layers.0.self_attn.v_proj.weight: torch.Size([768, 768]), require_grad=True
[2022-07-25 11:19:21,403][__main__][DEBUG] - Parameter model.model.decoder.layers.0.self_attn.v_proj.bias: torch.Size([768]), require_grad=True
[2022-07-25 11:19:21,403][__main__][DEBUG] - Parameter model.model.decoder.layers.0.self_attn.q_proj.weight: torch.Size([768, 768]), require_grad=True
[2022-07-25 11:19:21,403][__main__][DEBUG] - Parameter model.model.decoder.layers.0.self_attn.q_proj.bias: torch.Size([768]), require_grad=True
[2022-07-25 11:19:21,404][__main__][DEBUG] - Parameter model.model.decoder.layers.0.self_attn.out_proj.weight: torch.Size([768, 768]), require_grad=True
[2022-07-25 11:19:21,404][__main__][DEBUG] - Parameter model.model.decoder.layers.0.self_attn.out_proj.bias: torch.Size([768]), require_grad=True
[2022-07-25 11:19:21,404][__main__][DEBUG] - Parameter model.model.decoder.layers.0.self_attn_layer_norm.weight: torch.Size([768]), require_grad=True
[2022-07-25 11:19:21,404][__main__][DEBUG] - Parameter model.model.decoder.layers.0.self_attn_layer_norm.bias: torch.Size([768]), require_grad=True
[2022-07-25 11:19:21,404][__main__][DEBUG] - Parameter model.model.decoder.layers.0.encoder_attn.k_proj.weight: torch.Size([768, 768]), require_grad=True
[2022-07-25 11:19:21,404][__main__][DEBUG] - Parameter model.model.decoder.layers.0.encoder_attn.k_proj.bias: torch.Size([768]), require_grad=True
[2022-07-25 11:19:21,404][__main__][DEBUG] - Parameter model.model.decoder.layers.0.encoder_attn.v_proj.weight: torch.Size([768, 768]), require_grad=True
[2022-07-25 11:19:21,404][__main__][DEBUG] - Parameter model.model.decoder.layers.0.encoder_attn.v_proj.bias: torch.Size([768]), require_grad=True
[2022-07-25 11:19:21,404][__main__][DEBUG] - Parameter model.model.decoder.layers.0.encoder_attn.q_proj.weight: torch.Size([768, 768]), require_grad=True
[2022-07-25 11:19:21,404][__main__][DEBUG] - Parameter model.model.decoder.layers.0.encoder_attn.q_proj.bias: torch.Size([768]), require_grad=True
[2022-07-25 11:19:21,404][__main__][DEBUG] - Parameter model.model.decoder.layers.0.encoder_attn.out_proj.weight: torch.Size([768, 768]), require_grad=True
[2022-07-25 11:19:21,404][__main__][DEBUG] - Parameter model.model.decoder.layers.0.encoder_attn.out_proj.bias: torch.Size([768]), require_grad=True
[2022-07-25 11:19:21,405][__main__][DEBUG] - Parameter model.model.decoder.layers.0.encoder_attn_layer_norm.weight: torch.Size([768]), require_grad=True
[2022-07-25 11:19:21,405][__main__][DEBUG] - Parameter model.model.decoder.layers.0.encoder_attn_layer_norm.bias: torch.Size([768]), require_grad=True
[2022-07-25 11:19:21,405][__main__][DEBUG] - Parameter model.model.decoder.layers.0.fc1.weight: torch.Size([3072, 768]), require_grad=True
[2022-07-25 11:19:21,405][__main__][DEBUG] - Parameter model.model.decoder.layers.0.fc1.bias: torch.Size([3072]), require_grad=True
[2022-07-25 11:19:21,405][__main__][DEBUG] - Parameter model.model.decoder.layers.0.fc2.weight: torch.Size([768, 3072]), require_grad=True
[2022-07-25 11:19:21,405][__main__][DEBUG] - Parameter model.model.decoder.layers.0.fc2.bias: torch.Size([768]), require_grad=True
[2022-07-25 11:19:21,405][__main__][DEBUG] - Parameter model.model.decoder.layers.0.final_layer_norm.weight: torch.Size([768]), require_grad=True
[2022-07-25 11:19:21,405][__main__][DEBUG] - Parameter model.model.decoder.layers.0.final_layer_norm.bias: torch.Size([768]), require_grad=True
[2022-07-25 11:19:21,405][__main__][DEBUG] - Parameter model.model.decoder.layers.1.self_attn.k_proj.weight: torch.Size([768, 768]), require_grad=True
[2022-07-25 11:19:21,405][__main__][DEBUG] - Parameter model.model.decoder.layers.1.self_attn.k_proj.bias: torch.Size([768]), require_grad=True
[2022-07-25 11:19:21,405][__main__][DEBUG] - Parameter model.model.decoder.layers.1.self_attn.v_proj.weight: torch.Size([768, 768]), require_grad=True
[2022-07-25 11:19:21,406][__main__][DEBUG] - Parameter model.model.decoder.layers.1.self_attn.v_proj.bias: torch.Size([768]), require_grad=True
[2022-07-25 11:19:21,406][__main__][DEBUG] - Parameter model.model.decoder.layers.1.self_attn.q_proj.weight: torch.Size([768, 768]), require_grad=True
[2022-07-25 11:19:21,406][__main__][DEBUG] - Parameter model.model.decoder.layers.1.self_attn.q_proj.bias: torch.Size([768]), require_grad=True
[2022-07-25 11:19:21,406][__main__][DEBUG] - Parameter model.model.decoder.layers.1.self_attn.out_proj.weight: torch.Size([768, 768]), require_grad=True
[2022-07-25 11:19:21,406][__main__][DEBUG] - Parameter model.model.decoder.layers.1.self_attn.out_proj.bias: torch.Size([768]), require_grad=True
[2022-07-25 11:19:21,406][__main__][DEBUG] - Parameter model.model.decoder.layers.1.self_attn_layer_norm.weight: torch.Size([768]), require_grad=True
[2022-07-25 11:19:21,406][__main__][DEBUG] - Parameter model.model.decoder.layers.1.self_attn_layer_norm.bias: torch.Size([768]), require_grad=True
[2022-07-25 11:19:21,406][__main__][DEBUG] - Parameter model.model.decoder.layers.1.encoder_attn.k_proj.weight: torch.Size([768, 768]), require_grad=True
[2022-07-25 11:19:21,406][__main__][DEBUG] - Parameter model.model.decoder.layers.1.encoder_attn.k_proj.bias: torch.Size([768]), require_grad=True
[2022-07-25 11:19:21,406][__main__][DEBUG] - Parameter model.model.decoder.layers.1.encoder_attn.v_proj.weight: torch.Size([768, 768]), require_grad=True
[2022-07-25 11:19:21,406][__main__][DEBUG] - Parameter model.model.decoder.layers.1.encoder_attn.v_proj.bias: torch.Size([768]), require_grad=True
[2022-07-25 11:19:21,406][__main__][DEBUG] - Parameter model.model.decoder.layers.1.encoder_attn.q_proj.weight: torch.Size([768, 768]), require_grad=True
[2022-07-25 11:19:21,407][__main__][DEBUG] - Parameter model.model.decoder.layers.1.encoder_attn.q_proj.bias: torch.Size([768]), require_grad=True
[2022-07-25 11:19:21,407][__main__][DEBUG] - Parameter model.model.decoder.layers.1.encoder_attn.out_proj.weight: torch.Size([768, 768]), require_grad=True
[2022-07-25 11:19:21,407][__main__][DEBUG] - Parameter model.model.decoder.layers.1.encoder_attn.out_proj.bias: torch.Size([768]), require_grad=True
[2022-07-25 11:19:21,407][__main__][DEBUG] - Parameter model.model.decoder.layers.1.encoder_attn_layer_norm.weight: torch.Size([768]), require_grad=True
[2022-07-25 11:19:21,407][__main__][DEBUG] - Parameter model.model.decoder.layers.1.encoder_attn_layer_norm.bias: torch.Size([768]), require_grad=True
[2022-07-25 11:19:21,407][__main__][DEBUG] - Parameter model.model.decoder.layers.1.fc1.weight: torch.Size([3072, 768]), require_grad=True
[2022-07-25 11:19:21,407][__main__][DEBUG] - Parameter model.model.decoder.layers.1.fc1.bias: torch.Size([3072]), require_grad=True
[2022-07-25 11:19:21,407][__main__][DEBUG] - Parameter model.model.decoder.layers.1.fc2.weight: torch.Size([768, 3072]), require_grad=True
[2022-07-25 11:19:21,407][__main__][DEBUG] - Parameter model.model.decoder.layers.1.fc2.bias: torch.Size([768]), require_grad=True
[2022-07-25 11:19:21,407][__main__][DEBUG] - Parameter model.model.decoder.layers.1.final_layer_norm.weight: torch.Size([768]), require_grad=True
[2022-07-25 11:19:21,407][__main__][DEBUG] - Parameter model.model.decoder.layers.1.final_layer_norm.bias: torch.Size([768]), require_grad=True
[2022-07-25 11:19:21,408][__main__][DEBUG] - Parameter model.model.decoder.layers.2.self_attn.k_proj.weight: torch.Size([768, 768]), require_grad=True
[2022-07-25 11:19:21,408][__main__][DEBUG] - Parameter model.model.decoder.layers.2.self_attn.k_proj.bias: torch.Size([768]), require_grad=True
[2022-07-25 11:19:21,408][__main__][DEBUG] - Parameter model.model.decoder.layers.2.self_attn.v_proj.weight: torch.Size([768, 768]), require_grad=True
[2022-07-25 11:19:21,408][__main__][DEBUG] - Parameter model.model.decoder.layers.2.self_attn.v_proj.bias: torch.Size([768]), require_grad=True
[2022-07-25 11:19:21,408][__main__][DEBUG] - Parameter model.model.decoder.layers.2.self_attn.q_proj.weight: torch.Size([768, 768]), require_grad=True
[2022-07-25 11:19:21,408][__main__][DEBUG] - Parameter model.model.decoder.layers.2.self_attn.q_proj.bias: torch.Size([768]), require_grad=True
[2022-07-25 11:19:21,408][__main__][DEBUG] - Parameter model.model.decoder.layers.2.self_attn.out_proj.weight: torch.Size([768, 768]), require_grad=True
[2022-07-25 11:19:21,408][__main__][DEBUG] - Parameter model.model.decoder.layers.2.self_attn.out_proj.bias: torch.Size([768]), require_grad=True
[2022-07-25 11:19:21,408][__main__][DEBUG] - Parameter model.model.decoder.layers.2.self_attn_layer_norm.weight: torch.Size([768]), require_grad=True
[2022-07-25 11:19:21,408][__main__][DEBUG] - Parameter model.model.decoder.layers.2.self_attn_layer_norm.bias: torch.Size([768]), require_grad=True
[2022-07-25 11:19:21,408][__main__][DEBUG] - Parameter model.model.decoder.layers.2.encoder_attn.k_proj.weight: torch.Size([768, 768]), require_grad=True
[2022-07-25 11:19:21,409][__main__][DEBUG] - Parameter model.model.decoder.layers.2.encoder_attn.k_proj.bias: torch.Size([768]), require_grad=True
[2022-07-25 11:19:21,409][__main__][DEBUG] - Parameter model.model.decoder.layers.2.encoder_attn.v_proj.weight: torch.Size([768, 768]), require_grad=True
[2022-07-25 11:19:21,409][__main__][DEBUG] - Parameter model.model.decoder.layers.2.encoder_attn.v_proj.bias: torch.Size([768]), require_grad=True
[2022-07-25 11:19:21,409][__main__][DEBUG] - Parameter model.model.decoder.layers.2.encoder_attn.q_proj.weight: torch.Size([768, 768]), require_grad=True
[2022-07-25 11:19:21,409][__main__][DEBUG] - Parameter model.model.decoder.layers.2.encoder_attn.q_proj.bias: torch.Size([768]), require_grad=True
[2022-07-25 11:19:21,409][__main__][DEBUG] - Parameter model.model.decoder.layers.2.encoder_attn.out_proj.weight: torch.Size([768, 768]), require_grad=True
[2022-07-25 11:19:21,409][__main__][DEBUG] - Parameter model.model.decoder.layers.2.encoder_attn.out_proj.bias: torch.Size([768]), require_grad=True
[2022-07-25 11:19:21,409][__main__][DEBUG] - Parameter model.model.decoder.layers.2.encoder_attn_layer_norm.weight: torch.Size([768]), require_grad=True
[2022-07-25 11:19:21,409][__main__][DEBUG] - Parameter model.model.decoder.layers.2.encoder_attn_layer_norm.bias: torch.Size([768]), require_grad=True
[2022-07-25 11:19:21,409][__main__][DEBUG] - Parameter model.model.decoder.layers.2.fc1.weight: torch.Size([3072, 768]), require_grad=True
[2022-07-25 11:19:21,410][__main__][DEBUG] - Parameter model.model.decoder.layers.2.fc1.bias: torch.Size([3072]), require_grad=True
[2022-07-25 11:19:21,410][__main__][DEBUG] - Parameter model.model.decoder.layers.2.fc2.weight: torch.Size([768, 3072]), require_grad=True
[2022-07-25 11:19:21,410][__main__][DEBUG] - Parameter model.model.decoder.layers.2.fc2.bias: torch.Size([768]), require_grad=True
[2022-07-25 11:19:21,410][__main__][DEBUG] - Parameter model.model.decoder.layers.2.final_layer_norm.weight: torch.Size([768]), require_grad=True
[2022-07-25 11:19:21,410][__main__][DEBUG] - Parameter model.model.decoder.layers.2.final_layer_norm.bias: torch.Size([768]), require_grad=True
[2022-07-25 11:19:21,410][__main__][DEBUG] - Parameter model.model.decoder.layers.3.self_attn.k_proj.weight: torch.Size([768, 768]), require_grad=True
[2022-07-25 11:19:21,411][__main__][DEBUG] - Parameter model.model.decoder.layers.3.self_attn.k_proj.bias: torch.Size([768]), require_grad=True
[2022-07-25 11:19:21,411][__main__][DEBUG] - Parameter model.model.decoder.layers.3.self_attn.v_proj.weight: torch.Size([768, 768]), require_grad=True
[2022-07-25 11:19:21,411][__main__][DEBUG] - Parameter model.model.decoder.layers.3.self_attn.v_proj.bias: torch.Size([768]), require_grad=True
[2022-07-25 11:19:21,411][__main__][DEBUG] - Parameter model.model.decoder.layers.3.self_attn.q_proj.weight: torch.Size([768, 768]), require_grad=True
[2022-07-25 11:19:21,411][__main__][DEBUG] - Parameter model.model.decoder.layers.3.self_attn.q_proj.bias: torch.Size([768]), require_grad=True
[2022-07-25 11:19:21,411][__main__][DEBUG] - Parameter model.model.decoder.layers.3.self_attn.out_proj.weight: torch.Size([768, 768]), require_grad=True
[2022-07-25 11:19:21,412][__main__][DEBUG] - Parameter model.model.decoder.layers.3.self_attn.out_proj.bias: torch.Size([768]), require_grad=True
[2022-07-25 11:19:21,412][__main__][DEBUG] - Parameter model.model.decoder.layers.3.self_attn_layer_norm.weight: torch.Size([768]), require_grad=True
[2022-07-25 11:19:21,412][__main__][DEBUG] - Parameter model.model.decoder.layers.3.self_attn_layer_norm.bias: torch.Size([768]), require_grad=True
[2022-07-25 11:19:21,412][__main__][DEBUG] - Parameter model.model.decoder.layers.3.encoder_attn.k_proj.weight: torch.Size([768, 768]), require_grad=True
[2022-07-25 11:19:21,412][__main__][DEBUG] - Parameter model.model.decoder.layers.3.encoder_attn.k_proj.bias: torch.Size([768]), require_grad=True
[2022-07-25 11:19:21,413][__main__][DEBUG] - Parameter model.model.decoder.layers.3.encoder_attn.v_proj.weight: torch.Size([768, 768]), require_grad=True
[2022-07-25 11:19:21,413][__main__][DEBUG] - Parameter model.model.decoder.layers.3.encoder_attn.v_proj.bias: torch.Size([768]), require_grad=True
[2022-07-25 11:19:21,501][__main__][DEBUG] - Parameter model.model.decoder.layers.3.encoder_attn.q_proj.weight: torch.Size([768, 768]), require_grad=True
[2022-07-25 11:19:21,501][__main__][DEBUG] - Parameter model.model.decoder.layers.3.encoder_attn.q_proj.bias: torch.Size([768]), require_grad=True
[2022-07-25 11:19:21,502][__main__][DEBUG] - Parameter model.model.decoder.layers.3.encoder_attn.out_proj.weight: torch.Size([768, 768]), require_grad=True
[2022-07-25 11:19:21,502][__main__][DEBUG] - Parameter model.model.decoder.layers.3.encoder_attn.out_proj.bias: torch.Size([768]), require_grad=True
[2022-07-25 11:19:21,502][__main__][DEBUG] - Parameter model.model.decoder.layers.3.encoder_attn_layer_norm.weight: torch.Size([768]), require_grad=True
[2022-07-25 11:19:21,502][__main__][DEBUG] - Parameter model.model.decoder.layers.3.encoder_attn_layer_norm.bias: torch.Size([768]), require_grad=True
[2022-07-25 11:19:21,502][__main__][DEBUG] - Parameter model.model.decoder.layers.3.fc1.weight: torch.Size([3072, 768]), require_grad=True
[2022-07-25 11:19:21,502][__main__][DEBUG] - Parameter model.model.decoder.layers.3.fc1.bias: torch.Size([3072]), require_grad=True
[2022-07-25 11:19:21,503][__main__][DEBUG] - Parameter model.model.decoder.layers.3.fc2.weight: torch.Size([768, 3072]), require_grad=True
[2022-07-25 11:19:21,503][__main__][DEBUG] - Parameter model.model.decoder.layers.3.fc2.bias: torch.Size([768]), require_grad=True
[2022-07-25 11:19:21,503][__main__][DEBUG] - Parameter model.model.decoder.layers.3.final_layer_norm.weight: torch.Size([768]), require_grad=True
[2022-07-25 11:19:21,503][__main__][DEBUG] - Parameter model.model.decoder.layers.3.final_layer_norm.bias: torch.Size([768]), require_grad=True
[2022-07-25 11:19:21,504][__main__][DEBUG] - Parameter model.model.decoder.layers.4.self_attn.k_proj.weight: torch.Size([768, 768]), require_grad=True
[2022-07-25 11:19:21,504][__main__][DEBUG] - Parameter model.model.decoder.layers.4.self_attn.k_proj.bias: torch.Size([768]), require_grad=True
[2022-07-25 11:19:21,504][__main__][DEBUG] - Parameter model.model.decoder.layers.4.self_attn.v_proj.weight: torch.Size([768, 768]), require_grad=True
[2022-07-25 11:19:21,504][__main__][DEBUG] - Parameter model.model.decoder.layers.4.self_attn.v_proj.bias: torch.Size([768]), require_grad=True
[2022-07-25 11:19:21,504][__main__][DEBUG] - Parameter model.model.decoder.layers.4.self_attn.q_proj.weight: torch.Size([768, 768]), require_grad=True
[2022-07-25 11:19:21,505][__main__][DEBUG] - Parameter model.model.decoder.layers.4.self_attn.q_proj.bias: torch.Size([768]), require_grad=True
[2022-07-25 11:19:21,505][__main__][DEBUG] - Parameter model.model.decoder.layers.4.self_attn.out_proj.weight: torch.Size([768, 768]), require_grad=True
[2022-07-25 11:19:21,505][__main__][DEBUG] - Parameter model.model.decoder.layers.4.self_attn.out_proj.bias: torch.Size([768]), require_grad=True
[2022-07-25 11:19:21,505][__main__][DEBUG] - Parameter model.model.decoder.layers.4.self_attn_layer_norm.weight: torch.Size([768]), require_grad=True
[2022-07-25 11:19:21,505][__main__][DEBUG] - Parameter model.model.decoder.layers.4.self_attn_layer_norm.bias: torch.Size([768]), require_grad=True
[2022-07-25 11:19:21,505][__main__][DEBUG] - Parameter model.model.decoder.layers.4.encoder_attn.k_proj.weight: torch.Size([768, 768]), require_grad=True
[2022-07-25 11:19:21,506][__main__][DEBUG] - Parameter model.model.decoder.layers.4.encoder_attn.k_proj.bias: torch.Size([768]), require_grad=True
[2022-07-25 11:19:21,506][__main__][DEBUG] - Parameter model.model.decoder.layers.4.encoder_attn.v_proj.weight: torch.Size([768, 768]), require_grad=True
[2022-07-25 11:19:21,506][__main__][DEBUG] - Parameter model.model.decoder.layers.4.encoder_attn.v_proj.bias: torch.Size([768]), require_grad=True
[2022-07-25 11:19:21,506][__main__][DEBUG] - Parameter model.model.decoder.layers.4.encoder_attn.q_proj.weight: torch.Size([768, 768]), require_grad=True
[2022-07-25 11:19:21,506][__main__][DEBUG] - Parameter model.model.decoder.layers.4.encoder_attn.q_proj.bias: torch.Size([768]), require_grad=True
[2022-07-25 11:19:21,507][__main__][DEBUG] - Parameter model.model.decoder.layers.4.encoder_attn.out_proj.weight: torch.Size([768, 768]), require_grad=True
[2022-07-25 11:19:21,507][__main__][DEBUG] - Parameter model.model.decoder.layers.4.encoder_attn.out_proj.bias: torch.Size([768]), require_grad=True
[2022-07-25 11:19:21,507][__main__][DEBUG] - Parameter model.model.decoder.layers.4.encoder_attn_layer_norm.weight: torch.Size([768]), require_grad=True
[2022-07-25 11:19:21,507][__main__][DEBUG] - Parameter model.model.decoder.layers.4.encoder_attn_layer_norm.bias: torch.Size([768]), require_grad=True
[2022-07-25 11:19:21,507][__main__][DEBUG] - Parameter model.model.decoder.layers.4.fc1.weight: torch.Size([3072, 768]), require_grad=True
[2022-07-25 11:19:21,507][__main__][DEBUG] - Parameter model.model.decoder.layers.4.fc1.bias: torch.Size([3072]), require_grad=True
[2022-07-25 11:19:21,508][__main__][DEBUG] - Parameter model.model.decoder.layers.4.fc2.weight: torch.Size([768, 3072]), require_grad=True
[2022-07-25 11:19:21,508][__main__][DEBUG] - Parameter model.model.decoder.layers.4.fc2.bias: torch.Size([768]), require_grad=True
[2022-07-25 11:19:21,508][__main__][DEBUG] - Parameter model.model.decoder.layers.4.final_layer_norm.weight: torch.Size([768]), require_grad=True
[2022-07-25 11:19:21,508][__main__][DEBUG] - Parameter model.model.decoder.layers.4.final_layer_norm.bias: torch.Size([768]), require_grad=True
[2022-07-25 11:19:21,508][__main__][DEBUG] - Parameter model.model.decoder.layers.5.self_attn.k_proj.weight: torch.Size([768, 768]), require_grad=True
[2022-07-25 11:19:21,508][__main__][DEBUG] - Parameter model.model.decoder.layers.5.self_attn.k_proj.bias: torch.Size([768]), require_grad=True
[2022-07-25 11:19:21,509][__main__][DEBUG] - Parameter model.model.decoder.layers.5.self_attn.v_proj.weight: torch.Size([768, 768]), require_grad=True
[2022-07-25 11:19:21,509][__main__][DEBUG] - Parameter model.model.decoder.layers.5.self_attn.v_proj.bias: torch.Size([768]), require_grad=True
[2022-07-25 11:19:21,509][__main__][DEBUG] - Parameter model.model.decoder.layers.5.self_attn.q_proj.weight: torch.Size([768, 768]), require_grad=True
[2022-07-25 11:19:21,509][__main__][DEBUG] - Parameter model.model.decoder.layers.5.self_attn.q_proj.bias: torch.Size([768]), require_grad=True
[2022-07-25 11:19:21,509][__main__][DEBUG] - Parameter model.model.decoder.layers.5.self_attn.out_proj.weight: torch.Size([768, 768]), require_grad=True
[2022-07-25 11:19:21,510][__main__][DEBUG] - Parameter model.model.decoder.layers.5.self_attn.out_proj.bias: torch.Size([768]), require_grad=True
[2022-07-25 11:19:21,510][__main__][DEBUG] - Parameter model.model.decoder.layers.5.self_attn_layer_norm.weight: torch.Size([768]), require_grad=True
[2022-07-25 11:19:21,510][__main__][DEBUG] - Parameter model.model.decoder.layers.5.self_attn_layer_norm.bias: torch.Size([768]), require_grad=True
[2022-07-25 11:19:21,510][__main__][DEBUG] - Parameter model.model.decoder.layers.5.encoder_attn.k_proj.weight: torch.Size([768, 768]), require_grad=True
[2022-07-25 11:19:21,510][__main__][DEBUG] - Parameter model.model.decoder.layers.5.encoder_attn.k_proj.bias: torch.Size([768]), require_grad=True
[2022-07-25 11:19:21,510][__main__][DEBUG] - Parameter model.model.decoder.layers.5.encoder_attn.v_proj.weight: torch.Size([768, 768]), require_grad=True
[2022-07-25 11:19:21,511][__main__][DEBUG] - Parameter model.model.decoder.layers.5.encoder_attn.v_proj.bias: torch.Size([768]), require_grad=True
[2022-07-25 11:19:21,511][__main__][DEBUG] - Parameter model.model.decoder.layers.5.encoder_attn.q_proj.weight: torch.Size([768, 768]), require_grad=True
[2022-07-25 11:19:21,511][__main__][DEBUG] - Parameter model.model.decoder.layers.5.encoder_attn.q_proj.bias: torch.Size([768]), require_grad=True
[2022-07-25 11:19:21,511][__main__][DEBUG] - Parameter model.model.decoder.layers.5.encoder_attn.out_proj.weight: torch.Size([768, 768]), require_grad=True
[2022-07-25 11:19:21,511][__main__][DEBUG] - Parameter model.model.decoder.layers.5.encoder_attn.out_proj.bias: torch.Size([768]), require_grad=True
[2022-07-25 11:19:21,511][__main__][DEBUG] - Parameter model.model.decoder.layers.5.encoder_attn_layer_norm.weight: torch.Size([768]), require_grad=True
[2022-07-25 11:19:21,512][__main__][DEBUG] - Parameter model.model.decoder.layers.5.encoder_attn_layer_norm.bias: torch.Size([768]), require_grad=True
[2022-07-25 11:19:21,512][__main__][DEBUG] - Parameter model.model.decoder.layers.5.fc1.weight: torch.Size([3072, 768]), require_grad=True
[2022-07-25 11:19:21,512][__main__][DEBUG] - Parameter model.model.decoder.layers.5.fc1.bias: torch.Size([3072]), require_grad=True
[2022-07-25 11:19:21,512][__main__][DEBUG] - Parameter model.model.decoder.layers.5.fc2.weight: torch.Size([768, 3072]), require_grad=True
[2022-07-25 11:19:21,512][__main__][DEBUG] - Parameter model.model.decoder.layers.5.fc2.bias: torch.Size([768]), require_grad=True
[2022-07-25 11:19:21,512][__main__][DEBUG] - Parameter model.model.decoder.layers.5.final_layer_norm.weight: torch.Size([768]), require_grad=True
[2022-07-25 11:19:21,513][__main__][DEBUG] - Parameter model.model.decoder.layers.5.final_layer_norm.bias: torch.Size([768]), require_grad=True
[2022-07-25 11:19:21,513][__main__][DEBUG] - Parameter model.model.decoder.layernorm_embedding.weight: torch.Size([768]), require_grad=True
[2022-07-25 11:19:21,513][__main__][DEBUG] - Parameter model.model.decoder.layernorm_embedding.bias: torch.Size([768]), require_grad=True
[2022-07-25 11:19:21,515][__main__][DEBUG] - Starting training!
[2022-07-25 11:19:22,625][__main__][DEBUG] - batch 0: tensor([[    0,   646, 44143,  ..., 29015,   742,     2],
        [    0,   646, 44143,  ..., 29015,   742,     2],
        [    0,   646, 44143,  ..., 29015,   742,     2],
        ...,
        [    0,   646, 44143,  ..., 29015,   742,     2],
        [    0,   646, 44143,  ..., 29015,   742,     2],
        [    0,   646, 44143,  ..., 29015,   742,     2]], device='cuda:0') 
[2022-07-25 11:19:22,637][__main__][DEBUG] - batch 1: tensor([[1, 1, 1,  ..., 1, 1, 1],
        [1, 1, 1,  ..., 1, 1, 1],
        [1, 1, 1,  ..., 1, 1, 1],
        ...,
        [1, 1, 1,  ..., 1, 1, 1],
        [1, 1, 1,  ..., 1, 1, 1],
        [1, 1, 1,  ..., 1, 1, 1]], device='cuda:0') 
[2022-07-25 11:19:22,639][__main__][DEBUG] - batch 2: tensor([[    0,  1589, 11070,  ...,     1,     1,     1],
        [    0,  1589, 28400,  ...,     1,     1,     1],
        [    0,  1589, 28030,  ...,     1,     1,     1],
        ...,
        [    0,  1589,  1584,  ...,     1,     1,     1],
        [    0,  1589, 41829,  ...,     1,     1,     1],
        [    0,  1589, 12105,  ..., 10750,    73,     2]], device='cuda:0') 
[2022-07-25 11:19:22,641][__main__][DEBUG] - batch 3: tensor([[1, 1, 1,  ..., 0, 0, 0],
        [1, 1, 1,  ..., 0, 0, 0],
        [1, 1, 1,  ..., 0, 0, 0],
        ...,
        [1, 1, 1,  ..., 0, 0, 0],
        [1, 1, 1,  ..., 0, 0, 0],
        [1, 1, 1,  ..., 1, 1, 1]], device='cuda:0') 
[2022-07-25 11:19:22,643][__main__][DEBUG] - batch 4: tensor([[50, 50, 50,  ..., 50, 50, 50],
        [50, 50, 50,  ..., 50, 50, 50],
        [50, 50, 50,  ..., 50, 50, 50],
        ...,
        [50, 50, 50,  ..., 50, 50, 50],
        [50, 50, 50,  ..., 50, 50, 50],
        [50, 50, 50,  ..., 50, 50, 50]], device='cuda:0') 
[2022-07-25 11:19:22,648][__main__][DEBUG] - batch 5: tensor([[60, 60, 60,  ..., 60, 60, 60],
        [60, 60, 60,  ..., 60, 60, 60],
        [60, 60, 60,  ..., 60, 60, 60],
        ...,
        [60, 60, 60,  ..., 60, 60, 60],
        [60, 60, 60,  ..., 60, 60, 60],
        [60, 60, 60,  ..., 60, 60, 60]], device='cuda:0') 
[2022-07-25 11:19:22,651][__main__][DEBUG] - batch 6: tensor([[183],
        [ 11],
        [  7],
        [ 47],
        [  7],
        [ 36],
        [ 19],
        [ 44]], device='cuda:0') 
[2022-07-25 11:19:22,659][__main__][DEBUG] - batch 7: tensor([[10],
        [ 2],
        [ 9],
        [27],
        [ 6],
        [23],
        [13],
        [17]], device='cuda:0') 
[2022-07-25 11:19:22,668][__main__][DEBUG] - batch 8: tensor([[[60, 60, 60,  ..., 60, 60, 60],
         [60, 60, 60,  ..., 60, 60, 60],
         [60, 60, 60,  ..., 60, 60, 60],
         ...,
         [60, 60, 60,  ..., 60, 60, 60],
         [60, 60, 60,  ..., 60, 60, 60],
         [60, 60, 60,  ..., 60, 60, 60]],

        [[60, 60, 60,  ..., 60, 60, 60],
         [60, 60, 60,  ..., 60, 60, 60],
         [60, 60, 60,  ..., 60, 60, 60],
         ...,
         [60, 60, 60,  ..., 60, 60, 60],
         [60, 60, 60,  ..., 60, 60, 60],
         [60, 60, 60,  ..., 60, 60, 60]],

        [[60, 60,  4,  ..., 60, 60, 60],
         [60, 60,  0,  ..., 60, 60, 60],
         [11,  5, 60,  ..., 60, 60, 60],
         ...,
         [60, 60, 60,  ..., 60, 60, 60],
         [60, 60, 60,  ..., 60, 60, 60],
         [60, 60, 60,  ..., 60, 60, 60]],

        ...,

        [[60, 60,  9,  ..., 60, 60, 60],
         [60, 60,  0,  ..., 60, 60, 60],
         [36, 28, 60,  ..., 60, 60, 60],
         ...,
         [60, 60, 60,  ..., 60, 60, 60],
         [60, 60, 60,  ..., 60, 60, 60],
         [60, 60, 60,  ..., 60, 60, 60]],

        [[60, 60, 60,  ..., 60, 60, 60],
         [60, 60, 60,  ..., 60, 60, 60],
         [60, 60, 60,  ..., 60, 60, 60],
         ...,
         [60, 60, 60,  ..., 60, 60, 60],
         [60, 60, 60,  ..., 60, 60, 60],
         [60, 60, 60,  ..., 60, 60, 60]],

        [[60, 60, 60,  ..., 60, 60, 60],
         [60, 60, 60,  ..., 60, 60, 60],
         [60, 60, 60,  ..., 60, 60, 60],
         ...,
         [60, 60, 60,  ..., 60, 60, 60],
         [60, 60, 60,  ..., 60, 60, 60],
         [60, 60, 60,  ..., 60, 60, 60]]], device='cuda:0') 
[2022-07-25 11:46:18,379][__main__][DEBUG] - epoch is 0
[2022-07-25 11:46:18,380][__main__][DEBUG] - validation loss is tensor(0.9889, device='cuda:0')
[2022-07-25 12:13:19,733][__main__][DEBUG] - early stop
