[2022-08-13 03:23:41,636][transformers.tokenization_utils_base][INFO] - Model name 'pretrain_model/jointgt_t5' not found in model shortcut name list (t5-small, t5-base, t5-large, t5-3b, t5-11b). Assuming 'pretrain_model/jointgt_t5' is a path, a model identifier, or url to a directory containing tokenizer files.
[2022-08-13 03:23:41,638][transformers.tokenization_utils_base][INFO] - Didn't find file pretrain_model/jointgt_t5/added_tokens.json. We won't load it.
[2022-08-13 03:23:41,638][transformers.tokenization_utils_base][INFO] - Didn't find file pretrain_model/jointgt_t5/special_tokens_map.json. We won't load it.
[2022-08-13 03:23:41,638][transformers.tokenization_utils_base][INFO] - Didn't find file pretrain_model/jointgt_t5/tokenizer_config.json. We won't load it.
[2022-08-13 03:23:41,639][transformers.tokenization_utils_base][INFO] - loading file pretrain_model/jointgt_t5/spiece.model
[2022-08-13 03:23:41,639][transformers.tokenization_utils_base][INFO] - loading file None
[2022-08-13 03:23:41,639][transformers.tokenization_utils_base][INFO] - loading file None
[2022-08-13 03:23:41,639][transformers.tokenization_utils_base][INFO] - loading file None
[2022-08-13 03:23:41,639][transformers.tokenization_utils_base][INFO] - loading file pretrain_model/jointgt_t5/tokenizer.json
[2022-08-13 03:23:56,410][transformers.configuration_utils][INFO] - loading configuration file pretrain_model/jointgt_t5/config.json
[2022-08-13 03:23:56,411][transformers.configuration_utils][INFO] - Model config T5Config {
  "architectures": [
    "MyT5Pretrain"
  ],
  "d_ff": 3072,
  "d_kv": 64,
  "d_model": 768,
  "decoder_start_token_id": 0,
  "dropout_rate": 0.1,
  "eos_token_id": 1,
  "initializer_factor": 1.0,
  "is_encoder_decoder": true,
  "layer_norm_epsilon": 1e-06,
  "model_type": "t5",
  "n_positions": 512,
  "num_heads": 12,
  "num_layers": 12,
  "output_past": true,
  "pad_token_id": 0,
  "relative_attention_num_buckets": 32,
  "task_specific_params": {
    "summarization": {
      "early_stopping": true,
      "length_penalty": 2.0,
      "max_length": 200,
      "min_length": 30,
      "no_repeat_ngram_size": 3,
      "num_beams": 4,
      "prefix": "summarize: "
    },
    "translation_en_to_de": {
      "early_stopping": true,
      "max_length": 300,
      "num_beams": 4,
      "prefix": "translate English to German: "
    },
    "translation_en_to_fr": {
      "early_stopping": true,
      "max_length": 300,
      "num_beams": 4,
      "prefix": "translate English to French: "
    },
    "translation_en_to_ro": {
      "early_stopping": true,
      "max_length": 300,
      "num_beams": 4,
      "prefix": "translate English to Romanian: "
    }
  },
  "vocab_size": 32128
}

[2022-08-13 03:23:56,412][transformers.modeling_utils][INFO] - loading weights file pretrain_model/jointgt_t5/pytorch_model.bin
[2022-08-13 03:24:06,839][transformers.modeling_utils][INFO] - All model checkpoint weights were used when initializing MyT5ForConditionalGeneration.

[2022-08-13 03:24:06,840][transformers.modeling_utils][INFO] - All the weights of MyT5ForConditionalGeneration were initialized from the model checkpoint at pretrain_model/jointgt_t5.
If your task is similar to the task the model of the ckeckpoint was trained on, you can already use MyT5ForConditionalGeneration for predictions without further training.
[2022-08-13 03:24:10,718][__main__][DEBUG] - Parameter model.shared.weight: torch.Size([32128, 768]), require_grad=True
[2022-08-13 03:24:10,718][__main__][DEBUG] - Parameter model.encoder.block.0.layer.0.SelfAttention.q.weight: torch.Size([768, 768]), require_grad=True
[2022-08-13 03:24:10,718][__main__][DEBUG] - Parameter model.encoder.block.0.layer.0.SelfAttention.k.weight: torch.Size([768, 768]), require_grad=True
[2022-08-13 03:24:10,719][__main__][DEBUG] - Parameter model.encoder.block.0.layer.0.SelfAttention.v.weight: torch.Size([768, 768]), require_grad=True
[2022-08-13 03:24:10,719][__main__][DEBUG] - Parameter model.encoder.block.0.layer.0.SelfAttention.o.weight: torch.Size([768, 768]), require_grad=True
[2022-08-13 03:24:10,719][__main__][DEBUG] - Parameter model.encoder.block.0.layer.0.SelfAttention.relative_attention_bias.weight: torch.Size([32, 12]), require_grad=True
[2022-08-13 03:24:10,719][__main__][DEBUG] - Parameter model.encoder.block.0.layer.0.SelfStructAttention.q.weight: torch.Size([768, 768]), require_grad=True
[2022-08-13 03:24:10,719][__main__][DEBUG] - Parameter model.encoder.block.0.layer.0.SelfStructAttention.k.weight: torch.Size([768, 768]), require_grad=True
[2022-08-13 03:24:10,719][__main__][DEBUG] - Parameter model.encoder.block.0.layer.0.SelfStructAttention.v.weight: torch.Size([768, 768]), require_grad=True
[2022-08-13 03:24:10,719][__main__][DEBUG] - Parameter model.encoder.block.0.layer.0.SelfStructAttention.rel_k.weight: torch.Size([768, 768]), require_grad=True
[2022-08-13 03:24:10,719][__main__][DEBUG] - Parameter model.encoder.block.0.layer.0.SelfStructAttention.rel_v.weight: torch.Size([768, 768]), require_grad=True
[2022-08-13 03:24:10,719][__main__][DEBUG] - Parameter model.encoder.block.0.layer.0.SelfStructAttention.o.weight: torch.Size([768, 768]), require_grad=True
[2022-08-13 03:24:10,720][__main__][DEBUG] - Parameter model.encoder.block.0.layer.0.SelfStructAttention.relative_attention_bias.weight: torch.Size([32, 12]), require_grad=True
[2022-08-13 03:24:10,720][__main__][DEBUG] - Parameter model.encoder.block.0.layer.0.layer_norm.weight: torch.Size([768]), require_grad=True
[2022-08-13 03:24:10,720][__main__][DEBUG] - Parameter model.encoder.block.0.layer.1.DenseReluDense.wi.weight: torch.Size([3072, 768]), require_grad=True
[2022-08-13 03:24:10,720][__main__][DEBUG] - Parameter model.encoder.block.0.layer.1.DenseReluDense.wo.weight: torch.Size([768, 3072]), require_grad=True
[2022-08-13 03:24:10,720][__main__][DEBUG] - Parameter model.encoder.block.0.layer.1.layer_norm.weight: torch.Size([768]), require_grad=True
[2022-08-13 03:24:10,720][__main__][DEBUG] - Parameter model.encoder.block.1.layer.0.SelfAttention.q.weight: torch.Size([768, 768]), require_grad=True
[2022-08-13 03:24:10,720][__main__][DEBUG] - Parameter model.encoder.block.1.layer.0.SelfAttention.k.weight: torch.Size([768, 768]), require_grad=True
[2022-08-13 03:24:10,720][__main__][DEBUG] - Parameter model.encoder.block.1.layer.0.SelfAttention.v.weight: torch.Size([768, 768]), require_grad=True
[2022-08-13 03:24:10,720][__main__][DEBUG] - Parameter model.encoder.block.1.layer.0.SelfAttention.o.weight: torch.Size([768, 768]), require_grad=True
[2022-08-13 03:24:10,720][__main__][DEBUG] - Parameter model.encoder.block.1.layer.0.SelfStructAttention.q.weight: torch.Size([768, 768]), require_grad=True
[2022-08-13 03:24:10,721][__main__][DEBUG] - Parameter model.encoder.block.1.layer.0.SelfStructAttention.k.weight: torch.Size([768, 768]), require_grad=True
[2022-08-13 03:24:10,721][__main__][DEBUG] - Parameter model.encoder.block.1.layer.0.SelfStructAttention.v.weight: torch.Size([768, 768]), require_grad=True
[2022-08-13 03:24:10,721][__main__][DEBUG] - Parameter model.encoder.block.1.layer.0.SelfStructAttention.rel_k.weight: torch.Size([768, 768]), require_grad=True
[2022-08-13 03:24:10,721][__main__][DEBUG] - Parameter model.encoder.block.1.layer.0.SelfStructAttention.rel_v.weight: torch.Size([768, 768]), require_grad=True
[2022-08-13 03:24:10,721][__main__][DEBUG] - Parameter model.encoder.block.1.layer.0.SelfStructAttention.o.weight: torch.Size([768, 768]), require_grad=True
[2022-08-13 03:24:10,721][__main__][DEBUG] - Parameter model.encoder.block.1.layer.0.layer_norm.weight: torch.Size([768]), require_grad=True
[2022-08-13 03:24:10,721][__main__][DEBUG] - Parameter model.encoder.block.1.layer.1.DenseReluDense.wi.weight: torch.Size([3072, 768]), require_grad=True
[2022-08-13 03:24:10,721][__main__][DEBUG] - Parameter model.encoder.block.1.layer.1.DenseReluDense.wo.weight: torch.Size([768, 3072]), require_grad=True
[2022-08-13 03:24:10,721][__main__][DEBUG] - Parameter model.encoder.block.1.layer.1.layer_norm.weight: torch.Size([768]), require_grad=True
[2022-08-13 03:24:10,721][__main__][DEBUG] - Parameter model.encoder.block.2.layer.0.SelfAttention.q.weight: torch.Size([768, 768]), require_grad=True
[2022-08-13 03:24:10,722][__main__][DEBUG] - Parameter model.encoder.block.2.layer.0.SelfAttention.k.weight: torch.Size([768, 768]), require_grad=True
[2022-08-13 03:24:10,722][__main__][DEBUG] - Parameter model.encoder.block.2.layer.0.SelfAttention.v.weight: torch.Size([768, 768]), require_grad=True
[2022-08-13 03:24:10,722][__main__][DEBUG] - Parameter model.encoder.block.2.layer.0.SelfAttention.o.weight: torch.Size([768, 768]), require_grad=True
[2022-08-13 03:24:10,722][__main__][DEBUG] - Parameter model.encoder.block.2.layer.0.SelfStructAttention.q.weight: torch.Size([768, 768]), require_grad=True
[2022-08-13 03:24:10,722][__main__][DEBUG] - Parameter model.encoder.block.2.layer.0.SelfStructAttention.k.weight: torch.Size([768, 768]), require_grad=True
[2022-08-13 03:24:10,722][__main__][DEBUG] - Parameter model.encoder.block.2.layer.0.SelfStructAttention.v.weight: torch.Size([768, 768]), require_grad=True
[2022-08-13 03:24:10,722][__main__][DEBUG] - Parameter model.encoder.block.2.layer.0.SelfStructAttention.rel_k.weight: torch.Size([768, 768]), require_grad=True
[2022-08-13 03:24:10,722][__main__][DEBUG] - Parameter model.encoder.block.2.layer.0.SelfStructAttention.rel_v.weight: torch.Size([768, 768]), require_grad=True
[2022-08-13 03:24:10,722][__main__][DEBUG] - Parameter model.encoder.block.2.layer.0.SelfStructAttention.o.weight: torch.Size([768, 768]), require_grad=True
[2022-08-13 03:24:10,722][__main__][DEBUG] - Parameter model.encoder.block.2.layer.0.layer_norm.weight: torch.Size([768]), require_grad=True
[2022-08-13 03:24:10,723][__main__][DEBUG] - Parameter model.encoder.block.2.layer.1.DenseReluDense.wi.weight: torch.Size([3072, 768]), require_grad=True
[2022-08-13 03:24:10,723][__main__][DEBUG] - Parameter model.encoder.block.2.layer.1.DenseReluDense.wo.weight: torch.Size([768, 3072]), require_grad=True
[2022-08-13 03:24:10,723][__main__][DEBUG] - Parameter model.encoder.block.2.layer.1.layer_norm.weight: torch.Size([768]), require_grad=True
[2022-08-13 03:24:10,723][__main__][DEBUG] - Parameter model.encoder.block.3.layer.0.SelfAttention.q.weight: torch.Size([768, 768]), require_grad=True
[2022-08-13 03:24:10,723][__main__][DEBUG] - Parameter model.encoder.block.3.layer.0.SelfAttention.k.weight: torch.Size([768, 768]), require_grad=True
[2022-08-13 03:24:10,723][__main__][DEBUG] - Parameter model.encoder.block.3.layer.0.SelfAttention.v.weight: torch.Size([768, 768]), require_grad=True
[2022-08-13 03:24:10,723][__main__][DEBUG] - Parameter model.encoder.block.3.layer.0.SelfAttention.o.weight: torch.Size([768, 768]), require_grad=True
[2022-08-13 03:24:10,723][__main__][DEBUG] - Parameter model.encoder.block.3.layer.0.SelfStructAttention.q.weight: torch.Size([768, 768]), require_grad=True
[2022-08-13 03:24:10,723][__main__][DEBUG] - Parameter model.encoder.block.3.layer.0.SelfStructAttention.k.weight: torch.Size([768, 768]), require_grad=True
[2022-08-13 03:24:10,723][__main__][DEBUG] - Parameter model.encoder.block.3.layer.0.SelfStructAttention.v.weight: torch.Size([768, 768]), require_grad=True
[2022-08-13 03:24:10,724][__main__][DEBUG] - Parameter model.encoder.block.3.layer.0.SelfStructAttention.rel_k.weight: torch.Size([768, 768]), require_grad=True
[2022-08-13 03:24:10,724][__main__][DEBUG] - Parameter model.encoder.block.3.layer.0.SelfStructAttention.rel_v.weight: torch.Size([768, 768]), require_grad=True
[2022-08-13 03:24:10,724][__main__][DEBUG] - Parameter model.encoder.block.3.layer.0.SelfStructAttention.o.weight: torch.Size([768, 768]), require_grad=True
[2022-08-13 03:24:10,724][__main__][DEBUG] - Parameter model.encoder.block.3.layer.0.layer_norm.weight: torch.Size([768]), require_grad=True
[2022-08-13 03:24:10,724][__main__][DEBUG] - Parameter model.encoder.block.3.layer.1.DenseReluDense.wi.weight: torch.Size([3072, 768]), require_grad=True
[2022-08-13 03:24:10,724][__main__][DEBUG] - Parameter model.encoder.block.3.layer.1.DenseReluDense.wo.weight: torch.Size([768, 3072]), require_grad=True
[2022-08-13 03:24:10,724][__main__][DEBUG] - Parameter model.encoder.block.3.layer.1.layer_norm.weight: torch.Size([768]), require_grad=True
[2022-08-13 03:24:10,724][__main__][DEBUG] - Parameter model.encoder.block.4.layer.0.SelfAttention.q.weight: torch.Size([768, 768]), require_grad=True
[2022-08-13 03:24:10,724][__main__][DEBUG] - Parameter model.encoder.block.4.layer.0.SelfAttention.k.weight: torch.Size([768, 768]), require_grad=True
[2022-08-13 03:24:10,724][__main__][DEBUG] - Parameter model.encoder.block.4.layer.0.SelfAttention.v.weight: torch.Size([768, 768]), require_grad=True
[2022-08-13 03:24:10,725][__main__][DEBUG] - Parameter model.encoder.block.4.layer.0.SelfAttention.o.weight: torch.Size([768, 768]), require_grad=True
[2022-08-13 03:24:10,725][__main__][DEBUG] - Parameter model.encoder.block.4.layer.0.SelfStructAttention.q.weight: torch.Size([768, 768]), require_grad=True
[2022-08-13 03:24:10,725][__main__][DEBUG] - Parameter model.encoder.block.4.layer.0.SelfStructAttention.k.weight: torch.Size([768, 768]), require_grad=True
[2022-08-13 03:24:10,725][__main__][DEBUG] - Parameter model.encoder.block.4.layer.0.SelfStructAttention.v.weight: torch.Size([768, 768]), require_grad=True
[2022-08-13 03:24:10,725][__main__][DEBUG] - Parameter model.encoder.block.4.layer.0.SelfStructAttention.rel_k.weight: torch.Size([768, 768]), require_grad=True
[2022-08-13 03:24:10,725][__main__][DEBUG] - Parameter model.encoder.block.4.layer.0.SelfStructAttention.rel_v.weight: torch.Size([768, 768]), require_grad=True
[2022-08-13 03:24:10,725][__main__][DEBUG] - Parameter model.encoder.block.4.layer.0.SelfStructAttention.o.weight: torch.Size([768, 768]), require_grad=True
[2022-08-13 03:24:10,725][__main__][DEBUG] - Parameter model.encoder.block.4.layer.0.layer_norm.weight: torch.Size([768]), require_grad=True
[2022-08-13 03:24:10,725][__main__][DEBUG] - Parameter model.encoder.block.4.layer.1.DenseReluDense.wi.weight: torch.Size([3072, 768]), require_grad=True
[2022-08-13 03:24:10,725][__main__][DEBUG] - Parameter model.encoder.block.4.layer.1.DenseReluDense.wo.weight: torch.Size([768, 3072]), require_grad=True
[2022-08-13 03:24:10,726][__main__][DEBUG] - Parameter model.encoder.block.4.layer.1.layer_norm.weight: torch.Size([768]), require_grad=True
[2022-08-13 03:24:10,726][__main__][DEBUG] - Parameter model.encoder.block.5.layer.0.SelfAttention.q.weight: torch.Size([768, 768]), require_grad=True
[2022-08-13 03:24:10,726][__main__][DEBUG] - Parameter model.encoder.block.5.layer.0.SelfAttention.k.weight: torch.Size([768, 768]), require_grad=True
[2022-08-13 03:24:10,726][__main__][DEBUG] - Parameter model.encoder.block.5.layer.0.SelfAttention.v.weight: torch.Size([768, 768]), require_grad=True
[2022-08-13 03:24:10,726][__main__][DEBUG] - Parameter model.encoder.block.5.layer.0.SelfAttention.o.weight: torch.Size([768, 768]), require_grad=True
[2022-08-13 03:24:10,726][__main__][DEBUG] - Parameter model.encoder.block.5.layer.0.SelfStructAttention.q.weight: torch.Size([768, 768]), require_grad=True
[2022-08-13 03:24:10,726][__main__][DEBUG] - Parameter model.encoder.block.5.layer.0.SelfStructAttention.k.weight: torch.Size([768, 768]), require_grad=True
[2022-08-13 03:24:10,726][__main__][DEBUG] - Parameter model.encoder.block.5.layer.0.SelfStructAttention.v.weight: torch.Size([768, 768]), require_grad=True
[2022-08-13 03:24:10,726][__main__][DEBUG] - Parameter model.encoder.block.5.layer.0.SelfStructAttention.rel_k.weight: torch.Size([768, 768]), require_grad=True
[2022-08-13 03:24:10,726][__main__][DEBUG] - Parameter model.encoder.block.5.layer.0.SelfStructAttention.rel_v.weight: torch.Size([768, 768]), require_grad=True
[2022-08-13 03:24:10,726][__main__][DEBUG] - Parameter model.encoder.block.5.layer.0.SelfStructAttention.o.weight: torch.Size([768, 768]), require_grad=True
[2022-08-13 03:24:10,727][__main__][DEBUG] - Parameter model.encoder.block.5.layer.0.layer_norm.weight: torch.Size([768]), require_grad=True
[2022-08-13 03:24:10,727][__main__][DEBUG] - Parameter model.encoder.block.5.layer.1.DenseReluDense.wi.weight: torch.Size([3072, 768]), require_grad=True
[2022-08-13 03:24:10,727][__main__][DEBUG] - Parameter model.encoder.block.5.layer.1.DenseReluDense.wo.weight: torch.Size([768, 3072]), require_grad=True
[2022-08-13 03:24:10,727][__main__][DEBUG] - Parameter model.encoder.block.5.layer.1.layer_norm.weight: torch.Size([768]), require_grad=True
[2022-08-13 03:24:10,727][__main__][DEBUG] - Parameter model.encoder.block.6.layer.0.SelfAttention.q.weight: torch.Size([768, 768]), require_grad=True
[2022-08-13 03:24:10,727][__main__][DEBUG] - Parameter model.encoder.block.6.layer.0.SelfAttention.k.weight: torch.Size([768, 768]), require_grad=True
[2022-08-13 03:24:10,727][__main__][DEBUG] - Parameter model.encoder.block.6.layer.0.SelfAttention.v.weight: torch.Size([768, 768]), require_grad=True
[2022-08-13 03:24:10,727][__main__][DEBUG] - Parameter model.encoder.block.6.layer.0.SelfAttention.o.weight: torch.Size([768, 768]), require_grad=True
[2022-08-13 03:24:10,727][__main__][DEBUG] - Parameter model.encoder.block.6.layer.0.SelfStructAttention.q.weight: torch.Size([768, 768]), require_grad=True
[2022-08-13 03:24:10,727][__main__][DEBUG] - Parameter model.encoder.block.6.layer.0.SelfStructAttention.k.weight: torch.Size([768, 768]), require_grad=True
[2022-08-13 03:24:10,728][__main__][DEBUG] - Parameter model.encoder.block.6.layer.0.SelfStructAttention.v.weight: torch.Size([768, 768]), require_grad=True
[2022-08-13 03:24:10,728][__main__][DEBUG] - Parameter model.encoder.block.6.layer.0.SelfStructAttention.rel_k.weight: torch.Size([768, 768]), require_grad=True
[2022-08-13 03:24:10,728][__main__][DEBUG] - Parameter model.encoder.block.6.layer.0.SelfStructAttention.rel_v.weight: torch.Size([768, 768]), require_grad=True
[2022-08-13 03:24:10,728][__main__][DEBUG] - Parameter model.encoder.block.6.layer.0.SelfStructAttention.o.weight: torch.Size([768, 768]), require_grad=True
[2022-08-13 03:24:10,728][__main__][DEBUG] - Parameter model.encoder.block.6.layer.0.layer_norm.weight: torch.Size([768]), require_grad=True
[2022-08-13 03:24:10,728][__main__][DEBUG] - Parameter model.encoder.block.6.layer.1.DenseReluDense.wi.weight: torch.Size([3072, 768]), require_grad=True
[2022-08-13 03:24:10,728][__main__][DEBUG] - Parameter model.encoder.block.6.layer.1.DenseReluDense.wo.weight: torch.Size([768, 3072]), require_grad=True
[2022-08-13 03:24:10,728][__main__][DEBUG] - Parameter model.encoder.block.6.layer.1.layer_norm.weight: torch.Size([768]), require_grad=True
[2022-08-13 03:24:10,728][__main__][DEBUG] - Parameter model.encoder.block.7.layer.0.SelfAttention.q.weight: torch.Size([768, 768]), require_grad=True
[2022-08-13 03:24:10,728][__main__][DEBUG] - Parameter model.encoder.block.7.layer.0.SelfAttention.k.weight: torch.Size([768, 768]), require_grad=True
[2022-08-13 03:24:10,729][__main__][DEBUG] - Parameter model.encoder.block.7.layer.0.SelfAttention.v.weight: torch.Size([768, 768]), require_grad=True
[2022-08-13 03:24:10,729][__main__][DEBUG] - Parameter model.encoder.block.7.layer.0.SelfAttention.o.weight: torch.Size([768, 768]), require_grad=True
[2022-08-13 03:24:10,729][__main__][DEBUG] - Parameter model.encoder.block.7.layer.0.SelfStructAttention.q.weight: torch.Size([768, 768]), require_grad=True
[2022-08-13 03:24:10,729][__main__][DEBUG] - Parameter model.encoder.block.7.layer.0.SelfStructAttention.k.weight: torch.Size([768, 768]), require_grad=True
[2022-08-13 03:24:10,729][__main__][DEBUG] - Parameter model.encoder.block.7.layer.0.SelfStructAttention.v.weight: torch.Size([768, 768]), require_grad=True
[2022-08-13 03:24:10,729][__main__][DEBUG] - Parameter model.encoder.block.7.layer.0.SelfStructAttention.rel_k.weight: torch.Size([768, 768]), require_grad=True
[2022-08-13 03:24:10,729][__main__][DEBUG] - Parameter model.encoder.block.7.layer.0.SelfStructAttention.rel_v.weight: torch.Size([768, 768]), require_grad=True
[2022-08-13 03:24:10,729][__main__][DEBUG] - Parameter model.encoder.block.7.layer.0.SelfStructAttention.o.weight: torch.Size([768, 768]), require_grad=True
[2022-08-13 03:24:10,729][__main__][DEBUG] - Parameter model.encoder.block.7.layer.0.layer_norm.weight: torch.Size([768]), require_grad=True
[2022-08-13 03:24:10,729][__main__][DEBUG] - Parameter model.encoder.block.7.layer.1.DenseReluDense.wi.weight: torch.Size([3072, 768]), require_grad=True
[2022-08-13 03:24:10,729][__main__][DEBUG] - Parameter model.encoder.block.7.layer.1.DenseReluDense.wo.weight: torch.Size([768, 3072]), require_grad=True
[2022-08-13 03:24:10,730][__main__][DEBUG] - Parameter model.encoder.block.7.layer.1.layer_norm.weight: torch.Size([768]), require_grad=True
[2022-08-13 03:24:10,730][__main__][DEBUG] - Parameter model.encoder.block.8.layer.0.SelfAttention.q.weight: torch.Size([768, 768]), require_grad=True
[2022-08-13 03:24:10,730][__main__][DEBUG] - Parameter model.encoder.block.8.layer.0.SelfAttention.k.weight: torch.Size([768, 768]), require_grad=True
[2022-08-13 03:24:10,730][__main__][DEBUG] - Parameter model.encoder.block.8.layer.0.SelfAttention.v.weight: torch.Size([768, 768]), require_grad=True
[2022-08-13 03:24:10,730][__main__][DEBUG] - Parameter model.encoder.block.8.layer.0.SelfAttention.o.weight: torch.Size([768, 768]), require_grad=True
[2022-08-13 03:24:10,730][__main__][DEBUG] - Parameter model.encoder.block.8.layer.0.SelfStructAttention.q.weight: torch.Size([768, 768]), require_grad=True
[2022-08-13 03:24:10,773][__main__][DEBUG] - Parameter model.encoder.block.8.layer.0.SelfStructAttention.k.weight: torch.Size([768, 768]), require_grad=True
[2022-08-13 03:24:10,773][__main__][DEBUG] - Parameter model.encoder.block.8.layer.0.SelfStructAttention.v.weight: torch.Size([768, 768]), require_grad=True
[2022-08-13 03:24:10,773][__main__][DEBUG] - Parameter model.encoder.block.8.layer.0.SelfStructAttention.rel_k.weight: torch.Size([768, 768]), require_grad=True
[2022-08-13 03:24:10,774][__main__][DEBUG] - Parameter model.encoder.block.8.layer.0.SelfStructAttention.rel_v.weight: torch.Size([768, 768]), require_grad=True
[2022-08-13 03:24:10,774][__main__][DEBUG] - Parameter model.encoder.block.8.layer.0.SelfStructAttention.o.weight: torch.Size([768, 768]), require_grad=True
[2022-08-13 03:24:10,774][__main__][DEBUG] - Parameter model.encoder.block.8.layer.0.layer_norm.weight: torch.Size([768]), require_grad=True
[2022-08-13 03:24:10,774][__main__][DEBUG] - Parameter model.encoder.block.8.layer.1.DenseReluDense.wi.weight: torch.Size([3072, 768]), require_grad=True
[2022-08-13 03:24:10,774][__main__][DEBUG] - Parameter model.encoder.block.8.layer.1.DenseReluDense.wo.weight: torch.Size([768, 3072]), require_grad=True
[2022-08-13 03:24:10,774][__main__][DEBUG] - Parameter model.encoder.block.8.layer.1.layer_norm.weight: torch.Size([768]), require_grad=True
[2022-08-13 03:24:10,775][__main__][DEBUG] - Parameter model.encoder.block.9.layer.0.SelfAttention.q.weight: torch.Size([768, 768]), require_grad=True
[2022-08-13 03:24:10,775][__main__][DEBUG] - Parameter model.encoder.block.9.layer.0.SelfAttention.k.weight: torch.Size([768, 768]), require_grad=True
[2022-08-13 03:24:10,775][__main__][DEBUG] - Parameter model.encoder.block.9.layer.0.SelfAttention.v.weight: torch.Size([768, 768]), require_grad=True
[2022-08-13 03:24:10,775][__main__][DEBUG] - Parameter model.encoder.block.9.layer.0.SelfAttention.o.weight: torch.Size([768, 768]), require_grad=True
[2022-08-13 03:24:10,775][__main__][DEBUG] - Parameter model.encoder.block.9.layer.0.SelfStructAttention.q.weight: torch.Size([768, 768]), require_grad=True
[2022-08-13 03:24:10,776][__main__][DEBUG] - Parameter model.encoder.block.9.layer.0.SelfStructAttention.k.weight: torch.Size([768, 768]), require_grad=True
[2022-08-13 03:24:10,776][__main__][DEBUG] - Parameter model.encoder.block.9.layer.0.SelfStructAttention.v.weight: torch.Size([768, 768]), require_grad=True
[2022-08-13 03:24:10,776][__main__][DEBUG] - Parameter model.encoder.block.9.layer.0.SelfStructAttention.rel_k.weight: torch.Size([768, 768]), require_grad=True
[2022-08-13 03:24:10,776][__main__][DEBUG] - Parameter model.encoder.block.9.layer.0.SelfStructAttention.rel_v.weight: torch.Size([768, 768]), require_grad=True
[2022-08-13 03:24:10,776][__main__][DEBUG] - Parameter model.encoder.block.9.layer.0.SelfStructAttention.o.weight: torch.Size([768, 768]), require_grad=True
[2022-08-13 03:24:10,777][__main__][DEBUG] - Parameter model.encoder.block.9.layer.0.layer_norm.weight: torch.Size([768]), require_grad=True
[2022-08-13 03:24:10,777][__main__][DEBUG] - Parameter model.encoder.block.9.layer.1.DenseReluDense.wi.weight: torch.Size([3072, 768]), require_grad=True
[2022-08-13 03:24:10,777][__main__][DEBUG] - Parameter model.encoder.block.9.layer.1.DenseReluDense.wo.weight: torch.Size([768, 3072]), require_grad=True
[2022-08-13 03:24:10,777][__main__][DEBUG] - Parameter model.encoder.block.9.layer.1.layer_norm.weight: torch.Size([768]), require_grad=True
[2022-08-13 03:24:10,777][__main__][DEBUG] - Parameter model.encoder.block.10.layer.0.SelfAttention.q.weight: torch.Size([768, 768]), require_grad=True
[2022-08-13 03:24:10,777][__main__][DEBUG] - Parameter model.encoder.block.10.layer.0.SelfAttention.k.weight: torch.Size([768, 768]), require_grad=True
[2022-08-13 03:24:10,778][__main__][DEBUG] - Parameter model.encoder.block.10.layer.0.SelfAttention.v.weight: torch.Size([768, 768]), require_grad=True
[2022-08-13 03:24:10,778][__main__][DEBUG] - Parameter model.encoder.block.10.layer.0.SelfAttention.o.weight: torch.Size([768, 768]), require_grad=True
[2022-08-13 03:24:10,778][__main__][DEBUG] - Parameter model.encoder.block.10.layer.0.SelfStructAttention.q.weight: torch.Size([768, 768]), require_grad=True
[2022-08-13 03:24:10,778][__main__][DEBUG] - Parameter model.encoder.block.10.layer.0.SelfStructAttention.k.weight: torch.Size([768, 768]), require_grad=True
[2022-08-13 03:24:10,778][__main__][DEBUG] - Parameter model.encoder.block.10.layer.0.SelfStructAttention.v.weight: torch.Size([768, 768]), require_grad=True
[2022-08-13 03:24:10,779][__main__][DEBUG] - Parameter model.encoder.block.10.layer.0.SelfStructAttention.rel_k.weight: torch.Size([768, 768]), require_grad=True
[2022-08-13 03:24:10,779][__main__][DEBUG] - Parameter model.encoder.block.10.layer.0.SelfStructAttention.rel_v.weight: torch.Size([768, 768]), require_grad=True
[2022-08-13 03:24:10,779][__main__][DEBUG] - Parameter model.encoder.block.10.layer.0.SelfStructAttention.o.weight: torch.Size([768, 768]), require_grad=True
[2022-08-13 03:24:10,779][__main__][DEBUG] - Parameter model.encoder.block.10.layer.0.layer_norm.weight: torch.Size([768]), require_grad=True
[2022-08-13 03:24:10,779][__main__][DEBUG] - Parameter model.encoder.block.10.layer.1.DenseReluDense.wi.weight: torch.Size([3072, 768]), require_grad=True
[2022-08-13 03:24:10,779][__main__][DEBUG] - Parameter model.encoder.block.10.layer.1.DenseReluDense.wo.weight: torch.Size([768, 3072]), require_grad=True
[2022-08-13 03:24:10,780][__main__][DEBUG] - Parameter model.encoder.block.10.layer.1.layer_norm.weight: torch.Size([768]), require_grad=True
[2022-08-13 03:24:10,780][__main__][DEBUG] - Parameter model.encoder.block.11.layer.0.SelfAttention.q.weight: torch.Size([768, 768]), require_grad=True
[2022-08-13 03:24:10,780][__main__][DEBUG] - Parameter model.encoder.block.11.layer.0.SelfAttention.k.weight: torch.Size([768, 768]), require_grad=True
[2022-08-13 03:24:10,780][__main__][DEBUG] - Parameter model.encoder.block.11.layer.0.SelfAttention.v.weight: torch.Size([768, 768]), require_grad=True
[2022-08-13 03:24:10,780][__main__][DEBUG] - Parameter model.encoder.block.11.layer.0.SelfAttention.o.weight: torch.Size([768, 768]), require_grad=True
[2022-08-13 03:24:10,780][__main__][DEBUG] - Parameter model.encoder.block.11.layer.0.SelfStructAttention.q.weight: torch.Size([768, 768]), require_grad=True
[2022-08-13 03:24:10,781][__main__][DEBUG] - Parameter model.encoder.block.11.layer.0.SelfStructAttention.k.weight: torch.Size([768, 768]), require_grad=True
[2022-08-13 03:24:10,781][__main__][DEBUG] - Parameter model.encoder.block.11.layer.0.SelfStructAttention.v.weight: torch.Size([768, 768]), require_grad=True
[2022-08-13 03:24:10,782][__main__][DEBUG] - Parameter model.encoder.block.11.layer.0.SelfStructAttention.rel_k.weight: torch.Size([768, 768]), require_grad=True
[2022-08-13 03:24:10,783][__main__][DEBUG] - Parameter model.encoder.block.11.layer.0.SelfStructAttention.rel_v.weight: torch.Size([768, 768]), require_grad=True
[2022-08-13 03:24:10,783][__main__][DEBUG] - Parameter model.encoder.block.11.layer.0.SelfStructAttention.o.weight: torch.Size([768, 768]), require_grad=True
[2022-08-13 03:24:10,783][__main__][DEBUG] - Parameter model.encoder.block.11.layer.0.layer_norm.weight: torch.Size([768]), require_grad=True
[2022-08-13 03:24:10,783][__main__][DEBUG] - Parameter model.encoder.block.11.layer.1.DenseReluDense.wi.weight: torch.Size([3072, 768]), require_grad=True
[2022-08-13 03:24:10,783][__main__][DEBUG] - Parameter model.encoder.block.11.layer.1.DenseReluDense.wo.weight: torch.Size([768, 3072]), require_grad=True
[2022-08-13 03:24:10,783][__main__][DEBUG] - Parameter model.encoder.block.11.layer.1.layer_norm.weight: torch.Size([768]), require_grad=True
[2022-08-13 03:24:10,784][__main__][DEBUG] - Parameter model.encoder.final_layer_norm.weight: torch.Size([768]), require_grad=True
[2022-08-13 03:24:10,784][__main__][DEBUG] - Parameter model.decoder.block.0.layer.0.SelfAttention.q.weight: torch.Size([768, 768]), require_grad=True
[2022-08-13 03:24:10,784][__main__][DEBUG] - Parameter model.decoder.block.0.layer.0.SelfAttention.k.weight: torch.Size([768, 768]), require_grad=True
[2022-08-13 03:24:10,784][__main__][DEBUG] - Parameter model.decoder.block.0.layer.0.SelfAttention.v.weight: torch.Size([768, 768]), require_grad=True
[2022-08-13 03:24:10,784][__main__][DEBUG] - Parameter model.decoder.block.0.layer.0.SelfAttention.o.weight: torch.Size([768, 768]), require_grad=True
[2022-08-13 03:24:10,784][__main__][DEBUG] - Parameter model.decoder.block.0.layer.0.SelfAttention.relative_attention_bias.weight: torch.Size([32, 12]), require_grad=True
[2022-08-13 03:24:10,784][__main__][DEBUG] - Parameter model.decoder.block.0.layer.0.layer_norm.weight: torch.Size([768]), require_grad=True
[2022-08-13 03:24:10,784][__main__][DEBUG] - Parameter model.decoder.block.0.layer.1.EncDecAttention.q.weight: torch.Size([768, 768]), require_grad=True
[2022-08-13 03:24:10,785][__main__][DEBUG] - Parameter model.decoder.block.0.layer.1.EncDecAttention.k.weight: torch.Size([768, 768]), require_grad=True
[2022-08-13 03:24:10,785][__main__][DEBUG] - Parameter model.decoder.block.0.layer.1.EncDecAttention.v.weight: torch.Size([768, 768]), require_grad=True
[2022-08-13 03:24:10,785][__main__][DEBUG] - Parameter model.decoder.block.0.layer.1.EncDecAttention.o.weight: torch.Size([768, 768]), require_grad=True
[2022-08-13 03:24:10,785][__main__][DEBUG] - Parameter model.decoder.block.0.layer.1.EncDecAttention.relative_attention_bias.weight: torch.Size([32, 12]), require_grad=True
[2022-08-13 03:24:10,785][__main__][DEBUG] - Parameter model.decoder.block.0.layer.1.layer_norm.weight: torch.Size([768]), require_grad=True
[2022-08-13 03:24:10,785][__main__][DEBUG] - Parameter model.decoder.block.0.layer.2.DenseReluDense.wi.weight: torch.Size([3072, 768]), require_grad=True
[2022-08-13 03:24:10,785][__main__][DEBUG] - Parameter model.decoder.block.0.layer.2.DenseReluDense.wo.weight: torch.Size([768, 3072]), require_grad=True
[2022-08-13 03:24:10,785][__main__][DEBUG] - Parameter model.decoder.block.0.layer.2.layer_norm.weight: torch.Size([768]), require_grad=True
[2022-08-13 03:24:10,785][__main__][DEBUG] - Parameter model.decoder.block.1.layer.0.SelfAttention.q.weight: torch.Size([768, 768]), require_grad=True
[2022-08-13 03:24:10,786][__main__][DEBUG] - Parameter model.decoder.block.1.layer.0.SelfAttention.k.weight: torch.Size([768, 768]), require_grad=True
[2022-08-13 03:24:10,786][__main__][DEBUG] - Parameter model.decoder.block.1.layer.0.SelfAttention.v.weight: torch.Size([768, 768]), require_grad=True
[2022-08-13 03:24:10,786][__main__][DEBUG] - Parameter model.decoder.block.1.layer.0.SelfAttention.o.weight: torch.Size([768, 768]), require_grad=True
[2022-08-13 03:24:10,786][__main__][DEBUG] - Parameter model.decoder.block.1.layer.0.layer_norm.weight: torch.Size([768]), require_grad=True
[2022-08-13 03:24:10,786][__main__][DEBUG] - Parameter model.decoder.block.1.layer.1.EncDecAttention.q.weight: torch.Size([768, 768]), require_grad=True
[2022-08-13 03:24:10,786][__main__][DEBUG] - Parameter model.decoder.block.1.layer.1.EncDecAttention.k.weight: torch.Size([768, 768]), require_grad=True
[2022-08-13 03:24:10,786][__main__][DEBUG] - Parameter model.decoder.block.1.layer.1.EncDecAttention.v.weight: torch.Size([768, 768]), require_grad=True
[2022-08-13 03:24:10,786][__main__][DEBUG] - Parameter model.decoder.block.1.layer.1.EncDecAttention.o.weight: torch.Size([768, 768]), require_grad=True
[2022-08-13 03:24:10,786][__main__][DEBUG] - Parameter model.decoder.block.1.layer.1.layer_norm.weight: torch.Size([768]), require_grad=True
[2022-08-13 03:24:10,787][__main__][DEBUG] - Parameter model.decoder.block.1.layer.2.DenseReluDense.wi.weight: torch.Size([3072, 768]), require_grad=True
[2022-08-13 03:24:10,787][__main__][DEBUG] - Parameter model.decoder.block.1.layer.2.DenseReluDense.wo.weight: torch.Size([768, 3072]), require_grad=True
[2022-08-13 03:24:10,787][__main__][DEBUG] - Parameter model.decoder.block.1.layer.2.layer_norm.weight: torch.Size([768]), require_grad=True
[2022-08-13 03:24:10,787][__main__][DEBUG] - Parameter model.decoder.block.2.layer.0.SelfAttention.q.weight: torch.Size([768, 768]), require_grad=True
[2022-08-13 03:24:10,787][__main__][DEBUG] - Parameter model.decoder.block.2.layer.0.SelfAttention.k.weight: torch.Size([768, 768]), require_grad=True
[2022-08-13 03:24:10,787][__main__][DEBUG] - Parameter model.decoder.block.2.layer.0.SelfAttention.v.weight: torch.Size([768, 768]), require_grad=True
[2022-08-13 03:24:10,787][__main__][DEBUG] - Parameter model.decoder.block.2.layer.0.SelfAttention.o.weight: torch.Size([768, 768]), require_grad=True
[2022-08-13 03:24:10,787][__main__][DEBUG] - Parameter model.decoder.block.2.layer.0.layer_norm.weight: torch.Size([768]), require_grad=True
[2022-08-13 03:24:10,787][__main__][DEBUG] - Parameter model.decoder.block.2.layer.1.EncDecAttention.q.weight: torch.Size([768, 768]), require_grad=True
[2022-08-13 03:24:10,788][__main__][DEBUG] - Parameter model.decoder.block.2.layer.1.EncDecAttention.k.weight: torch.Size([768, 768]), require_grad=True
[2022-08-13 03:24:10,788][__main__][DEBUG] - Parameter model.decoder.block.2.layer.1.EncDecAttention.v.weight: torch.Size([768, 768]), require_grad=True
[2022-08-13 03:24:10,788][__main__][DEBUG] - Parameter model.decoder.block.2.layer.1.EncDecAttention.o.weight: torch.Size([768, 768]), require_grad=True
[2022-08-13 03:24:10,788][__main__][DEBUG] - Parameter model.decoder.block.2.layer.1.layer_norm.weight: torch.Size([768]), require_grad=True
[2022-08-13 03:24:10,788][__main__][DEBUG] - Parameter model.decoder.block.2.layer.2.DenseReluDense.wi.weight: torch.Size([3072, 768]), require_grad=True
[2022-08-13 03:24:10,788][__main__][DEBUG] - Parameter model.decoder.block.2.layer.2.DenseReluDense.wo.weight: torch.Size([768, 3072]), require_grad=True
[2022-08-13 03:24:10,788][__main__][DEBUG] - Parameter model.decoder.block.2.layer.2.layer_norm.weight: torch.Size([768]), require_grad=True
[2022-08-13 03:24:10,788][__main__][DEBUG] - Parameter model.decoder.block.3.layer.0.SelfAttention.q.weight: torch.Size([768, 768]), require_grad=True
[2022-08-13 03:24:10,788][__main__][DEBUG] - Parameter model.decoder.block.3.layer.0.SelfAttention.k.weight: torch.Size([768, 768]), require_grad=True
[2022-08-13 03:24:10,788][__main__][DEBUG] - Parameter model.decoder.block.3.layer.0.SelfAttention.v.weight: torch.Size([768, 768]), require_grad=True
[2022-08-13 03:24:10,789][__main__][DEBUG] - Parameter model.decoder.block.3.layer.0.SelfAttention.o.weight: torch.Size([768, 768]), require_grad=True
[2022-08-13 03:24:10,789][__main__][DEBUG] - Parameter model.decoder.block.3.layer.0.layer_norm.weight: torch.Size([768]), require_grad=True
[2022-08-13 03:24:10,789][__main__][DEBUG] - Parameter model.decoder.block.3.layer.1.EncDecAttention.q.weight: torch.Size([768, 768]), require_grad=True
[2022-08-13 03:24:10,789][__main__][DEBUG] - Parameter model.decoder.block.3.layer.1.EncDecAttention.k.weight: torch.Size([768, 768]), require_grad=True
[2022-08-13 03:24:10,789][__main__][DEBUG] - Parameter model.decoder.block.3.layer.1.EncDecAttention.v.weight: torch.Size([768, 768]), require_grad=True
[2022-08-13 03:24:10,789][__main__][DEBUG] - Parameter model.decoder.block.3.layer.1.EncDecAttention.o.weight: torch.Size([768, 768]), require_grad=True
[2022-08-13 03:24:10,789][__main__][DEBUG] - Parameter model.decoder.block.3.layer.1.layer_norm.weight: torch.Size([768]), require_grad=True
[2022-08-13 03:24:10,789][__main__][DEBUG] - Parameter model.decoder.block.3.layer.2.DenseReluDense.wi.weight: torch.Size([3072, 768]), require_grad=True
[2022-08-13 03:24:10,789][__main__][DEBUG] - Parameter model.decoder.block.3.layer.2.DenseReluDense.wo.weight: torch.Size([768, 3072]), require_grad=True
[2022-08-13 03:24:10,790][__main__][DEBUG] - Parameter model.decoder.block.3.layer.2.layer_norm.weight: torch.Size([768]), require_grad=True
[2022-08-13 03:24:10,790][__main__][DEBUG] - Parameter model.decoder.block.4.layer.0.SelfAttention.q.weight: torch.Size([768, 768]), require_grad=True
[2022-08-13 03:24:10,790][__main__][DEBUG] - Parameter model.decoder.block.4.layer.0.SelfAttention.k.weight: torch.Size([768, 768]), require_grad=True
[2022-08-13 03:24:10,790][__main__][DEBUG] - Parameter model.decoder.block.4.layer.0.SelfAttention.v.weight: torch.Size([768, 768]), require_grad=True
[2022-08-13 03:24:10,790][__main__][DEBUG] - Parameter model.decoder.block.4.layer.0.SelfAttention.o.weight: torch.Size([768, 768]), require_grad=True
[2022-08-13 03:24:10,790][__main__][DEBUG] - Parameter model.decoder.block.4.layer.0.layer_norm.weight: torch.Size([768]), require_grad=True
[2022-08-13 03:24:10,790][__main__][DEBUG] - Parameter model.decoder.block.4.layer.1.EncDecAttention.q.weight: torch.Size([768, 768]), require_grad=True
[2022-08-13 03:24:10,790][__main__][DEBUG] - Parameter model.decoder.block.4.layer.1.EncDecAttention.k.weight: torch.Size([768, 768]), require_grad=True
[2022-08-13 03:24:10,790][__main__][DEBUG] - Parameter model.decoder.block.4.layer.1.EncDecAttention.v.weight: torch.Size([768, 768]), require_grad=True
[2022-08-13 03:24:10,791][__main__][DEBUG] - Parameter model.decoder.block.4.layer.1.EncDecAttention.o.weight: torch.Size([768, 768]), require_grad=True
[2022-08-13 03:24:10,791][__main__][DEBUG] - Parameter model.decoder.block.4.layer.1.layer_norm.weight: torch.Size([768]), require_grad=True
[2022-08-13 03:24:10,791][__main__][DEBUG] - Parameter model.decoder.block.4.layer.2.DenseReluDense.wi.weight: torch.Size([3072, 768]), require_grad=True
[2022-08-13 03:24:10,791][__main__][DEBUG] - Parameter model.decoder.block.4.layer.2.DenseReluDense.wo.weight: torch.Size([768, 3072]), require_grad=True
[2022-08-13 03:24:10,791][__main__][DEBUG] - Parameter model.decoder.block.4.layer.2.layer_norm.weight: torch.Size([768]), require_grad=True
[2022-08-13 03:24:10,791][__main__][DEBUG] - Parameter model.decoder.block.5.layer.0.SelfAttention.q.weight: torch.Size([768, 768]), require_grad=True
[2022-08-13 03:24:10,791][__main__][DEBUG] - Parameter model.decoder.block.5.layer.0.SelfAttention.k.weight: torch.Size([768, 768]), require_grad=True
[2022-08-13 03:24:10,791][__main__][DEBUG] - Parameter model.decoder.block.5.layer.0.SelfAttention.v.weight: torch.Size([768, 768]), require_grad=True
[2022-08-13 03:24:10,791][__main__][DEBUG] - Parameter model.decoder.block.5.layer.0.SelfAttention.o.weight: torch.Size([768, 768]), require_grad=True
[2022-08-13 03:24:10,792][__main__][DEBUG] - Parameter model.decoder.block.5.layer.0.layer_norm.weight: torch.Size([768]), require_grad=True
[2022-08-13 03:24:10,792][__main__][DEBUG] - Parameter model.decoder.block.5.layer.1.EncDecAttention.q.weight: torch.Size([768, 768]), require_grad=True
[2022-08-13 03:24:10,792][__main__][DEBUG] - Parameter model.decoder.block.5.layer.1.EncDecAttention.k.weight: torch.Size([768, 768]), require_grad=True
[2022-08-13 03:24:10,792][__main__][DEBUG] - Parameter model.decoder.block.5.layer.1.EncDecAttention.v.weight: torch.Size([768, 768]), require_grad=True
[2022-08-13 03:24:10,792][__main__][DEBUG] - Parameter model.decoder.block.5.layer.1.EncDecAttention.o.weight: torch.Size([768, 768]), require_grad=True
[2022-08-13 03:24:10,792][__main__][DEBUG] - Parameter model.decoder.block.5.layer.1.layer_norm.weight: torch.Size([768]), require_grad=True
[2022-08-13 03:24:10,792][__main__][DEBUG] - Parameter model.decoder.block.5.layer.2.DenseReluDense.wi.weight: torch.Size([3072, 768]), require_grad=True
[2022-08-13 03:24:10,792][__main__][DEBUG] - Parameter model.decoder.block.5.layer.2.DenseReluDense.wo.weight: torch.Size([768, 3072]), require_grad=True
[2022-08-13 03:24:10,792][__main__][DEBUG] - Parameter model.decoder.block.5.layer.2.layer_norm.weight: torch.Size([768]), require_grad=True
[2022-08-13 03:24:10,793][__main__][DEBUG] - Parameter model.decoder.block.6.layer.0.SelfAttention.q.weight: torch.Size([768, 768]), require_grad=True
[2022-08-13 03:24:10,793][__main__][DEBUG] - Parameter model.decoder.block.6.layer.0.SelfAttention.k.weight: torch.Size([768, 768]), require_grad=True
[2022-08-13 03:24:10,793][__main__][DEBUG] - Parameter model.decoder.block.6.layer.0.SelfAttention.v.weight: torch.Size([768, 768]), require_grad=True
[2022-08-13 03:24:10,793][__main__][DEBUG] - Parameter model.decoder.block.6.layer.0.SelfAttention.o.weight: torch.Size([768, 768]), require_grad=True
[2022-08-13 03:24:10,793][__main__][DEBUG] - Parameter model.decoder.block.6.layer.0.layer_norm.weight: torch.Size([768]), require_grad=True
[2022-08-13 03:24:10,793][__main__][DEBUG] - Parameter model.decoder.block.6.layer.1.EncDecAttention.q.weight: torch.Size([768, 768]), require_grad=True
[2022-08-13 03:24:10,793][__main__][DEBUG] - Parameter model.decoder.block.6.layer.1.EncDecAttention.k.weight: torch.Size([768, 768]), require_grad=True
[2022-08-13 03:24:10,793][__main__][DEBUG] - Parameter model.decoder.block.6.layer.1.EncDecAttention.v.weight: torch.Size([768, 768]), require_grad=True
[2022-08-13 03:24:10,793][__main__][DEBUG] - Parameter model.decoder.block.6.layer.1.EncDecAttention.o.weight: torch.Size([768, 768]), require_grad=True
[2022-08-13 03:24:10,794][__main__][DEBUG] - Parameter model.decoder.block.6.layer.1.layer_norm.weight: torch.Size([768]), require_grad=True
[2022-08-13 03:24:10,794][__main__][DEBUG] - Parameter model.decoder.block.6.layer.2.DenseReluDense.wi.weight: torch.Size([3072, 768]), require_grad=True
[2022-08-13 03:24:10,794][__main__][DEBUG] - Parameter model.decoder.block.6.layer.2.DenseReluDense.wo.weight: torch.Size([768, 3072]), require_grad=True
[2022-08-13 03:24:10,794][__main__][DEBUG] - Parameter model.decoder.block.6.layer.2.layer_norm.weight: torch.Size([768]), require_grad=True
[2022-08-13 03:24:10,794][__main__][DEBUG] - Parameter model.decoder.block.7.layer.0.SelfAttention.q.weight: torch.Size([768, 768]), require_grad=True
[2022-08-13 03:24:10,794][__main__][DEBUG] - Parameter model.decoder.block.7.layer.0.SelfAttention.k.weight: torch.Size([768, 768]), require_grad=True
[2022-08-13 03:24:10,794][__main__][DEBUG] - Parameter model.decoder.block.7.layer.0.SelfAttention.v.weight: torch.Size([768, 768]), require_grad=True
[2022-08-13 03:24:10,794][__main__][DEBUG] - Parameter model.decoder.block.7.layer.0.SelfAttention.o.weight: torch.Size([768, 768]), require_grad=True
[2022-08-13 03:24:10,794][__main__][DEBUG] - Parameter model.decoder.block.7.layer.0.layer_norm.weight: torch.Size([768]), require_grad=True
[2022-08-13 03:24:10,795][__main__][DEBUG] - Parameter model.decoder.block.7.layer.1.EncDecAttention.q.weight: torch.Size([768, 768]), require_grad=True
[2022-08-13 03:24:10,795][__main__][DEBUG] - Parameter model.decoder.block.7.layer.1.EncDecAttention.k.weight: torch.Size([768, 768]), require_grad=True
[2022-08-13 03:24:10,795][__main__][DEBUG] - Parameter model.decoder.block.7.layer.1.EncDecAttention.v.weight: torch.Size([768, 768]), require_grad=True
[2022-08-13 03:24:10,795][__main__][DEBUG] - Parameter model.decoder.block.7.layer.1.EncDecAttention.o.weight: torch.Size([768, 768]), require_grad=True
[2022-08-13 03:24:10,795][__main__][DEBUG] - Parameter model.decoder.block.7.layer.1.layer_norm.weight: torch.Size([768]), require_grad=True
[2022-08-13 03:24:10,795][__main__][DEBUG] - Parameter model.decoder.block.7.layer.2.DenseReluDense.wi.weight: torch.Size([3072, 768]), require_grad=True
[2022-08-13 03:24:10,795][__main__][DEBUG] - Parameter model.decoder.block.7.layer.2.DenseReluDense.wo.weight: torch.Size([768, 3072]), require_grad=True
[2022-08-13 03:24:10,795][__main__][DEBUG] - Parameter model.decoder.block.7.layer.2.layer_norm.weight: torch.Size([768]), require_grad=True
[2022-08-13 03:24:10,795][__main__][DEBUG] - Parameter model.decoder.block.8.layer.0.SelfAttention.q.weight: torch.Size([768, 768]), require_grad=True
[2022-08-13 03:24:10,796][__main__][DEBUG] - Parameter model.decoder.block.8.layer.0.SelfAttention.k.weight: torch.Size([768, 768]), require_grad=True
[2022-08-13 03:24:10,796][__main__][DEBUG] - Parameter model.decoder.block.8.layer.0.SelfAttention.v.weight: torch.Size([768, 768]), require_grad=True
[2022-08-13 03:24:10,796][__main__][DEBUG] - Parameter model.decoder.block.8.layer.0.SelfAttention.o.weight: torch.Size([768, 768]), require_grad=True
[2022-08-13 03:24:10,796][__main__][DEBUG] - Parameter model.decoder.block.8.layer.0.layer_norm.weight: torch.Size([768]), require_grad=True
[2022-08-13 03:24:10,796][__main__][DEBUG] - Parameter model.decoder.block.8.layer.1.EncDecAttention.q.weight: torch.Size([768, 768]), require_grad=True
[2022-08-13 03:24:10,796][__main__][DEBUG] - Parameter model.decoder.block.8.layer.1.EncDecAttention.k.weight: torch.Size([768, 768]), require_grad=True
[2022-08-13 03:24:10,883][__main__][DEBUG] - Parameter model.decoder.block.8.layer.1.EncDecAttention.v.weight: torch.Size([768, 768]), require_grad=True
[2022-08-13 03:24:10,883][__main__][DEBUG] - Parameter model.decoder.block.8.layer.1.EncDecAttention.o.weight: torch.Size([768, 768]), require_grad=True
[2022-08-13 03:24:10,883][__main__][DEBUG] - Parameter model.decoder.block.8.layer.1.layer_norm.weight: torch.Size([768]), require_grad=True
[2022-08-13 03:24:10,884][__main__][DEBUG] - Parameter model.decoder.block.8.layer.2.DenseReluDense.wi.weight: torch.Size([3072, 768]), require_grad=True
[2022-08-13 03:24:10,884][__main__][DEBUG] - Parameter model.decoder.block.8.layer.2.DenseReluDense.wo.weight: torch.Size([768, 3072]), require_grad=True
[2022-08-13 03:24:10,884][__main__][DEBUG] - Parameter model.decoder.block.8.layer.2.layer_norm.weight: torch.Size([768]), require_grad=True
[2022-08-13 03:24:10,884][__main__][DEBUG] - Parameter model.decoder.block.9.layer.0.SelfAttention.q.weight: torch.Size([768, 768]), require_grad=True
[2022-08-13 03:24:10,884][__main__][DEBUG] - Parameter model.decoder.block.9.layer.0.SelfAttention.k.weight: torch.Size([768, 768]), require_grad=True
[2022-08-13 03:24:10,885][__main__][DEBUG] - Parameter model.decoder.block.9.layer.0.SelfAttention.v.weight: torch.Size([768, 768]), require_grad=True
[2022-08-13 03:24:10,885][__main__][DEBUG] - Parameter model.decoder.block.9.layer.0.SelfAttention.o.weight: torch.Size([768, 768]), require_grad=True
[2022-08-13 03:24:10,885][__main__][DEBUG] - Parameter model.decoder.block.9.layer.0.layer_norm.weight: torch.Size([768]), require_grad=True
[2022-08-13 03:24:10,885][__main__][DEBUG] - Parameter model.decoder.block.9.layer.1.EncDecAttention.q.weight: torch.Size([768, 768]), require_grad=True
[2022-08-13 03:24:10,885][__main__][DEBUG] - Parameter model.decoder.block.9.layer.1.EncDecAttention.k.weight: torch.Size([768, 768]), require_grad=True
[2022-08-13 03:24:10,885][__main__][DEBUG] - Parameter model.decoder.block.9.layer.1.EncDecAttention.v.weight: torch.Size([768, 768]), require_grad=True
[2022-08-13 03:24:10,885][__main__][DEBUG] - Parameter model.decoder.block.9.layer.1.EncDecAttention.o.weight: torch.Size([768, 768]), require_grad=True
[2022-08-13 03:24:10,886][__main__][DEBUG] - Parameter model.decoder.block.9.layer.1.layer_norm.weight: torch.Size([768]), require_grad=True
[2022-08-13 03:24:10,886][__main__][DEBUG] - Parameter model.decoder.block.9.layer.2.DenseReluDense.wi.weight: torch.Size([3072, 768]), require_grad=True
[2022-08-13 03:24:10,886][__main__][DEBUG] - Parameter model.decoder.block.9.layer.2.DenseReluDense.wo.weight: torch.Size([768, 3072]), require_grad=True
[2022-08-13 03:24:10,886][__main__][DEBUG] - Parameter model.decoder.block.9.layer.2.layer_norm.weight: torch.Size([768]), require_grad=True
[2022-08-13 03:24:10,886][__main__][DEBUG] - Parameter model.decoder.block.10.layer.0.SelfAttention.q.weight: torch.Size([768, 768]), require_grad=True
[2022-08-13 03:24:10,887][__main__][DEBUG] - Parameter model.decoder.block.10.layer.0.SelfAttention.k.weight: torch.Size([768, 768]), require_grad=True
[2022-08-13 03:24:10,887][__main__][DEBUG] - Parameter model.decoder.block.10.layer.0.SelfAttention.v.weight: torch.Size([768, 768]), require_grad=True
[2022-08-13 03:24:10,887][__main__][DEBUG] - Parameter model.decoder.block.10.layer.0.SelfAttention.o.weight: torch.Size([768, 768]), require_grad=True
[2022-08-13 03:24:10,887][__main__][DEBUG] - Parameter model.decoder.block.10.layer.0.layer_norm.weight: torch.Size([768]), require_grad=True
[2022-08-13 03:24:10,887][__main__][DEBUG] - Parameter model.decoder.block.10.layer.1.EncDecAttention.q.weight: torch.Size([768, 768]), require_grad=True
[2022-08-13 03:24:10,887][__main__][DEBUG] - Parameter model.decoder.block.10.layer.1.EncDecAttention.k.weight: torch.Size([768, 768]), require_grad=True
[2022-08-13 03:24:10,888][__main__][DEBUG] - Parameter model.decoder.block.10.layer.1.EncDecAttention.v.weight: torch.Size([768, 768]), require_grad=True
[2022-08-13 03:24:10,888][__main__][DEBUG] - Parameter model.decoder.block.10.layer.1.EncDecAttention.o.weight: torch.Size([768, 768]), require_grad=True
[2022-08-13 03:24:10,888][__main__][DEBUG] - Parameter model.decoder.block.10.layer.1.layer_norm.weight: torch.Size([768]), require_grad=True
[2022-08-13 03:24:10,888][__main__][DEBUG] - Parameter model.decoder.block.10.layer.2.DenseReluDense.wi.weight: torch.Size([3072, 768]), require_grad=True
[2022-08-13 03:24:10,888][__main__][DEBUG] - Parameter model.decoder.block.10.layer.2.DenseReluDense.wo.weight: torch.Size([768, 3072]), require_grad=True
[2022-08-13 03:24:10,888][__main__][DEBUG] - Parameter model.decoder.block.10.layer.2.layer_norm.weight: torch.Size([768]), require_grad=True
[2022-08-13 03:24:10,889][__main__][DEBUG] - Parameter model.decoder.block.11.layer.0.SelfAttention.q.weight: torch.Size([768, 768]), require_grad=True
[2022-08-13 03:24:10,889][__main__][DEBUG] - Parameter model.decoder.block.11.layer.0.SelfAttention.k.weight: torch.Size([768, 768]), require_grad=True
[2022-08-13 03:24:10,889][__main__][DEBUG] - Parameter model.decoder.block.11.layer.0.SelfAttention.v.weight: torch.Size([768, 768]), require_grad=True
[2022-08-13 03:24:10,889][__main__][DEBUG] - Parameter model.decoder.block.11.layer.0.SelfAttention.o.weight: torch.Size([768, 768]), require_grad=True
[2022-08-13 03:24:10,889][__main__][DEBUG] - Parameter model.decoder.block.11.layer.0.layer_norm.weight: torch.Size([768]), require_grad=True
[2022-08-13 03:24:10,889][__main__][DEBUG] - Parameter model.decoder.block.11.layer.1.EncDecAttention.q.weight: torch.Size([768, 768]), require_grad=True
[2022-08-13 03:24:10,889][__main__][DEBUG] - Parameter model.decoder.block.11.layer.1.EncDecAttention.k.weight: torch.Size([768, 768]), require_grad=True
[2022-08-13 03:24:10,890][__main__][DEBUG] - Parameter model.decoder.block.11.layer.1.EncDecAttention.v.weight: torch.Size([768, 768]), require_grad=True
[2022-08-13 03:24:10,890][__main__][DEBUG] - Parameter model.decoder.block.11.layer.1.EncDecAttention.o.weight: torch.Size([768, 768]), require_grad=True
[2022-08-13 03:24:10,890][__main__][DEBUG] - Parameter model.decoder.block.11.layer.1.layer_norm.weight: torch.Size([768]), require_grad=True
[2022-08-13 03:24:10,890][__main__][DEBUG] - Parameter model.decoder.block.11.layer.2.DenseReluDense.wi.weight: torch.Size([3072, 768]), require_grad=True
[2022-08-13 03:24:10,890][__main__][DEBUG] - Parameter model.decoder.block.11.layer.2.DenseReluDense.wo.weight: torch.Size([768, 3072]), require_grad=True
[2022-08-13 03:24:10,890][__main__][DEBUG] - Parameter model.decoder.block.11.layer.2.layer_norm.weight: torch.Size([768]), require_grad=True
[2022-08-13 03:24:10,891][__main__][DEBUG] - Parameter model.decoder.final_layer_norm.weight: torch.Size([768]), require_grad=True
[2022-08-13 03:24:10,894][__main__][DEBUG] - Starting training!
[2022-08-13 03:24:11,532][__main__][DEBUG] - batch 0: tensor([[ 784, 9413,  908,  ..., 6327,  908,    1],
        [ 784, 9413,  908,  ..., 6327,  908,    1],
        [ 784, 9413,  908,  ..., 6327,  908,    1],
        [ 784, 9413,  908,  ...,    0,    0,    0]], device='cuda:0') 
[2022-08-13 03:24:11,533][__main__][DEBUG] - batch 1: tensor([[1, 1, 1,  ..., 1, 1, 1],
        [1, 1, 1,  ..., 1, 1, 1],
        [1, 1, 1,  ..., 1, 1, 1],
        [1, 1, 1,  ..., 0, 0, 0]], device='cuda:0') 
[2022-08-13 03:24:11,535][__main__][DEBUG] - batch 2: tensor([[2760, 3295,    1,  ...,    0,    0,    0],
        [ 605,    1,    0,  ...,    0,    0,    0],
        [5562,    1,    0,  ...,    0,    0,    0],
        [2769,  593,    1,  ...,    0,    0,    0]], device='cuda:0') 
[2022-08-13 03:24:11,536][__main__][DEBUG] - batch 3: tensor([[1, 1, 1,  ..., 0, 0, 0],
        [1, 1, 0,  ..., 0, 0, 0],
        [1, 1, 0,  ..., 0, 0, 0],
        [1, 1, 1,  ..., 0, 0, 0]], device='cuda:0') 
[2022-08-13 03:24:11,547][__main__][DEBUG] - batch 4: tensor([[50, 50, 50,  ..., 50, 50, 50],
        [50, 50, 50,  ..., 50, 50, 50],
        [50, 50, 50,  ..., 50, 50, 50],
        [50, 50, 50,  ..., 50, 50, 50]], device='cuda:0') 
[2022-08-13 03:24:11,548][__main__][DEBUG] - batch 5: tensor([[60, 60, 60,  ..., 60, 60, 60],
        [60, 60, 60,  ..., 60, 60, 60],
        [60, 60, 60,  ..., 60, 60, 60],
        [60, 60, 60,  ..., 60, 60, 60]], device='cuda:0') 
[2022-08-13 03:24:11,549][__main__][DEBUG] - batch 6: tensor([[23],
        [ 6],
        [25],
        [ 5]], device='cuda:0') 
[2022-08-13 03:24:11,550][__main__][DEBUG] - batch 7: tensor([[7],
        [4],
        [2],
        [1]], device='cuda:0') 
[2022-08-13 03:24:11,556][__main__][DEBUG] - batch 8: tensor([[[60, 60, 60,  ..., 60, 60, 60],
         [60, 60, 60,  ..., 60, 60, 60],
         [60, 60, 60,  ..., 60, 60, 60],
         ...,
         [60, 60, 60,  ..., 60, 60, 60],
         [60, 60, 60,  ..., 60, 60, 60],
         [60, 60, 60,  ..., 60, 60, 60]],

        [[60,  4,  6,  ..., 60, 60, 60],
         [60, 60, 60,  ..., 60, 60, 60],
         [ 1, 60, 60,  ..., 60, 60, 60],
         ...,
         [60, 60, 60,  ..., 60, 60, 60],
         [60, 60, 60,  ..., 60, 60, 60],
         [60, 60, 60,  ..., 60, 60, 60]],

        [[60, 60, 60,  ..., 60, 60, 60],
         [60, 60, 60,  ..., 60, 60, 60],
         [60, 60, 60,  ..., 60, 60, 60],
         ...,
         [60, 60, 60,  ..., 60, 60, 60],
         [60, 60, 60,  ..., 60, 60, 60],
         [60, 60, 60,  ..., 60, 60, 60]],

        [[60, 60, 60,  ..., 60, 60, 60],
         [60, 60, 60,  ..., 60, 60, 60],
         [60, 60, 60,  ..., 60, 60, 60],
         ...,
         [60, 60, 60,  ..., 60, 60, 60],
         [60, 60, 60,  ..., 60, 60, 60],
         [60, 60, 60,  ..., 60, 60, 60]]], device='cuda:0') 
[2022-08-13 03:29:22,683][__main__][DEBUG] - epoch is 0
[2022-08-13 03:29:22,685][__main__][DEBUG] - validation loss is tensor(4.3610, device='cuda:0')
[2022-08-13 03:34:38,267][__main__][DEBUG] - early stop
