[2022-07-23 09:14:14,204][transformers.tokenization_utils_base][INFO] - Model name 'pretrain_model/jointgt_bart' not found in model shortcut name list (facebook/bart-base, facebook/bart-large, facebook/bart-large-mnli, facebook/bart-large-cnn, facebook/bart-large-xsum, yjernite/bart_eli5). Assuming 'pretrain_model/jointgt_bart' is a path, a model identifier, or url to a directory containing tokenizer files.
[2022-07-23 09:14:14,206][transformers.tokenization_utils_base][INFO] - Didn't find file pretrain_model/jointgt_bart/added_tokens.json. We won't load it.
[2022-07-23 09:14:14,206][transformers.tokenization_utils_base][INFO] - Didn't find file pretrain_model/jointgt_bart/special_tokens_map.json. We won't load it.
[2022-07-23 09:14:14,207][transformers.tokenization_utils_base][INFO] - Didn't find file pretrain_model/jointgt_bart/tokenizer_config.json. We won't load it.
[2022-07-23 09:14:14,207][transformers.tokenization_utils_base][INFO] - Didn't find file pretrain_model/jointgt_bart/tokenizer.json. We won't load it.
[2022-07-23 09:14:14,207][transformers.tokenization_utils_base][INFO] - loading file pretrain_model/jointgt_bart/vocab.json
[2022-07-23 09:14:14,207][transformers.tokenization_utils_base][INFO] - loading file pretrain_model/jointgt_bart/merges.txt
[2022-07-23 09:14:14,208][transformers.tokenization_utils_base][INFO] - loading file None
[2022-07-23 09:14:14,208][transformers.tokenization_utils_base][INFO] - loading file None
[2022-07-23 09:14:14,208][transformers.tokenization_utils_base][INFO] - loading file None
[2022-07-23 09:14:14,208][transformers.tokenization_utils_base][INFO] - loading file None
[2022-07-23 09:14:34,460][transformers.configuration_utils][INFO] - loading configuration file pretrain_model/jointgt_bart/config.json
[2022-07-23 09:14:34,461][transformers.configuration_utils][INFO] - Model config BartConfig {
  "activation_dropout": 0.1,
  "activation_function": "gelu",
  "add_bias_logits": false,
  "add_final_layer_norm": false,
  "architectures": [
    "MyBartPretrain"
  ],
  "attention_dropout": 0.1,
  "bos_token_id": 0,
  "classif_dropout": 0.0,
  "d_model": 768,
  "decoder_attention_heads": 12,
  "decoder_ffn_dim": 3072,
  "decoder_layerdrop": 0.0,
  "decoder_layers": 6,
  "decoder_start_token_id": 2,
  "dropout": 0.1,
  "early_stopping": true,
  "encoder_attention_heads": 12,
  "encoder_ffn_dim": 3072,
  "encoder_layerdrop": 0.0,
  "encoder_layers": 6,
  "eos_token_id": 2,
  "extra_pos_embeddings": 2,
  "id2label": {
    "0": "LABEL_0",
    "1": "LABEL_1",
    "2": "LABEL_2"
  },
  "init_std": 0.02,
  "is_encoder_decoder": true,
  "label2id": {
    "LABEL_0": 0,
    "LABEL_1": 1,
    "LABEL_2": 2
  },
  "max_position_embeddings": 1024,
  "model_type": "bart",
  "no_repeat_ngram_size": 3,
  "normalize_before": false,
  "normalize_embedding": true,
  "num_beams": 4,
  "num_hidden_layers": 6,
  "pad_token_id": 1,
  "scale_embedding": false,
  "static_position_embeddings": false,
  "task_specific_params": {
    "summarization": {
      "length_penalty": 1.0,
      "max_length": 128,
      "min_length": 12,
      "num_beams": 4
    },
    "summarization_cnn": {
      "length_penalty": 2.0,
      "max_length": 142,
      "min_length": 56,
      "num_beams": 4
    },
    "summarization_xsum": {
      "length_penalty": 1.0,
      "max_length": 62,
      "min_length": 11,
      "num_beams": 6
    }
  },
  "vocab_size": 50265
}

[2022-07-23 09:14:34,462][transformers.modeling_utils][INFO] - loading weights file pretrain_model/jointgt_bart/pytorch_model.bin
[2022-07-23 09:14:41,634][transformers.modeling_utils][INFO] - All model checkpoint weights were used when initializing MyBartForConditionalGeneration.

[2022-07-23 09:14:41,635][transformers.modeling_utils][INFO] - All the weights of MyBartForConditionalGeneration were initialized from the model checkpoint at pretrain_model/jointgt_bart.
If your task is similar to the task the model of the ckeckpoint was trained on, you can already use MyBartForConditionalGeneration for predictions without further training.
[2022-07-23 09:14:46,013][__main__][DEBUG] - Parameter model.model.shared.weight: torch.Size([50265, 768]), require_grad=True
[2022-07-23 09:14:46,013][__main__][DEBUG] - Parameter model.model.encoder.embed_positions.weight: torch.Size([1026, 768]), require_grad=True
[2022-07-23 09:14:46,014][__main__][DEBUG] - Parameter model.model.encoder.layers.0.self_attn.k_proj.weight: torch.Size([768, 768]), require_grad=True
[2022-07-23 09:14:46,014][__main__][DEBUG] - Parameter model.model.encoder.layers.0.self_attn.k_proj.bias: torch.Size([768]), require_grad=True
[2022-07-23 09:14:46,014][__main__][DEBUG] - Parameter model.model.encoder.layers.0.self_attn.v_proj.weight: torch.Size([768, 768]), require_grad=True
[2022-07-23 09:14:46,014][__main__][DEBUG] - Parameter model.model.encoder.layers.0.self_attn.v_proj.bias: torch.Size([768]), require_grad=True
[2022-07-23 09:14:46,014][__main__][DEBUG] - Parameter model.model.encoder.layers.0.self_attn.q_proj.weight: torch.Size([768, 768]), require_grad=True
[2022-07-23 09:14:46,015][__main__][DEBUG] - Parameter model.model.encoder.layers.0.self_attn.q_proj.bias: torch.Size([768]), require_grad=True
[2022-07-23 09:14:46,015][__main__][DEBUG] - Parameter model.model.encoder.layers.0.self_attn.out_proj.weight: torch.Size([768, 768]), require_grad=True
[2022-07-23 09:14:46,015][__main__][DEBUG] - Parameter model.model.encoder.layers.0.self_attn.out_proj.bias: torch.Size([768]), require_grad=True
[2022-07-23 09:14:46,015][__main__][DEBUG] - Parameter model.model.encoder.layers.0.self_struc_attn.k_proj.weight: torch.Size([768, 768]), require_grad=True
[2022-07-23 09:14:46,015][__main__][DEBUG] - Parameter model.model.encoder.layers.0.self_struc_attn.k_proj.bias: torch.Size([768]), require_grad=True
[2022-07-23 09:14:46,016][__main__][DEBUG] - Parameter model.model.encoder.layers.0.self_struc_attn.v_proj.weight: torch.Size([768, 768]), require_grad=True
[2022-07-23 09:14:46,016][__main__][DEBUG] - Parameter model.model.encoder.layers.0.self_struc_attn.v_proj.bias: torch.Size([768]), require_grad=True
[2022-07-23 09:14:46,016][__main__][DEBUG] - Parameter model.model.encoder.layers.0.self_struc_attn.q_proj.weight: torch.Size([768, 768]), require_grad=True
[2022-07-23 09:14:46,016][__main__][DEBUG] - Parameter model.model.encoder.layers.0.self_struc_attn.q_proj.bias: torch.Size([768]), require_grad=True
[2022-07-23 09:14:46,016][__main__][DEBUG] - Parameter model.model.encoder.layers.0.self_struc_attn.rel_v_proj.weight: torch.Size([768, 768]), require_grad=True
[2022-07-23 09:14:46,017][__main__][DEBUG] - Parameter model.model.encoder.layers.0.self_struc_attn.rel_v_proj.bias: torch.Size([768]), require_grad=True
[2022-07-23 09:14:46,017][__main__][DEBUG] - Parameter model.model.encoder.layers.0.self_struc_attn.rel_k_proj.weight: torch.Size([768, 768]), require_grad=True
[2022-07-23 09:14:46,017][__main__][DEBUG] - Parameter model.model.encoder.layers.0.self_struc_attn.rel_k_proj.bias: torch.Size([768]), require_grad=True
[2022-07-23 09:14:46,017][__main__][DEBUG] - Parameter model.model.encoder.layers.0.self_struc_attn.out_proj.weight: torch.Size([768, 768]), require_grad=True
[2022-07-23 09:14:46,017][__main__][DEBUG] - Parameter model.model.encoder.layers.0.self_struc_attn.out_proj.bias: torch.Size([768]), require_grad=True
[2022-07-23 09:14:46,018][__main__][DEBUG] - Parameter model.model.encoder.layers.0.self_attn_layer_norm.weight: torch.Size([768]), require_grad=True
[2022-07-23 09:14:46,018][__main__][DEBUG] - Parameter model.model.encoder.layers.0.self_attn_layer_norm.bias: torch.Size([768]), require_grad=True
[2022-07-23 09:14:46,018][__main__][DEBUG] - Parameter model.model.encoder.layers.0.fc1.weight: torch.Size([3072, 768]), require_grad=True
[2022-07-23 09:14:46,018][__main__][DEBUG] - Parameter model.model.encoder.layers.0.fc1.bias: torch.Size([3072]), require_grad=True
[2022-07-23 09:14:46,018][__main__][DEBUG] - Parameter model.model.encoder.layers.0.fc2.weight: torch.Size([768, 3072]), require_grad=True
[2022-07-23 09:14:46,019][__main__][DEBUG] - Parameter model.model.encoder.layers.0.fc2.bias: torch.Size([768]), require_grad=True
[2022-07-23 09:14:46,019][__main__][DEBUG] - Parameter model.model.encoder.layers.0.final_layer_norm.weight: torch.Size([768]), require_grad=True
[2022-07-23 09:14:46,019][__main__][DEBUG] - Parameter model.model.encoder.layers.0.final_layer_norm.bias: torch.Size([768]), require_grad=True
[2022-07-23 09:14:46,019][__main__][DEBUG] - Parameter model.model.encoder.layers.1.self_attn.k_proj.weight: torch.Size([768, 768]), require_grad=True
[2022-07-23 09:14:46,019][__main__][DEBUG] - Parameter model.model.encoder.layers.1.self_attn.k_proj.bias: torch.Size([768]), require_grad=True
[2022-07-23 09:14:46,020][__main__][DEBUG] - Parameter model.model.encoder.layers.1.self_attn.v_proj.weight: torch.Size([768, 768]), require_grad=True
[2022-07-23 09:14:46,020][__main__][DEBUG] - Parameter model.model.encoder.layers.1.self_attn.v_proj.bias: torch.Size([768]), require_grad=True
[2022-07-23 09:14:46,020][__main__][DEBUG] - Parameter model.model.encoder.layers.1.self_attn.q_proj.weight: torch.Size([768, 768]), require_grad=True
[2022-07-23 09:14:46,020][__main__][DEBUG] - Parameter model.model.encoder.layers.1.self_attn.q_proj.bias: torch.Size([768]), require_grad=True
[2022-07-23 09:14:46,020][__main__][DEBUG] - Parameter model.model.encoder.layers.1.self_attn.out_proj.weight: torch.Size([768, 768]), require_grad=True
[2022-07-23 09:14:46,021][__main__][DEBUG] - Parameter model.model.encoder.layers.1.self_attn.out_proj.bias: torch.Size([768]), require_grad=True
[2022-07-23 09:14:46,021][__main__][DEBUG] - Parameter model.model.encoder.layers.1.self_struc_attn.k_proj.weight: torch.Size([768, 768]), require_grad=True
[2022-07-23 09:14:46,021][__main__][DEBUG] - Parameter model.model.encoder.layers.1.self_struc_attn.k_proj.bias: torch.Size([768]), require_grad=True
[2022-07-23 09:14:46,021][__main__][DEBUG] - Parameter model.model.encoder.layers.1.self_struc_attn.v_proj.weight: torch.Size([768, 768]), require_grad=True
[2022-07-23 09:14:46,021][__main__][DEBUG] - Parameter model.model.encoder.layers.1.self_struc_attn.v_proj.bias: torch.Size([768]), require_grad=True
[2022-07-23 09:14:46,021][__main__][DEBUG] - Parameter model.model.encoder.layers.1.self_struc_attn.q_proj.weight: torch.Size([768, 768]), require_grad=True
[2022-07-23 09:14:46,021][__main__][DEBUG] - Parameter model.model.encoder.layers.1.self_struc_attn.q_proj.bias: torch.Size([768]), require_grad=True
[2022-07-23 09:14:46,022][__main__][DEBUG] - Parameter model.model.encoder.layers.1.self_struc_attn.rel_v_proj.weight: torch.Size([768, 768]), require_grad=True
[2022-07-23 09:14:46,022][__main__][DEBUG] - Parameter model.model.encoder.layers.1.self_struc_attn.rel_v_proj.bias: torch.Size([768]), require_grad=True
[2022-07-23 09:14:46,022][__main__][DEBUG] - Parameter model.model.encoder.layers.1.self_struc_attn.rel_k_proj.weight: torch.Size([768, 768]), require_grad=True
[2022-07-23 09:14:46,022][__main__][DEBUG] - Parameter model.model.encoder.layers.1.self_struc_attn.rel_k_proj.bias: torch.Size([768]), require_grad=True
[2022-07-23 09:14:46,022][__main__][DEBUG] - Parameter model.model.encoder.layers.1.self_struc_attn.out_proj.weight: torch.Size([768, 768]), require_grad=True
[2022-07-23 09:14:46,022][__main__][DEBUG] - Parameter model.model.encoder.layers.1.self_struc_attn.out_proj.bias: torch.Size([768]), require_grad=True
[2022-07-23 09:14:46,022][__main__][DEBUG] - Parameter model.model.encoder.layers.1.self_attn_layer_norm.weight: torch.Size([768]), require_grad=True
[2022-07-23 09:14:46,022][__main__][DEBUG] - Parameter model.model.encoder.layers.1.self_attn_layer_norm.bias: torch.Size([768]), require_grad=True
[2022-07-23 09:14:46,022][__main__][DEBUG] - Parameter model.model.encoder.layers.1.fc1.weight: torch.Size([3072, 768]), require_grad=True
[2022-07-23 09:14:46,022][__main__][DEBUG] - Parameter model.model.encoder.layers.1.fc1.bias: torch.Size([3072]), require_grad=True
[2022-07-23 09:14:46,023][__main__][DEBUG] - Parameter model.model.encoder.layers.1.fc2.weight: torch.Size([768, 3072]), require_grad=True
[2022-07-23 09:14:46,023][__main__][DEBUG] - Parameter model.model.encoder.layers.1.fc2.bias: torch.Size([768]), require_grad=True
[2022-07-23 09:14:46,023][__main__][DEBUG] - Parameter model.model.encoder.layers.1.final_layer_norm.weight: torch.Size([768]), require_grad=True
[2022-07-23 09:14:46,023][__main__][DEBUG] - Parameter model.model.encoder.layers.1.final_layer_norm.bias: torch.Size([768]), require_grad=True
[2022-07-23 09:14:46,023][__main__][DEBUG] - Parameter model.model.encoder.layers.2.self_attn.k_proj.weight: torch.Size([768, 768]), require_grad=True
[2022-07-23 09:14:46,023][__main__][DEBUG] - Parameter model.model.encoder.layers.2.self_attn.k_proj.bias: torch.Size([768]), require_grad=True
[2022-07-23 09:14:46,023][__main__][DEBUG] - Parameter model.model.encoder.layers.2.self_attn.v_proj.weight: torch.Size([768, 768]), require_grad=True
[2022-07-23 09:14:46,023][__main__][DEBUG] - Parameter model.model.encoder.layers.2.self_attn.v_proj.bias: torch.Size([768]), require_grad=True
[2022-07-23 09:14:46,023][__main__][DEBUG] - Parameter model.model.encoder.layers.2.self_attn.q_proj.weight: torch.Size([768, 768]), require_grad=True
[2022-07-23 09:14:46,023][__main__][DEBUG] - Parameter model.model.encoder.layers.2.self_attn.q_proj.bias: torch.Size([768]), require_grad=True
[2022-07-23 09:14:46,024][__main__][DEBUG] - Parameter model.model.encoder.layers.2.self_attn.out_proj.weight: torch.Size([768, 768]), require_grad=True
[2022-07-23 09:14:46,024][__main__][DEBUG] - Parameter model.model.encoder.layers.2.self_attn.out_proj.bias: torch.Size([768]), require_grad=True
[2022-07-23 09:14:46,024][__main__][DEBUG] - Parameter model.model.encoder.layers.2.self_struc_attn.k_proj.weight: torch.Size([768, 768]), require_grad=True
[2022-07-23 09:14:46,024][__main__][DEBUG] - Parameter model.model.encoder.layers.2.self_struc_attn.k_proj.bias: torch.Size([768]), require_grad=True
[2022-07-23 09:14:46,024][__main__][DEBUG] - Parameter model.model.encoder.layers.2.self_struc_attn.v_proj.weight: torch.Size([768, 768]), require_grad=True
[2022-07-23 09:14:46,024][__main__][DEBUG] - Parameter model.model.encoder.layers.2.self_struc_attn.v_proj.bias: torch.Size([768]), require_grad=True
[2022-07-23 09:14:46,024][__main__][DEBUG] - Parameter model.model.encoder.layers.2.self_struc_attn.q_proj.weight: torch.Size([768, 768]), require_grad=True
[2022-07-23 09:14:46,024][__main__][DEBUG] - Parameter model.model.encoder.layers.2.self_struc_attn.q_proj.bias: torch.Size([768]), require_grad=True
[2022-07-23 09:14:46,024][__main__][DEBUG] - Parameter model.model.encoder.layers.2.self_struc_attn.rel_v_proj.weight: torch.Size([768, 768]), require_grad=True
[2022-07-23 09:14:46,024][__main__][DEBUG] - Parameter model.model.encoder.layers.2.self_struc_attn.rel_v_proj.bias: torch.Size([768]), require_grad=True
[2022-07-23 09:14:46,025][__main__][DEBUG] - Parameter model.model.encoder.layers.2.self_struc_attn.rel_k_proj.weight: torch.Size([768, 768]), require_grad=True
[2022-07-23 09:14:46,025][__main__][DEBUG] - Parameter model.model.encoder.layers.2.self_struc_attn.rel_k_proj.bias: torch.Size([768]), require_grad=True
[2022-07-23 09:14:46,025][__main__][DEBUG] - Parameter model.model.encoder.layers.2.self_struc_attn.out_proj.weight: torch.Size([768, 768]), require_grad=True
[2022-07-23 09:14:46,025][__main__][DEBUG] - Parameter model.model.encoder.layers.2.self_struc_attn.out_proj.bias: torch.Size([768]), require_grad=True
[2022-07-23 09:14:46,025][__main__][DEBUG] - Parameter model.model.encoder.layers.2.self_attn_layer_norm.weight: torch.Size([768]), require_grad=True
[2022-07-23 09:14:46,025][__main__][DEBUG] - Parameter model.model.encoder.layers.2.self_attn_layer_norm.bias: torch.Size([768]), require_grad=True
[2022-07-23 09:14:46,025][__main__][DEBUG] - Parameter model.model.encoder.layers.2.fc1.weight: torch.Size([3072, 768]), require_grad=True
[2022-07-23 09:14:46,025][__main__][DEBUG] - Parameter model.model.encoder.layers.2.fc1.bias: torch.Size([3072]), require_grad=True
[2022-07-23 09:14:46,025][__main__][DEBUG] - Parameter model.model.encoder.layers.2.fc2.weight: torch.Size([768, 3072]), require_grad=True
[2022-07-23 09:14:46,025][__main__][DEBUG] - Parameter model.model.encoder.layers.2.fc2.bias: torch.Size([768]), require_grad=True
[2022-07-23 09:14:46,026][__main__][DEBUG] - Parameter model.model.encoder.layers.2.final_layer_norm.weight: torch.Size([768]), require_grad=True
[2022-07-23 09:14:46,026][__main__][DEBUG] - Parameter model.model.encoder.layers.2.final_layer_norm.bias: torch.Size([768]), require_grad=True
[2022-07-23 09:14:46,026][__main__][DEBUG] - Parameter model.model.encoder.layers.3.self_attn.k_proj.weight: torch.Size([768, 768]), require_grad=True
[2022-07-23 09:14:46,026][__main__][DEBUG] - Parameter model.model.encoder.layers.3.self_attn.k_proj.bias: torch.Size([768]), require_grad=True
[2022-07-23 09:14:46,026][__main__][DEBUG] - Parameter model.model.encoder.layers.3.self_attn.v_proj.weight: torch.Size([768, 768]), require_grad=True
[2022-07-23 09:14:46,026][__main__][DEBUG] - Parameter model.model.encoder.layers.3.self_attn.v_proj.bias: torch.Size([768]), require_grad=True
[2022-07-23 09:14:46,026][__main__][DEBUG] - Parameter model.model.encoder.layers.3.self_attn.q_proj.weight: torch.Size([768, 768]), require_grad=True
[2022-07-23 09:14:46,026][__main__][DEBUG] - Parameter model.model.encoder.layers.3.self_attn.q_proj.bias: torch.Size([768]), require_grad=True
[2022-07-23 09:14:46,026][__main__][DEBUG] - Parameter model.model.encoder.layers.3.self_attn.out_proj.weight: torch.Size([768, 768]), require_grad=True
[2022-07-23 09:14:46,026][__main__][DEBUG] - Parameter model.model.encoder.layers.3.self_attn.out_proj.bias: torch.Size([768]), require_grad=True
[2022-07-23 09:14:46,027][__main__][DEBUG] - Parameter model.model.encoder.layers.3.self_struc_attn.k_proj.weight: torch.Size([768, 768]), require_grad=True
[2022-07-23 09:14:46,027][__main__][DEBUG] - Parameter model.model.encoder.layers.3.self_struc_attn.k_proj.bias: torch.Size([768]), require_grad=True
[2022-07-23 09:14:46,027][__main__][DEBUG] - Parameter model.model.encoder.layers.3.self_struc_attn.v_proj.weight: torch.Size([768, 768]), require_grad=True
[2022-07-23 09:14:46,027][__main__][DEBUG] - Parameter model.model.encoder.layers.3.self_struc_attn.v_proj.bias: torch.Size([768]), require_grad=True
[2022-07-23 09:14:46,027][__main__][DEBUG] - Parameter model.model.encoder.layers.3.self_struc_attn.q_proj.weight: torch.Size([768, 768]), require_grad=True
[2022-07-23 09:14:46,027][__main__][DEBUG] - Parameter model.model.encoder.layers.3.self_struc_attn.q_proj.bias: torch.Size([768]), require_grad=True
[2022-07-23 09:14:46,027][__main__][DEBUG] - Parameter model.model.encoder.layers.3.self_struc_attn.rel_v_proj.weight: torch.Size([768, 768]), require_grad=True
[2022-07-23 09:14:46,027][__main__][DEBUG] - Parameter model.model.encoder.layers.3.self_struc_attn.rel_v_proj.bias: torch.Size([768]), require_grad=True
[2022-07-23 09:14:46,027][__main__][DEBUG] - Parameter model.model.encoder.layers.3.self_struc_attn.rel_k_proj.weight: torch.Size([768, 768]), require_grad=True
[2022-07-23 09:14:46,027][__main__][DEBUG] - Parameter model.model.encoder.layers.3.self_struc_attn.rel_k_proj.bias: torch.Size([768]), require_grad=True
[2022-07-23 09:14:46,028][__main__][DEBUG] - Parameter model.model.encoder.layers.3.self_struc_attn.out_proj.weight: torch.Size([768, 768]), require_grad=True
[2022-07-23 09:14:46,028][__main__][DEBUG] - Parameter model.model.encoder.layers.3.self_struc_attn.out_proj.bias: torch.Size([768]), require_grad=True
[2022-07-23 09:14:46,028][__main__][DEBUG] - Parameter model.model.encoder.layers.3.self_attn_layer_norm.weight: torch.Size([768]), require_grad=True
[2022-07-23 09:14:46,028][__main__][DEBUG] - Parameter model.model.encoder.layers.3.self_attn_layer_norm.bias: torch.Size([768]), require_grad=True
[2022-07-23 09:14:46,028][__main__][DEBUG] - Parameter model.model.encoder.layers.3.fc1.weight: torch.Size([3072, 768]), require_grad=True
[2022-07-23 09:14:46,028][__main__][DEBUG] - Parameter model.model.encoder.layers.3.fc1.bias: torch.Size([3072]), require_grad=True
[2022-07-23 09:14:46,028][__main__][DEBUG] - Parameter model.model.encoder.layers.3.fc2.weight: torch.Size([768, 3072]), require_grad=True
[2022-07-23 09:14:46,028][__main__][DEBUG] - Parameter model.model.encoder.layers.3.fc2.bias: torch.Size([768]), require_grad=True
[2022-07-23 09:14:46,028][__main__][DEBUG] - Parameter model.model.encoder.layers.3.final_layer_norm.weight: torch.Size([768]), require_grad=True
[2022-07-23 09:14:46,028][__main__][DEBUG] - Parameter model.model.encoder.layers.3.final_layer_norm.bias: torch.Size([768]), require_grad=True
[2022-07-23 09:14:46,029][__main__][DEBUG] - Parameter model.model.encoder.layers.4.self_attn.k_proj.weight: torch.Size([768, 768]), require_grad=True
[2022-07-23 09:14:46,029][__main__][DEBUG] - Parameter model.model.encoder.layers.4.self_attn.k_proj.bias: torch.Size([768]), require_grad=True
[2022-07-23 09:14:46,029][__main__][DEBUG] - Parameter model.model.encoder.layers.4.self_attn.v_proj.weight: torch.Size([768, 768]), require_grad=True
[2022-07-23 09:14:46,029][__main__][DEBUG] - Parameter model.model.encoder.layers.4.self_attn.v_proj.bias: torch.Size([768]), require_grad=True
[2022-07-23 09:14:46,029][__main__][DEBUG] - Parameter model.model.encoder.layers.4.self_attn.q_proj.weight: torch.Size([768, 768]), require_grad=True
[2022-07-23 09:14:46,029][__main__][DEBUG] - Parameter model.model.encoder.layers.4.self_attn.q_proj.bias: torch.Size([768]), require_grad=True
[2022-07-23 09:14:46,029][__main__][DEBUG] - Parameter model.model.encoder.layers.4.self_attn.out_proj.weight: torch.Size([768, 768]), require_grad=True
[2022-07-23 09:14:46,029][__main__][DEBUG] - Parameter model.model.encoder.layers.4.self_attn.out_proj.bias: torch.Size([768]), require_grad=True
[2022-07-23 09:14:46,029][__main__][DEBUG] - Parameter model.model.encoder.layers.4.self_struc_attn.k_proj.weight: torch.Size([768, 768]), require_grad=True
[2022-07-23 09:14:46,029][__main__][DEBUG] - Parameter model.model.encoder.layers.4.self_struc_attn.k_proj.bias: torch.Size([768]), require_grad=True
[2022-07-23 09:14:46,030][__main__][DEBUG] - Parameter model.model.encoder.layers.4.self_struc_attn.v_proj.weight: torch.Size([768, 768]), require_grad=True
[2022-07-23 09:14:46,030][__main__][DEBUG] - Parameter model.model.encoder.layers.4.self_struc_attn.v_proj.bias: torch.Size([768]), require_grad=True
[2022-07-23 09:14:46,030][__main__][DEBUG] - Parameter model.model.encoder.layers.4.self_struc_attn.q_proj.weight: torch.Size([768, 768]), require_grad=True
[2022-07-23 09:14:46,030][__main__][DEBUG] - Parameter model.model.encoder.layers.4.self_struc_attn.q_proj.bias: torch.Size([768]), require_grad=True
[2022-07-23 09:14:46,030][__main__][DEBUG] - Parameter model.model.encoder.layers.4.self_struc_attn.rel_v_proj.weight: torch.Size([768, 768]), require_grad=True
[2022-07-23 09:14:46,030][__main__][DEBUG] - Parameter model.model.encoder.layers.4.self_struc_attn.rel_v_proj.bias: torch.Size([768]), require_grad=True
[2022-07-23 09:14:46,030][__main__][DEBUG] - Parameter model.model.encoder.layers.4.self_struc_attn.rel_k_proj.weight: torch.Size([768, 768]), require_grad=True
[2022-07-23 09:14:46,030][__main__][DEBUG] - Parameter model.model.encoder.layers.4.self_struc_attn.rel_k_proj.bias: torch.Size([768]), require_grad=True
[2022-07-23 09:14:46,030][__main__][DEBUG] - Parameter model.model.encoder.layers.4.self_struc_attn.out_proj.weight: torch.Size([768, 768]), require_grad=True
[2022-07-23 09:14:46,030][__main__][DEBUG] - Parameter model.model.encoder.layers.4.self_struc_attn.out_proj.bias: torch.Size([768]), require_grad=True
[2022-07-23 09:14:46,031][__main__][DEBUG] - Parameter model.model.encoder.layers.4.self_attn_layer_norm.weight: torch.Size([768]), require_grad=True
[2022-07-23 09:14:46,031][__main__][DEBUG] - Parameter model.model.encoder.layers.4.self_attn_layer_norm.bias: torch.Size([768]), require_grad=True
[2022-07-23 09:14:46,031][__main__][DEBUG] - Parameter model.model.encoder.layers.4.fc1.weight: torch.Size([3072, 768]), require_grad=True
[2022-07-23 09:14:46,031][__main__][DEBUG] - Parameter model.model.encoder.layers.4.fc1.bias: torch.Size([3072]), require_grad=True
[2022-07-23 09:14:46,031][__main__][DEBUG] - Parameter model.model.encoder.layers.4.fc2.weight: torch.Size([768, 3072]), require_grad=True
[2022-07-23 09:14:46,031][__main__][DEBUG] - Parameter model.model.encoder.layers.4.fc2.bias: torch.Size([768]), require_grad=True
[2022-07-23 09:14:46,031][__main__][DEBUG] - Parameter model.model.encoder.layers.4.final_layer_norm.weight: torch.Size([768]), require_grad=True
[2022-07-23 09:14:46,031][__main__][DEBUG] - Parameter model.model.encoder.layers.4.final_layer_norm.bias: torch.Size([768]), require_grad=True
[2022-07-23 09:14:46,031][__main__][DEBUG] - Parameter model.model.encoder.layers.5.self_attn.k_proj.weight: torch.Size([768, 768]), require_grad=True
[2022-07-23 09:14:46,031][__main__][DEBUG] - Parameter model.model.encoder.layers.5.self_attn.k_proj.bias: torch.Size([768]), require_grad=True
[2022-07-23 09:14:46,032][__main__][DEBUG] - Parameter model.model.encoder.layers.5.self_attn.v_proj.weight: torch.Size([768, 768]), require_grad=True
[2022-07-23 09:14:46,032][__main__][DEBUG] - Parameter model.model.encoder.layers.5.self_attn.v_proj.bias: torch.Size([768]), require_grad=True
[2022-07-23 09:14:46,032][__main__][DEBUG] - Parameter model.model.encoder.layers.5.self_attn.q_proj.weight: torch.Size([768, 768]), require_grad=True
[2022-07-23 09:14:46,032][__main__][DEBUG] - Parameter model.model.encoder.layers.5.self_attn.q_proj.bias: torch.Size([768]), require_grad=True
[2022-07-23 09:14:46,032][__main__][DEBUG] - Parameter model.model.encoder.layers.5.self_attn.out_proj.weight: torch.Size([768, 768]), require_grad=True
[2022-07-23 09:14:46,032][__main__][DEBUG] - Parameter model.model.encoder.layers.5.self_attn.out_proj.bias: torch.Size([768]), require_grad=True
[2022-07-23 09:14:46,032][__main__][DEBUG] - Parameter model.model.encoder.layers.5.self_struc_attn.k_proj.weight: torch.Size([768, 768]), require_grad=True
[2022-07-23 09:14:46,032][__main__][DEBUG] - Parameter model.model.encoder.layers.5.self_struc_attn.k_proj.bias: torch.Size([768]), require_grad=True
[2022-07-23 09:14:46,032][__main__][DEBUG] - Parameter model.model.encoder.layers.5.self_struc_attn.v_proj.weight: torch.Size([768, 768]), require_grad=True
[2022-07-23 09:14:46,032][__main__][DEBUG] - Parameter model.model.encoder.layers.5.self_struc_attn.v_proj.bias: torch.Size([768]), require_grad=True
[2022-07-23 09:14:46,032][__main__][DEBUG] - Parameter model.model.encoder.layers.5.self_struc_attn.q_proj.weight: torch.Size([768, 768]), require_grad=True
[2022-07-23 09:14:46,033][__main__][DEBUG] - Parameter model.model.encoder.layers.5.self_struc_attn.q_proj.bias: torch.Size([768]), require_grad=True
[2022-07-23 09:14:46,033][__main__][DEBUG] - Parameter model.model.encoder.layers.5.self_struc_attn.rel_v_proj.weight: torch.Size([768, 768]), require_grad=True
[2022-07-23 09:14:46,122][__main__][DEBUG] - Parameter model.model.encoder.layers.5.self_struc_attn.rel_v_proj.bias: torch.Size([768]), require_grad=True
[2022-07-23 09:14:46,122][__main__][DEBUG] - Parameter model.model.encoder.layers.5.self_struc_attn.rel_k_proj.weight: torch.Size([768, 768]), require_grad=True
[2022-07-23 09:14:46,122][__main__][DEBUG] - Parameter model.model.encoder.layers.5.self_struc_attn.rel_k_proj.bias: torch.Size([768]), require_grad=True
[2022-07-23 09:14:46,123][__main__][DEBUG] - Parameter model.model.encoder.layers.5.self_struc_attn.out_proj.weight: torch.Size([768, 768]), require_grad=True
[2022-07-23 09:14:46,123][__main__][DEBUG] - Parameter model.model.encoder.layers.5.self_struc_attn.out_proj.bias: torch.Size([768]), require_grad=True
[2022-07-23 09:14:46,123][__main__][DEBUG] - Parameter model.model.encoder.layers.5.self_attn_layer_norm.weight: torch.Size([768]), require_grad=True
[2022-07-23 09:14:46,123][__main__][DEBUG] - Parameter model.model.encoder.layers.5.self_attn_layer_norm.bias: torch.Size([768]), require_grad=True
[2022-07-23 09:14:46,123][__main__][DEBUG] - Parameter model.model.encoder.layers.5.fc1.weight: torch.Size([3072, 768]), require_grad=True
[2022-07-23 09:14:46,124][__main__][DEBUG] - Parameter model.model.encoder.layers.5.fc1.bias: torch.Size([3072]), require_grad=True
[2022-07-23 09:14:46,124][__main__][DEBUG] - Parameter model.model.encoder.layers.5.fc2.weight: torch.Size([768, 3072]), require_grad=True
[2022-07-23 09:14:46,124][__main__][DEBUG] - Parameter model.model.encoder.layers.5.fc2.bias: torch.Size([768]), require_grad=True
[2022-07-23 09:14:46,124][__main__][DEBUG] - Parameter model.model.encoder.layers.5.final_layer_norm.weight: torch.Size([768]), require_grad=True
[2022-07-23 09:14:46,124][__main__][DEBUG] - Parameter model.model.encoder.layers.5.final_layer_norm.bias: torch.Size([768]), require_grad=True
[2022-07-23 09:14:46,125][__main__][DEBUG] - Parameter model.model.encoder.layernorm_embedding.weight: torch.Size([768]), require_grad=True
[2022-07-23 09:14:46,125][__main__][DEBUG] - Parameter model.model.encoder.layernorm_embedding.bias: torch.Size([768]), require_grad=True
[2022-07-23 09:14:46,125][__main__][DEBUG] - Parameter model.model.decoder.embed_positions.weight: torch.Size([1026, 768]), require_grad=True
[2022-07-23 09:14:46,125][__main__][DEBUG] - Parameter model.model.decoder.layers.0.self_attn.k_proj.weight: torch.Size([768, 768]), require_grad=True
[2022-07-23 09:14:46,125][__main__][DEBUG] - Parameter model.model.decoder.layers.0.self_attn.k_proj.bias: torch.Size([768]), require_grad=True
[2022-07-23 09:14:46,126][__main__][DEBUG] - Parameter model.model.decoder.layers.0.self_attn.v_proj.weight: torch.Size([768, 768]), require_grad=True
[2022-07-23 09:14:46,126][__main__][DEBUG] - Parameter model.model.decoder.layers.0.self_attn.v_proj.bias: torch.Size([768]), require_grad=True
[2022-07-23 09:14:46,126][__main__][DEBUG] - Parameter model.model.decoder.layers.0.self_attn.q_proj.weight: torch.Size([768, 768]), require_grad=True
[2022-07-23 09:14:46,126][__main__][DEBUG] - Parameter model.model.decoder.layers.0.self_attn.q_proj.bias: torch.Size([768]), require_grad=True
[2022-07-23 09:14:46,126][__main__][DEBUG] - Parameter model.model.decoder.layers.0.self_attn.out_proj.weight: torch.Size([768, 768]), require_grad=True
[2022-07-23 09:14:46,126][__main__][DEBUG] - Parameter model.model.decoder.layers.0.self_attn.out_proj.bias: torch.Size([768]), require_grad=True
[2022-07-23 09:14:46,126][__main__][DEBUG] - Parameter model.model.decoder.layers.0.self_attn_layer_norm.weight: torch.Size([768]), require_grad=True
[2022-07-23 09:14:46,126][__main__][DEBUG] - Parameter model.model.decoder.layers.0.self_attn_layer_norm.bias: torch.Size([768]), require_grad=True
[2022-07-23 09:14:46,126][__main__][DEBUG] - Parameter model.model.decoder.layers.0.encoder_attn.k_proj.weight: torch.Size([768, 768]), require_grad=True
[2022-07-23 09:14:46,127][__main__][DEBUG] - Parameter model.model.decoder.layers.0.encoder_attn.k_proj.bias: torch.Size([768]), require_grad=True
[2022-07-23 09:14:46,127][__main__][DEBUG] - Parameter model.model.decoder.layers.0.encoder_attn.v_proj.weight: torch.Size([768, 768]), require_grad=True
[2022-07-23 09:14:46,127][__main__][DEBUG] - Parameter model.model.decoder.layers.0.encoder_attn.v_proj.bias: torch.Size([768]), require_grad=True
[2022-07-23 09:14:46,127][__main__][DEBUG] - Parameter model.model.decoder.layers.0.encoder_attn.q_proj.weight: torch.Size([768, 768]), require_grad=True
[2022-07-23 09:14:46,127][__main__][DEBUG] - Parameter model.model.decoder.layers.0.encoder_attn.q_proj.bias: torch.Size([768]), require_grad=True
[2022-07-23 09:14:46,127][__main__][DEBUG] - Parameter model.model.decoder.layers.0.encoder_attn.out_proj.weight: torch.Size([768, 768]), require_grad=True
[2022-07-23 09:14:46,127][__main__][DEBUG] - Parameter model.model.decoder.layers.0.encoder_attn.out_proj.bias: torch.Size([768]), require_grad=True
[2022-07-23 09:14:46,127][__main__][DEBUG] - Parameter model.model.decoder.layers.0.encoder_attn_layer_norm.weight: torch.Size([768]), require_grad=True
[2022-07-23 09:14:46,127][__main__][DEBUG] - Parameter model.model.decoder.layers.0.encoder_attn_layer_norm.bias: torch.Size([768]), require_grad=True
[2022-07-23 09:14:46,127][__main__][DEBUG] - Parameter model.model.decoder.layers.0.fc1.weight: torch.Size([3072, 768]), require_grad=True
[2022-07-23 09:14:46,128][__main__][DEBUG] - Parameter model.model.decoder.layers.0.fc1.bias: torch.Size([3072]), require_grad=True
[2022-07-23 09:14:46,128][__main__][DEBUG] - Parameter model.model.decoder.layers.0.fc2.weight: torch.Size([768, 3072]), require_grad=True
[2022-07-23 09:14:46,128][__main__][DEBUG] - Parameter model.model.decoder.layers.0.fc2.bias: torch.Size([768]), require_grad=True
[2022-07-23 09:14:46,128][__main__][DEBUG] - Parameter model.model.decoder.layers.0.final_layer_norm.weight: torch.Size([768]), require_grad=True
[2022-07-23 09:14:46,128][__main__][DEBUG] - Parameter model.model.decoder.layers.0.final_layer_norm.bias: torch.Size([768]), require_grad=True
[2022-07-23 09:14:46,128][__main__][DEBUG] - Parameter model.model.decoder.layers.1.self_attn.k_proj.weight: torch.Size([768, 768]), require_grad=True
[2022-07-23 09:14:46,128][__main__][DEBUG] - Parameter model.model.decoder.layers.1.self_attn.k_proj.bias: torch.Size([768]), require_grad=True
[2022-07-23 09:14:46,128][__main__][DEBUG] - Parameter model.model.decoder.layers.1.self_attn.v_proj.weight: torch.Size([768, 768]), require_grad=True
[2022-07-23 09:14:46,128][__main__][DEBUG] - Parameter model.model.decoder.layers.1.self_attn.v_proj.bias: torch.Size([768]), require_grad=True
[2022-07-23 09:14:46,128][__main__][DEBUG] - Parameter model.model.decoder.layers.1.self_attn.q_proj.weight: torch.Size([768, 768]), require_grad=True
[2022-07-23 09:14:46,129][__main__][DEBUG] - Parameter model.model.decoder.layers.1.self_attn.q_proj.bias: torch.Size([768]), require_grad=True
[2022-07-23 09:14:46,129][__main__][DEBUG] - Parameter model.model.decoder.layers.1.self_attn.out_proj.weight: torch.Size([768, 768]), require_grad=True
[2022-07-23 09:14:46,129][__main__][DEBUG] - Parameter model.model.decoder.layers.1.self_attn.out_proj.bias: torch.Size([768]), require_grad=True
[2022-07-23 09:14:46,129][__main__][DEBUG] - Parameter model.model.decoder.layers.1.self_attn_layer_norm.weight: torch.Size([768]), require_grad=True
[2022-07-23 09:14:46,129][__main__][DEBUG] - Parameter model.model.decoder.layers.1.self_attn_layer_norm.bias: torch.Size([768]), require_grad=True
[2022-07-23 09:14:46,129][__main__][DEBUG] - Parameter model.model.decoder.layers.1.encoder_attn.k_proj.weight: torch.Size([768, 768]), require_grad=True
[2022-07-23 09:14:46,129][__main__][DEBUG] - Parameter model.model.decoder.layers.1.encoder_attn.k_proj.bias: torch.Size([768]), require_grad=True
[2022-07-23 09:14:46,129][__main__][DEBUG] - Parameter model.model.decoder.layers.1.encoder_attn.v_proj.weight: torch.Size([768, 768]), require_grad=True
[2022-07-23 09:14:46,129][__main__][DEBUG] - Parameter model.model.decoder.layers.1.encoder_attn.v_proj.bias: torch.Size([768]), require_grad=True
[2022-07-23 09:14:46,129][__main__][DEBUG] - Parameter model.model.decoder.layers.1.encoder_attn.q_proj.weight: torch.Size([768, 768]), require_grad=True
[2022-07-23 09:14:46,129][__main__][DEBUG] - Parameter model.model.decoder.layers.1.encoder_attn.q_proj.bias: torch.Size([768]), require_grad=True
[2022-07-23 09:14:46,130][__main__][DEBUG] - Parameter model.model.decoder.layers.1.encoder_attn.out_proj.weight: torch.Size([768, 768]), require_grad=True
[2022-07-23 09:14:46,130][__main__][DEBUG] - Parameter model.model.decoder.layers.1.encoder_attn.out_proj.bias: torch.Size([768]), require_grad=True
[2022-07-23 09:14:46,130][__main__][DEBUG] - Parameter model.model.decoder.layers.1.encoder_attn_layer_norm.weight: torch.Size([768]), require_grad=True
[2022-07-23 09:14:46,130][__main__][DEBUG] - Parameter model.model.decoder.layers.1.encoder_attn_layer_norm.bias: torch.Size([768]), require_grad=True
[2022-07-23 09:14:46,130][__main__][DEBUG] - Parameter model.model.decoder.layers.1.fc1.weight: torch.Size([3072, 768]), require_grad=True
[2022-07-23 09:14:46,130][__main__][DEBUG] - Parameter model.model.decoder.layers.1.fc1.bias: torch.Size([3072]), require_grad=True
[2022-07-23 09:14:46,130][__main__][DEBUG] - Parameter model.model.decoder.layers.1.fc2.weight: torch.Size([768, 3072]), require_grad=True
[2022-07-23 09:14:46,130][__main__][DEBUG] - Parameter model.model.decoder.layers.1.fc2.bias: torch.Size([768]), require_grad=True
[2022-07-23 09:14:46,130][__main__][DEBUG] - Parameter model.model.decoder.layers.1.final_layer_norm.weight: torch.Size([768]), require_grad=True
[2022-07-23 09:14:46,130][__main__][DEBUG] - Parameter model.model.decoder.layers.1.final_layer_norm.bias: torch.Size([768]), require_grad=True
[2022-07-23 09:14:46,131][__main__][DEBUG] - Parameter model.model.decoder.layers.2.self_attn.k_proj.weight: torch.Size([768, 768]), require_grad=True
[2022-07-23 09:14:46,131][__main__][DEBUG] - Parameter model.model.decoder.layers.2.self_attn.k_proj.bias: torch.Size([768]), require_grad=True
[2022-07-23 09:14:46,131][__main__][DEBUG] - Parameter model.model.decoder.layers.2.self_attn.v_proj.weight: torch.Size([768, 768]), require_grad=True
[2022-07-23 09:14:46,131][__main__][DEBUG] - Parameter model.model.decoder.layers.2.self_attn.v_proj.bias: torch.Size([768]), require_grad=True
[2022-07-23 09:14:46,131][__main__][DEBUG] - Parameter model.model.decoder.layers.2.self_attn.q_proj.weight: torch.Size([768, 768]), require_grad=True
[2022-07-23 09:14:46,131][__main__][DEBUG] - Parameter model.model.decoder.layers.2.self_attn.q_proj.bias: torch.Size([768]), require_grad=True
[2022-07-23 09:14:46,131][__main__][DEBUG] - Parameter model.model.decoder.layers.2.self_attn.out_proj.weight: torch.Size([768, 768]), require_grad=True
[2022-07-23 09:14:46,131][__main__][DEBUG] - Parameter model.model.decoder.layers.2.self_attn.out_proj.bias: torch.Size([768]), require_grad=True
[2022-07-23 09:14:46,131][__main__][DEBUG] - Parameter model.model.decoder.layers.2.self_attn_layer_norm.weight: torch.Size([768]), require_grad=True
[2022-07-23 09:14:46,131][__main__][DEBUG] - Parameter model.model.decoder.layers.2.self_attn_layer_norm.bias: torch.Size([768]), require_grad=True
[2022-07-23 09:14:46,132][__main__][DEBUG] - Parameter model.model.decoder.layers.2.encoder_attn.k_proj.weight: torch.Size([768, 768]), require_grad=True
[2022-07-23 09:14:46,132][__main__][DEBUG] - Parameter model.model.decoder.layers.2.encoder_attn.k_proj.bias: torch.Size([768]), require_grad=True
[2022-07-23 09:14:46,132][__main__][DEBUG] - Parameter model.model.decoder.layers.2.encoder_attn.v_proj.weight: torch.Size([768, 768]), require_grad=True
[2022-07-23 09:14:46,132][__main__][DEBUG] - Parameter model.model.decoder.layers.2.encoder_attn.v_proj.bias: torch.Size([768]), require_grad=True
[2022-07-23 09:14:46,132][__main__][DEBUG] - Parameter model.model.decoder.layers.2.encoder_attn.q_proj.weight: torch.Size([768, 768]), require_grad=True
[2022-07-23 09:14:46,132][__main__][DEBUG] - Parameter model.model.decoder.layers.2.encoder_attn.q_proj.bias: torch.Size([768]), require_grad=True
[2022-07-23 09:14:46,132][__main__][DEBUG] - Parameter model.model.decoder.layers.2.encoder_attn.out_proj.weight: torch.Size([768, 768]), require_grad=True
[2022-07-23 09:14:46,132][__main__][DEBUG] - Parameter model.model.decoder.layers.2.encoder_attn.out_proj.bias: torch.Size([768]), require_grad=True
[2022-07-23 09:14:46,132][__main__][DEBUG] - Parameter model.model.decoder.layers.2.encoder_attn_layer_norm.weight: torch.Size([768]), require_grad=True
[2022-07-23 09:14:46,132][__main__][DEBUG] - Parameter model.model.decoder.layers.2.encoder_attn_layer_norm.bias: torch.Size([768]), require_grad=True
[2022-07-23 09:14:46,133][__main__][DEBUG] - Parameter model.model.decoder.layers.2.fc1.weight: torch.Size([3072, 768]), require_grad=True
[2022-07-23 09:14:46,133][__main__][DEBUG] - Parameter model.model.decoder.layers.2.fc1.bias: torch.Size([3072]), require_grad=True
[2022-07-23 09:14:46,133][__main__][DEBUG] - Parameter model.model.decoder.layers.2.fc2.weight: torch.Size([768, 3072]), require_grad=True
[2022-07-23 09:14:46,133][__main__][DEBUG] - Parameter model.model.decoder.layers.2.fc2.bias: torch.Size([768]), require_grad=True
[2022-07-23 09:14:46,133][__main__][DEBUG] - Parameter model.model.decoder.layers.2.final_layer_norm.weight: torch.Size([768]), require_grad=True
[2022-07-23 09:14:46,133][__main__][DEBUG] - Parameter model.model.decoder.layers.2.final_layer_norm.bias: torch.Size([768]), require_grad=True
[2022-07-23 09:14:46,133][__main__][DEBUG] - Parameter model.model.decoder.layers.3.self_attn.k_proj.weight: torch.Size([768, 768]), require_grad=True
[2022-07-23 09:14:46,133][__main__][DEBUG] - Parameter model.model.decoder.layers.3.self_attn.k_proj.bias: torch.Size([768]), require_grad=True
[2022-07-23 09:14:46,133][__main__][DEBUG] - Parameter model.model.decoder.layers.3.self_attn.v_proj.weight: torch.Size([768, 768]), require_grad=True
[2022-07-23 09:14:46,134][__main__][DEBUG] - Parameter model.model.decoder.layers.3.self_attn.v_proj.bias: torch.Size([768]), require_grad=True
[2022-07-23 09:14:46,134][__main__][DEBUG] - Parameter model.model.decoder.layers.3.self_attn.q_proj.weight: torch.Size([768, 768]), require_grad=True
[2022-07-23 09:14:46,134][__main__][DEBUG] - Parameter model.model.decoder.layers.3.self_attn.q_proj.bias: torch.Size([768]), require_grad=True
[2022-07-23 09:14:46,134][__main__][DEBUG] - Parameter model.model.decoder.layers.3.self_attn.out_proj.weight: torch.Size([768, 768]), require_grad=True
[2022-07-23 09:14:46,134][__main__][DEBUG] - Parameter model.model.decoder.layers.3.self_attn.out_proj.bias: torch.Size([768]), require_grad=True
[2022-07-23 09:14:46,134][__main__][DEBUG] - Parameter model.model.decoder.layers.3.self_attn_layer_norm.weight: torch.Size([768]), require_grad=True
[2022-07-23 09:14:46,134][__main__][DEBUG] - Parameter model.model.decoder.layers.3.self_attn_layer_norm.bias: torch.Size([768]), require_grad=True
[2022-07-23 09:14:46,134][__main__][DEBUG] - Parameter model.model.decoder.layers.3.encoder_attn.k_proj.weight: torch.Size([768, 768]), require_grad=True
[2022-07-23 09:14:46,134][__main__][DEBUG] - Parameter model.model.decoder.layers.3.encoder_attn.k_proj.bias: torch.Size([768]), require_grad=True
[2022-07-23 09:14:46,134][__main__][DEBUG] - Parameter model.model.decoder.layers.3.encoder_attn.v_proj.weight: torch.Size([768, 768]), require_grad=True
[2022-07-23 09:14:46,134][__main__][DEBUG] - Parameter model.model.decoder.layers.3.encoder_attn.v_proj.bias: torch.Size([768]), require_grad=True
[2022-07-23 09:14:46,135][__main__][DEBUG] - Parameter model.model.decoder.layers.3.encoder_attn.q_proj.weight: torch.Size([768, 768]), require_grad=True
[2022-07-23 09:14:46,135][__main__][DEBUG] - Parameter model.model.decoder.layers.3.encoder_attn.q_proj.bias: torch.Size([768]), require_grad=True
[2022-07-23 09:14:46,135][__main__][DEBUG] - Parameter model.model.decoder.layers.3.encoder_attn.out_proj.weight: torch.Size([768, 768]), require_grad=True
[2022-07-23 09:14:46,135][__main__][DEBUG] - Parameter model.model.decoder.layers.3.encoder_attn.out_proj.bias: torch.Size([768]), require_grad=True
[2022-07-23 09:14:46,135][__main__][DEBUG] - Parameter model.model.decoder.layers.3.encoder_attn_layer_norm.weight: torch.Size([768]), require_grad=True
[2022-07-23 09:14:46,135][__main__][DEBUG] - Parameter model.model.decoder.layers.3.encoder_attn_layer_norm.bias: torch.Size([768]), require_grad=True
[2022-07-23 09:14:46,135][__main__][DEBUG] - Parameter model.model.decoder.layers.3.fc1.weight: torch.Size([3072, 768]), require_grad=True
[2022-07-23 09:14:46,135][__main__][DEBUG] - Parameter model.model.decoder.layers.3.fc1.bias: torch.Size([3072]), require_grad=True
[2022-07-23 09:14:46,135][__main__][DEBUG] - Parameter model.model.decoder.layers.3.fc2.weight: torch.Size([768, 3072]), require_grad=True
[2022-07-23 09:14:46,135][__main__][DEBUG] - Parameter model.model.decoder.layers.3.fc2.bias: torch.Size([768]), require_grad=True
[2022-07-23 09:14:46,135][__main__][DEBUG] - Parameter model.model.decoder.layers.3.final_layer_norm.weight: torch.Size([768]), require_grad=True
[2022-07-23 09:14:46,136][__main__][DEBUG] - Parameter model.model.decoder.layers.3.final_layer_norm.bias: torch.Size([768]), require_grad=True
[2022-07-23 09:14:46,136][__main__][DEBUG] - Parameter model.model.decoder.layers.4.self_attn.k_proj.weight: torch.Size([768, 768]), require_grad=True
[2022-07-23 09:14:46,136][__main__][DEBUG] - Parameter model.model.decoder.layers.4.self_attn.k_proj.bias: torch.Size([768]), require_grad=True
[2022-07-23 09:14:46,136][__main__][DEBUG] - Parameter model.model.decoder.layers.4.self_attn.v_proj.weight: torch.Size([768, 768]), require_grad=True
[2022-07-23 09:14:46,136][__main__][DEBUG] - Parameter model.model.decoder.layers.4.self_attn.v_proj.bias: torch.Size([768]), require_grad=True
[2022-07-23 09:14:46,136][__main__][DEBUG] - Parameter model.model.decoder.layers.4.self_attn.q_proj.weight: torch.Size([768, 768]), require_grad=True
[2022-07-23 09:14:46,136][__main__][DEBUG] - Parameter model.model.decoder.layers.4.self_attn.q_proj.bias: torch.Size([768]), require_grad=True
[2022-07-23 09:14:46,136][__main__][DEBUG] - Parameter model.model.decoder.layers.4.self_attn.out_proj.weight: torch.Size([768, 768]), require_grad=True
[2022-07-23 09:14:46,136][__main__][DEBUG] - Parameter model.model.decoder.layers.4.self_attn.out_proj.bias: torch.Size([768]), require_grad=True
[2022-07-23 09:14:46,137][__main__][DEBUG] - Parameter model.model.decoder.layers.4.self_attn_layer_norm.weight: torch.Size([768]), require_grad=True
[2022-07-23 09:14:46,137][__main__][DEBUG] - Parameter model.model.decoder.layers.4.self_attn_layer_norm.bias: torch.Size([768]), require_grad=True
[2022-07-23 09:14:46,137][__main__][DEBUG] - Parameter model.model.decoder.layers.4.encoder_attn.k_proj.weight: torch.Size([768, 768]), require_grad=True
[2022-07-23 09:14:46,137][__main__][DEBUG] - Parameter model.model.decoder.layers.4.encoder_attn.k_proj.bias: torch.Size([768]), require_grad=True
[2022-07-23 09:14:46,137][__main__][DEBUG] - Parameter model.model.decoder.layers.4.encoder_attn.v_proj.weight: torch.Size([768, 768]), require_grad=True
[2022-07-23 09:14:46,137][__main__][DEBUG] - Parameter model.model.decoder.layers.4.encoder_attn.v_proj.bias: torch.Size([768]), require_grad=True
[2022-07-23 09:14:46,137][__main__][DEBUG] - Parameter model.model.decoder.layers.4.encoder_attn.q_proj.weight: torch.Size([768, 768]), require_grad=True
[2022-07-23 09:14:46,226][__main__][DEBUG] - Parameter model.model.decoder.layers.4.encoder_attn.q_proj.bias: torch.Size([768]), require_grad=True
[2022-07-23 09:14:46,226][__main__][DEBUG] - Parameter model.model.decoder.layers.4.encoder_attn.out_proj.weight: torch.Size([768, 768]), require_grad=True
[2022-07-23 09:14:46,227][__main__][DEBUG] - Parameter model.model.decoder.layers.4.encoder_attn.out_proj.bias: torch.Size([768]), require_grad=True
[2022-07-23 09:14:46,227][__main__][DEBUG] - Parameter model.model.decoder.layers.4.encoder_attn_layer_norm.weight: torch.Size([768]), require_grad=True
[2022-07-23 09:14:46,227][__main__][DEBUG] - Parameter model.model.decoder.layers.4.encoder_attn_layer_norm.bias: torch.Size([768]), require_grad=True
[2022-07-23 09:14:46,227][__main__][DEBUG] - Parameter model.model.decoder.layers.4.fc1.weight: torch.Size([3072, 768]), require_grad=True
[2022-07-23 09:14:46,228][__main__][DEBUG] - Parameter model.model.decoder.layers.4.fc1.bias: torch.Size([3072]), require_grad=True
[2022-07-23 09:14:46,228][__main__][DEBUG] - Parameter model.model.decoder.layers.4.fc2.weight: torch.Size([768, 3072]), require_grad=True
[2022-07-23 09:14:46,228][__main__][DEBUG] - Parameter model.model.decoder.layers.4.fc2.bias: torch.Size([768]), require_grad=True
[2022-07-23 09:14:46,228][__main__][DEBUG] - Parameter model.model.decoder.layers.4.final_layer_norm.weight: torch.Size([768]), require_grad=True
[2022-07-23 09:14:46,228][__main__][DEBUG] - Parameter model.model.decoder.layers.4.final_layer_norm.bias: torch.Size([768]), require_grad=True
[2022-07-23 09:14:46,229][__main__][DEBUG] - Parameter model.model.decoder.layers.5.self_attn.k_proj.weight: torch.Size([768, 768]), require_grad=True
[2022-07-23 09:14:46,229][__main__][DEBUG] - Parameter model.model.decoder.layers.5.self_attn.k_proj.bias: torch.Size([768]), require_grad=True
[2022-07-23 09:14:46,229][__main__][DEBUG] - Parameter model.model.decoder.layers.5.self_attn.v_proj.weight: torch.Size([768, 768]), require_grad=True
[2022-07-23 09:14:46,229][__main__][DEBUG] - Parameter model.model.decoder.layers.5.self_attn.v_proj.bias: torch.Size([768]), require_grad=True
[2022-07-23 09:14:46,229][__main__][DEBUG] - Parameter model.model.decoder.layers.5.self_attn.q_proj.weight: torch.Size([768, 768]), require_grad=True
[2022-07-23 09:14:46,230][__main__][DEBUG] - Parameter model.model.decoder.layers.5.self_attn.q_proj.bias: torch.Size([768]), require_grad=True
[2022-07-23 09:14:46,230][__main__][DEBUG] - Parameter model.model.decoder.layers.5.self_attn.out_proj.weight: torch.Size([768, 768]), require_grad=True
[2022-07-23 09:14:46,230][__main__][DEBUG] - Parameter model.model.decoder.layers.5.self_attn.out_proj.bias: torch.Size([768]), require_grad=True
[2022-07-23 09:14:46,230][__main__][DEBUG] - Parameter model.model.decoder.layers.5.self_attn_layer_norm.weight: torch.Size([768]), require_grad=True
[2022-07-23 09:14:46,230][__main__][DEBUG] - Parameter model.model.decoder.layers.5.self_attn_layer_norm.bias: torch.Size([768]), require_grad=True
[2022-07-23 09:14:46,231][__main__][DEBUG] - Parameter model.model.decoder.layers.5.encoder_attn.k_proj.weight: torch.Size([768, 768]), require_grad=True
[2022-07-23 09:14:46,231][__main__][DEBUG] - Parameter model.model.decoder.layers.5.encoder_attn.k_proj.bias: torch.Size([768]), require_grad=True
[2022-07-23 09:14:46,231][__main__][DEBUG] - Parameter model.model.decoder.layers.5.encoder_attn.v_proj.weight: torch.Size([768, 768]), require_grad=True
[2022-07-23 09:14:46,231][__main__][DEBUG] - Parameter model.model.decoder.layers.5.encoder_attn.v_proj.bias: torch.Size([768]), require_grad=True
[2022-07-23 09:14:46,231][__main__][DEBUG] - Parameter model.model.decoder.layers.5.encoder_attn.q_proj.weight: torch.Size([768, 768]), require_grad=True
[2022-07-23 09:14:46,232][__main__][DEBUG] - Parameter model.model.decoder.layers.5.encoder_attn.q_proj.bias: torch.Size([768]), require_grad=True
[2022-07-23 09:14:46,232][__main__][DEBUG] - Parameter model.model.decoder.layers.5.encoder_attn.out_proj.weight: torch.Size([768, 768]), require_grad=True
[2022-07-23 09:14:46,232][__main__][DEBUG] - Parameter model.model.decoder.layers.5.encoder_attn.out_proj.bias: torch.Size([768]), require_grad=True
[2022-07-23 09:14:46,232][__main__][DEBUG] - Parameter model.model.decoder.layers.5.encoder_attn_layer_norm.weight: torch.Size([768]), require_grad=True
[2022-07-23 09:14:46,232][__main__][DEBUG] - Parameter model.model.decoder.layers.5.encoder_attn_layer_norm.bias: torch.Size([768]), require_grad=True
[2022-07-23 09:14:46,233][__main__][DEBUG] - Parameter model.model.decoder.layers.5.fc1.weight: torch.Size([3072, 768]), require_grad=True
[2022-07-23 09:14:46,233][__main__][DEBUG] - Parameter model.model.decoder.layers.5.fc1.bias: torch.Size([3072]), require_grad=True
[2022-07-23 09:14:46,233][__main__][DEBUG] - Parameter model.model.decoder.layers.5.fc2.weight: torch.Size([768, 3072]), require_grad=True
[2022-07-23 09:14:46,233][__main__][DEBUG] - Parameter model.model.decoder.layers.5.fc2.bias: torch.Size([768]), require_grad=True
[2022-07-23 09:14:46,233][__main__][DEBUG] - Parameter model.model.decoder.layers.5.final_layer_norm.weight: torch.Size([768]), require_grad=True
[2022-07-23 09:14:46,234][__main__][DEBUG] - Parameter model.model.decoder.layers.5.final_layer_norm.bias: torch.Size([768]), require_grad=True
[2022-07-23 09:14:46,234][__main__][DEBUG] - Parameter model.model.decoder.layernorm_embedding.weight: torch.Size([768]), require_grad=True
[2022-07-23 09:14:46,234][__main__][DEBUG] - Parameter model.model.decoder.layernorm_embedding.bias: torch.Size([768]), require_grad=True
[2022-07-23 09:14:46,236][__main__][DEBUG] - Starting training!
[2022-07-23 09:14:47,145][__main__][DEBUG] - batch 0: tensor([[    0,   646, 44143,  ...,     1,     1,     1],
        [    0,   646, 44143,  ..., 29015,   742,     2],
        [    0,   646, 44143,  ..., 29015,   742,     2],
        ...,
        [    0,   646, 44143,  ..., 29015,   742,     2],
        [    0,   646, 44143,  ..., 29015,   742,     2],
        [    0,   646, 44143,  ..., 29015,   742,     2]], device='cuda:0') 
[2022-07-23 09:14:47,147][__main__][DEBUG] - batch 1: tensor([[1, 1, 1,  ..., 0, 0, 0],
        [1, 1, 1,  ..., 1, 1, 1],
        [1, 1, 1,  ..., 1, 1, 1],
        ...,
        [1, 1, 1,  ..., 1, 1, 1],
        [1, 1, 1,  ..., 1, 1, 1],
        [1, 1, 1,  ..., 1, 1, 1]], device='cuda:0') 
[2022-07-23 09:14:47,149][__main__][DEBUG] - batch 2: tensor([[   0, 5754,  516,  ...,    1,    1,    1],
        [   0, 1037,  165,  ...,    1,    1,    1],
        [   0, 2354, 4120,  ...,    1,    1,    1],
        ...,
        [   0, 1612, 1267,  ...,    1,    1,    1],
        [   0, 2354, 7076,  ...,    1,    1,    1],
        [   0,  819,  774,  ...,    1,    1,    1]], device='cuda:0') 
[2022-07-23 09:14:47,151][__main__][DEBUG] - batch 3: tensor([[1, 1, 1,  ..., 0, 0, 0],
        [1, 1, 1,  ..., 0, 0, 0],
        [1, 1, 1,  ..., 0, 0, 0],
        ...,
        [1, 1, 1,  ..., 0, 0, 0],
        [1, 1, 1,  ..., 0, 0, 0],
        [1, 1, 1,  ..., 0, 0, 0]], device='cuda:0') 
[2022-07-23 09:14:47,153][__main__][DEBUG] - batch 4: tensor([[50, 50, 50,  ..., 50, 50, 50],
        [50, 50, 50,  ..., 50, 50, 50],
        [50, 50, 50,  ..., 50, 50, 50],
        ...,
        [50, 50, 50,  ..., 50, 50, 50],
        [50, 50, 50,  ..., 50, 50, 50],
        [50, 50, 50,  ..., 50, 50, 50]], device='cuda:0') 
[2022-07-23 09:14:47,155][__main__][DEBUG] - batch 5: tensor([[60, 60, 60,  ..., 60, 60, 60],
        [60, 60, 60,  ..., 60, 60, 60],
        [60, 60, 60,  ..., 60, 60, 60],
        ...,
        [60, 60, 60,  ..., 60, 60, 60],
        [60, 60, 60,  ..., 60, 60, 60],
        [60, 60, 60,  ..., 60, 60, 60]], device='cuda:0') 
[2022-07-23 09:14:47,156][__main__][DEBUG] - batch 6: tensor([[ 7],
        [ 5],
        [11],
        [81],
        [17],
        [36],
        [61],
        [38]], device='cuda:0') 
[2022-07-23 09:14:47,157][__main__][DEBUG] - batch 7: tensor([[ 4],
        [ 5],
        [ 8],
        [ 7],
        [ 2],
        [ 3],
        [11],
        [10]], device='cuda:0') 
[2022-07-23 09:14:47,168][__main__][DEBUG] - batch 8: tensor([[[60, 60, 60,  ..., 60, 60, 60],
         [60, 60, 60,  ..., 60, 60, 60],
         [ 3,  2, 60,  ..., 60, 60, 60],
         ...,
         [60, 60, 60,  ..., 60, 60, 60],
         [60, 60, 60,  ..., 60, 60, 60],
         [60, 60, 60,  ..., 60, 60, 60]],

        [[60, 60, 60,  ..., 60, 60, 60],
         [60, 60, 60,  ..., 60, 60, 60],
         [60, 60, 60,  ..., 60, 60, 60],
         ...,
         [60, 60, 60,  ..., 60, 60, 60],
         [60, 60, 60,  ..., 60, 60, 60],
         [60, 60, 60,  ..., 60, 60, 60]],

        [[60, 60, 60,  ..., 60, 60, 60],
         [60, 60, 60,  ..., 60, 60, 60],
         [60, 60, 60,  ..., 60, 60, 60],
         ...,
         [60, 60, 60,  ..., 60, 60, 60],
         [60, 60, 60,  ..., 60, 60, 60],
         [60, 60, 60,  ..., 60, 60, 60]],

        ...,

        [[60, 60, 60,  ..., 60, 60, 60],
         [60, 60, 60,  ..., 60, 60, 60],
         [60, 60, 60,  ..., 60, 60, 60],
         ...,
         [60, 60, 60,  ..., 60, 60, 60],
         [60, 60, 60,  ..., 60, 60, 60],
         [60, 60, 60,  ..., 60, 60, 60]],

        [[60, 60, 60,  ..., 60, 60, 60],
         [60, 60, 60,  ...,  8, 60, 60],
         [60, 60, 60,  ..., 60, 60, 60],
         ...,
         [48, 60, 52,  ..., 60, 60, 15],
         [60, 60, 60,  ..., 60, 60, 60],
         [60, 60, 60,  ..., 60, 60, 60]],

        [[60, 60, 60,  ..., 60, 60, 60],
         [60, 60, 60,  ..., 60, 60, 60],
         [60, 60, 60,  ..., 60, 60, 60],
         ...,
         [60, 60, 60,  ..., 60, 60, 60],
         [60, 60, 60,  ..., 60, 60, 60],
         [60, 60, 60,  ..., 60, 60, 60]]], device='cuda:0') 
[2022-07-23 09:17:04,593][__main__][DEBUG] - epoch is 0
[2022-07-23 09:17:04,595][__main__][DEBUG] - validation loss is tensor(4.3523, device='cuda:0')
[2022-07-23 09:19:33,290][__main__][DEBUG] - early stop
