[2022-07-30 12:59:00,368][urllib3.connectionpool][DEBUG] - Starting new HTTPS connection (1): s3.amazonaws.com:443
[2022-07-30 12:59:00,476][urllib3.connectionpool][DEBUG] - https://s3.amazonaws.com:443 "HEAD /models.huggingface.co/bert/t5-spiece.model HTTP/1.1" 200 0
[2022-07-30 12:59:00,478][transformers.tokenization_utils_base][INFO] - loading file https://s3.amazonaws.com/models.huggingface.co/bert/t5-spiece.model from cache at /root/.cache/torch/transformers/68f1b8dbca4350743bb54b8c4169fd38cbabaad564f85a9239337a8d0342af9f.9995af32582a1a7062cb3173c118cb7b4636fa03feb967340f20fc37406f021f
[2022-07-30 12:59:18,066][urllib3.connectionpool][DEBUG] - Starting new HTTPS connection (1): s3.amazonaws.com:443
[2022-07-30 12:59:18,191][urllib3.connectionpool][DEBUG] - https://s3.amazonaws.com:443 "HEAD /models.huggingface.co/bert/t5-base-config.json HTTP/1.1" 200 0
[2022-07-30 12:59:18,194][transformers.configuration_utils][INFO] - loading configuration file https://s3.amazonaws.com/models.huggingface.co/bert/t5-base-config.json from cache at /root/.cache/torch/transformers/40578967d1f029acb6162b36db9d8b4307063e885990ccd297c2c5be1cf1b3d7.2995d650f5eba18c8baa4146e210d32d56165e90d374281741fc78b872cd6c9b
[2022-07-30 12:59:18,194][transformers.configuration_utils][INFO] - Model config T5Config {
  "architectures": [
    "T5WithLMHeadModel"
  ],
  "d_ff": 3072,
  "d_kv": 64,
  "d_model": 768,
  "decoder_start_token_id": 0,
  "dropout_rate": 0.1,
  "eos_token_id": 1,
  "initializer_factor": 1.0,
  "is_encoder_decoder": true,
  "layer_norm_epsilon": 1e-06,
  "model_type": "t5",
  "n_positions": 512,
  "num_heads": 12,
  "num_layers": 12,
  "output_past": true,
  "pad_token_id": 0,
  "relative_attention_num_buckets": 32,
  "task_specific_params": {
    "summarization": {
      "early_stopping": true,
      "length_penalty": 2.0,
      "max_length": 200,
      "min_length": 30,
      "no_repeat_ngram_size": 3,
      "num_beams": 4,
      "prefix": "summarize: "
    },
    "translation_en_to_de": {
      "early_stopping": true,
      "max_length": 300,
      "num_beams": 4,
      "prefix": "translate English to German: "
    },
    "translation_en_to_fr": {
      "early_stopping": true,
      "max_length": 300,
      "num_beams": 4,
      "prefix": "translate English to French: "
    },
    "translation_en_to_ro": {
      "early_stopping": true,
      "max_length": 300,
      "num_beams": 4,
      "prefix": "translate English to Romanian: "
    }
  },
  "vocab_size": 32128
}

[2022-07-30 12:59:18,197][urllib3.connectionpool][DEBUG] - Starting new HTTPS connection (1): cdn.huggingface.co:443
[2022-07-30 12:59:18,559][urllib3.connectionpool][DEBUG] - https://cdn.huggingface.co:443 "HEAD /t5-base-pytorch_model.bin HTTP/1.1" 200 0
[2022-07-30 12:59:18,561][transformers.modeling_utils][INFO] - loading weights file https://cdn.huggingface.co/t5-base-pytorch_model.bin from cache at /root/.cache/torch/transformers/f6f2fde9fa7611f4eff74620de9cbe734e7a717b5b143bd283cae4c2d6022990.54f906ff53bd09195cfc183a29cadc81b7705f07fcdb796d24163cb632b6bdfa
[2022-07-30 12:59:25,234][transformers.modeling_utils][INFO] - All model checkpoint weights were used when initializing T5ForConditionalGeneration.

[2022-07-30 12:59:25,234][transformers.modeling_utils][WARNING] - Some weights of T5ForConditionalGeneration were not initialized from the model checkpoint at t5-base and are newly initialized: ['encoder.embed_tokens.weight', 'decoder.embed_tokens.weight', 'lm_head.weight']
You should probably TRAIN this model on a down-stream task to be able to use it for predictions and inference.
[2022-07-30 12:59:29,148][__main__][DEBUG] - Parameter model.shared.weight: torch.Size([32128, 768]), require_grad=True
[2022-07-30 12:59:29,149][__main__][DEBUG] - Parameter model.encoder.block.0.layer.0.SelfAttention.q.weight: torch.Size([768, 768]), require_grad=True
[2022-07-30 12:59:29,149][__main__][DEBUG] - Parameter model.encoder.block.0.layer.0.SelfAttention.k.weight: torch.Size([768, 768]), require_grad=True
[2022-07-30 12:59:29,149][__main__][DEBUG] - Parameter model.encoder.block.0.layer.0.SelfAttention.v.weight: torch.Size([768, 768]), require_grad=True
[2022-07-30 12:59:29,149][__main__][DEBUG] - Parameter model.encoder.block.0.layer.0.SelfAttention.o.weight: torch.Size([768, 768]), require_grad=True
[2022-07-30 12:59:29,149][__main__][DEBUG] - Parameter model.encoder.block.0.layer.0.SelfAttention.relative_attention_bias.weight: torch.Size([32, 12]), require_grad=True
[2022-07-30 12:59:29,150][__main__][DEBUG] - Parameter model.encoder.block.0.layer.0.layer_norm.weight: torch.Size([768]), require_grad=True
[2022-07-30 12:59:29,150][__main__][DEBUG] - Parameter model.encoder.block.0.layer.1.DenseReluDense.wi.weight: torch.Size([3072, 768]), require_grad=True
[2022-07-30 12:59:29,150][__main__][DEBUG] - Parameter model.encoder.block.0.layer.1.DenseReluDense.wo.weight: torch.Size([768, 3072]), require_grad=True
[2022-07-30 12:59:29,150][__main__][DEBUG] - Parameter model.encoder.block.0.layer.1.layer_norm.weight: torch.Size([768]), require_grad=True
[2022-07-30 12:59:29,150][__main__][DEBUG] - Parameter model.encoder.block.1.layer.0.SelfAttention.q.weight: torch.Size([768, 768]), require_grad=True
[2022-07-30 12:59:29,151][__main__][DEBUG] - Parameter model.encoder.block.1.layer.0.SelfAttention.k.weight: torch.Size([768, 768]), require_grad=True
[2022-07-30 12:59:29,151][__main__][DEBUG] - Parameter model.encoder.block.1.layer.0.SelfAttention.v.weight: torch.Size([768, 768]), require_grad=True
[2022-07-30 12:59:29,151][__main__][DEBUG] - Parameter model.encoder.block.1.layer.0.SelfAttention.o.weight: torch.Size([768, 768]), require_grad=True
[2022-07-30 12:59:29,151][__main__][DEBUG] - Parameter model.encoder.block.1.layer.0.layer_norm.weight: torch.Size([768]), require_grad=True
[2022-07-30 12:59:29,152][__main__][DEBUG] - Parameter model.encoder.block.1.layer.1.DenseReluDense.wi.weight: torch.Size([3072, 768]), require_grad=True
[2022-07-30 12:59:29,152][__main__][DEBUG] - Parameter model.encoder.block.1.layer.1.DenseReluDense.wo.weight: torch.Size([768, 3072]), require_grad=True
[2022-07-30 12:59:29,152][__main__][DEBUG] - Parameter model.encoder.block.1.layer.1.layer_norm.weight: torch.Size([768]), require_grad=True
[2022-07-30 12:59:29,152][__main__][DEBUG] - Parameter model.encoder.block.2.layer.0.SelfAttention.q.weight: torch.Size([768, 768]), require_grad=True
[2022-07-30 12:59:29,152][__main__][DEBUG] - Parameter model.encoder.block.2.layer.0.SelfAttention.k.weight: torch.Size([768, 768]), require_grad=True
[2022-07-30 12:59:29,152][__main__][DEBUG] - Parameter model.encoder.block.2.layer.0.SelfAttention.v.weight: torch.Size([768, 768]), require_grad=True
[2022-07-30 12:59:29,153][__main__][DEBUG] - Parameter model.encoder.block.2.layer.0.SelfAttention.o.weight: torch.Size([768, 768]), require_grad=True
[2022-07-30 12:59:29,153][__main__][DEBUG] - Parameter model.encoder.block.2.layer.0.layer_norm.weight: torch.Size([768]), require_grad=True
[2022-07-30 12:59:29,153][__main__][DEBUG] - Parameter model.encoder.block.2.layer.1.DenseReluDense.wi.weight: torch.Size([3072, 768]), require_grad=True
[2022-07-30 12:59:29,153][__main__][DEBUG] - Parameter model.encoder.block.2.layer.1.DenseReluDense.wo.weight: torch.Size([768, 3072]), require_grad=True
[2022-07-30 12:59:29,153][__main__][DEBUG] - Parameter model.encoder.block.2.layer.1.layer_norm.weight: torch.Size([768]), require_grad=True
[2022-07-30 12:59:29,153][__main__][DEBUG] - Parameter model.encoder.block.3.layer.0.SelfAttention.q.weight: torch.Size([768, 768]), require_grad=True
[2022-07-30 12:59:29,154][__main__][DEBUG] - Parameter model.encoder.block.3.layer.0.SelfAttention.k.weight: torch.Size([768, 768]), require_grad=True
[2022-07-30 12:59:29,154][__main__][DEBUG] - Parameter model.encoder.block.3.layer.0.SelfAttention.v.weight: torch.Size([768, 768]), require_grad=True
[2022-07-30 12:59:29,154][__main__][DEBUG] - Parameter model.encoder.block.3.layer.0.SelfAttention.o.weight: torch.Size([768, 768]), require_grad=True
[2022-07-30 12:59:29,154][__main__][DEBUG] - Parameter model.encoder.block.3.layer.0.layer_norm.weight: torch.Size([768]), require_grad=True
[2022-07-30 12:59:29,154][__main__][DEBUG] - Parameter model.encoder.block.3.layer.1.DenseReluDense.wi.weight: torch.Size([3072, 768]), require_grad=True
[2022-07-30 12:59:29,155][__main__][DEBUG] - Parameter model.encoder.block.3.layer.1.DenseReluDense.wo.weight: torch.Size([768, 3072]), require_grad=True
[2022-07-30 12:59:29,155][__main__][DEBUG] - Parameter model.encoder.block.3.layer.1.layer_norm.weight: torch.Size([768]), require_grad=True
[2022-07-30 12:59:29,155][__main__][DEBUG] - Parameter model.encoder.block.4.layer.0.SelfAttention.q.weight: torch.Size([768, 768]), require_grad=True
[2022-07-30 12:59:29,155][__main__][DEBUG] - Parameter model.encoder.block.4.layer.0.SelfAttention.k.weight: torch.Size([768, 768]), require_grad=True
[2022-07-30 12:59:29,155][__main__][DEBUG] - Parameter model.encoder.block.4.layer.0.SelfAttention.v.weight: torch.Size([768, 768]), require_grad=True
[2022-07-30 12:59:29,155][__main__][DEBUG] - Parameter model.encoder.block.4.layer.0.SelfAttention.o.weight: torch.Size([768, 768]), require_grad=True
[2022-07-30 12:59:29,156][__main__][DEBUG] - Parameter model.encoder.block.4.layer.0.layer_norm.weight: torch.Size([768]), require_grad=True
[2022-07-30 12:59:29,156][__main__][DEBUG] - Parameter model.encoder.block.4.layer.1.DenseReluDense.wi.weight: torch.Size([3072, 768]), require_grad=True
[2022-07-30 12:59:29,156][__main__][DEBUG] - Parameter model.encoder.block.4.layer.1.DenseReluDense.wo.weight: torch.Size([768, 3072]), require_grad=True
[2022-07-30 12:59:29,156][__main__][DEBUG] - Parameter model.encoder.block.4.layer.1.layer_norm.weight: torch.Size([768]), require_grad=True
[2022-07-30 12:59:29,156][__main__][DEBUG] - Parameter model.encoder.block.5.layer.0.SelfAttention.q.weight: torch.Size([768, 768]), require_grad=True
[2022-07-30 12:59:29,157][__main__][DEBUG] - Parameter model.encoder.block.5.layer.0.SelfAttention.k.weight: torch.Size([768, 768]), require_grad=True
[2022-07-30 12:59:29,157][__main__][DEBUG] - Parameter model.encoder.block.5.layer.0.SelfAttention.v.weight: torch.Size([768, 768]), require_grad=True
[2022-07-30 12:59:29,157][__main__][DEBUG] - Parameter model.encoder.block.5.layer.0.SelfAttention.o.weight: torch.Size([768, 768]), require_grad=True
[2022-07-30 12:59:29,157][__main__][DEBUG] - Parameter model.encoder.block.5.layer.0.layer_norm.weight: torch.Size([768]), require_grad=True
[2022-07-30 12:59:29,157][__main__][DEBUG] - Parameter model.encoder.block.5.layer.1.DenseReluDense.wi.weight: torch.Size([3072, 768]), require_grad=True
[2022-07-30 12:59:29,157][__main__][DEBUG] - Parameter model.encoder.block.5.layer.1.DenseReluDense.wo.weight: torch.Size([768, 3072]), require_grad=True
[2022-07-30 12:59:29,158][__main__][DEBUG] - Parameter model.encoder.block.5.layer.1.layer_norm.weight: torch.Size([768]), require_grad=True
[2022-07-30 12:59:29,158][__main__][DEBUG] - Parameter model.encoder.block.6.layer.0.SelfAttention.q.weight: torch.Size([768, 768]), require_grad=True
[2022-07-30 12:59:29,158][__main__][DEBUG] - Parameter model.encoder.block.6.layer.0.SelfAttention.k.weight: torch.Size([768, 768]), require_grad=True
[2022-07-30 12:59:29,158][__main__][DEBUG] - Parameter model.encoder.block.6.layer.0.SelfAttention.v.weight: torch.Size([768, 768]), require_grad=True
[2022-07-30 12:59:29,158][__main__][DEBUG] - Parameter model.encoder.block.6.layer.0.SelfAttention.o.weight: torch.Size([768, 768]), require_grad=True
[2022-07-30 12:59:29,159][__main__][DEBUG] - Parameter model.encoder.block.6.layer.0.layer_norm.weight: torch.Size([768]), require_grad=True
[2022-07-30 12:59:29,159][__main__][DEBUG] - Parameter model.encoder.block.6.layer.1.DenseReluDense.wi.weight: torch.Size([3072, 768]), require_grad=True
[2022-07-30 12:59:29,159][__main__][DEBUG] - Parameter model.encoder.block.6.layer.1.DenseReluDense.wo.weight: torch.Size([768, 3072]), require_grad=True
[2022-07-30 12:59:29,159][__main__][DEBUG] - Parameter model.encoder.block.6.layer.1.layer_norm.weight: torch.Size([768]), require_grad=True
[2022-07-30 12:59:29,159][__main__][DEBUG] - Parameter model.encoder.block.7.layer.0.SelfAttention.q.weight: torch.Size([768, 768]), require_grad=True
[2022-07-30 12:59:29,160][__main__][DEBUG] - Parameter model.encoder.block.7.layer.0.SelfAttention.k.weight: torch.Size([768, 768]), require_grad=True
[2022-07-30 12:59:29,160][__main__][DEBUG] - Parameter model.encoder.block.7.layer.0.SelfAttention.v.weight: torch.Size([768, 768]), require_grad=True
[2022-07-30 12:59:29,160][__main__][DEBUG] - Parameter model.encoder.block.7.layer.0.SelfAttention.o.weight: torch.Size([768, 768]), require_grad=True
[2022-07-30 12:59:29,160][__main__][DEBUG] - Parameter model.encoder.block.7.layer.0.layer_norm.weight: torch.Size([768]), require_grad=True
[2022-07-30 12:59:29,160][__main__][DEBUG] - Parameter model.encoder.block.7.layer.1.DenseReluDense.wi.weight: torch.Size([3072, 768]), require_grad=True
[2022-07-30 12:59:29,160][__main__][DEBUG] - Parameter model.encoder.block.7.layer.1.DenseReluDense.wo.weight: torch.Size([768, 3072]), require_grad=True
[2022-07-30 12:59:29,161][__main__][DEBUG] - Parameter model.encoder.block.7.layer.1.layer_norm.weight: torch.Size([768]), require_grad=True
[2022-07-30 12:59:29,161][__main__][DEBUG] - Parameter model.encoder.block.8.layer.0.SelfAttention.q.weight: torch.Size([768, 768]), require_grad=True
[2022-07-30 12:59:29,161][__main__][DEBUG] - Parameter model.encoder.block.8.layer.0.SelfAttention.k.weight: torch.Size([768, 768]), require_grad=True
[2022-07-30 12:59:29,161][__main__][DEBUG] - Parameter model.encoder.block.8.layer.0.SelfAttention.v.weight: torch.Size([768, 768]), require_grad=True
[2022-07-30 12:59:29,161][__main__][DEBUG] - Parameter model.encoder.block.8.layer.0.SelfAttention.o.weight: torch.Size([768, 768]), require_grad=True
[2022-07-30 12:59:29,162][__main__][DEBUG] - Parameter model.encoder.block.8.layer.0.layer_norm.weight: torch.Size([768]), require_grad=True
[2022-07-30 12:59:29,162][__main__][DEBUG] - Parameter model.encoder.block.8.layer.1.DenseReluDense.wi.weight: torch.Size([3072, 768]), require_grad=True
[2022-07-30 12:59:29,162][__main__][DEBUG] - Parameter model.encoder.block.8.layer.1.DenseReluDense.wo.weight: torch.Size([768, 3072]), require_grad=True
[2022-07-30 12:59:29,162][__main__][DEBUG] - Parameter model.encoder.block.8.layer.1.layer_norm.weight: torch.Size([768]), require_grad=True
[2022-07-30 12:59:29,162][__main__][DEBUG] - Parameter model.encoder.block.9.layer.0.SelfAttention.q.weight: torch.Size([768, 768]), require_grad=True
[2022-07-30 12:59:29,162][__main__][DEBUG] - Parameter model.encoder.block.9.layer.0.SelfAttention.k.weight: torch.Size([768, 768]), require_grad=True
[2022-07-30 12:59:29,163][__main__][DEBUG] - Parameter model.encoder.block.9.layer.0.SelfAttention.v.weight: torch.Size([768, 768]), require_grad=True
[2022-07-30 12:59:29,163][__main__][DEBUG] - Parameter model.encoder.block.9.layer.0.SelfAttention.o.weight: torch.Size([768, 768]), require_grad=True
[2022-07-30 12:59:29,163][__main__][DEBUG] - Parameter model.encoder.block.9.layer.0.layer_norm.weight: torch.Size([768]), require_grad=True
[2022-07-30 12:59:29,163][__main__][DEBUG] - Parameter model.encoder.block.9.layer.1.DenseReluDense.wi.weight: torch.Size([3072, 768]), require_grad=True
[2022-07-30 12:59:29,163][__main__][DEBUG] - Parameter model.encoder.block.9.layer.1.DenseReluDense.wo.weight: torch.Size([768, 3072]), require_grad=True
[2022-07-30 12:59:29,163][__main__][DEBUG] - Parameter model.encoder.block.9.layer.1.layer_norm.weight: torch.Size([768]), require_grad=True
[2022-07-30 12:59:29,164][__main__][DEBUG] - Parameter model.encoder.block.10.layer.0.SelfAttention.q.weight: torch.Size([768, 768]), require_grad=True
[2022-07-30 12:59:29,164][__main__][DEBUG] - Parameter model.encoder.block.10.layer.0.SelfAttention.k.weight: torch.Size([768, 768]), require_grad=True
[2022-07-30 12:59:29,164][__main__][DEBUG] - Parameter model.encoder.block.10.layer.0.SelfAttention.v.weight: torch.Size([768, 768]), require_grad=True
[2022-07-30 12:59:29,164][__main__][DEBUG] - Parameter model.encoder.block.10.layer.0.SelfAttention.o.weight: torch.Size([768, 768]), require_grad=True
[2022-07-30 12:59:29,164][__main__][DEBUG] - Parameter model.encoder.block.10.layer.0.layer_norm.weight: torch.Size([768]), require_grad=True
[2022-07-30 12:59:29,165][__main__][DEBUG] - Parameter model.encoder.block.10.layer.1.DenseReluDense.wi.weight: torch.Size([3072, 768]), require_grad=True
[2022-07-30 12:59:29,165][__main__][DEBUG] - Parameter model.encoder.block.10.layer.1.DenseReluDense.wo.weight: torch.Size([768, 3072]), require_grad=True
[2022-07-30 12:59:29,165][__main__][DEBUG] - Parameter model.encoder.block.10.layer.1.layer_norm.weight: torch.Size([768]), require_grad=True
[2022-07-30 12:59:29,165][__main__][DEBUG] - Parameter model.encoder.block.11.layer.0.SelfAttention.q.weight: torch.Size([768, 768]), require_grad=True
[2022-07-30 12:59:29,165][__main__][DEBUG] - Parameter model.encoder.block.11.layer.0.SelfAttention.k.weight: torch.Size([768, 768]), require_grad=True
[2022-07-30 12:59:29,166][__main__][DEBUG] - Parameter model.encoder.block.11.layer.0.SelfAttention.v.weight: torch.Size([768, 768]), require_grad=True
[2022-07-30 12:59:29,166][__main__][DEBUG] - Parameter model.encoder.block.11.layer.0.SelfAttention.o.weight: torch.Size([768, 768]), require_grad=True
[2022-07-30 12:59:29,166][__main__][DEBUG] - Parameter model.encoder.block.11.layer.0.layer_norm.weight: torch.Size([768]), require_grad=True
[2022-07-30 12:59:29,166][__main__][DEBUG] - Parameter model.encoder.block.11.layer.1.DenseReluDense.wi.weight: torch.Size([3072, 768]), require_grad=True
[2022-07-30 12:59:29,166][__main__][DEBUG] - Parameter model.encoder.block.11.layer.1.DenseReluDense.wo.weight: torch.Size([768, 3072]), require_grad=True
[2022-07-30 12:59:29,166][__main__][DEBUG] - Parameter model.encoder.block.11.layer.1.layer_norm.weight: torch.Size([768]), require_grad=True
[2022-07-30 12:59:29,167][__main__][DEBUG] - Parameter model.encoder.final_layer_norm.weight: torch.Size([768]), require_grad=True
[2022-07-30 12:59:29,167][__main__][DEBUG] - Parameter model.decoder.block.0.layer.0.SelfAttention.q.weight: torch.Size([768, 768]), require_grad=True
[2022-07-30 12:59:29,167][__main__][DEBUG] - Parameter model.decoder.block.0.layer.0.SelfAttention.k.weight: torch.Size([768, 768]), require_grad=True
[2022-07-30 12:59:29,167][__main__][DEBUG] - Parameter model.decoder.block.0.layer.0.SelfAttention.v.weight: torch.Size([768, 768]), require_grad=True
[2022-07-30 12:59:29,167][__main__][DEBUG] - Parameter model.decoder.block.0.layer.0.SelfAttention.o.weight: torch.Size([768, 768]), require_grad=True
[2022-07-30 12:59:29,167][__main__][DEBUG] - Parameter model.decoder.block.0.layer.0.SelfAttention.relative_attention_bias.weight: torch.Size([32, 12]), require_grad=True
[2022-07-30 12:59:29,168][__main__][DEBUG] - Parameter model.decoder.block.0.layer.0.layer_norm.weight: torch.Size([768]), require_grad=True
[2022-07-30 12:59:29,168][__main__][DEBUG] - Parameter model.decoder.block.0.layer.1.EncDecAttention.q.weight: torch.Size([768, 768]), require_grad=True
[2022-07-30 12:59:29,168][__main__][DEBUG] - Parameter model.decoder.block.0.layer.1.EncDecAttention.k.weight: torch.Size([768, 768]), require_grad=True
[2022-07-30 12:59:29,168][__main__][DEBUG] - Parameter model.decoder.block.0.layer.1.EncDecAttention.v.weight: torch.Size([768, 768]), require_grad=True
[2022-07-30 12:59:29,168][__main__][DEBUG] - Parameter model.decoder.block.0.layer.1.EncDecAttention.o.weight: torch.Size([768, 768]), require_grad=True
[2022-07-30 12:59:29,168][__main__][DEBUG] - Parameter model.decoder.block.0.layer.1.EncDecAttention.relative_attention_bias.weight: torch.Size([32, 12]), require_grad=True
[2022-07-30 12:59:29,169][__main__][DEBUG] - Parameter model.decoder.block.0.layer.1.layer_norm.weight: torch.Size([768]), require_grad=True
[2022-07-30 12:59:29,169][__main__][DEBUG] - Parameter model.decoder.block.0.layer.2.DenseReluDense.wi.weight: torch.Size([3072, 768]), require_grad=True
[2022-07-30 12:59:29,169][__main__][DEBUG] - Parameter model.decoder.block.0.layer.2.DenseReluDense.wo.weight: torch.Size([768, 3072]), require_grad=True
[2022-07-30 12:59:29,169][__main__][DEBUG] - Parameter model.decoder.block.0.layer.2.layer_norm.weight: torch.Size([768]), require_grad=True
[2022-07-30 12:59:29,169][__main__][DEBUG] - Parameter model.decoder.block.1.layer.0.SelfAttention.q.weight: torch.Size([768, 768]), require_grad=True
[2022-07-30 12:59:29,170][__main__][DEBUG] - Parameter model.decoder.block.1.layer.0.SelfAttention.k.weight: torch.Size([768, 768]), require_grad=True
[2022-07-30 12:59:29,170][__main__][DEBUG] - Parameter model.decoder.block.1.layer.0.SelfAttention.v.weight: torch.Size([768, 768]), require_grad=True
[2022-07-30 12:59:29,170][__main__][DEBUG] - Parameter model.decoder.block.1.layer.0.SelfAttention.o.weight: torch.Size([768, 768]), require_grad=True
[2022-07-30 12:59:29,170][__main__][DEBUG] - Parameter model.decoder.block.1.layer.0.layer_norm.weight: torch.Size([768]), require_grad=True
[2022-07-30 12:59:29,170][__main__][DEBUG] - Parameter model.decoder.block.1.layer.1.EncDecAttention.q.weight: torch.Size([768, 768]), require_grad=True
[2022-07-30 12:59:29,240][__main__][DEBUG] - Parameter model.decoder.block.1.layer.1.EncDecAttention.k.weight: torch.Size([768, 768]), require_grad=True
[2022-07-30 12:59:29,240][__main__][DEBUG] - Parameter model.decoder.block.1.layer.1.EncDecAttention.v.weight: torch.Size([768, 768]), require_grad=True
[2022-07-30 12:59:29,240][__main__][DEBUG] - Parameter model.decoder.block.1.layer.1.EncDecAttention.o.weight: torch.Size([768, 768]), require_grad=True
[2022-07-30 12:59:29,240][__main__][DEBUG] - Parameter model.decoder.block.1.layer.1.layer_norm.weight: torch.Size([768]), require_grad=True
[2022-07-30 12:59:29,241][__main__][DEBUG] - Parameter model.decoder.block.1.layer.2.DenseReluDense.wi.weight: torch.Size([3072, 768]), require_grad=True
[2022-07-30 12:59:29,241][__main__][DEBUG] - Parameter model.decoder.block.1.layer.2.DenseReluDense.wo.weight: torch.Size([768, 3072]), require_grad=True
[2022-07-30 12:59:29,241][__main__][DEBUG] - Parameter model.decoder.block.1.layer.2.layer_norm.weight: torch.Size([768]), require_grad=True
[2022-07-30 12:59:29,242][__main__][DEBUG] - Parameter model.decoder.block.2.layer.0.SelfAttention.q.weight: torch.Size([768, 768]), require_grad=True
[2022-07-30 12:59:29,242][__main__][DEBUG] - Parameter model.decoder.block.2.layer.0.SelfAttention.k.weight: torch.Size([768, 768]), require_grad=True
[2022-07-30 12:59:29,242][__main__][DEBUG] - Parameter model.decoder.block.2.layer.0.SelfAttention.v.weight: torch.Size([768, 768]), require_grad=True
[2022-07-30 12:59:29,242][__main__][DEBUG] - Parameter model.decoder.block.2.layer.0.SelfAttention.o.weight: torch.Size([768, 768]), require_grad=True
[2022-07-30 12:59:29,243][__main__][DEBUG] - Parameter model.decoder.block.2.layer.0.layer_norm.weight: torch.Size([768]), require_grad=True
[2022-07-30 12:59:29,243][__main__][DEBUG] - Parameter model.decoder.block.2.layer.1.EncDecAttention.q.weight: torch.Size([768, 768]), require_grad=True
[2022-07-30 12:59:29,243][__main__][DEBUG] - Parameter model.decoder.block.2.layer.1.EncDecAttention.k.weight: torch.Size([768, 768]), require_grad=True
[2022-07-30 12:59:29,243][__main__][DEBUG] - Parameter model.decoder.block.2.layer.1.EncDecAttention.v.weight: torch.Size([768, 768]), require_grad=True
[2022-07-30 12:59:29,244][__main__][DEBUG] - Parameter model.decoder.block.2.layer.1.EncDecAttention.o.weight: torch.Size([768, 768]), require_grad=True
[2022-07-30 12:59:29,244][__main__][DEBUG] - Parameter model.decoder.block.2.layer.1.layer_norm.weight: torch.Size([768]), require_grad=True
[2022-07-30 12:59:29,244][__main__][DEBUG] - Parameter model.decoder.block.2.layer.2.DenseReluDense.wi.weight: torch.Size([3072, 768]), require_grad=True
[2022-07-30 12:59:29,245][__main__][DEBUG] - Parameter model.decoder.block.2.layer.2.DenseReluDense.wo.weight: torch.Size([768, 3072]), require_grad=True
[2022-07-30 12:59:29,245][__main__][DEBUG] - Parameter model.decoder.block.2.layer.2.layer_norm.weight: torch.Size([768]), require_grad=True
[2022-07-30 12:59:29,245][__main__][DEBUG] - Parameter model.decoder.block.3.layer.0.SelfAttention.q.weight: torch.Size([768, 768]), require_grad=True
[2022-07-30 12:59:29,245][__main__][DEBUG] - Parameter model.decoder.block.3.layer.0.SelfAttention.k.weight: torch.Size([768, 768]), require_grad=True
[2022-07-30 12:59:29,246][__main__][DEBUG] - Parameter model.decoder.block.3.layer.0.SelfAttention.v.weight: torch.Size([768, 768]), require_grad=True
[2022-07-30 12:59:29,246][__main__][DEBUG] - Parameter model.decoder.block.3.layer.0.SelfAttention.o.weight: torch.Size([768, 768]), require_grad=True
[2022-07-30 12:59:29,246][__main__][DEBUG] - Parameter model.decoder.block.3.layer.0.layer_norm.weight: torch.Size([768]), require_grad=True
[2022-07-30 12:59:29,246][__main__][DEBUG] - Parameter model.decoder.block.3.layer.1.EncDecAttention.q.weight: torch.Size([768, 768]), require_grad=True
[2022-07-30 12:59:29,247][__main__][DEBUG] - Parameter model.decoder.block.3.layer.1.EncDecAttention.k.weight: torch.Size([768, 768]), require_grad=True
[2022-07-30 12:59:29,247][__main__][DEBUG] - Parameter model.decoder.block.3.layer.1.EncDecAttention.v.weight: torch.Size([768, 768]), require_grad=True
[2022-07-30 12:59:29,247][__main__][DEBUG] - Parameter model.decoder.block.3.layer.1.EncDecAttention.o.weight: torch.Size([768, 768]), require_grad=True
[2022-07-30 12:59:29,247][__main__][DEBUG] - Parameter model.decoder.block.3.layer.1.layer_norm.weight: torch.Size([768]), require_grad=True
[2022-07-30 12:59:29,248][__main__][DEBUG] - Parameter model.decoder.block.3.layer.2.DenseReluDense.wi.weight: torch.Size([3072, 768]), require_grad=True
[2022-07-30 12:59:29,248][__main__][DEBUG] - Parameter model.decoder.block.3.layer.2.DenseReluDense.wo.weight: torch.Size([768, 3072]), require_grad=True
[2022-07-30 12:59:29,248][__main__][DEBUG] - Parameter model.decoder.block.3.layer.2.layer_norm.weight: torch.Size([768]), require_grad=True
[2022-07-30 12:59:29,248][__main__][DEBUG] - Parameter model.decoder.block.4.layer.0.SelfAttention.q.weight: torch.Size([768, 768]), require_grad=True
[2022-07-30 12:59:29,249][__main__][DEBUG] - Parameter model.decoder.block.4.layer.0.SelfAttention.k.weight: torch.Size([768, 768]), require_grad=True
[2022-07-30 12:59:29,249][__main__][DEBUG] - Parameter model.decoder.block.4.layer.0.SelfAttention.v.weight: torch.Size([768, 768]), require_grad=True
[2022-07-30 12:59:29,249][__main__][DEBUG] - Parameter model.decoder.block.4.layer.0.SelfAttention.o.weight: torch.Size([768, 768]), require_grad=True
[2022-07-30 12:59:29,249][__main__][DEBUG] - Parameter model.decoder.block.4.layer.0.layer_norm.weight: torch.Size([768]), require_grad=True
[2022-07-30 12:59:29,250][__main__][DEBUG] - Parameter model.decoder.block.4.layer.1.EncDecAttention.q.weight: torch.Size([768, 768]), require_grad=True
[2022-07-30 12:59:29,250][__main__][DEBUG] - Parameter model.decoder.block.4.layer.1.EncDecAttention.k.weight: torch.Size([768, 768]), require_grad=True
[2022-07-30 12:59:29,250][__main__][DEBUG] - Parameter model.decoder.block.4.layer.1.EncDecAttention.v.weight: torch.Size([768, 768]), require_grad=True
[2022-07-30 12:59:29,251][__main__][DEBUG] - Parameter model.decoder.block.4.layer.1.EncDecAttention.o.weight: torch.Size([768, 768]), require_grad=True
[2022-07-30 12:59:29,251][__main__][DEBUG] - Parameter model.decoder.block.4.layer.1.layer_norm.weight: torch.Size([768]), require_grad=True
[2022-07-30 12:59:29,251][__main__][DEBUG] - Parameter model.decoder.block.4.layer.2.DenseReluDense.wi.weight: torch.Size([3072, 768]), require_grad=True
[2022-07-30 12:59:29,251][__main__][DEBUG] - Parameter model.decoder.block.4.layer.2.DenseReluDense.wo.weight: torch.Size([768, 3072]), require_grad=True
[2022-07-30 12:59:29,252][__main__][DEBUG] - Parameter model.decoder.block.4.layer.2.layer_norm.weight: torch.Size([768]), require_grad=True
[2022-07-30 12:59:29,252][__main__][DEBUG] - Parameter model.decoder.block.5.layer.0.SelfAttention.q.weight: torch.Size([768, 768]), require_grad=True
[2022-07-30 12:59:29,252][__main__][DEBUG] - Parameter model.decoder.block.5.layer.0.SelfAttention.k.weight: torch.Size([768, 768]), require_grad=True
[2022-07-30 12:59:29,252][__main__][DEBUG] - Parameter model.decoder.block.5.layer.0.SelfAttention.v.weight: torch.Size([768, 768]), require_grad=True
[2022-07-30 12:59:29,253][__main__][DEBUG] - Parameter model.decoder.block.5.layer.0.SelfAttention.o.weight: torch.Size([768, 768]), require_grad=True
[2022-07-30 12:59:29,253][__main__][DEBUG] - Parameter model.decoder.block.5.layer.0.layer_norm.weight: torch.Size([768]), require_grad=True
[2022-07-30 12:59:29,253][__main__][DEBUG] - Parameter model.decoder.block.5.layer.1.EncDecAttention.q.weight: torch.Size([768, 768]), require_grad=True
[2022-07-30 12:59:29,253][__main__][DEBUG] - Parameter model.decoder.block.5.layer.1.EncDecAttention.k.weight: torch.Size([768, 768]), require_grad=True
[2022-07-30 12:59:29,254][__main__][DEBUG] - Parameter model.decoder.block.5.layer.1.EncDecAttention.v.weight: torch.Size([768, 768]), require_grad=True
[2022-07-30 12:59:29,254][__main__][DEBUG] - Parameter model.decoder.block.5.layer.1.EncDecAttention.o.weight: torch.Size([768, 768]), require_grad=True
[2022-07-30 12:59:29,254][__main__][DEBUG] - Parameter model.decoder.block.5.layer.1.layer_norm.weight: torch.Size([768]), require_grad=True
[2022-07-30 12:59:29,254][__main__][DEBUG] - Parameter model.decoder.block.5.layer.2.DenseReluDense.wi.weight: torch.Size([3072, 768]), require_grad=True
[2022-07-30 12:59:29,255][__main__][DEBUG] - Parameter model.decoder.block.5.layer.2.DenseReluDense.wo.weight: torch.Size([768, 3072]), require_grad=True
[2022-07-30 12:59:29,255][__main__][DEBUG] - Parameter model.decoder.block.5.layer.2.layer_norm.weight: torch.Size([768]), require_grad=True
[2022-07-30 12:59:29,255][__main__][DEBUG] - Parameter model.decoder.block.6.layer.0.SelfAttention.q.weight: torch.Size([768, 768]), require_grad=True
[2022-07-30 12:59:29,255][__main__][DEBUG] - Parameter model.decoder.block.6.layer.0.SelfAttention.k.weight: torch.Size([768, 768]), require_grad=True
[2022-07-30 12:59:29,256][__main__][DEBUG] - Parameter model.decoder.block.6.layer.0.SelfAttention.v.weight: torch.Size([768, 768]), require_grad=True
[2022-07-30 12:59:29,256][__main__][DEBUG] - Parameter model.decoder.block.6.layer.0.SelfAttention.o.weight: torch.Size([768, 768]), require_grad=True
[2022-07-30 12:59:29,256][__main__][DEBUG] - Parameter model.decoder.block.6.layer.0.layer_norm.weight: torch.Size([768]), require_grad=True
[2022-07-30 12:59:29,256][__main__][DEBUG] - Parameter model.decoder.block.6.layer.1.EncDecAttention.q.weight: torch.Size([768, 768]), require_grad=True
[2022-07-30 12:59:29,257][__main__][DEBUG] - Parameter model.decoder.block.6.layer.1.EncDecAttention.k.weight: torch.Size([768, 768]), require_grad=True
[2022-07-30 12:59:29,257][__main__][DEBUG] - Parameter model.decoder.block.6.layer.1.EncDecAttention.v.weight: torch.Size([768, 768]), require_grad=True
[2022-07-30 12:59:29,257][__main__][DEBUG] - Parameter model.decoder.block.6.layer.1.EncDecAttention.o.weight: torch.Size([768, 768]), require_grad=True
[2022-07-30 12:59:29,257][__main__][DEBUG] - Parameter model.decoder.block.6.layer.1.layer_norm.weight: torch.Size([768]), require_grad=True
[2022-07-30 12:59:29,258][__main__][DEBUG] - Parameter model.decoder.block.6.layer.2.DenseReluDense.wi.weight: torch.Size([3072, 768]), require_grad=True
[2022-07-30 12:59:29,258][__main__][DEBUG] - Parameter model.decoder.block.6.layer.2.DenseReluDense.wo.weight: torch.Size([768, 3072]), require_grad=True
[2022-07-30 12:59:29,258][__main__][DEBUG] - Parameter model.decoder.block.6.layer.2.layer_norm.weight: torch.Size([768]), require_grad=True
[2022-07-30 12:59:29,258][__main__][DEBUG] - Parameter model.decoder.block.7.layer.0.SelfAttention.q.weight: torch.Size([768, 768]), require_grad=True
[2022-07-30 12:59:29,259][__main__][DEBUG] - Parameter model.decoder.block.7.layer.0.SelfAttention.k.weight: torch.Size([768, 768]), require_grad=True
[2022-07-30 12:59:29,259][__main__][DEBUG] - Parameter model.decoder.block.7.layer.0.SelfAttention.v.weight: torch.Size([768, 768]), require_grad=True
[2022-07-30 12:59:29,259][__main__][DEBUG] - Parameter model.decoder.block.7.layer.0.SelfAttention.o.weight: torch.Size([768, 768]), require_grad=True
[2022-07-30 12:59:29,260][__main__][DEBUG] - Parameter model.decoder.block.7.layer.0.layer_norm.weight: torch.Size([768]), require_grad=True
[2022-07-30 12:59:29,260][__main__][DEBUG] - Parameter model.decoder.block.7.layer.1.EncDecAttention.q.weight: torch.Size([768, 768]), require_grad=True
[2022-07-30 12:59:29,260][__main__][DEBUG] - Parameter model.decoder.block.7.layer.1.EncDecAttention.k.weight: torch.Size([768, 768]), require_grad=True
[2022-07-30 12:59:29,261][__main__][DEBUG] - Parameter model.decoder.block.7.layer.1.EncDecAttention.v.weight: torch.Size([768, 768]), require_grad=True
[2022-07-30 12:59:29,261][__main__][DEBUG] - Parameter model.decoder.block.7.layer.1.EncDecAttention.o.weight: torch.Size([768, 768]), require_grad=True
[2022-07-30 12:59:29,261][__main__][DEBUG] - Parameter model.decoder.block.7.layer.1.layer_norm.weight: torch.Size([768]), require_grad=True
[2022-07-30 12:59:29,261][__main__][DEBUG] - Parameter model.decoder.block.7.layer.2.DenseReluDense.wi.weight: torch.Size([3072, 768]), require_grad=True
[2022-07-30 12:59:29,262][__main__][DEBUG] - Parameter model.decoder.block.7.layer.2.DenseReluDense.wo.weight: torch.Size([768, 3072]), require_grad=True
[2022-07-30 12:59:29,262][__main__][DEBUG] - Parameter model.decoder.block.7.layer.2.layer_norm.weight: torch.Size([768]), require_grad=True
[2022-07-30 12:59:29,262][__main__][DEBUG] - Parameter model.decoder.block.8.layer.0.SelfAttention.q.weight: torch.Size([768, 768]), require_grad=True
[2022-07-30 12:59:29,262][__main__][DEBUG] - Parameter model.decoder.block.8.layer.0.SelfAttention.k.weight: torch.Size([768, 768]), require_grad=True
[2022-07-30 12:59:29,263][__main__][DEBUG] - Parameter model.decoder.block.8.layer.0.SelfAttention.v.weight: torch.Size([768, 768]), require_grad=True
[2022-07-30 12:59:29,263][__main__][DEBUG] - Parameter model.decoder.block.8.layer.0.SelfAttention.o.weight: torch.Size([768, 768]), require_grad=True
[2022-07-30 12:59:29,263][__main__][DEBUG] - Parameter model.decoder.block.8.layer.0.layer_norm.weight: torch.Size([768]), require_grad=True
[2022-07-30 12:59:29,263][__main__][DEBUG] - Parameter model.decoder.block.8.layer.1.EncDecAttention.q.weight: torch.Size([768, 768]), require_grad=True
[2022-07-30 12:59:29,264][__main__][DEBUG] - Parameter model.decoder.block.8.layer.1.EncDecAttention.k.weight: torch.Size([768, 768]), require_grad=True
[2022-07-30 12:59:29,264][__main__][DEBUG] - Parameter model.decoder.block.8.layer.1.EncDecAttention.v.weight: torch.Size([768, 768]), require_grad=True
[2022-07-30 12:59:29,264][__main__][DEBUG] - Parameter model.decoder.block.8.layer.1.EncDecAttention.o.weight: torch.Size([768, 768]), require_grad=True
[2022-07-30 12:59:29,264][__main__][DEBUG] - Parameter model.decoder.block.8.layer.1.layer_norm.weight: torch.Size([768]), require_grad=True
[2022-07-30 12:59:29,265][__main__][DEBUG] - Parameter model.decoder.block.8.layer.2.DenseReluDense.wi.weight: torch.Size([3072, 768]), require_grad=True
[2022-07-30 12:59:29,265][__main__][DEBUG] - Parameter model.decoder.block.8.layer.2.DenseReluDense.wo.weight: torch.Size([768, 3072]), require_grad=True
[2022-07-30 12:59:29,265][__main__][DEBUG] - Parameter model.decoder.block.8.layer.2.layer_norm.weight: torch.Size([768]), require_grad=True
[2022-07-30 12:59:29,265][__main__][DEBUG] - Parameter model.decoder.block.9.layer.0.SelfAttention.q.weight: torch.Size([768, 768]), require_grad=True
[2022-07-30 12:59:29,265][__main__][DEBUG] - Parameter model.decoder.block.9.layer.0.SelfAttention.k.weight: torch.Size([768, 768]), require_grad=True
[2022-07-30 12:59:29,266][__main__][DEBUG] - Parameter model.decoder.block.9.layer.0.SelfAttention.v.weight: torch.Size([768, 768]), require_grad=True
[2022-07-30 12:59:29,266][__main__][DEBUG] - Parameter model.decoder.block.9.layer.0.SelfAttention.o.weight: torch.Size([768, 768]), require_grad=True
[2022-07-30 12:59:29,266][__main__][DEBUG] - Parameter model.decoder.block.9.layer.0.layer_norm.weight: torch.Size([768]), require_grad=True
[2022-07-30 12:59:29,267][__main__][DEBUG] - Parameter model.decoder.block.9.layer.1.EncDecAttention.q.weight: torch.Size([768, 768]), require_grad=True
[2022-07-30 12:59:29,267][__main__][DEBUG] - Parameter model.decoder.block.9.layer.1.EncDecAttention.k.weight: torch.Size([768, 768]), require_grad=True
[2022-07-30 12:59:29,267][__main__][DEBUG] - Parameter model.decoder.block.9.layer.1.EncDecAttention.v.weight: torch.Size([768, 768]), require_grad=True
[2022-07-30 12:59:29,268][__main__][DEBUG] - Parameter model.decoder.block.9.layer.1.EncDecAttention.o.weight: torch.Size([768, 768]), require_grad=True
[2022-07-30 12:59:29,268][__main__][DEBUG] - Parameter model.decoder.block.9.layer.1.layer_norm.weight: torch.Size([768]), require_grad=True
[2022-07-30 12:59:29,268][__main__][DEBUG] - Parameter model.decoder.block.9.layer.2.DenseReluDense.wi.weight: torch.Size([3072, 768]), require_grad=True
[2022-07-30 12:59:29,268][__main__][DEBUG] - Parameter model.decoder.block.9.layer.2.DenseReluDense.wo.weight: torch.Size([768, 3072]), require_grad=True
[2022-07-30 12:59:29,268][__main__][DEBUG] - Parameter model.decoder.block.9.layer.2.layer_norm.weight: torch.Size([768]), require_grad=True
[2022-07-30 12:59:29,269][__main__][DEBUG] - Parameter model.decoder.block.10.layer.0.SelfAttention.q.weight: torch.Size([768, 768]), require_grad=True
[2022-07-30 12:59:29,269][__main__][DEBUG] - Parameter model.decoder.block.10.layer.0.SelfAttention.k.weight: torch.Size([768, 768]), require_grad=True
[2022-07-30 12:59:29,269][__main__][DEBUG] - Parameter model.decoder.block.10.layer.0.SelfAttention.v.weight: torch.Size([768, 768]), require_grad=True
[2022-07-30 12:59:29,270][__main__][DEBUG] - Parameter model.decoder.block.10.layer.0.SelfAttention.o.weight: torch.Size([768, 768]), require_grad=True
[2022-07-30 12:59:29,270][__main__][DEBUG] - Parameter model.decoder.block.10.layer.0.layer_norm.weight: torch.Size([768]), require_grad=True
[2022-07-30 12:59:29,270][__main__][DEBUG] - Parameter model.decoder.block.10.layer.1.EncDecAttention.q.weight: torch.Size([768, 768]), require_grad=True
[2022-07-30 12:59:29,270][__main__][DEBUG] - Parameter model.decoder.block.10.layer.1.EncDecAttention.k.weight: torch.Size([768, 768]), require_grad=True
[2022-07-30 12:59:29,271][__main__][DEBUG] - Parameter model.decoder.block.10.layer.1.EncDecAttention.v.weight: torch.Size([768, 768]), require_grad=True
[2022-07-30 12:59:29,271][__main__][DEBUG] - Parameter model.decoder.block.10.layer.1.EncDecAttention.o.weight: torch.Size([768, 768]), require_grad=True
[2022-07-30 12:59:29,271][__main__][DEBUG] - Parameter model.decoder.block.10.layer.1.layer_norm.weight: torch.Size([768]), require_grad=True
[2022-07-30 12:59:29,271][__main__][DEBUG] - Parameter model.decoder.block.10.layer.2.DenseReluDense.wi.weight: torch.Size([3072, 768]), require_grad=True
[2022-07-30 12:59:29,272][__main__][DEBUG] - Parameter model.decoder.block.10.layer.2.DenseReluDense.wo.weight: torch.Size([768, 3072]), require_grad=True
[2022-07-30 12:59:29,272][__main__][DEBUG] - Parameter model.decoder.block.10.layer.2.layer_norm.weight: torch.Size([768]), require_grad=True
[2022-07-30 12:59:29,272][__main__][DEBUG] - Parameter model.decoder.block.11.layer.0.SelfAttention.q.weight: torch.Size([768, 768]), require_grad=True
[2022-07-30 12:59:29,272][__main__][DEBUG] - Parameter model.decoder.block.11.layer.0.SelfAttention.k.weight: torch.Size([768, 768]), require_grad=True
[2022-07-30 12:59:29,273][__main__][DEBUG] - Parameter model.decoder.block.11.layer.0.SelfAttention.v.weight: torch.Size([768, 768]), require_grad=True
[2022-07-30 12:59:29,273][__main__][DEBUG] - Parameter model.decoder.block.11.layer.0.SelfAttention.o.weight: torch.Size([768, 768]), require_grad=True
[2022-07-30 12:59:29,273][__main__][DEBUG] - Parameter model.decoder.block.11.layer.0.layer_norm.weight: torch.Size([768]), require_grad=True
[2022-07-30 12:59:29,345][__main__][DEBUG] - Parameter model.decoder.block.11.layer.1.EncDecAttention.q.weight: torch.Size([768, 768]), require_grad=True
[2022-07-30 12:59:29,345][__main__][DEBUG] - Parameter model.decoder.block.11.layer.1.EncDecAttention.k.weight: torch.Size([768, 768]), require_grad=True
[2022-07-30 12:59:29,345][__main__][DEBUG] - Parameter model.decoder.block.11.layer.1.EncDecAttention.v.weight: torch.Size([768, 768]), require_grad=True
[2022-07-30 12:59:29,346][__main__][DEBUG] - Parameter model.decoder.block.11.layer.1.EncDecAttention.o.weight: torch.Size([768, 768]), require_grad=True
[2022-07-30 12:59:29,346][__main__][DEBUG] - Parameter model.decoder.block.11.layer.1.layer_norm.weight: torch.Size([768]), require_grad=True
[2022-07-30 12:59:29,346][__main__][DEBUG] - Parameter model.decoder.block.11.layer.2.DenseReluDense.wi.weight: torch.Size([3072, 768]), require_grad=True
[2022-07-30 12:59:29,346][__main__][DEBUG] - Parameter model.decoder.block.11.layer.2.DenseReluDense.wo.weight: torch.Size([768, 3072]), require_grad=True
[2022-07-30 12:59:29,347][__main__][DEBUG] - Parameter model.decoder.block.11.layer.2.layer_norm.weight: torch.Size([768]), require_grad=True
[2022-07-30 12:59:29,347][__main__][DEBUG] - Parameter model.decoder.final_layer_norm.weight: torch.Size([768]), require_grad=True
[2022-07-30 12:59:29,351][__main__][DEBUG] - Starting training!
[2022-07-30 12:59:30,010][__main__][DEBUG] - batch 0: tensor([[ 784, 9413,  908,  ..., 6327,  908,    1],
        [ 784, 9413,  908,  ..., 6327,  908,    1],
        [ 784, 9413,  908,  ..., 6327,  908,    1],
        ...,
        [ 784, 9413,  908,  ..., 6327,  908,    1],
        [ 784, 9413,  908,  ..., 6327,  908,    1],
        [ 784, 9413,  908,  ..., 6327,  908,    1]], device='cuda:0') 
[2022-07-30 12:59:30,012][__main__][DEBUG] - batch 1: tensor([[1, 1, 1,  ..., 1, 1, 1],
        [1, 1, 1,  ..., 1, 1, 1],
        [1, 1, 1,  ..., 1, 1, 1],
        ...,
        [1, 1, 1,  ..., 1, 1, 1],
        [1, 1, 1,  ..., 1, 1, 1],
        [1, 1, 1,  ..., 1, 1, 1]], device='cuda:0') 
[2022-07-30 12:59:30,014][__main__][DEBUG] - batch 2: tensor([[ 2760,  3295,     1,  ...,     0,     0,     0],
        [  814,     1,     0,  ...,     0,     0,     0],
        [ 5349,     1,     0,  ...,     0,     0,     0],
        ...,
        [ 2760,  3295,     1,  ...,     0,     0,     0],
        [ 2760,  3295,     1,  ...,     0,     0,     0],
        [14751,  2363,     1,  ...,     0,     0,     0]], device='cuda:0') 
[2022-07-30 12:59:30,016][__main__][DEBUG] - batch 3: tensor([[1, 1, 1,  ..., 0, 0, 0],
        [1, 1, 0,  ..., 0, 0, 0],
        [1, 1, 0,  ..., 0, 0, 0],
        ...,
        [1, 1, 1,  ..., 0, 0, 0],
        [1, 1, 1,  ..., 0, 0, 0],
        [1, 1, 1,  ..., 0, 0, 0]], device='cuda:0') 
[2022-07-30 13:05:20,762][__main__][DEBUG] - epoch is 0
[2022-07-30 13:05:20,764][__main__][DEBUG] - validation loss is tensor(0.4030, device='cuda:0')
[2022-07-30 13:11:17,582][__main__][DEBUG] - early stop
