[2022-08-18 02:46:17,838][transformers.tokenization_utils_base][INFO] - Model name 'pretrain_model/jointgt_bart' not found in model shortcut name list (facebook/bart-base, facebook/bart-large, facebook/bart-large-mnli, facebook/bart-large-cnn, facebook/bart-large-xsum, yjernite/bart_eli5). Assuming 'pretrain_model/jointgt_bart' is a path, a model identifier, or url to a directory containing tokenizer files.
[2022-08-18 02:46:18,124][transformers.tokenization_utils_base][INFO] - Didn't find file pretrain_model/jointgt_bart/added_tokens.json. We won't load it.
[2022-08-18 02:46:18,125][transformers.tokenization_utils_base][INFO] - Didn't find file pretrain_model/jointgt_bart/special_tokens_map.json. We won't load it.
[2022-08-18 02:46:18,125][transformers.tokenization_utils_base][INFO] - Didn't find file pretrain_model/jointgt_bart/tokenizer_config.json. We won't load it.
[2022-08-18 02:46:18,126][transformers.tokenization_utils_base][INFO] - Didn't find file pretrain_model/jointgt_bart/tokenizer.json. We won't load it.
[2022-08-18 02:46:18,126][transformers.tokenization_utils_base][INFO] - loading file pretrain_model/jointgt_bart/vocab.json
[2022-08-18 02:46:18,126][transformers.tokenization_utils_base][INFO] - loading file pretrain_model/jointgt_bart/merges.txt
[2022-08-18 02:46:18,126][transformers.tokenization_utils_base][INFO] - loading file None
[2022-08-18 02:46:18,127][transformers.tokenization_utils_base][INFO] - loading file None
[2022-08-18 02:46:18,127][transformers.tokenization_utils_base][INFO] - loading file None
[2022-08-18 02:46:18,127][transformers.tokenization_utils_base][INFO] - loading file None
[2022-08-18 02:46:28,471][transformers.configuration_utils][INFO] - loading configuration file pretrain_model/jointgt_bart/config.json
[2022-08-18 02:46:28,472][transformers.configuration_utils][INFO] - Model config BartConfig {
  "activation_dropout": 0.1,
  "activation_function": "gelu",
  "add_bias_logits": false,
  "add_final_layer_norm": false,
  "architectures": [
    "MyBartPretrain"
  ],
  "attention_dropout": 0.1,
  "bos_token_id": 0,
  "classif_dropout": 0.0,
  "d_model": 768,
  "decoder_attention_heads": 12,
  "decoder_ffn_dim": 3072,
  "decoder_layerdrop": 0.0,
  "decoder_layers": 6,
  "decoder_start_token_id": 2,
  "dropout": 0.1,
  "early_stopping": true,
  "encoder_attention_heads": 12,
  "encoder_ffn_dim": 3072,
  "encoder_layerdrop": 0.0,
  "encoder_layers": 6,
  "eos_token_id": 2,
  "extra_pos_embeddings": 2,
  "id2label": {
    "0": "LABEL_0",
    "1": "LABEL_1",
    "2": "LABEL_2"
  },
  "init_std": 0.02,
  "is_encoder_decoder": true,
  "label2id": {
    "LABEL_0": 0,
    "LABEL_1": 1,
    "LABEL_2": 2
  },
  "max_position_embeddings": 1024,
  "model_type": "bart",
  "no_repeat_ngram_size": 3,
  "normalize_before": false,
  "normalize_embedding": true,
  "num_beams": 4,
  "num_hidden_layers": 6,
  "pad_token_id": 1,
  "scale_embedding": false,
  "static_position_embeddings": false,
  "task_specific_params": {
    "summarization": {
      "length_penalty": 1.0,
      "max_length": 128,
      "min_length": 12,
      "num_beams": 4
    },
    "summarization_cnn": {
      "length_penalty": 2.0,
      "max_length": 142,
      "min_length": 56,
      "num_beams": 4
    },
    "summarization_xsum": {
      "length_penalty": 1.0,
      "max_length": 62,
      "min_length": 11,
      "num_beams": 6
    }
  },
  "vocab_size": 50265
}

[2022-08-18 02:46:28,473][transformers.modeling_utils][INFO] - loading weights file pretrain_model/jointgt_bart/pytorch_model.bin
[2022-08-18 02:46:40,438][transformers.modeling_utils][INFO] - All model checkpoint weights were used when initializing MyBartForConditionalGeneration.

[2022-08-18 02:46:40,439][transformers.modeling_utils][INFO] - All the weights of MyBartForConditionalGeneration were initialized from the model checkpoint at pretrain_model/jointgt_bart.
If your task is similar to the task the model of the ckeckpoint was trained on, you can already use MyBartForConditionalGeneration for predictions without further training.
[2022-08-18 02:46:52,464][__main__][DEBUG] - Parameter model.model.shared.weight: torch.Size([50265, 768]), require_grad=True
[2022-08-18 02:46:52,465][__main__][DEBUG] - Parameter model.model.encoder.embed_positions.weight: torch.Size([1026, 768]), require_grad=True
[2022-08-18 02:46:52,465][__main__][DEBUG] - Parameter model.model.encoder.layers.0.self_attn.k_proj.weight: torch.Size([768, 768]), require_grad=True
[2022-08-18 02:46:52,465][__main__][DEBUG] - Parameter model.model.encoder.layers.0.self_attn.k_proj.bias: torch.Size([768]), require_grad=True
[2022-08-18 02:46:52,465][__main__][DEBUG] - Parameter model.model.encoder.layers.0.self_attn.v_proj.weight: torch.Size([768, 768]), require_grad=True
[2022-08-18 02:46:52,466][__main__][DEBUG] - Parameter model.model.encoder.layers.0.self_attn.v_proj.bias: torch.Size([768]), require_grad=True
[2022-08-18 02:46:52,466][__main__][DEBUG] - Parameter model.model.encoder.layers.0.self_attn.q_proj.weight: torch.Size([768, 768]), require_grad=True
[2022-08-18 02:46:52,466][__main__][DEBUG] - Parameter model.model.encoder.layers.0.self_attn.q_proj.bias: torch.Size([768]), require_grad=True
[2022-08-18 02:46:52,466][__main__][DEBUG] - Parameter model.model.encoder.layers.0.self_attn.out_proj.weight: torch.Size([768, 768]), require_grad=True
[2022-08-18 02:46:52,466][__main__][DEBUG] - Parameter model.model.encoder.layers.0.self_attn.out_proj.bias: torch.Size([768]), require_grad=True
[2022-08-18 02:46:52,466][__main__][DEBUG] - Parameter model.model.encoder.layers.0.self_struc_attn.k_proj.weight: torch.Size([768, 768]), require_grad=True
[2022-08-18 02:46:52,467][__main__][DEBUG] - Parameter model.model.encoder.layers.0.self_struc_attn.k_proj.bias: torch.Size([768]), require_grad=True
[2022-08-18 02:46:52,467][__main__][DEBUG] - Parameter model.model.encoder.layers.0.self_struc_attn.v_proj.weight: torch.Size([768, 768]), require_grad=True
[2022-08-18 02:46:52,467][__main__][DEBUG] - Parameter model.model.encoder.layers.0.self_struc_attn.v_proj.bias: torch.Size([768]), require_grad=True
[2022-08-18 02:46:52,467][__main__][DEBUG] - Parameter model.model.encoder.layers.0.self_struc_attn.q_proj.weight: torch.Size([768, 768]), require_grad=True
[2022-08-18 02:46:52,467][__main__][DEBUG] - Parameter model.model.encoder.layers.0.self_struc_attn.q_proj.bias: torch.Size([768]), require_grad=True
[2022-08-18 02:46:52,467][__main__][DEBUG] - Parameter model.model.encoder.layers.0.self_struc_attn.rel_v_proj.weight: torch.Size([768, 768]), require_grad=True
[2022-08-18 02:46:52,468][__main__][DEBUG] - Parameter model.model.encoder.layers.0.self_struc_attn.rel_v_proj.bias: torch.Size([768]), require_grad=True
[2022-08-18 02:46:52,468][__main__][DEBUG] - Parameter model.model.encoder.layers.0.self_struc_attn.rel_k_proj.weight: torch.Size([768, 768]), require_grad=True
[2022-08-18 02:46:52,468][__main__][DEBUG] - Parameter model.model.encoder.layers.0.self_struc_attn.rel_k_proj.bias: torch.Size([768]), require_grad=True
[2022-08-18 02:46:52,468][__main__][DEBUG] - Parameter model.model.encoder.layers.0.self_struc_attn.out_proj.weight: torch.Size([768, 768]), require_grad=True
[2022-08-18 02:46:52,468][__main__][DEBUG] - Parameter model.model.encoder.layers.0.self_struc_attn.out_proj.bias: torch.Size([768]), require_grad=True
[2022-08-18 02:46:52,468][__main__][DEBUG] - Parameter model.model.encoder.layers.0.self_attn_layer_norm.weight: torch.Size([768]), require_grad=True
[2022-08-18 02:46:52,468][__main__][DEBUG] - Parameter model.model.encoder.layers.0.self_attn_layer_norm.bias: torch.Size([768]), require_grad=True
[2022-08-18 02:46:52,469][__main__][DEBUG] - Parameter model.model.encoder.layers.0.fc1.weight: torch.Size([3072, 768]), require_grad=True
[2022-08-18 02:46:52,469][__main__][DEBUG] - Parameter model.model.encoder.layers.0.fc1.bias: torch.Size([3072]), require_grad=True
[2022-08-18 02:46:52,469][__main__][DEBUG] - Parameter model.model.encoder.layers.0.fc2.weight: torch.Size([768, 3072]), require_grad=True
[2022-08-18 02:46:52,469][__main__][DEBUG] - Parameter model.model.encoder.layers.0.fc2.bias: torch.Size([768]), require_grad=True
[2022-08-18 02:46:52,469][__main__][DEBUG] - Parameter model.model.encoder.layers.0.final_layer_norm.weight: torch.Size([768]), require_grad=True
[2022-08-18 02:46:52,469][__main__][DEBUG] - Parameter model.model.encoder.layers.0.final_layer_norm.bias: torch.Size([768]), require_grad=True
[2022-08-18 02:46:52,470][__main__][DEBUG] - Parameter model.model.encoder.layers.1.self_attn.k_proj.weight: torch.Size([768, 768]), require_grad=True
[2022-08-18 02:46:52,470][__main__][DEBUG] - Parameter model.model.encoder.layers.1.self_attn.k_proj.bias: torch.Size([768]), require_grad=True
[2022-08-18 02:46:52,470][__main__][DEBUG] - Parameter model.model.encoder.layers.1.self_attn.v_proj.weight: torch.Size([768, 768]), require_grad=True
[2022-08-18 02:46:52,470][__main__][DEBUG] - Parameter model.model.encoder.layers.1.self_attn.v_proj.bias: torch.Size([768]), require_grad=True
[2022-08-18 02:46:52,470][__main__][DEBUG] - Parameter model.model.encoder.layers.1.self_attn.q_proj.weight: torch.Size([768, 768]), require_grad=True
[2022-08-18 02:46:52,470][__main__][DEBUG] - Parameter model.model.encoder.layers.1.self_attn.q_proj.bias: torch.Size([768]), require_grad=True
[2022-08-18 02:46:52,471][__main__][DEBUG] - Parameter model.model.encoder.layers.1.self_attn.out_proj.weight: torch.Size([768, 768]), require_grad=True
[2022-08-18 02:46:52,471][__main__][DEBUG] - Parameter model.model.encoder.layers.1.self_attn.out_proj.bias: torch.Size([768]), require_grad=True
[2022-08-18 02:46:52,471][__main__][DEBUG] - Parameter model.model.encoder.layers.1.self_struc_attn.k_proj.weight: torch.Size([768, 768]), require_grad=True
[2022-08-18 02:46:52,471][__main__][DEBUG] - Parameter model.model.encoder.layers.1.self_struc_attn.k_proj.bias: torch.Size([768]), require_grad=True
[2022-08-18 02:46:52,471][__main__][DEBUG] - Parameter model.model.encoder.layers.1.self_struc_attn.v_proj.weight: torch.Size([768, 768]), require_grad=True
[2022-08-18 02:46:52,471][__main__][DEBUG] - Parameter model.model.encoder.layers.1.self_struc_attn.v_proj.bias: torch.Size([768]), require_grad=True
[2022-08-18 02:46:52,471][__main__][DEBUG] - Parameter model.model.encoder.layers.1.self_struc_attn.q_proj.weight: torch.Size([768, 768]), require_grad=True
[2022-08-18 02:46:52,472][__main__][DEBUG] - Parameter model.model.encoder.layers.1.self_struc_attn.q_proj.bias: torch.Size([768]), require_grad=True
[2022-08-18 02:46:52,472][__main__][DEBUG] - Parameter model.model.encoder.layers.1.self_struc_attn.rel_v_proj.weight: torch.Size([768, 768]), require_grad=True
[2022-08-18 02:46:52,472][__main__][DEBUG] - Parameter model.model.encoder.layers.1.self_struc_attn.rel_v_proj.bias: torch.Size([768]), require_grad=True
[2022-08-18 02:46:52,472][__main__][DEBUG] - Parameter model.model.encoder.layers.1.self_struc_attn.rel_k_proj.weight: torch.Size([768, 768]), require_grad=True
[2022-08-18 02:46:52,472][__main__][DEBUG] - Parameter model.model.encoder.layers.1.self_struc_attn.rel_k_proj.bias: torch.Size([768]), require_grad=True
[2022-08-18 02:46:52,472][__main__][DEBUG] - Parameter model.model.encoder.layers.1.self_struc_attn.out_proj.weight: torch.Size([768, 768]), require_grad=True
[2022-08-18 02:46:52,473][__main__][DEBUG] - Parameter model.model.encoder.layers.1.self_struc_attn.out_proj.bias: torch.Size([768]), require_grad=True
[2022-08-18 02:46:52,473][__main__][DEBUG] - Parameter model.model.encoder.layers.1.self_attn_layer_norm.weight: torch.Size([768]), require_grad=True
[2022-08-18 02:46:52,473][__main__][DEBUG] - Parameter model.model.encoder.layers.1.self_attn_layer_norm.bias: torch.Size([768]), require_grad=True
[2022-08-18 02:46:52,473][__main__][DEBUG] - Parameter model.model.encoder.layers.1.fc1.weight: torch.Size([3072, 768]), require_grad=True
[2022-08-18 02:46:52,473][__main__][DEBUG] - Parameter model.model.encoder.layers.1.fc1.bias: torch.Size([3072]), require_grad=True
[2022-08-18 02:46:52,473][__main__][DEBUG] - Parameter model.model.encoder.layers.1.fc2.weight: torch.Size([768, 3072]), require_grad=True
[2022-08-18 02:46:52,473][__main__][DEBUG] - Parameter model.model.encoder.layers.1.fc2.bias: torch.Size([768]), require_grad=True
[2022-08-18 02:46:52,474][__main__][DEBUG] - Parameter model.model.encoder.layers.1.final_layer_norm.weight: torch.Size([768]), require_grad=True
[2022-08-18 02:46:52,474][__main__][DEBUG] - Parameter model.model.encoder.layers.1.final_layer_norm.bias: torch.Size([768]), require_grad=True
[2022-08-18 02:46:52,474][__main__][DEBUG] - Parameter model.model.encoder.layers.2.self_attn.k_proj.weight: torch.Size([768, 768]), require_grad=True
[2022-08-18 02:46:52,474][__main__][DEBUG] - Parameter model.model.encoder.layers.2.self_attn.k_proj.bias: torch.Size([768]), require_grad=True
[2022-08-18 02:46:52,474][__main__][DEBUG] - Parameter model.model.encoder.layers.2.self_attn.v_proj.weight: torch.Size([768, 768]), require_grad=True
[2022-08-18 02:46:52,474][__main__][DEBUG] - Parameter model.model.encoder.layers.2.self_attn.v_proj.bias: torch.Size([768]), require_grad=True
[2022-08-18 02:46:52,475][__main__][DEBUG] - Parameter model.model.encoder.layers.2.self_attn.q_proj.weight: torch.Size([768, 768]), require_grad=True
[2022-08-18 02:46:52,475][__main__][DEBUG] - Parameter model.model.encoder.layers.2.self_attn.q_proj.bias: torch.Size([768]), require_grad=True
[2022-08-18 02:46:52,475][__main__][DEBUG] - Parameter model.model.encoder.layers.2.self_attn.out_proj.weight: torch.Size([768, 768]), require_grad=True
[2022-08-18 02:46:52,475][__main__][DEBUG] - Parameter model.model.encoder.layers.2.self_attn.out_proj.bias: torch.Size([768]), require_grad=True
[2022-08-18 02:46:52,475][__main__][DEBUG] - Parameter model.model.encoder.layers.2.self_struc_attn.k_proj.weight: torch.Size([768, 768]), require_grad=True
[2022-08-18 02:46:52,475][__main__][DEBUG] - Parameter model.model.encoder.layers.2.self_struc_attn.k_proj.bias: torch.Size([768]), require_grad=True
[2022-08-18 02:46:52,476][__main__][DEBUG] - Parameter model.model.encoder.layers.2.self_struc_attn.v_proj.weight: torch.Size([768, 768]), require_grad=True
[2022-08-18 02:46:52,476][__main__][DEBUG] - Parameter model.model.encoder.layers.2.self_struc_attn.v_proj.bias: torch.Size([768]), require_grad=True
[2022-08-18 02:46:52,476][__main__][DEBUG] - Parameter model.model.encoder.layers.2.self_struc_attn.q_proj.weight: torch.Size([768, 768]), require_grad=True
[2022-08-18 02:46:52,476][__main__][DEBUG] - Parameter model.model.encoder.layers.2.self_struc_attn.q_proj.bias: torch.Size([768]), require_grad=True
[2022-08-18 02:46:52,476][__main__][DEBUG] - Parameter model.model.encoder.layers.2.self_struc_attn.rel_v_proj.weight: torch.Size([768, 768]), require_grad=True
[2022-08-18 02:46:52,476][__main__][DEBUG] - Parameter model.model.encoder.layers.2.self_struc_attn.rel_v_proj.bias: torch.Size([768]), require_grad=True
[2022-08-18 02:46:52,476][__main__][DEBUG] - Parameter model.model.encoder.layers.2.self_struc_attn.rel_k_proj.weight: torch.Size([768, 768]), require_grad=True
[2022-08-18 02:46:52,477][__main__][DEBUG] - Parameter model.model.encoder.layers.2.self_struc_attn.rel_k_proj.bias: torch.Size([768]), require_grad=True
[2022-08-18 02:46:52,477][__main__][DEBUG] - Parameter model.model.encoder.layers.2.self_struc_attn.out_proj.weight: torch.Size([768, 768]), require_grad=True
[2022-08-18 02:46:52,477][__main__][DEBUG] - Parameter model.model.encoder.layers.2.self_struc_attn.out_proj.bias: torch.Size([768]), require_grad=True
[2022-08-18 02:46:52,477][__main__][DEBUG] - Parameter model.model.encoder.layers.2.self_attn_layer_norm.weight: torch.Size([768]), require_grad=True
[2022-08-18 02:46:52,477][__main__][DEBUG] - Parameter model.model.encoder.layers.2.self_attn_layer_norm.bias: torch.Size([768]), require_grad=True
[2022-08-18 02:46:52,477][__main__][DEBUG] - Parameter model.model.encoder.layers.2.fc1.weight: torch.Size([3072, 768]), require_grad=True
[2022-08-18 02:46:52,478][__main__][DEBUG] - Parameter model.model.encoder.layers.2.fc1.bias: torch.Size([3072]), require_grad=True
[2022-08-18 02:46:52,478][__main__][DEBUG] - Parameter model.model.encoder.layers.2.fc2.weight: torch.Size([768, 3072]), require_grad=True
[2022-08-18 02:46:52,478][__main__][DEBUG] - Parameter model.model.encoder.layers.2.fc2.bias: torch.Size([768]), require_grad=True
[2022-08-18 02:46:52,478][__main__][DEBUG] - Parameter model.model.encoder.layers.2.final_layer_norm.weight: torch.Size([768]), require_grad=True
[2022-08-18 02:46:52,478][__main__][DEBUG] - Parameter model.model.encoder.layers.2.final_layer_norm.bias: torch.Size([768]), require_grad=True
[2022-08-18 02:46:52,478][__main__][DEBUG] - Parameter model.model.encoder.layers.3.self_attn.k_proj.weight: torch.Size([768, 768]), require_grad=True
[2022-08-18 02:46:52,478][__main__][DEBUG] - Parameter model.model.encoder.layers.3.self_attn.k_proj.bias: torch.Size([768]), require_grad=True
[2022-08-18 02:46:52,479][__main__][DEBUG] - Parameter model.model.encoder.layers.3.self_attn.v_proj.weight: torch.Size([768, 768]), require_grad=True
[2022-08-18 02:46:52,479][__main__][DEBUG] - Parameter model.model.encoder.layers.3.self_attn.v_proj.bias: torch.Size([768]), require_grad=True
[2022-08-18 02:46:52,479][__main__][DEBUG] - Parameter model.model.encoder.layers.3.self_attn.q_proj.weight: torch.Size([768, 768]), require_grad=True
[2022-08-18 02:46:52,479][__main__][DEBUG] - Parameter model.model.encoder.layers.3.self_attn.q_proj.bias: torch.Size([768]), require_grad=True
[2022-08-18 02:46:52,479][__main__][DEBUG] - Parameter model.model.encoder.layers.3.self_attn.out_proj.weight: torch.Size([768, 768]), require_grad=True
[2022-08-18 02:46:52,479][__main__][DEBUG] - Parameter model.model.encoder.layers.3.self_attn.out_proj.bias: torch.Size([768]), require_grad=True
[2022-08-18 02:46:52,480][__main__][DEBUG] - Parameter model.model.encoder.layers.3.self_struc_attn.k_proj.weight: torch.Size([768, 768]), require_grad=True
[2022-08-18 02:46:52,480][__main__][DEBUG] - Parameter model.model.encoder.layers.3.self_struc_attn.k_proj.bias: torch.Size([768]), require_grad=True
[2022-08-18 02:46:52,480][__main__][DEBUG] - Parameter model.model.encoder.layers.3.self_struc_attn.v_proj.weight: torch.Size([768, 768]), require_grad=True
[2022-08-18 02:46:52,480][__main__][DEBUG] - Parameter model.model.encoder.layers.3.self_struc_attn.v_proj.bias: torch.Size([768]), require_grad=True
[2022-08-18 02:46:52,480][__main__][DEBUG] - Parameter model.model.encoder.layers.3.self_struc_attn.q_proj.weight: torch.Size([768, 768]), require_grad=True
[2022-08-18 02:46:52,481][__main__][DEBUG] - Parameter model.model.encoder.layers.3.self_struc_attn.q_proj.bias: torch.Size([768]), require_grad=True
[2022-08-18 02:46:52,481][__main__][DEBUG] - Parameter model.model.encoder.layers.3.self_struc_attn.rel_v_proj.weight: torch.Size([768, 768]), require_grad=True
[2022-08-18 02:46:52,481][__main__][DEBUG] - Parameter model.model.encoder.layers.3.self_struc_attn.rel_v_proj.bias: torch.Size([768]), require_grad=True
[2022-08-18 02:46:52,481][__main__][DEBUG] - Parameter model.model.encoder.layers.3.self_struc_attn.rel_k_proj.weight: torch.Size([768, 768]), require_grad=True
[2022-08-18 02:46:52,481][__main__][DEBUG] - Parameter model.model.encoder.layers.3.self_struc_attn.rel_k_proj.bias: torch.Size([768]), require_grad=True
[2022-08-18 02:46:52,481][__main__][DEBUG] - Parameter model.model.encoder.layers.3.self_struc_attn.out_proj.weight: torch.Size([768, 768]), require_grad=True
[2022-08-18 02:46:52,482][__main__][DEBUG] - Parameter model.model.encoder.layers.3.self_struc_attn.out_proj.bias: torch.Size([768]), require_grad=True
[2022-08-18 02:46:52,482][__main__][DEBUG] - Parameter model.model.encoder.layers.3.self_attn_layer_norm.weight: torch.Size([768]), require_grad=True
[2022-08-18 02:46:52,482][__main__][DEBUG] - Parameter model.model.encoder.layers.3.self_attn_layer_norm.bias: torch.Size([768]), require_grad=True
[2022-08-18 02:46:52,482][__main__][DEBUG] - Parameter model.model.encoder.layers.3.fc1.weight: torch.Size([3072, 768]), require_grad=True
[2022-08-18 02:46:52,482][__main__][DEBUG] - Parameter model.model.encoder.layers.3.fc1.bias: torch.Size([3072]), require_grad=True
[2022-08-18 02:46:52,482][__main__][DEBUG] - Parameter model.model.encoder.layers.3.fc2.weight: torch.Size([768, 3072]), require_grad=True
[2022-08-18 02:46:52,483][__main__][DEBUG] - Parameter model.model.encoder.layers.3.fc2.bias: torch.Size([768]), require_grad=True
[2022-08-18 02:46:52,483][__main__][DEBUG] - Parameter model.model.encoder.layers.3.final_layer_norm.weight: torch.Size([768]), require_grad=True
[2022-08-18 02:46:52,483][__main__][DEBUG] - Parameter model.model.encoder.layers.3.final_layer_norm.bias: torch.Size([768]), require_grad=True
[2022-08-18 02:46:52,483][__main__][DEBUG] - Parameter model.model.encoder.layers.4.self_attn.k_proj.weight: torch.Size([768, 768]), require_grad=True
[2022-08-18 02:46:52,483][__main__][DEBUG] - Parameter model.model.encoder.layers.4.self_attn.k_proj.bias: torch.Size([768]), require_grad=True
[2022-08-18 02:46:52,483][__main__][DEBUG] - Parameter model.model.encoder.layers.4.self_attn.v_proj.weight: torch.Size([768, 768]), require_grad=True
[2022-08-18 02:46:52,483][__main__][DEBUG] - Parameter model.model.encoder.layers.4.self_attn.v_proj.bias: torch.Size([768]), require_grad=True
[2022-08-18 02:46:52,484][__main__][DEBUG] - Parameter model.model.encoder.layers.4.self_attn.q_proj.weight: torch.Size([768, 768]), require_grad=True
[2022-08-18 02:46:52,484][__main__][DEBUG] - Parameter model.model.encoder.layers.4.self_attn.q_proj.bias: torch.Size([768]), require_grad=True
[2022-08-18 02:46:52,484][__main__][DEBUG] - Parameter model.model.encoder.layers.4.self_attn.out_proj.weight: torch.Size([768, 768]), require_grad=True
[2022-08-18 02:46:52,496][__main__][DEBUG] - Parameter model.model.encoder.layers.4.self_attn.out_proj.bias: torch.Size([768]), require_grad=True
[2022-08-18 02:46:52,496][__main__][DEBUG] - Parameter model.model.encoder.layers.4.self_struc_attn.k_proj.weight: torch.Size([768, 768]), require_grad=True
[2022-08-18 02:46:52,497][__main__][DEBUG] - Parameter model.model.encoder.layers.4.self_struc_attn.k_proj.bias: torch.Size([768]), require_grad=True
[2022-08-18 02:46:52,497][__main__][DEBUG] - Parameter model.model.encoder.layers.4.self_struc_attn.v_proj.weight: torch.Size([768, 768]), require_grad=True
[2022-08-18 02:46:52,497][__main__][DEBUG] - Parameter model.model.encoder.layers.4.self_struc_attn.v_proj.bias: torch.Size([768]), require_grad=True
[2022-08-18 02:46:52,497][__main__][DEBUG] - Parameter model.model.encoder.layers.4.self_struc_attn.q_proj.weight: torch.Size([768, 768]), require_grad=True
[2022-08-18 02:46:52,497][__main__][DEBUG] - Parameter model.model.encoder.layers.4.self_struc_attn.q_proj.bias: torch.Size([768]), require_grad=True
[2022-08-18 02:46:52,497][__main__][DEBUG] - Parameter model.model.encoder.layers.4.self_struc_attn.rel_v_proj.weight: torch.Size([768, 768]), require_grad=True
[2022-08-18 02:46:52,498][__main__][DEBUG] - Parameter model.model.encoder.layers.4.self_struc_attn.rel_v_proj.bias: torch.Size([768]), require_grad=True
[2022-08-18 02:46:52,498][__main__][DEBUG] - Parameter model.model.encoder.layers.4.self_struc_attn.rel_k_proj.weight: torch.Size([768, 768]), require_grad=True
[2022-08-18 02:46:52,498][__main__][DEBUG] - Parameter model.model.encoder.layers.4.self_struc_attn.rel_k_proj.bias: torch.Size([768]), require_grad=True
[2022-08-18 02:46:52,498][__main__][DEBUG] - Parameter model.model.encoder.layers.4.self_struc_attn.out_proj.weight: torch.Size([768, 768]), require_grad=True
[2022-08-18 02:46:52,498][__main__][DEBUG] - Parameter model.model.encoder.layers.4.self_struc_attn.out_proj.bias: torch.Size([768]), require_grad=True
[2022-08-18 02:46:52,498][__main__][DEBUG] - Parameter model.model.encoder.layers.4.self_attn_layer_norm.weight: torch.Size([768]), require_grad=True
[2022-08-18 02:46:52,498][__main__][DEBUG] - Parameter model.model.encoder.layers.4.self_attn_layer_norm.bias: torch.Size([768]), require_grad=True
[2022-08-18 02:46:52,499][__main__][DEBUG] - Parameter model.model.encoder.layers.4.fc1.weight: torch.Size([3072, 768]), require_grad=True
[2022-08-18 02:46:52,499][__main__][DEBUG] - Parameter model.model.encoder.layers.4.fc1.bias: torch.Size([3072]), require_grad=True
[2022-08-18 02:46:52,499][__main__][DEBUG] - Parameter model.model.encoder.layers.4.fc2.weight: torch.Size([768, 3072]), require_grad=True
[2022-08-18 02:46:52,499][__main__][DEBUG] - Parameter model.model.encoder.layers.4.fc2.bias: torch.Size([768]), require_grad=True
[2022-08-18 02:46:52,499][__main__][DEBUG] - Parameter model.model.encoder.layers.4.final_layer_norm.weight: torch.Size([768]), require_grad=True
[2022-08-18 02:46:52,499][__main__][DEBUG] - Parameter model.model.encoder.layers.4.final_layer_norm.bias: torch.Size([768]), require_grad=True
[2022-08-18 02:46:52,500][__main__][DEBUG] - Parameter model.model.encoder.layers.5.self_attn.k_proj.weight: torch.Size([768, 768]), require_grad=True
[2022-08-18 02:46:52,500][__main__][DEBUG] - Parameter model.model.encoder.layers.5.self_attn.k_proj.bias: torch.Size([768]), require_grad=True
[2022-08-18 02:46:52,500][__main__][DEBUG] - Parameter model.model.encoder.layers.5.self_attn.v_proj.weight: torch.Size([768, 768]), require_grad=True
[2022-08-18 02:46:52,500][__main__][DEBUG] - Parameter model.model.encoder.layers.5.self_attn.v_proj.bias: torch.Size([768]), require_grad=True
[2022-08-18 02:46:52,500][__main__][DEBUG] - Parameter model.model.encoder.layers.5.self_attn.q_proj.weight: torch.Size([768, 768]), require_grad=True
[2022-08-18 02:46:52,500][__main__][DEBUG] - Parameter model.model.encoder.layers.5.self_attn.q_proj.bias: torch.Size([768]), require_grad=True
[2022-08-18 02:46:52,500][__main__][DEBUG] - Parameter model.model.encoder.layers.5.self_attn.out_proj.weight: torch.Size([768, 768]), require_grad=True
[2022-08-18 02:46:52,501][__main__][DEBUG] - Parameter model.model.encoder.layers.5.self_attn.out_proj.bias: torch.Size([768]), require_grad=True
[2022-08-18 02:46:52,501][__main__][DEBUG] - Parameter model.model.encoder.layers.5.self_struc_attn.k_proj.weight: torch.Size([768, 768]), require_grad=True
[2022-08-18 02:46:52,501][__main__][DEBUG] - Parameter model.model.encoder.layers.5.self_struc_attn.k_proj.bias: torch.Size([768]), require_grad=True
[2022-08-18 02:46:52,501][__main__][DEBUG] - Parameter model.model.encoder.layers.5.self_struc_attn.v_proj.weight: torch.Size([768, 768]), require_grad=True
[2022-08-18 02:46:52,501][__main__][DEBUG] - Parameter model.model.encoder.layers.5.self_struc_attn.v_proj.bias: torch.Size([768]), require_grad=True
[2022-08-18 02:46:52,501][__main__][DEBUG] - Parameter model.model.encoder.layers.5.self_struc_attn.q_proj.weight: torch.Size([768, 768]), require_grad=True
[2022-08-18 02:46:52,502][__main__][DEBUG] - Parameter model.model.encoder.layers.5.self_struc_attn.q_proj.bias: torch.Size([768]), require_grad=True
[2022-08-18 02:46:52,502][__main__][DEBUG] - Parameter model.model.encoder.layers.5.self_struc_attn.rel_v_proj.weight: torch.Size([768, 768]), require_grad=True
[2022-08-18 02:46:52,502][__main__][DEBUG] - Parameter model.model.encoder.layers.5.self_struc_attn.rel_v_proj.bias: torch.Size([768]), require_grad=True
[2022-08-18 02:46:52,502][__main__][DEBUG] - Parameter model.model.encoder.layers.5.self_struc_attn.rel_k_proj.weight: torch.Size([768, 768]), require_grad=True
[2022-08-18 02:46:52,502][__main__][DEBUG] - Parameter model.model.encoder.layers.5.self_struc_attn.rel_k_proj.bias: torch.Size([768]), require_grad=True
[2022-08-18 02:46:52,502][__main__][DEBUG] - Parameter model.model.encoder.layers.5.self_struc_attn.out_proj.weight: torch.Size([768, 768]), require_grad=True
[2022-08-18 02:46:52,502][__main__][DEBUG] - Parameter model.model.encoder.layers.5.self_struc_attn.out_proj.bias: torch.Size([768]), require_grad=True
[2022-08-18 02:46:52,503][__main__][DEBUG] - Parameter model.model.encoder.layers.5.self_attn_layer_norm.weight: torch.Size([768]), require_grad=True
[2022-08-18 02:46:52,503][__main__][DEBUG] - Parameter model.model.encoder.layers.5.self_attn_layer_norm.bias: torch.Size([768]), require_grad=True
[2022-08-18 02:46:52,503][__main__][DEBUG] - Parameter model.model.encoder.layers.5.fc1.weight: torch.Size([3072, 768]), require_grad=True
[2022-08-18 02:46:52,503][__main__][DEBUG] - Parameter model.model.encoder.layers.5.fc1.bias: torch.Size([3072]), require_grad=True
[2022-08-18 02:46:52,503][__main__][DEBUG] - Parameter model.model.encoder.layers.5.fc2.weight: torch.Size([768, 3072]), require_grad=True
[2022-08-18 02:46:52,504][__main__][DEBUG] - Parameter model.model.encoder.layers.5.fc2.bias: torch.Size([768]), require_grad=True
[2022-08-18 02:46:52,504][__main__][DEBUG] - Parameter model.model.encoder.layers.5.final_layer_norm.weight: torch.Size([768]), require_grad=True
[2022-08-18 02:46:52,504][__main__][DEBUG] - Parameter model.model.encoder.layers.5.final_layer_norm.bias: torch.Size([768]), require_grad=True
[2022-08-18 02:46:52,504][__main__][DEBUG] - Parameter model.model.encoder.layernorm_embedding.weight: torch.Size([768]), require_grad=True
[2022-08-18 02:46:52,504][__main__][DEBUG] - Parameter model.model.encoder.layernorm_embedding.bias: torch.Size([768]), require_grad=True
[2022-08-18 02:46:52,504][__main__][DEBUG] - Parameter model.model.decoder.embed_positions.weight: torch.Size([1026, 768]), require_grad=True
[2022-08-18 02:46:52,505][__main__][DEBUG] - Parameter model.model.decoder.layers.0.self_attn.k_proj.weight: torch.Size([768, 768]), require_grad=True
[2022-08-18 02:46:52,505][__main__][DEBUG] - Parameter model.model.decoder.layers.0.self_attn.k_proj.bias: torch.Size([768]), require_grad=True
[2022-08-18 02:46:52,505][__main__][DEBUG] - Parameter model.model.decoder.layers.0.self_attn.v_proj.weight: torch.Size([768, 768]), require_grad=True
[2022-08-18 02:46:52,505][__main__][DEBUG] - Parameter model.model.decoder.layers.0.self_attn.v_proj.bias: torch.Size([768]), require_grad=True
[2022-08-18 02:46:52,505][__main__][DEBUG] - Parameter model.model.decoder.layers.0.self_attn.q_proj.weight: torch.Size([768, 768]), require_grad=True
[2022-08-18 02:46:52,505][__main__][DEBUG] - Parameter model.model.decoder.layers.0.self_attn.q_proj.bias: torch.Size([768]), require_grad=True
[2022-08-18 02:46:52,506][__main__][DEBUG] - Parameter model.model.decoder.layers.0.self_attn.out_proj.weight: torch.Size([768, 768]), require_grad=True
[2022-08-18 02:46:52,506][__main__][DEBUG] - Parameter model.model.decoder.layers.0.self_attn.out_proj.bias: torch.Size([768]), require_grad=True
[2022-08-18 02:46:52,506][__main__][DEBUG] - Parameter model.model.decoder.layers.0.self_attn_layer_norm.weight: torch.Size([768]), require_grad=True
[2022-08-18 02:46:52,506][__main__][DEBUG] - Parameter model.model.decoder.layers.0.self_attn_layer_norm.bias: torch.Size([768]), require_grad=True
[2022-08-18 02:46:52,506][__main__][DEBUG] - Parameter model.model.decoder.layers.0.encoder_attn.k_proj.weight: torch.Size([768, 768]), require_grad=True
[2022-08-18 02:46:52,506][__main__][DEBUG] - Parameter model.model.decoder.layers.0.encoder_attn.k_proj.bias: torch.Size([768]), require_grad=True
[2022-08-18 02:46:52,506][__main__][DEBUG] - Parameter model.model.decoder.layers.0.encoder_attn.v_proj.weight: torch.Size([768, 768]), require_grad=True
[2022-08-18 02:46:52,507][__main__][DEBUG] - Parameter model.model.decoder.layers.0.encoder_attn.v_proj.bias: torch.Size([768]), require_grad=True
[2022-08-18 02:46:52,507][__main__][DEBUG] - Parameter model.model.decoder.layers.0.encoder_attn.q_proj.weight: torch.Size([768, 768]), require_grad=True
[2022-08-18 02:46:52,507][__main__][DEBUG] - Parameter model.model.decoder.layers.0.encoder_attn.q_proj.bias: torch.Size([768]), require_grad=True
[2022-08-18 02:46:52,507][__main__][DEBUG] - Parameter model.model.decoder.layers.0.encoder_attn.out_proj.weight: torch.Size([768, 768]), require_grad=True
[2022-08-18 02:46:52,507][__main__][DEBUG] - Parameter model.model.decoder.layers.0.encoder_attn.out_proj.bias: torch.Size([768]), require_grad=True
[2022-08-18 02:46:52,507][__main__][DEBUG] - Parameter model.model.decoder.layers.0.encoder_attn_layer_norm.weight: torch.Size([768]), require_grad=True
[2022-08-18 02:46:52,507][__main__][DEBUG] - Parameter model.model.decoder.layers.0.encoder_attn_layer_norm.bias: torch.Size([768]), require_grad=True
[2022-08-18 02:46:52,507][__main__][DEBUG] - Parameter model.model.decoder.layers.0.fc1.weight: torch.Size([3072, 768]), require_grad=True
[2022-08-18 02:46:52,507][__main__][DEBUG] - Parameter model.model.decoder.layers.0.fc1.bias: torch.Size([3072]), require_grad=True
[2022-08-18 02:46:52,508][__main__][DEBUG] - Parameter model.model.decoder.layers.0.fc2.weight: torch.Size([768, 3072]), require_grad=True
[2022-08-18 02:46:52,508][__main__][DEBUG] - Parameter model.model.decoder.layers.0.fc2.bias: torch.Size([768]), require_grad=True
[2022-08-18 02:46:52,508][__main__][DEBUG] - Parameter model.model.decoder.layers.0.final_layer_norm.weight: torch.Size([768]), require_grad=True
[2022-08-18 02:46:52,508][__main__][DEBUG] - Parameter model.model.decoder.layers.0.final_layer_norm.bias: torch.Size([768]), require_grad=True
[2022-08-18 02:46:52,508][__main__][DEBUG] - Parameter model.model.decoder.layers.1.self_attn.k_proj.weight: torch.Size([768, 768]), require_grad=True
[2022-08-18 02:46:52,508][__main__][DEBUG] - Parameter model.model.decoder.layers.1.self_attn.k_proj.bias: torch.Size([768]), require_grad=True
[2022-08-18 02:46:52,508][__main__][DEBUG] - Parameter model.model.decoder.layers.1.self_attn.v_proj.weight: torch.Size([768, 768]), require_grad=True
[2022-08-18 02:46:52,508][__main__][DEBUG] - Parameter model.model.decoder.layers.1.self_attn.v_proj.bias: torch.Size([768]), require_grad=True
[2022-08-18 02:46:52,508][__main__][DEBUG] - Parameter model.model.decoder.layers.1.self_attn.q_proj.weight: torch.Size([768, 768]), require_grad=True
[2022-08-18 02:46:52,508][__main__][DEBUG] - Parameter model.model.decoder.layers.1.self_attn.q_proj.bias: torch.Size([768]), require_grad=True
[2022-08-18 02:46:52,509][__main__][DEBUG] - Parameter model.model.decoder.layers.1.self_attn.out_proj.weight: torch.Size([768, 768]), require_grad=True
[2022-08-18 02:46:52,509][__main__][DEBUG] - Parameter model.model.decoder.layers.1.self_attn.out_proj.bias: torch.Size([768]), require_grad=True
[2022-08-18 02:46:52,509][__main__][DEBUG] - Parameter model.model.decoder.layers.1.self_attn_layer_norm.weight: torch.Size([768]), require_grad=True
[2022-08-18 02:46:52,509][__main__][DEBUG] - Parameter model.model.decoder.layers.1.self_attn_layer_norm.bias: torch.Size([768]), require_grad=True
[2022-08-18 02:46:52,509][__main__][DEBUG] - Parameter model.model.decoder.layers.1.encoder_attn.k_proj.weight: torch.Size([768, 768]), require_grad=True
[2022-08-18 02:46:52,509][__main__][DEBUG] - Parameter model.model.decoder.layers.1.encoder_attn.k_proj.bias: torch.Size([768]), require_grad=True
[2022-08-18 02:46:52,509][__main__][DEBUG] - Parameter model.model.decoder.layers.1.encoder_attn.v_proj.weight: torch.Size([768, 768]), require_grad=True
[2022-08-18 02:46:52,509][__main__][DEBUG] - Parameter model.model.decoder.layers.1.encoder_attn.v_proj.bias: torch.Size([768]), require_grad=True
[2022-08-18 02:46:52,509][__main__][DEBUG] - Parameter model.model.decoder.layers.1.encoder_attn.q_proj.weight: torch.Size([768, 768]), require_grad=True
[2022-08-18 02:46:52,510][__main__][DEBUG] - Parameter model.model.decoder.layers.1.encoder_attn.q_proj.bias: torch.Size([768]), require_grad=True
[2022-08-18 02:46:52,510][__main__][DEBUG] - Parameter model.model.decoder.layers.1.encoder_attn.out_proj.weight: torch.Size([768, 768]), require_grad=True
[2022-08-18 02:46:52,510][__main__][DEBUG] - Parameter model.model.decoder.layers.1.encoder_attn.out_proj.bias: torch.Size([768]), require_grad=True
[2022-08-18 02:46:52,510][__main__][DEBUG] - Parameter model.model.decoder.layers.1.encoder_attn_layer_norm.weight: torch.Size([768]), require_grad=True
[2022-08-18 02:46:52,510][__main__][DEBUG] - Parameter model.model.decoder.layers.1.encoder_attn_layer_norm.bias: torch.Size([768]), require_grad=True
[2022-08-18 02:46:52,510][__main__][DEBUG] - Parameter model.model.decoder.layers.1.fc1.weight: torch.Size([3072, 768]), require_grad=True
[2022-08-18 02:46:52,510][__main__][DEBUG] - Parameter model.model.decoder.layers.1.fc1.bias: torch.Size([3072]), require_grad=True
[2022-08-18 02:46:52,510][__main__][DEBUG] - Parameter model.model.decoder.layers.1.fc2.weight: torch.Size([768, 3072]), require_grad=True
[2022-08-18 02:46:52,510][__main__][DEBUG] - Parameter model.model.decoder.layers.1.fc2.bias: torch.Size([768]), require_grad=True
[2022-08-18 02:46:52,510][__main__][DEBUG] - Parameter model.model.decoder.layers.1.final_layer_norm.weight: torch.Size([768]), require_grad=True
[2022-08-18 02:46:52,511][__main__][DEBUG] - Parameter model.model.decoder.layers.1.final_layer_norm.bias: torch.Size([768]), require_grad=True
[2022-08-18 02:46:52,511][__main__][DEBUG] - Parameter model.model.decoder.layers.2.self_attn.k_proj.weight: torch.Size([768, 768]), require_grad=True
[2022-08-18 02:46:52,511][__main__][DEBUG] - Parameter model.model.decoder.layers.2.self_attn.k_proj.bias: torch.Size([768]), require_grad=True
[2022-08-18 02:46:52,511][__main__][DEBUG] - Parameter model.model.decoder.layers.2.self_attn.v_proj.weight: torch.Size([768, 768]), require_grad=True
[2022-08-18 02:46:52,511][__main__][DEBUG] - Parameter model.model.decoder.layers.2.self_attn.v_proj.bias: torch.Size([768]), require_grad=True
[2022-08-18 02:46:52,511][__main__][DEBUG] - Parameter model.model.decoder.layers.2.self_attn.q_proj.weight: torch.Size([768, 768]), require_grad=True
[2022-08-18 02:46:52,511][__main__][DEBUG] - Parameter model.model.decoder.layers.2.self_attn.q_proj.bias: torch.Size([768]), require_grad=True
[2022-08-18 02:46:52,511][__main__][DEBUG] - Parameter model.model.decoder.layers.2.self_attn.out_proj.weight: torch.Size([768, 768]), require_grad=True
[2022-08-18 02:46:52,511][__main__][DEBUG] - Parameter model.model.decoder.layers.2.self_attn.out_proj.bias: torch.Size([768]), require_grad=True
[2022-08-18 02:46:52,512][__main__][DEBUG] - Parameter model.model.decoder.layers.2.self_attn_layer_norm.weight: torch.Size([768]), require_grad=True
[2022-08-18 02:46:52,512][__main__][DEBUG] - Parameter model.model.decoder.layers.2.self_attn_layer_norm.bias: torch.Size([768]), require_grad=True
[2022-08-18 02:46:52,512][__main__][DEBUG] - Parameter model.model.decoder.layers.2.encoder_attn.k_proj.weight: torch.Size([768, 768]), require_grad=True
[2022-08-18 02:46:52,512][__main__][DEBUG] - Parameter model.model.decoder.layers.2.encoder_attn.k_proj.bias: torch.Size([768]), require_grad=True
[2022-08-18 02:46:52,512][__main__][DEBUG] - Parameter model.model.decoder.layers.2.encoder_attn.v_proj.weight: torch.Size([768, 768]), require_grad=True
[2022-08-18 02:46:52,512][__main__][DEBUG] - Parameter model.model.decoder.layers.2.encoder_attn.v_proj.bias: torch.Size([768]), require_grad=True
[2022-08-18 02:46:52,512][__main__][DEBUG] - Parameter model.model.decoder.layers.2.encoder_attn.q_proj.weight: torch.Size([768, 768]), require_grad=True
[2022-08-18 02:46:52,512][__main__][DEBUG] - Parameter model.model.decoder.layers.2.encoder_attn.q_proj.bias: torch.Size([768]), require_grad=True
[2022-08-18 02:46:52,512][__main__][DEBUG] - Parameter model.model.decoder.layers.2.encoder_attn.out_proj.weight: torch.Size([768, 768]), require_grad=True
[2022-08-18 02:46:52,512][__main__][DEBUG] - Parameter model.model.decoder.layers.2.encoder_attn.out_proj.bias: torch.Size([768]), require_grad=True
[2022-08-18 02:46:52,513][__main__][DEBUG] - Parameter model.model.decoder.layers.2.encoder_attn_layer_norm.weight: torch.Size([768]), require_grad=True
[2022-08-18 02:46:52,513][__main__][DEBUG] - Parameter model.model.decoder.layers.2.encoder_attn_layer_norm.bias: torch.Size([768]), require_grad=True
[2022-08-18 02:46:52,513][__main__][DEBUG] - Parameter model.model.decoder.layers.2.fc1.weight: torch.Size([3072, 768]), require_grad=True
[2022-08-18 02:46:52,513][__main__][DEBUG] - Parameter model.model.decoder.layers.2.fc1.bias: torch.Size([3072]), require_grad=True
[2022-08-18 02:46:52,513][__main__][DEBUG] - Parameter model.model.decoder.layers.2.fc2.weight: torch.Size([768, 3072]), require_grad=True
[2022-08-18 02:46:52,513][__main__][DEBUG] - Parameter model.model.decoder.layers.2.fc2.bias: torch.Size([768]), require_grad=True
[2022-08-18 02:46:52,513][__main__][DEBUG] - Parameter model.model.decoder.layers.2.final_layer_norm.weight: torch.Size([768]), require_grad=True
[2022-08-18 02:46:52,513][__main__][DEBUG] - Parameter model.model.decoder.layers.2.final_layer_norm.bias: torch.Size([768]), require_grad=True
[2022-08-18 02:46:52,514][__main__][DEBUG] - Parameter model.model.decoder.layers.3.self_attn.k_proj.weight: torch.Size([768, 768]), require_grad=True
[2022-08-18 02:46:52,514][__main__][DEBUG] - Parameter model.model.decoder.layers.3.self_attn.k_proj.bias: torch.Size([768]), require_grad=True
[2022-08-18 02:46:52,514][__main__][DEBUG] - Parameter model.model.decoder.layers.3.self_attn.v_proj.weight: torch.Size([768, 768]), require_grad=True
[2022-08-18 02:46:52,514][__main__][DEBUG] - Parameter model.model.decoder.layers.3.self_attn.v_proj.bias: torch.Size([768]), require_grad=True
[2022-08-18 02:46:52,514][__main__][DEBUG] - Parameter model.model.decoder.layers.3.self_attn.q_proj.weight: torch.Size([768, 768]), require_grad=True
[2022-08-18 02:46:52,514][__main__][DEBUG] - Parameter model.model.decoder.layers.3.self_attn.q_proj.bias: torch.Size([768]), require_grad=True
[2022-08-18 02:46:52,514][__main__][DEBUG] - Parameter model.model.decoder.layers.3.self_attn.out_proj.weight: torch.Size([768, 768]), require_grad=True
[2022-08-18 02:46:52,514][__main__][DEBUG] - Parameter model.model.decoder.layers.3.self_attn.out_proj.bias: torch.Size([768]), require_grad=True
[2022-08-18 02:46:52,514][__main__][DEBUG] - Parameter model.model.decoder.layers.3.self_attn_layer_norm.weight: torch.Size([768]), require_grad=True
[2022-08-18 02:46:52,514][__main__][DEBUG] - Parameter model.model.decoder.layers.3.self_attn_layer_norm.bias: torch.Size([768]), require_grad=True
[2022-08-18 02:46:52,515][__main__][DEBUG] - Parameter model.model.decoder.layers.3.encoder_attn.k_proj.weight: torch.Size([768, 768]), require_grad=True
[2022-08-18 02:46:52,515][__main__][DEBUG] - Parameter model.model.decoder.layers.3.encoder_attn.k_proj.bias: torch.Size([768]), require_grad=True
[2022-08-18 02:46:52,515][__main__][DEBUG] - Parameter model.model.decoder.layers.3.encoder_attn.v_proj.weight: torch.Size([768, 768]), require_grad=True
[2022-08-18 02:46:52,515][__main__][DEBUG] - Parameter model.model.decoder.layers.3.encoder_attn.v_proj.bias: torch.Size([768]), require_grad=True
[2022-08-18 02:46:52,515][__main__][DEBUG] - Parameter model.model.decoder.layers.3.encoder_attn.q_proj.weight: torch.Size([768, 768]), require_grad=True
[2022-08-18 02:46:52,515][__main__][DEBUG] - Parameter model.model.decoder.layers.3.encoder_attn.q_proj.bias: torch.Size([768]), require_grad=True
[2022-08-18 02:46:52,515][__main__][DEBUG] - Parameter model.model.decoder.layers.3.encoder_attn.out_proj.weight: torch.Size([768, 768]), require_grad=True
[2022-08-18 02:46:52,515][__main__][DEBUG] - Parameter model.model.decoder.layers.3.encoder_attn.out_proj.bias: torch.Size([768]), require_grad=True
[2022-08-18 02:46:52,515][__main__][DEBUG] - Parameter model.model.decoder.layers.3.encoder_attn_layer_norm.weight: torch.Size([768]), require_grad=True
[2022-08-18 02:46:52,516][__main__][DEBUG] - Parameter model.model.decoder.layers.3.encoder_attn_layer_norm.bias: torch.Size([768]), require_grad=True
[2022-08-18 02:46:52,516][__main__][DEBUG] - Parameter model.model.decoder.layers.3.fc1.weight: torch.Size([3072, 768]), require_grad=True
[2022-08-18 02:46:52,516][__main__][DEBUG] - Parameter model.model.decoder.layers.3.fc1.bias: torch.Size([3072]), require_grad=True
[2022-08-18 02:46:52,516][__main__][DEBUG] - Parameter model.model.decoder.layers.3.fc2.weight: torch.Size([768, 3072]), require_grad=True
[2022-08-18 02:46:52,516][__main__][DEBUG] - Parameter model.model.decoder.layers.3.fc2.bias: torch.Size([768]), require_grad=True
[2022-08-18 02:46:52,516][__main__][DEBUG] - Parameter model.model.decoder.layers.3.final_layer_norm.weight: torch.Size([768]), require_grad=True
[2022-08-18 02:46:52,516][__main__][DEBUG] - Parameter model.model.decoder.layers.3.final_layer_norm.bias: torch.Size([768]), require_grad=True
[2022-08-18 02:46:52,603][__main__][DEBUG] - Parameter model.model.decoder.layers.4.self_attn.k_proj.weight: torch.Size([768, 768]), require_grad=True
[2022-08-18 02:46:52,603][__main__][DEBUG] - Parameter model.model.decoder.layers.4.self_attn.k_proj.bias: torch.Size([768]), require_grad=True
[2022-08-18 02:46:52,603][__main__][DEBUG] - Parameter model.model.decoder.layers.4.self_attn.v_proj.weight: torch.Size([768, 768]), require_grad=True
[2022-08-18 02:46:52,603][__main__][DEBUG] - Parameter model.model.decoder.layers.4.self_attn.v_proj.bias: torch.Size([768]), require_grad=True
[2022-08-18 02:46:52,603][__main__][DEBUG] - Parameter model.model.decoder.layers.4.self_attn.q_proj.weight: torch.Size([768, 768]), require_grad=True
[2022-08-18 02:46:52,604][__main__][DEBUG] - Parameter model.model.decoder.layers.4.self_attn.q_proj.bias: torch.Size([768]), require_grad=True
[2022-08-18 02:46:52,604][__main__][DEBUG] - Parameter model.model.decoder.layers.4.self_attn.out_proj.weight: torch.Size([768, 768]), require_grad=True
[2022-08-18 02:46:52,604][__main__][DEBUG] - Parameter model.model.decoder.layers.4.self_attn.out_proj.bias: torch.Size([768]), require_grad=True
[2022-08-18 02:46:52,604][__main__][DEBUG] - Parameter model.model.decoder.layers.4.self_attn_layer_norm.weight: torch.Size([768]), require_grad=True
[2022-08-18 02:46:52,604][__main__][DEBUG] - Parameter model.model.decoder.layers.4.self_attn_layer_norm.bias: torch.Size([768]), require_grad=True
[2022-08-18 02:46:52,604][__main__][DEBUG] - Parameter model.model.decoder.layers.4.encoder_attn.k_proj.weight: torch.Size([768, 768]), require_grad=True
[2022-08-18 02:46:52,605][__main__][DEBUG] - Parameter model.model.decoder.layers.4.encoder_attn.k_proj.bias: torch.Size([768]), require_grad=True
[2022-08-18 02:46:52,605][__main__][DEBUG] - Parameter model.model.decoder.layers.4.encoder_attn.v_proj.weight: torch.Size([768, 768]), require_grad=True
[2022-08-18 02:46:52,605][__main__][DEBUG] - Parameter model.model.decoder.layers.4.encoder_attn.v_proj.bias: torch.Size([768]), require_grad=True
[2022-08-18 02:46:52,605][__main__][DEBUG] - Parameter model.model.decoder.layers.4.encoder_attn.q_proj.weight: torch.Size([768, 768]), require_grad=True
[2022-08-18 02:46:52,605][__main__][DEBUG] - Parameter model.model.decoder.layers.4.encoder_attn.q_proj.bias: torch.Size([768]), require_grad=True
[2022-08-18 02:46:52,605][__main__][DEBUG] - Parameter model.model.decoder.layers.4.encoder_attn.out_proj.weight: torch.Size([768, 768]), require_grad=True
[2022-08-18 02:46:52,605][__main__][DEBUG] - Parameter model.model.decoder.layers.4.encoder_attn.out_proj.bias: torch.Size([768]), require_grad=True
[2022-08-18 02:46:52,606][__main__][DEBUG] - Parameter model.model.decoder.layers.4.encoder_attn_layer_norm.weight: torch.Size([768]), require_grad=True
[2022-08-18 02:46:52,606][__main__][DEBUG] - Parameter model.model.decoder.layers.4.encoder_attn_layer_norm.bias: torch.Size([768]), require_grad=True
[2022-08-18 02:46:52,606][__main__][DEBUG] - Parameter model.model.decoder.layers.4.fc1.weight: torch.Size([3072, 768]), require_grad=True
[2022-08-18 02:46:52,606][__main__][DEBUG] - Parameter model.model.decoder.layers.4.fc1.bias: torch.Size([3072]), require_grad=True
[2022-08-18 02:46:52,606][__main__][DEBUG] - Parameter model.model.decoder.layers.4.fc2.weight: torch.Size([768, 3072]), require_grad=True
[2022-08-18 02:46:52,606][__main__][DEBUG] - Parameter model.model.decoder.layers.4.fc2.bias: torch.Size([768]), require_grad=True
[2022-08-18 02:46:52,607][__main__][DEBUG] - Parameter model.model.decoder.layers.4.final_layer_norm.weight: torch.Size([768]), require_grad=True
[2022-08-18 02:46:52,607][__main__][DEBUG] - Parameter model.model.decoder.layers.4.final_layer_norm.bias: torch.Size([768]), require_grad=True
[2022-08-18 02:46:52,607][__main__][DEBUG] - Parameter model.model.decoder.layers.5.self_attn.k_proj.weight: torch.Size([768, 768]), require_grad=True
[2022-08-18 02:46:52,607][__main__][DEBUG] - Parameter model.model.decoder.layers.5.self_attn.k_proj.bias: torch.Size([768]), require_grad=True
[2022-08-18 02:46:52,607][__main__][DEBUG] - Parameter model.model.decoder.layers.5.self_attn.v_proj.weight: torch.Size([768, 768]), require_grad=True
[2022-08-18 02:46:52,608][__main__][DEBUG] - Parameter model.model.decoder.layers.5.self_attn.v_proj.bias: torch.Size([768]), require_grad=True
[2022-08-18 02:46:52,608][__main__][DEBUG] - Parameter model.model.decoder.layers.5.self_attn.q_proj.weight: torch.Size([768, 768]), require_grad=True
[2022-08-18 02:46:52,608][__main__][DEBUG] - Parameter model.model.decoder.layers.5.self_attn.q_proj.bias: torch.Size([768]), require_grad=True
[2022-08-18 02:46:52,608][__main__][DEBUG] - Parameter model.model.decoder.layers.5.self_attn.out_proj.weight: torch.Size([768, 768]), require_grad=True
[2022-08-18 02:46:52,608][__main__][DEBUG] - Parameter model.model.decoder.layers.5.self_attn.out_proj.bias: torch.Size([768]), require_grad=True
[2022-08-18 02:46:52,608][__main__][DEBUG] - Parameter model.model.decoder.layers.5.self_attn_layer_norm.weight: torch.Size([768]), require_grad=True
[2022-08-18 02:46:52,608][__main__][DEBUG] - Parameter model.model.decoder.layers.5.self_attn_layer_norm.bias: torch.Size([768]), require_grad=True
[2022-08-18 02:46:52,609][__main__][DEBUG] - Parameter model.model.decoder.layers.5.encoder_attn.k_proj.weight: torch.Size([768, 768]), require_grad=True
[2022-08-18 02:46:52,609][__main__][DEBUG] - Parameter model.model.decoder.layers.5.encoder_attn.k_proj.bias: torch.Size([768]), require_grad=True
[2022-08-18 02:46:52,609][__main__][DEBUG] - Parameter model.model.decoder.layers.5.encoder_attn.v_proj.weight: torch.Size([768, 768]), require_grad=True
[2022-08-18 02:46:52,609][__main__][DEBUG] - Parameter model.model.decoder.layers.5.encoder_attn.v_proj.bias: torch.Size([768]), require_grad=True
[2022-08-18 02:46:52,609][__main__][DEBUG] - Parameter model.model.decoder.layers.5.encoder_attn.q_proj.weight: torch.Size([768, 768]), require_grad=True
[2022-08-18 02:46:52,609][__main__][DEBUG] - Parameter model.model.decoder.layers.5.encoder_attn.q_proj.bias: torch.Size([768]), require_grad=True
[2022-08-18 02:46:52,609][__main__][DEBUG] - Parameter model.model.decoder.layers.5.encoder_attn.out_proj.weight: torch.Size([768, 768]), require_grad=True
[2022-08-18 02:46:52,609][__main__][DEBUG] - Parameter model.model.decoder.layers.5.encoder_attn.out_proj.bias: torch.Size([768]), require_grad=True
[2022-08-18 02:46:52,609][__main__][DEBUG] - Parameter model.model.decoder.layers.5.encoder_attn_layer_norm.weight: torch.Size([768]), require_grad=True
[2022-08-18 02:46:52,609][__main__][DEBUG] - Parameter model.model.decoder.layers.5.encoder_attn_layer_norm.bias: torch.Size([768]), require_grad=True
[2022-08-18 02:46:52,610][__main__][DEBUG] - Parameter model.model.decoder.layers.5.fc1.weight: torch.Size([3072, 768]), require_grad=True
[2022-08-18 02:46:52,610][__main__][DEBUG] - Parameter model.model.decoder.layers.5.fc1.bias: torch.Size([3072]), require_grad=True
[2022-08-18 02:46:52,610][__main__][DEBUG] - Parameter model.model.decoder.layers.5.fc2.weight: torch.Size([768, 3072]), require_grad=True
[2022-08-18 02:46:52,610][__main__][DEBUG] - Parameter model.model.decoder.layers.5.fc2.bias: torch.Size([768]), require_grad=True
[2022-08-18 02:46:52,610][__main__][DEBUG] - Parameter model.model.decoder.layers.5.final_layer_norm.weight: torch.Size([768]), require_grad=True
[2022-08-18 02:46:52,610][__main__][DEBUG] - Parameter model.model.decoder.layers.5.final_layer_norm.bias: torch.Size([768]), require_grad=True
[2022-08-18 02:46:52,610][__main__][DEBUG] - Parameter model.model.decoder.layernorm_embedding.weight: torch.Size([768]), require_grad=True
[2022-08-18 02:46:52,610][__main__][DEBUG] - Parameter model.model.decoder.layernorm_embedding.bias: torch.Size([768]), require_grad=True
[2022-08-18 02:46:52,612][__main__][DEBUG] - Starting training!
[2022-08-18 02:46:53,885][__main__][DEBUG] - batch 0: tensor([[    0,   646, 44143,  ...,     1,     1,     1],
        [    0,   646, 44143,  ...,     1,     1,     1],
        [    0,   646, 44143,  ...,     1,     1,     1],
        ...,
        [    0,   646, 44143,  ...,     1,     1,     1],
        [    0,   646, 44143,  ...,     1,     1,     1],
        [    0,   646, 44143,  ...,     1,     1,     1]], device='cuda:0') 
[2022-08-18 02:46:53,888][__main__][DEBUG] - batch 1: tensor([[1, 1, 1,  ..., 0, 0, 0],
        [1, 1, 1,  ..., 0, 0, 0],
        [1, 1, 1,  ..., 0, 0, 0],
        ...,
        [1, 1, 1,  ..., 0, 0, 0],
        [1, 1, 1,  ..., 0, 0, 0],
        [1, 1, 1,  ..., 0, 0, 0]], device='cuda:0') 
[2022-08-18 02:46:53,889][__main__][DEBUG] - batch 2: tensor([[    0, 47764,   636,  ...,     1,     1,     1],
        [    0, 47764,   636,  ...,     1,     1,     1],
        [    0,  2136,  4135,  ...,     1,     1,     1],
        ...,
        [    0, 47764,   636,  ...,     1,     1,     1],
        [    0, 47764,   636,  ...,     1,     1,     1],
        [    0,  2136,  4135,  ...,     1,     1,     1]], device='cuda:0') 
[2022-08-18 02:46:53,891][__main__][DEBUG] - batch 3: tensor([[1, 1, 1,  ..., 0, 0, 0],
        [1, 1, 1,  ..., 0, 0, 0],
        [1, 1, 1,  ..., 0, 0, 0],
        ...,
        [1, 1, 1,  ..., 0, 0, 0],
        [1, 1, 1,  ..., 0, 0, 0],
        [1, 1, 1,  ..., 0, 0, 0]], device='cuda:0') 
[2022-08-18 02:46:53,892][__main__][DEBUG] - batch 4: tensor([[50, 50, 50,  ..., 50, 50, 50],
        [50, 50, 50,  ..., 50, 50, 50],
        [50, 50, 50,  ..., 50, 50, 50],
        ...,
        [50, 50, 50,  ..., 50, 50, 50],
        [50, 50, 50,  ..., 50, 50, 50],
        [50, 50, 50,  ..., 50, 50, 50]], device='cuda:0') 
[2022-08-18 02:46:53,900][__main__][DEBUG] - batch 5: tensor([[60, 60, 60,  ..., 60, 60, 60],
        [60, 60, 60,  ..., 60, 60, 60],
        [60, 60, 60,  ..., 60, 60, 60],
        ...,
        [60, 60, 60,  ..., 60, 60, 60],
        [60, 60, 60,  ..., 60, 60, 60],
        [60, 60, 60,  ..., 60, 60, 60]], device='cuda:0') 
[2022-08-18 02:46:53,901][__main__][DEBUG] - batch 6: tensor([[2],
        [2],
        [3],
        [2],
        [3],
        [2],
        [7],
        [3]], device='cuda:0') 
[2022-08-18 02:46:53,901][__main__][DEBUG] - batch 7: tensor([[1],
        [1],
        [1],
        [1],
        [1],
        [1],
        [3],
        [1]], device='cuda:0') 
[2022-08-18 02:46:53,910][__main__][DEBUG] - batch 8: tensor([[[60, 60, 60,  ..., 60, 60, 60],
         [ 0, 60, 60,  ..., 60, 60, 60],
         [60, 60, 60,  ..., 60, 60, 60],
         ...,
         [60, 60, 60,  ..., 60, 60, 60],
         [60, 60, 60,  ..., 60, 60, 60],
         [60, 60, 60,  ..., 60, 60, 60]],

        [[60, 60, 60,  ..., 60, 60, 60],
         [ 0, 60, 60,  ..., 60, 60, 60],
         [60, 60, 60,  ..., 60, 60, 60],
         ...,
         [60, 60, 60,  ..., 60, 60, 60],
         [60, 60, 60,  ..., 60, 60, 60],
         [60, 60, 60,  ..., 60, 60, 60]],

        [[60,  1,  0,  ..., 60, 60, 60],
         [60, 60, 60,  ..., 60, 60, 60],
         [60, 60, 60,  ..., 60, 60, 60],
         ...,
         [60, 60, 60,  ..., 60, 60, 60],
         [60, 60, 60,  ..., 60, 60, 60],
         [60, 60, 60,  ..., 60, 60, 60]],

        ...,

        [[60,  0, 60,  ..., 60, 60, 60],
         [60, 60, 60,  ..., 60, 60, 60],
         [60, 60, 60,  ..., 60, 60, 60],
         ...,
         [60, 60, 60,  ..., 60, 60, 60],
         [60, 60, 60,  ..., 60, 60, 60],
         [60, 60, 60,  ..., 60, 60, 60]],

        [[60, 60, 60,  ..., 60, 60, 60],
         [60, 60, 60,  ..., 60, 60, 60],
         [60, 60, 60,  ..., 60, 60, 60],
         ...,
         [60, 60, 60,  ..., 60, 60, 60],
         [60, 60, 60,  ..., 60, 60, 60],
         [60, 60, 60,  ..., 60, 60, 60]],

        [[60, 60, 60,  ..., 60, 60, 60],
         [60, 60, 60,  ..., 60, 60, 60],
         [ 1,  0, 60,  ..., 60, 60, 60],
         ...,
         [60, 60, 60,  ..., 60, 60, 60],
         [60, 60, 60,  ..., 60, 60, 60],
         [60, 60, 60,  ..., 60, 60, 60]]], device='cuda:0') 
[2022-08-18 02:46:54,908][__main__][DEBUG] - Stop training because loss=tensor(nan, device='cuda:0')
