[2022-08-15 23:50:48,158][transformers.tokenization_utils_base][INFO] - Model name 'pretrain_model/jointgt_t5' not found in model shortcut name list (t5-small, t5-base, t5-large, t5-3b, t5-11b). Assuming 'pretrain_model/jointgt_t5' is a path, a model identifier, or url to a directory containing tokenizer files.
[2022-08-15 23:50:48,532][transformers.tokenization_utils_base][INFO] - Didn't find file pretrain_model/jointgt_t5/added_tokens.json. We won't load it.
[2022-08-15 23:50:48,533][transformers.tokenization_utils_base][INFO] - Didn't find file pretrain_model/jointgt_t5/special_tokens_map.json. We won't load it.
[2022-08-15 23:50:48,533][transformers.tokenization_utils_base][INFO] - Didn't find file pretrain_model/jointgt_t5/tokenizer_config.json. We won't load it.
[2022-08-15 23:50:48,533][transformers.tokenization_utils_base][INFO] - loading file pretrain_model/jointgt_t5/spiece.model
[2022-08-15 23:50:48,534][transformers.tokenization_utils_base][INFO] - loading file None
[2022-08-15 23:50:48,534][transformers.tokenization_utils_base][INFO] - loading file None
[2022-08-15 23:50:48,534][transformers.tokenization_utils_base][INFO] - loading file None
[2022-08-15 23:50:48,534][transformers.tokenization_utils_base][INFO] - loading file pretrain_model/jointgt_t5/tokenizer.json
[2022-08-15 23:51:05,464][transformers.configuration_utils][INFO] - loading configuration file pretrain_model/jointgt_t5/config.json
[2022-08-15 23:51:05,464][transformers.configuration_utils][INFO] - Model config T5Config {
  "architectures": [
    "MyT5Pretrain"
  ],
  "d_ff": 3072,
  "d_kv": 64,
  "d_model": 768,
  "decoder_start_token_id": 0,
  "dropout_rate": 0.1,
  "eos_token_id": 1,
  "initializer_factor": 1.0,
  "is_encoder_decoder": true,
  "layer_norm_epsilon": 1e-06,
  "model_type": "t5",
  "n_positions": 512,
  "num_heads": 12,
  "num_layers": 12,
  "output_past": true,
  "pad_token_id": 0,
  "relative_attention_num_buckets": 32,
  "task_specific_params": {
    "summarization": {
      "early_stopping": true,
      "length_penalty": 2.0,
      "max_length": 200,
      "min_length": 30,
      "no_repeat_ngram_size": 3,
      "num_beams": 4,
      "prefix": "summarize: "
    },
    "translation_en_to_de": {
      "early_stopping": true,
      "max_length": 300,
      "num_beams": 4,
      "prefix": "translate English to German: "
    },
    "translation_en_to_fr": {
      "early_stopping": true,
      "max_length": 300,
      "num_beams": 4,
      "prefix": "translate English to French: "
    },
    "translation_en_to_ro": {
      "early_stopping": true,
      "max_length": 300,
      "num_beams": 4,
      "prefix": "translate English to Romanian: "
    }
  },
  "vocab_size": 32128
}

[2022-08-15 23:51:05,466][transformers.modeling_utils][INFO] - loading weights file pretrain_model/jointgt_t5/pytorch_model.bin
[2022-08-15 23:51:24,566][transformers.modeling_utils][INFO] - All model checkpoint weights were used when initializing MyT5ForConditionalGeneration.

[2022-08-15 23:51:24,566][transformers.modeling_utils][INFO] - All the weights of MyT5ForConditionalGeneration were initialized from the model checkpoint at pretrain_model/jointgt_t5.
If your task is similar to the task the model of the ckeckpoint was trained on, you can already use MyT5ForConditionalGeneration for predictions without further training.
[2022-08-15 23:51:29,787][__main__][DEBUG] - Parameter model.shared.weight: torch.Size([32128, 768]), require_grad=True
[2022-08-15 23:51:29,788][__main__][DEBUG] - Parameter model.encoder.block.0.layer.0.SelfAttention.q.weight: torch.Size([768, 768]), require_grad=True
[2022-08-15 23:51:29,788][__main__][DEBUG] - Parameter model.encoder.block.0.layer.0.SelfAttention.k.weight: torch.Size([768, 768]), require_grad=True
[2022-08-15 23:51:29,788][__main__][DEBUG] - Parameter model.encoder.block.0.layer.0.SelfAttention.v.weight: torch.Size([768, 768]), require_grad=True
[2022-08-15 23:51:29,788][__main__][DEBUG] - Parameter model.encoder.block.0.layer.0.SelfAttention.o.weight: torch.Size([768, 768]), require_grad=True
[2022-08-15 23:51:29,788][__main__][DEBUG] - Parameter model.encoder.block.0.layer.0.SelfAttention.relative_attention_bias.weight: torch.Size([32, 12]), require_grad=True
[2022-08-15 23:51:29,789][__main__][DEBUG] - Parameter model.encoder.block.0.layer.0.SelfStructAttention.q.weight: torch.Size([768, 768]), require_grad=True
[2022-08-15 23:51:29,789][__main__][DEBUG] - Parameter model.encoder.block.0.layer.0.SelfStructAttention.k.weight: torch.Size([768, 768]), require_grad=True
[2022-08-15 23:51:29,789][__main__][DEBUG] - Parameter model.encoder.block.0.layer.0.SelfStructAttention.v.weight: torch.Size([768, 768]), require_grad=True
[2022-08-15 23:51:29,789][__main__][DEBUG] - Parameter model.encoder.block.0.layer.0.SelfStructAttention.rel_k.weight: torch.Size([768, 768]), require_grad=True
[2022-08-15 23:51:29,789][__main__][DEBUG] - Parameter model.encoder.block.0.layer.0.SelfStructAttention.rel_v.weight: torch.Size([768, 768]), require_grad=True
[2022-08-15 23:51:29,789][__main__][DEBUG] - Parameter model.encoder.block.0.layer.0.SelfStructAttention.o.weight: torch.Size([768, 768]), require_grad=True
[2022-08-15 23:51:29,789][__main__][DEBUG] - Parameter model.encoder.block.0.layer.0.SelfStructAttention.relative_attention_bias.weight: torch.Size([32, 12]), require_grad=True
[2022-08-15 23:51:29,790][__main__][DEBUG] - Parameter model.encoder.block.0.layer.0.layer_norm.weight: torch.Size([768]), require_grad=True
[2022-08-15 23:51:29,790][__main__][DEBUG] - Parameter model.encoder.block.0.layer.1.DenseReluDense.wi.weight: torch.Size([3072, 768]), require_grad=True
[2022-08-15 23:51:29,790][__main__][DEBUG] - Parameter model.encoder.block.0.layer.1.DenseReluDense.wo.weight: torch.Size([768, 3072]), require_grad=True
[2022-08-15 23:51:29,790][__main__][DEBUG] - Parameter model.encoder.block.0.layer.1.layer_norm.weight: torch.Size([768]), require_grad=True
[2022-08-15 23:51:29,790][__main__][DEBUG] - Parameter model.encoder.block.1.layer.0.SelfAttention.q.weight: torch.Size([768, 768]), require_grad=True
[2022-08-15 23:51:29,790][__main__][DEBUG] - Parameter model.encoder.block.1.layer.0.SelfAttention.k.weight: torch.Size([768, 768]), require_grad=True
[2022-08-15 23:51:29,790][__main__][DEBUG] - Parameter model.encoder.block.1.layer.0.SelfAttention.v.weight: torch.Size([768, 768]), require_grad=True
[2022-08-15 23:51:29,790][__main__][DEBUG] - Parameter model.encoder.block.1.layer.0.SelfAttention.o.weight: torch.Size([768, 768]), require_grad=True
[2022-08-15 23:51:29,791][__main__][DEBUG] - Parameter model.encoder.block.1.layer.0.SelfStructAttention.q.weight: torch.Size([768, 768]), require_grad=True
[2022-08-15 23:51:29,791][__main__][DEBUG] - Parameter model.encoder.block.1.layer.0.SelfStructAttention.k.weight: torch.Size([768, 768]), require_grad=True
[2022-08-15 23:51:29,791][__main__][DEBUG] - Parameter model.encoder.block.1.layer.0.SelfStructAttention.v.weight: torch.Size([768, 768]), require_grad=True
[2022-08-15 23:51:29,791][__main__][DEBUG] - Parameter model.encoder.block.1.layer.0.SelfStructAttention.rel_k.weight: torch.Size([768, 768]), require_grad=True
[2022-08-15 23:51:29,791][__main__][DEBUG] - Parameter model.encoder.block.1.layer.0.SelfStructAttention.rel_v.weight: torch.Size([768, 768]), require_grad=True
[2022-08-15 23:51:29,791][__main__][DEBUG] - Parameter model.encoder.block.1.layer.0.SelfStructAttention.o.weight: torch.Size([768, 768]), require_grad=True
[2022-08-15 23:51:29,791][__main__][DEBUG] - Parameter model.encoder.block.1.layer.0.layer_norm.weight: torch.Size([768]), require_grad=True
[2022-08-15 23:51:29,791][__main__][DEBUG] - Parameter model.encoder.block.1.layer.1.DenseReluDense.wi.weight: torch.Size([3072, 768]), require_grad=True
[2022-08-15 23:51:29,791][__main__][DEBUG] - Parameter model.encoder.block.1.layer.1.DenseReluDense.wo.weight: torch.Size([768, 3072]), require_grad=True
[2022-08-15 23:51:29,792][__main__][DEBUG] - Parameter model.encoder.block.1.layer.1.layer_norm.weight: torch.Size([768]), require_grad=True
[2022-08-15 23:51:29,792][__main__][DEBUG] - Parameter model.encoder.block.2.layer.0.SelfAttention.q.weight: torch.Size([768, 768]), require_grad=True
[2022-08-15 23:51:29,792][__main__][DEBUG] - Parameter model.encoder.block.2.layer.0.SelfAttention.k.weight: torch.Size([768, 768]), require_grad=True
[2022-08-15 23:51:29,792][__main__][DEBUG] - Parameter model.encoder.block.2.layer.0.SelfAttention.v.weight: torch.Size([768, 768]), require_grad=True
[2022-08-15 23:51:29,792][__main__][DEBUG] - Parameter model.encoder.block.2.layer.0.SelfAttention.o.weight: torch.Size([768, 768]), require_grad=True
[2022-08-15 23:51:29,792][__main__][DEBUG] - Parameter model.encoder.block.2.layer.0.SelfStructAttention.q.weight: torch.Size([768, 768]), require_grad=True
[2022-08-15 23:51:29,792][__main__][DEBUG] - Parameter model.encoder.block.2.layer.0.SelfStructAttention.k.weight: torch.Size([768, 768]), require_grad=True
[2022-08-15 23:51:29,792][__main__][DEBUG] - Parameter model.encoder.block.2.layer.0.SelfStructAttention.v.weight: torch.Size([768, 768]), require_grad=True
[2022-08-15 23:51:29,792][__main__][DEBUG] - Parameter model.encoder.block.2.layer.0.SelfStructAttention.rel_k.weight: torch.Size([768, 768]), require_grad=True
[2022-08-15 23:51:29,793][__main__][DEBUG] - Parameter model.encoder.block.2.layer.0.SelfStructAttention.rel_v.weight: torch.Size([768, 768]), require_grad=True
[2022-08-15 23:51:29,793][__main__][DEBUG] - Parameter model.encoder.block.2.layer.0.SelfStructAttention.o.weight: torch.Size([768, 768]), require_grad=True
[2022-08-15 23:51:29,793][__main__][DEBUG] - Parameter model.encoder.block.2.layer.0.layer_norm.weight: torch.Size([768]), require_grad=True
[2022-08-15 23:51:29,793][__main__][DEBUG] - Parameter model.encoder.block.2.layer.1.DenseReluDense.wi.weight: torch.Size([3072, 768]), require_grad=True
[2022-08-15 23:51:29,793][__main__][DEBUG] - Parameter model.encoder.block.2.layer.1.DenseReluDense.wo.weight: torch.Size([768, 3072]), require_grad=True
[2022-08-15 23:51:29,793][__main__][DEBUG] - Parameter model.encoder.block.2.layer.1.layer_norm.weight: torch.Size([768]), require_grad=True
[2022-08-15 23:51:29,793][__main__][DEBUG] - Parameter model.encoder.block.3.layer.0.SelfAttention.q.weight: torch.Size([768, 768]), require_grad=True
[2022-08-15 23:51:29,794][__main__][DEBUG] - Parameter model.encoder.block.3.layer.0.SelfAttention.k.weight: torch.Size([768, 768]), require_grad=True
[2022-08-15 23:51:29,794][__main__][DEBUG] - Parameter model.encoder.block.3.layer.0.SelfAttention.v.weight: torch.Size([768, 768]), require_grad=True
[2022-08-15 23:51:29,794][__main__][DEBUG] - Parameter model.encoder.block.3.layer.0.SelfAttention.o.weight: torch.Size([768, 768]), require_grad=True
[2022-08-15 23:51:29,794][__main__][DEBUG] - Parameter model.encoder.block.3.layer.0.SelfStructAttention.q.weight: torch.Size([768, 768]), require_grad=True
[2022-08-15 23:51:29,794][__main__][DEBUG] - Parameter model.encoder.block.3.layer.0.SelfStructAttention.k.weight: torch.Size([768, 768]), require_grad=True
[2022-08-15 23:51:29,794][__main__][DEBUG] - Parameter model.encoder.block.3.layer.0.SelfStructAttention.v.weight: torch.Size([768, 768]), require_grad=True
[2022-08-15 23:51:29,794][__main__][DEBUG] - Parameter model.encoder.block.3.layer.0.SelfStructAttention.rel_k.weight: torch.Size([768, 768]), require_grad=True
[2022-08-15 23:51:29,794][__main__][DEBUG] - Parameter model.encoder.block.3.layer.0.SelfStructAttention.rel_v.weight: torch.Size([768, 768]), require_grad=True
[2022-08-15 23:51:29,794][__main__][DEBUG] - Parameter model.encoder.block.3.layer.0.SelfStructAttention.o.weight: torch.Size([768, 768]), require_grad=True
[2022-08-15 23:51:29,795][__main__][DEBUG] - Parameter model.encoder.block.3.layer.0.layer_norm.weight: torch.Size([768]), require_grad=True
[2022-08-15 23:51:29,795][__main__][DEBUG] - Parameter model.encoder.block.3.layer.1.DenseReluDense.wi.weight: torch.Size([3072, 768]), require_grad=True
[2022-08-15 23:51:29,795][__main__][DEBUG] - Parameter model.encoder.block.3.layer.1.DenseReluDense.wo.weight: torch.Size([768, 3072]), require_grad=True
[2022-08-15 23:51:29,795][__main__][DEBUG] - Parameter model.encoder.block.3.layer.1.layer_norm.weight: torch.Size([768]), require_grad=True
[2022-08-15 23:51:29,795][__main__][DEBUG] - Parameter model.encoder.block.4.layer.0.SelfAttention.q.weight: torch.Size([768, 768]), require_grad=True
[2022-08-15 23:51:29,796][__main__][DEBUG] - Parameter model.encoder.block.4.layer.0.SelfAttention.k.weight: torch.Size([768, 768]), require_grad=True
[2022-08-15 23:51:29,796][__main__][DEBUG] - Parameter model.encoder.block.4.layer.0.SelfAttention.v.weight: torch.Size([768, 768]), require_grad=True
[2022-08-15 23:51:29,796][__main__][DEBUG] - Parameter model.encoder.block.4.layer.0.SelfAttention.o.weight: torch.Size([768, 768]), require_grad=True
[2022-08-15 23:51:29,796][__main__][DEBUG] - Parameter model.encoder.block.4.layer.0.SelfStructAttention.q.weight: torch.Size([768, 768]), require_grad=True
[2022-08-15 23:51:29,796][__main__][DEBUG] - Parameter model.encoder.block.4.layer.0.SelfStructAttention.k.weight: torch.Size([768, 768]), require_grad=True
[2022-08-15 23:51:29,796][__main__][DEBUG] - Parameter model.encoder.block.4.layer.0.SelfStructAttention.v.weight: torch.Size([768, 768]), require_grad=True
[2022-08-15 23:51:29,796][__main__][DEBUG] - Parameter model.encoder.block.4.layer.0.SelfStructAttention.rel_k.weight: torch.Size([768, 768]), require_grad=True
[2022-08-15 23:51:29,796][__main__][DEBUG] - Parameter model.encoder.block.4.layer.0.SelfStructAttention.rel_v.weight: torch.Size([768, 768]), require_grad=True
[2022-08-15 23:51:29,797][__main__][DEBUG] - Parameter model.encoder.block.4.layer.0.SelfStructAttention.o.weight: torch.Size([768, 768]), require_grad=True
[2022-08-15 23:51:29,797][__main__][DEBUG] - Parameter model.encoder.block.4.layer.0.layer_norm.weight: torch.Size([768]), require_grad=True
[2022-08-15 23:51:29,797][__main__][DEBUG] - Parameter model.encoder.block.4.layer.1.DenseReluDense.wi.weight: torch.Size([3072, 768]), require_grad=True
[2022-08-15 23:51:29,797][__main__][DEBUG] - Parameter model.encoder.block.4.layer.1.DenseReluDense.wo.weight: torch.Size([768, 3072]), require_grad=True
[2022-08-15 23:51:29,797][__main__][DEBUG] - Parameter model.encoder.block.4.layer.1.layer_norm.weight: torch.Size([768]), require_grad=True
[2022-08-15 23:51:29,797][__main__][DEBUG] - Parameter model.encoder.block.5.layer.0.SelfAttention.q.weight: torch.Size([768, 768]), require_grad=True
[2022-08-15 23:51:29,797][__main__][DEBUG] - Parameter model.encoder.block.5.layer.0.SelfAttention.k.weight: torch.Size([768, 768]), require_grad=True
[2022-08-15 23:51:29,797][__main__][DEBUG] - Parameter model.encoder.block.5.layer.0.SelfAttention.v.weight: torch.Size([768, 768]), require_grad=True
[2022-08-15 23:51:29,797][__main__][DEBUG] - Parameter model.encoder.block.5.layer.0.SelfAttention.o.weight: torch.Size([768, 768]), require_grad=True
[2022-08-15 23:51:29,798][__main__][DEBUG] - Parameter model.encoder.block.5.layer.0.SelfStructAttention.q.weight: torch.Size([768, 768]), require_grad=True
[2022-08-15 23:51:29,798][__main__][DEBUG] - Parameter model.encoder.block.5.layer.0.SelfStructAttention.k.weight: torch.Size([768, 768]), require_grad=True
[2022-08-15 23:51:29,798][__main__][DEBUG] - Parameter model.encoder.block.5.layer.0.SelfStructAttention.v.weight: torch.Size([768, 768]), require_grad=True
[2022-08-15 23:51:29,798][__main__][DEBUG] - Parameter model.encoder.block.5.layer.0.SelfStructAttention.rel_k.weight: torch.Size([768, 768]), require_grad=True
[2022-08-15 23:51:29,798][__main__][DEBUG] - Parameter model.encoder.block.5.layer.0.SelfStructAttention.rel_v.weight: torch.Size([768, 768]), require_grad=True
[2022-08-15 23:51:29,798][__main__][DEBUG] - Parameter model.encoder.block.5.layer.0.SelfStructAttention.o.weight: torch.Size([768, 768]), require_grad=True
[2022-08-15 23:51:29,798][__main__][DEBUG] - Parameter model.encoder.block.5.layer.0.layer_norm.weight: torch.Size([768]), require_grad=True
[2022-08-15 23:51:29,798][__main__][DEBUG] - Parameter model.encoder.block.5.layer.1.DenseReluDense.wi.weight: torch.Size([3072, 768]), require_grad=True
[2022-08-15 23:51:29,799][__main__][DEBUG] - Parameter model.encoder.block.5.layer.1.DenseReluDense.wo.weight: torch.Size([768, 3072]), require_grad=True
[2022-08-15 23:51:29,799][__main__][DEBUG] - Parameter model.encoder.block.5.layer.1.layer_norm.weight: torch.Size([768]), require_grad=True
[2022-08-15 23:51:29,799][__main__][DEBUG] - Parameter model.encoder.block.6.layer.0.SelfAttention.q.weight: torch.Size([768, 768]), require_grad=True
[2022-08-15 23:51:29,799][__main__][DEBUG] - Parameter model.encoder.block.6.layer.0.SelfAttention.k.weight: torch.Size([768, 768]), require_grad=True
[2022-08-15 23:51:29,799][__main__][DEBUG] - Parameter model.encoder.block.6.layer.0.SelfAttention.v.weight: torch.Size([768, 768]), require_grad=True
[2022-08-15 23:51:29,799][__main__][DEBUG] - Parameter model.encoder.block.6.layer.0.SelfAttention.o.weight: torch.Size([768, 768]), require_grad=True
[2022-08-15 23:51:29,799][__main__][DEBUG] - Parameter model.encoder.block.6.layer.0.SelfStructAttention.q.weight: torch.Size([768, 768]), require_grad=True
[2022-08-15 23:51:29,800][__main__][DEBUG] - Parameter model.encoder.block.6.layer.0.SelfStructAttention.k.weight: torch.Size([768, 768]), require_grad=True
[2022-08-15 23:51:29,800][__main__][DEBUG] - Parameter model.encoder.block.6.layer.0.SelfStructAttention.v.weight: torch.Size([768, 768]), require_grad=True
[2022-08-15 23:51:29,800][__main__][DEBUG] - Parameter model.encoder.block.6.layer.0.SelfStructAttention.rel_k.weight: torch.Size([768, 768]), require_grad=True
[2022-08-15 23:51:29,800][__main__][DEBUG] - Parameter model.encoder.block.6.layer.0.SelfStructAttention.rel_v.weight: torch.Size([768, 768]), require_grad=True
[2022-08-15 23:51:29,800][__main__][DEBUG] - Parameter model.encoder.block.6.layer.0.SelfStructAttention.o.weight: torch.Size([768, 768]), require_grad=True
[2022-08-15 23:51:29,800][__main__][DEBUG] - Parameter model.encoder.block.6.layer.0.layer_norm.weight: torch.Size([768]), require_grad=True
[2022-08-15 23:51:29,800][__main__][DEBUG] - Parameter model.encoder.block.6.layer.1.DenseReluDense.wi.weight: torch.Size([3072, 768]), require_grad=True
[2022-08-15 23:51:29,800][__main__][DEBUG] - Parameter model.encoder.block.6.layer.1.DenseReluDense.wo.weight: torch.Size([768, 3072]), require_grad=True
[2022-08-15 23:51:29,800][__main__][DEBUG] - Parameter model.encoder.block.6.layer.1.layer_norm.weight: torch.Size([768]), require_grad=True
[2022-08-15 23:51:29,801][__main__][DEBUG] - Parameter model.encoder.block.7.layer.0.SelfAttention.q.weight: torch.Size([768, 768]), require_grad=True
[2022-08-15 23:51:29,801][__main__][DEBUG] - Parameter model.encoder.block.7.layer.0.SelfAttention.k.weight: torch.Size([768, 768]), require_grad=True
[2022-08-15 23:51:29,801][__main__][DEBUG] - Parameter model.encoder.block.7.layer.0.SelfAttention.v.weight: torch.Size([768, 768]), require_grad=True
[2022-08-15 23:51:29,801][__main__][DEBUG] - Parameter model.encoder.block.7.layer.0.SelfAttention.o.weight: torch.Size([768, 768]), require_grad=True
[2022-08-15 23:51:29,801][__main__][DEBUG] - Parameter model.encoder.block.7.layer.0.SelfStructAttention.q.weight: torch.Size([768, 768]), require_grad=True
[2022-08-15 23:51:29,801][__main__][DEBUG] - Parameter model.encoder.block.7.layer.0.SelfStructAttention.k.weight: torch.Size([768, 768]), require_grad=True
[2022-08-15 23:51:29,801][__main__][DEBUG] - Parameter model.encoder.block.7.layer.0.SelfStructAttention.v.weight: torch.Size([768, 768]), require_grad=True
[2022-08-15 23:51:29,801][__main__][DEBUG] - Parameter model.encoder.block.7.layer.0.SelfStructAttention.rel_k.weight: torch.Size([768, 768]), require_grad=True
[2022-08-15 23:51:29,801][__main__][DEBUG] - Parameter model.encoder.block.7.layer.0.SelfStructAttention.rel_v.weight: torch.Size([768, 768]), require_grad=True
[2022-08-15 23:51:29,802][__main__][DEBUG] - Parameter model.encoder.block.7.layer.0.SelfStructAttention.o.weight: torch.Size([768, 768]), require_grad=True
[2022-08-15 23:51:29,802][__main__][DEBUG] - Parameter model.encoder.block.7.layer.0.layer_norm.weight: torch.Size([768]), require_grad=True
[2022-08-15 23:51:29,802][__main__][DEBUG] - Parameter model.encoder.block.7.layer.1.DenseReluDense.wi.weight: torch.Size([3072, 768]), require_grad=True
[2022-08-15 23:51:29,802][__main__][DEBUG] - Parameter model.encoder.block.7.layer.1.DenseReluDense.wo.weight: torch.Size([768, 3072]), require_grad=True
[2022-08-15 23:51:29,802][__main__][DEBUG] - Parameter model.encoder.block.7.layer.1.layer_norm.weight: torch.Size([768]), require_grad=True
[2022-08-15 23:51:29,802][__main__][DEBUG] - Parameter model.encoder.block.8.layer.0.SelfAttention.q.weight: torch.Size([768, 768]), require_grad=True
[2022-08-15 23:51:29,802][__main__][DEBUG] - Parameter model.encoder.block.8.layer.0.SelfAttention.k.weight: torch.Size([768, 768]), require_grad=True
[2022-08-15 23:51:29,802][__main__][DEBUG] - Parameter model.encoder.block.8.layer.0.SelfAttention.v.weight: torch.Size([768, 768]), require_grad=True
[2022-08-15 23:51:29,803][__main__][DEBUG] - Parameter model.encoder.block.8.layer.0.SelfAttention.o.weight: torch.Size([768, 768]), require_grad=True
[2022-08-15 23:51:29,803][__main__][DEBUG] - Parameter model.encoder.block.8.layer.0.SelfStructAttention.q.weight: torch.Size([768, 768]), require_grad=True
[2022-08-15 23:51:29,877][__main__][DEBUG] - Parameter model.encoder.block.8.layer.0.SelfStructAttention.k.weight: torch.Size([768, 768]), require_grad=True
[2022-08-15 23:51:29,877][__main__][DEBUG] - Parameter model.encoder.block.8.layer.0.SelfStructAttention.v.weight: torch.Size([768, 768]), require_grad=True
[2022-08-15 23:51:29,877][__main__][DEBUG] - Parameter model.encoder.block.8.layer.0.SelfStructAttention.rel_k.weight: torch.Size([768, 768]), require_grad=True
[2022-08-15 23:51:29,877][__main__][DEBUG] - Parameter model.encoder.block.8.layer.0.SelfStructAttention.rel_v.weight: torch.Size([768, 768]), require_grad=True
[2022-08-15 23:51:29,877][__main__][DEBUG] - Parameter model.encoder.block.8.layer.0.SelfStructAttention.o.weight: torch.Size([768, 768]), require_grad=True
[2022-08-15 23:51:29,878][__main__][DEBUG] - Parameter model.encoder.block.8.layer.0.layer_norm.weight: torch.Size([768]), require_grad=True
[2022-08-15 23:51:29,878][__main__][DEBUG] - Parameter model.encoder.block.8.layer.1.DenseReluDense.wi.weight: torch.Size([3072, 768]), require_grad=True
[2022-08-15 23:51:29,878][__main__][DEBUG] - Parameter model.encoder.block.8.layer.1.DenseReluDense.wo.weight: torch.Size([768, 3072]), require_grad=True
[2022-08-15 23:51:29,878][__main__][DEBUG] - Parameter model.encoder.block.8.layer.1.layer_norm.weight: torch.Size([768]), require_grad=True
[2022-08-15 23:51:29,878][__main__][DEBUG] - Parameter model.encoder.block.9.layer.0.SelfAttention.q.weight: torch.Size([768, 768]), require_grad=True
[2022-08-15 23:51:29,879][__main__][DEBUG] - Parameter model.encoder.block.9.layer.0.SelfAttention.k.weight: torch.Size([768, 768]), require_grad=True
[2022-08-15 23:51:29,879][__main__][DEBUG] - Parameter model.encoder.block.9.layer.0.SelfAttention.v.weight: torch.Size([768, 768]), require_grad=True
[2022-08-15 23:51:29,879][__main__][DEBUG] - Parameter model.encoder.block.9.layer.0.SelfAttention.o.weight: torch.Size([768, 768]), require_grad=True
[2022-08-15 23:51:29,879][__main__][DEBUG] - Parameter model.encoder.block.9.layer.0.SelfStructAttention.q.weight: torch.Size([768, 768]), require_grad=True
[2022-08-15 23:51:29,879][__main__][DEBUG] - Parameter model.encoder.block.9.layer.0.SelfStructAttention.k.weight: torch.Size([768, 768]), require_grad=True
[2022-08-15 23:51:29,880][__main__][DEBUG] - Parameter model.encoder.block.9.layer.0.SelfStructAttention.v.weight: torch.Size([768, 768]), require_grad=True
[2022-08-15 23:51:29,880][__main__][DEBUG] - Parameter model.encoder.block.9.layer.0.SelfStructAttention.rel_k.weight: torch.Size([768, 768]), require_grad=True
[2022-08-15 23:51:29,880][__main__][DEBUG] - Parameter model.encoder.block.9.layer.0.SelfStructAttention.rel_v.weight: torch.Size([768, 768]), require_grad=True
[2022-08-15 23:51:29,880][__main__][DEBUG] - Parameter model.encoder.block.9.layer.0.SelfStructAttention.o.weight: torch.Size([768, 768]), require_grad=True
[2022-08-15 23:51:29,880][__main__][DEBUG] - Parameter model.encoder.block.9.layer.0.layer_norm.weight: torch.Size([768]), require_grad=True
[2022-08-15 23:51:29,880][__main__][DEBUG] - Parameter model.encoder.block.9.layer.1.DenseReluDense.wi.weight: torch.Size([3072, 768]), require_grad=True
[2022-08-15 23:51:29,881][__main__][DEBUG] - Parameter model.encoder.block.9.layer.1.DenseReluDense.wo.weight: torch.Size([768, 3072]), require_grad=True
[2022-08-15 23:51:29,881][__main__][DEBUG] - Parameter model.encoder.block.9.layer.1.layer_norm.weight: torch.Size([768]), require_grad=True
[2022-08-15 23:51:29,881][__main__][DEBUG] - Parameter model.encoder.block.10.layer.0.SelfAttention.q.weight: torch.Size([768, 768]), require_grad=True
[2022-08-15 23:51:29,881][__main__][DEBUG] - Parameter model.encoder.block.10.layer.0.SelfAttention.k.weight: torch.Size([768, 768]), require_grad=True
[2022-08-15 23:51:29,881][__main__][DEBUG] - Parameter model.encoder.block.10.layer.0.SelfAttention.v.weight: torch.Size([768, 768]), require_grad=True
[2022-08-15 23:51:29,882][__main__][DEBUG] - Parameter model.encoder.block.10.layer.0.SelfAttention.o.weight: torch.Size([768, 768]), require_grad=True
[2022-08-15 23:51:29,882][__main__][DEBUG] - Parameter model.encoder.block.10.layer.0.SelfStructAttention.q.weight: torch.Size([768, 768]), require_grad=True
[2022-08-15 23:51:29,882][__main__][DEBUG] - Parameter model.encoder.block.10.layer.0.SelfStructAttention.k.weight: torch.Size([768, 768]), require_grad=True
[2022-08-15 23:51:29,882][__main__][DEBUG] - Parameter model.encoder.block.10.layer.0.SelfStructAttention.v.weight: torch.Size([768, 768]), require_grad=True
[2022-08-15 23:51:29,882][__main__][DEBUG] - Parameter model.encoder.block.10.layer.0.SelfStructAttention.rel_k.weight: torch.Size([768, 768]), require_grad=True
[2022-08-15 23:51:29,882][__main__][DEBUG] - Parameter model.encoder.block.10.layer.0.SelfStructAttention.rel_v.weight: torch.Size([768, 768]), require_grad=True
[2022-08-15 23:51:29,882][__main__][DEBUG] - Parameter model.encoder.block.10.layer.0.SelfStructAttention.o.weight: torch.Size([768, 768]), require_grad=True
[2022-08-15 23:51:29,882][__main__][DEBUG] - Parameter model.encoder.block.10.layer.0.layer_norm.weight: torch.Size([768]), require_grad=True
[2022-08-15 23:51:29,882][__main__][DEBUG] - Parameter model.encoder.block.10.layer.1.DenseReluDense.wi.weight: torch.Size([3072, 768]), require_grad=True
[2022-08-15 23:51:29,883][__main__][DEBUG] - Parameter model.encoder.block.10.layer.1.DenseReluDense.wo.weight: torch.Size([768, 3072]), require_grad=True
[2022-08-15 23:51:29,883][__main__][DEBUG] - Parameter model.encoder.block.10.layer.1.layer_norm.weight: torch.Size([768]), require_grad=True
[2022-08-15 23:51:29,883][__main__][DEBUG] - Parameter model.encoder.block.11.layer.0.SelfAttention.q.weight: torch.Size([768, 768]), require_grad=True
[2022-08-15 23:51:29,883][__main__][DEBUG] - Parameter model.encoder.block.11.layer.0.SelfAttention.k.weight: torch.Size([768, 768]), require_grad=True
[2022-08-15 23:51:29,883][__main__][DEBUG] - Parameter model.encoder.block.11.layer.0.SelfAttention.v.weight: torch.Size([768, 768]), require_grad=True
[2022-08-15 23:51:29,883][__main__][DEBUG] - Parameter model.encoder.block.11.layer.0.SelfAttention.o.weight: torch.Size([768, 768]), require_grad=True
[2022-08-15 23:51:29,883][__main__][DEBUG] - Parameter model.encoder.block.11.layer.0.SelfStructAttention.q.weight: torch.Size([768, 768]), require_grad=True
[2022-08-15 23:51:29,883][__main__][DEBUG] - Parameter model.encoder.block.11.layer.0.SelfStructAttention.k.weight: torch.Size([768, 768]), require_grad=True
[2022-08-15 23:51:29,883][__main__][DEBUG] - Parameter model.encoder.block.11.layer.0.SelfStructAttention.v.weight: torch.Size([768, 768]), require_grad=True
[2022-08-15 23:51:29,884][__main__][DEBUG] - Parameter model.encoder.block.11.layer.0.SelfStructAttention.rel_k.weight: torch.Size([768, 768]), require_grad=True
[2022-08-15 23:51:29,884][__main__][DEBUG] - Parameter model.encoder.block.11.layer.0.SelfStructAttention.rel_v.weight: torch.Size([768, 768]), require_grad=True
[2022-08-15 23:51:29,884][__main__][DEBUG] - Parameter model.encoder.block.11.layer.0.SelfStructAttention.o.weight: torch.Size([768, 768]), require_grad=True
[2022-08-15 23:51:29,884][__main__][DEBUG] - Parameter model.encoder.block.11.layer.0.layer_norm.weight: torch.Size([768]), require_grad=True
[2022-08-15 23:51:29,884][__main__][DEBUG] - Parameter model.encoder.block.11.layer.1.DenseReluDense.wi.weight: torch.Size([3072, 768]), require_grad=True
[2022-08-15 23:51:29,884][__main__][DEBUG] - Parameter model.encoder.block.11.layer.1.DenseReluDense.wo.weight: torch.Size([768, 3072]), require_grad=True
[2022-08-15 23:51:29,884][__main__][DEBUG] - Parameter model.encoder.block.11.layer.1.layer_norm.weight: torch.Size([768]), require_grad=True
[2022-08-15 23:51:29,884][__main__][DEBUG] - Parameter model.encoder.final_layer_norm.weight: torch.Size([768]), require_grad=True
[2022-08-15 23:51:29,884][__main__][DEBUG] - Parameter model.decoder.block.0.layer.0.SelfAttention.q.weight: torch.Size([768, 768]), require_grad=True
[2022-08-15 23:51:29,884][__main__][DEBUG] - Parameter model.decoder.block.0.layer.0.SelfAttention.k.weight: torch.Size([768, 768]), require_grad=True
[2022-08-15 23:51:29,885][__main__][DEBUG] - Parameter model.decoder.block.0.layer.0.SelfAttention.v.weight: torch.Size([768, 768]), require_grad=True
[2022-08-15 23:51:29,885][__main__][DEBUG] - Parameter model.decoder.block.0.layer.0.SelfAttention.o.weight: torch.Size([768, 768]), require_grad=True
[2022-08-15 23:51:29,885][__main__][DEBUG] - Parameter model.decoder.block.0.layer.0.SelfAttention.relative_attention_bias.weight: torch.Size([32, 12]), require_grad=True
[2022-08-15 23:51:29,885][__main__][DEBUG] - Parameter model.decoder.block.0.layer.0.layer_norm.weight: torch.Size([768]), require_grad=True
[2022-08-15 23:51:29,885][__main__][DEBUG] - Parameter model.decoder.block.0.layer.1.EncDecAttention.q.weight: torch.Size([768, 768]), require_grad=True
[2022-08-15 23:51:29,885][__main__][DEBUG] - Parameter model.decoder.block.0.layer.1.EncDecAttention.k.weight: torch.Size([768, 768]), require_grad=True
[2022-08-15 23:51:29,885][__main__][DEBUG] - Parameter model.decoder.block.0.layer.1.EncDecAttention.v.weight: torch.Size([768, 768]), require_grad=True
[2022-08-15 23:51:29,885][__main__][DEBUG] - Parameter model.decoder.block.0.layer.1.EncDecAttention.o.weight: torch.Size([768, 768]), require_grad=True
[2022-08-15 23:51:29,886][__main__][DEBUG] - Parameter model.decoder.block.0.layer.1.EncDecAttention.relative_attention_bias.weight: torch.Size([32, 12]), require_grad=True
[2022-08-15 23:51:29,886][__main__][DEBUG] - Parameter model.decoder.block.0.layer.1.layer_norm.weight: torch.Size([768]), require_grad=True
[2022-08-15 23:51:29,886][__main__][DEBUG] - Parameter model.decoder.block.0.layer.2.DenseReluDense.wi.weight: torch.Size([3072, 768]), require_grad=True
[2022-08-15 23:51:29,886][__main__][DEBUG] - Parameter model.decoder.block.0.layer.2.DenseReluDense.wo.weight: torch.Size([768, 3072]), require_grad=True
[2022-08-15 23:51:29,886][__main__][DEBUG] - Parameter model.decoder.block.0.layer.2.layer_norm.weight: torch.Size([768]), require_grad=True
[2022-08-15 23:51:29,886][__main__][DEBUG] - Parameter model.decoder.block.1.layer.0.SelfAttention.q.weight: torch.Size([768, 768]), require_grad=True
[2022-08-15 23:51:29,886][__main__][DEBUG] - Parameter model.decoder.block.1.layer.0.SelfAttention.k.weight: torch.Size([768, 768]), require_grad=True
[2022-08-15 23:51:29,886][__main__][DEBUG] - Parameter model.decoder.block.1.layer.0.SelfAttention.v.weight: torch.Size([768, 768]), require_grad=True
[2022-08-15 23:51:29,886][__main__][DEBUG] - Parameter model.decoder.block.1.layer.0.SelfAttention.o.weight: torch.Size([768, 768]), require_grad=True
[2022-08-15 23:51:29,887][__main__][DEBUG] - Parameter model.decoder.block.1.layer.0.layer_norm.weight: torch.Size([768]), require_grad=True
[2022-08-15 23:51:29,887][__main__][DEBUG] - Parameter model.decoder.block.1.layer.1.EncDecAttention.q.weight: torch.Size([768, 768]), require_grad=True
[2022-08-15 23:51:29,887][__main__][DEBUG] - Parameter model.decoder.block.1.layer.1.EncDecAttention.k.weight: torch.Size([768, 768]), require_grad=True
[2022-08-15 23:51:29,887][__main__][DEBUG] - Parameter model.decoder.block.1.layer.1.EncDecAttention.v.weight: torch.Size([768, 768]), require_grad=True
[2022-08-15 23:51:29,887][__main__][DEBUG] - Parameter model.decoder.block.1.layer.1.EncDecAttention.o.weight: torch.Size([768, 768]), require_grad=True
[2022-08-15 23:51:29,887][__main__][DEBUG] - Parameter model.decoder.block.1.layer.1.layer_norm.weight: torch.Size([768]), require_grad=True
[2022-08-15 23:51:29,887][__main__][DEBUG] - Parameter model.decoder.block.1.layer.2.DenseReluDense.wi.weight: torch.Size([3072, 768]), require_grad=True
[2022-08-15 23:51:29,887][__main__][DEBUG] - Parameter model.decoder.block.1.layer.2.DenseReluDense.wo.weight: torch.Size([768, 3072]), require_grad=True
[2022-08-15 23:51:29,888][__main__][DEBUG] - Parameter model.decoder.block.1.layer.2.layer_norm.weight: torch.Size([768]), require_grad=True
[2022-08-15 23:51:29,888][__main__][DEBUG] - Parameter model.decoder.block.2.layer.0.SelfAttention.q.weight: torch.Size([768, 768]), require_grad=True
[2022-08-15 23:51:29,888][__main__][DEBUG] - Parameter model.decoder.block.2.layer.0.SelfAttention.k.weight: torch.Size([768, 768]), require_grad=True
[2022-08-15 23:51:29,888][__main__][DEBUG] - Parameter model.decoder.block.2.layer.0.SelfAttention.v.weight: torch.Size([768, 768]), require_grad=True
[2022-08-15 23:51:29,888][__main__][DEBUG] - Parameter model.decoder.block.2.layer.0.SelfAttention.o.weight: torch.Size([768, 768]), require_grad=True
[2022-08-15 23:51:29,888][__main__][DEBUG] - Parameter model.decoder.block.2.layer.0.layer_norm.weight: torch.Size([768]), require_grad=True
[2022-08-15 23:51:29,888][__main__][DEBUG] - Parameter model.decoder.block.2.layer.1.EncDecAttention.q.weight: torch.Size([768, 768]), require_grad=True
[2022-08-15 23:51:29,888][__main__][DEBUG] - Parameter model.decoder.block.2.layer.1.EncDecAttention.k.weight: torch.Size([768, 768]), require_grad=True
[2022-08-15 23:51:29,888][__main__][DEBUG] - Parameter model.decoder.block.2.layer.1.EncDecAttention.v.weight: torch.Size([768, 768]), require_grad=True
[2022-08-15 23:51:29,889][__main__][DEBUG] - Parameter model.decoder.block.2.layer.1.EncDecAttention.o.weight: torch.Size([768, 768]), require_grad=True
[2022-08-15 23:51:29,889][__main__][DEBUG] - Parameter model.decoder.block.2.layer.1.layer_norm.weight: torch.Size([768]), require_grad=True
[2022-08-15 23:51:29,889][__main__][DEBUG] - Parameter model.decoder.block.2.layer.2.DenseReluDense.wi.weight: torch.Size([3072, 768]), require_grad=True
[2022-08-15 23:51:29,889][__main__][DEBUG] - Parameter model.decoder.block.2.layer.2.DenseReluDense.wo.weight: torch.Size([768, 3072]), require_grad=True
[2022-08-15 23:51:29,889][__main__][DEBUG] - Parameter model.decoder.block.2.layer.2.layer_norm.weight: torch.Size([768]), require_grad=True
[2022-08-15 23:51:29,889][__main__][DEBUG] - Parameter model.decoder.block.3.layer.0.SelfAttention.q.weight: torch.Size([768, 768]), require_grad=True
[2022-08-15 23:51:29,889][__main__][DEBUG] - Parameter model.decoder.block.3.layer.0.SelfAttention.k.weight: torch.Size([768, 768]), require_grad=True
[2022-08-15 23:51:29,890][__main__][DEBUG] - Parameter model.decoder.block.3.layer.0.SelfAttention.v.weight: torch.Size([768, 768]), require_grad=True
[2022-08-15 23:51:29,890][__main__][DEBUG] - Parameter model.decoder.block.3.layer.0.SelfAttention.o.weight: torch.Size([768, 768]), require_grad=True
[2022-08-15 23:51:29,890][__main__][DEBUG] - Parameter model.decoder.block.3.layer.0.layer_norm.weight: torch.Size([768]), require_grad=True
[2022-08-15 23:51:29,890][__main__][DEBUG] - Parameter model.decoder.block.3.layer.1.EncDecAttention.q.weight: torch.Size([768, 768]), require_grad=True
[2022-08-15 23:51:29,890][__main__][DEBUG] - Parameter model.decoder.block.3.layer.1.EncDecAttention.k.weight: torch.Size([768, 768]), require_grad=True
[2022-08-15 23:51:29,890][__main__][DEBUG] - Parameter model.decoder.block.3.layer.1.EncDecAttention.v.weight: torch.Size([768, 768]), require_grad=True
[2022-08-15 23:51:29,890][__main__][DEBUG] - Parameter model.decoder.block.3.layer.1.EncDecAttention.o.weight: torch.Size([768, 768]), require_grad=True
[2022-08-15 23:51:29,890][__main__][DEBUG] - Parameter model.decoder.block.3.layer.1.layer_norm.weight: torch.Size([768]), require_grad=True
[2022-08-15 23:51:29,891][__main__][DEBUG] - Parameter model.decoder.block.3.layer.2.DenseReluDense.wi.weight: torch.Size([3072, 768]), require_grad=True
[2022-08-15 23:51:29,891][__main__][DEBUG] - Parameter model.decoder.block.3.layer.2.DenseReluDense.wo.weight: torch.Size([768, 3072]), require_grad=True
[2022-08-15 23:51:29,891][__main__][DEBUG] - Parameter model.decoder.block.3.layer.2.layer_norm.weight: torch.Size([768]), require_grad=True
[2022-08-15 23:51:29,891][__main__][DEBUG] - Parameter model.decoder.block.4.layer.0.SelfAttention.q.weight: torch.Size([768, 768]), require_grad=True
[2022-08-15 23:51:29,891][__main__][DEBUG] - Parameter model.decoder.block.4.layer.0.SelfAttention.k.weight: torch.Size([768, 768]), require_grad=True
[2022-08-15 23:51:29,891][__main__][DEBUG] - Parameter model.decoder.block.4.layer.0.SelfAttention.v.weight: torch.Size([768, 768]), require_grad=True
[2022-08-15 23:51:29,891][__main__][DEBUG] - Parameter model.decoder.block.4.layer.0.SelfAttention.o.weight: torch.Size([768, 768]), require_grad=True
[2022-08-15 23:51:29,891][__main__][DEBUG] - Parameter model.decoder.block.4.layer.0.layer_norm.weight: torch.Size([768]), require_grad=True
[2022-08-15 23:51:29,891][__main__][DEBUG] - Parameter model.decoder.block.4.layer.1.EncDecAttention.q.weight: torch.Size([768, 768]), require_grad=True
[2022-08-15 23:51:29,892][__main__][DEBUG] - Parameter model.decoder.block.4.layer.1.EncDecAttention.k.weight: torch.Size([768, 768]), require_grad=True
[2022-08-15 23:51:29,892][__main__][DEBUG] - Parameter model.decoder.block.4.layer.1.EncDecAttention.v.weight: torch.Size([768, 768]), require_grad=True
[2022-08-15 23:51:29,892][__main__][DEBUG] - Parameter model.decoder.block.4.layer.1.EncDecAttention.o.weight: torch.Size([768, 768]), require_grad=True
[2022-08-15 23:51:29,892][__main__][DEBUG] - Parameter model.decoder.block.4.layer.1.layer_norm.weight: torch.Size([768]), require_grad=True
[2022-08-15 23:51:29,892][__main__][DEBUG] - Parameter model.decoder.block.4.layer.2.DenseReluDense.wi.weight: torch.Size([3072, 768]), require_grad=True
[2022-08-15 23:51:29,892][__main__][DEBUG] - Parameter model.decoder.block.4.layer.2.DenseReluDense.wo.weight: torch.Size([768, 3072]), require_grad=True
[2022-08-15 23:51:29,892][__main__][DEBUG] - Parameter model.decoder.block.4.layer.2.layer_norm.weight: torch.Size([768]), require_grad=True
[2022-08-15 23:51:29,892][__main__][DEBUG] - Parameter model.decoder.block.5.layer.0.SelfAttention.q.weight: torch.Size([768, 768]), require_grad=True
[2022-08-15 23:51:29,892][__main__][DEBUG] - Parameter model.decoder.block.5.layer.0.SelfAttention.k.weight: torch.Size([768, 768]), require_grad=True
[2022-08-15 23:51:29,893][__main__][DEBUG] - Parameter model.decoder.block.5.layer.0.SelfAttention.v.weight: torch.Size([768, 768]), require_grad=True
[2022-08-15 23:51:29,893][__main__][DEBUG] - Parameter model.decoder.block.5.layer.0.SelfAttention.o.weight: torch.Size([768, 768]), require_grad=True
[2022-08-15 23:51:29,893][__main__][DEBUG] - Parameter model.decoder.block.5.layer.0.layer_norm.weight: torch.Size([768]), require_grad=True
[2022-08-15 23:51:29,893][__main__][DEBUG] - Parameter model.decoder.block.5.layer.1.EncDecAttention.q.weight: torch.Size([768, 768]), require_grad=True
[2022-08-15 23:51:29,893][__main__][DEBUG] - Parameter model.decoder.block.5.layer.1.EncDecAttention.k.weight: torch.Size([768, 768]), require_grad=True
[2022-08-15 23:51:29,893][__main__][DEBUG] - Parameter model.decoder.block.5.layer.1.EncDecAttention.v.weight: torch.Size([768, 768]), require_grad=True
[2022-08-15 23:51:29,893][__main__][DEBUG] - Parameter model.decoder.block.5.layer.1.EncDecAttention.o.weight: torch.Size([768, 768]), require_grad=True
[2022-08-15 23:51:29,893][__main__][DEBUG] - Parameter model.decoder.block.5.layer.1.layer_norm.weight: torch.Size([768]), require_grad=True
[2022-08-15 23:51:29,894][__main__][DEBUG] - Parameter model.decoder.block.5.layer.2.DenseReluDense.wi.weight: torch.Size([3072, 768]), require_grad=True
[2022-08-15 23:51:29,894][__main__][DEBUG] - Parameter model.decoder.block.5.layer.2.DenseReluDense.wo.weight: torch.Size([768, 3072]), require_grad=True
[2022-08-15 23:51:29,894][__main__][DEBUG] - Parameter model.decoder.block.5.layer.2.layer_norm.weight: torch.Size([768]), require_grad=True
[2022-08-15 23:51:29,894][__main__][DEBUG] - Parameter model.decoder.block.6.layer.0.SelfAttention.q.weight: torch.Size([768, 768]), require_grad=True
[2022-08-15 23:51:29,894][__main__][DEBUG] - Parameter model.decoder.block.6.layer.0.SelfAttention.k.weight: torch.Size([768, 768]), require_grad=True
[2022-08-15 23:51:29,894][__main__][DEBUG] - Parameter model.decoder.block.6.layer.0.SelfAttention.v.weight: torch.Size([768, 768]), require_grad=True
[2022-08-15 23:51:29,894][__main__][DEBUG] - Parameter model.decoder.block.6.layer.0.SelfAttention.o.weight: torch.Size([768, 768]), require_grad=True
[2022-08-15 23:51:29,894][__main__][DEBUG] - Parameter model.decoder.block.6.layer.0.layer_norm.weight: torch.Size([768]), require_grad=True
[2022-08-15 23:51:29,894][__main__][DEBUG] - Parameter model.decoder.block.6.layer.1.EncDecAttention.q.weight: torch.Size([768, 768]), require_grad=True
[2022-08-15 23:51:29,895][__main__][DEBUG] - Parameter model.decoder.block.6.layer.1.EncDecAttention.k.weight: torch.Size([768, 768]), require_grad=True
[2022-08-15 23:51:29,895][__main__][DEBUG] - Parameter model.decoder.block.6.layer.1.EncDecAttention.v.weight: torch.Size([768, 768]), require_grad=True
[2022-08-15 23:51:29,895][__main__][DEBUG] - Parameter model.decoder.block.6.layer.1.EncDecAttention.o.weight: torch.Size([768, 768]), require_grad=True
[2022-08-15 23:51:29,982][__main__][DEBUG] - Parameter model.decoder.block.6.layer.1.layer_norm.weight: torch.Size([768]), require_grad=True
[2022-08-15 23:51:29,982][__main__][DEBUG] - Parameter model.decoder.block.6.layer.2.DenseReluDense.wi.weight: torch.Size([3072, 768]), require_grad=True
[2022-08-15 23:51:29,983][__main__][DEBUG] - Parameter model.decoder.block.6.layer.2.DenseReluDense.wo.weight: torch.Size([768, 3072]), require_grad=True
[2022-08-15 23:51:29,983][__main__][DEBUG] - Parameter model.decoder.block.6.layer.2.layer_norm.weight: torch.Size([768]), require_grad=True
[2022-08-15 23:51:29,983][__main__][DEBUG] - Parameter model.decoder.block.7.layer.0.SelfAttention.q.weight: torch.Size([768, 768]), require_grad=True
[2022-08-15 23:51:29,983][__main__][DEBUG] - Parameter model.decoder.block.7.layer.0.SelfAttention.k.weight: torch.Size([768, 768]), require_grad=True
[2022-08-15 23:51:29,983][__main__][DEBUG] - Parameter model.decoder.block.7.layer.0.SelfAttention.v.weight: torch.Size([768, 768]), require_grad=True
[2022-08-15 23:51:29,984][__main__][DEBUG] - Parameter model.decoder.block.7.layer.0.SelfAttention.o.weight: torch.Size([768, 768]), require_grad=True
[2022-08-15 23:51:29,984][__main__][DEBUG] - Parameter model.decoder.block.7.layer.0.layer_norm.weight: torch.Size([768]), require_grad=True
[2022-08-15 23:51:29,984][__main__][DEBUG] - Parameter model.decoder.block.7.layer.1.EncDecAttention.q.weight: torch.Size([768, 768]), require_grad=True
[2022-08-15 23:51:29,984][__main__][DEBUG] - Parameter model.decoder.block.7.layer.1.EncDecAttention.k.weight: torch.Size([768, 768]), require_grad=True
[2022-08-15 23:51:29,984][__main__][DEBUG] - Parameter model.decoder.block.7.layer.1.EncDecAttention.v.weight: torch.Size([768, 768]), require_grad=True
[2022-08-15 23:51:29,985][__main__][DEBUG] - Parameter model.decoder.block.7.layer.1.EncDecAttention.o.weight: torch.Size([768, 768]), require_grad=True
[2022-08-15 23:51:29,985][__main__][DEBUG] - Parameter model.decoder.block.7.layer.1.layer_norm.weight: torch.Size([768]), require_grad=True
[2022-08-15 23:51:29,985][__main__][DEBUG] - Parameter model.decoder.block.7.layer.2.DenseReluDense.wi.weight: torch.Size([3072, 768]), require_grad=True
[2022-08-15 23:51:29,986][__main__][DEBUG] - Parameter model.decoder.block.7.layer.2.DenseReluDense.wo.weight: torch.Size([768, 3072]), require_grad=True
[2022-08-15 23:51:29,986][__main__][DEBUG] - Parameter model.decoder.block.7.layer.2.layer_norm.weight: torch.Size([768]), require_grad=True
[2022-08-15 23:51:29,986][__main__][DEBUG] - Parameter model.decoder.block.8.layer.0.SelfAttention.q.weight: torch.Size([768, 768]), require_grad=True
[2022-08-15 23:51:29,986][__main__][DEBUG] - Parameter model.decoder.block.8.layer.0.SelfAttention.k.weight: torch.Size([768, 768]), require_grad=True
[2022-08-15 23:51:29,986][__main__][DEBUG] - Parameter model.decoder.block.8.layer.0.SelfAttention.v.weight: torch.Size([768, 768]), require_grad=True
[2022-08-15 23:51:29,986][__main__][DEBUG] - Parameter model.decoder.block.8.layer.0.SelfAttention.o.weight: torch.Size([768, 768]), require_grad=True
[2022-08-15 23:51:29,986][__main__][DEBUG] - Parameter model.decoder.block.8.layer.0.layer_norm.weight: torch.Size([768]), require_grad=True
[2022-08-15 23:51:29,987][__main__][DEBUG] - Parameter model.decoder.block.8.layer.1.EncDecAttention.q.weight: torch.Size([768, 768]), require_grad=True
[2022-08-15 23:51:29,987][__main__][DEBUG] - Parameter model.decoder.block.8.layer.1.EncDecAttention.k.weight: torch.Size([768, 768]), require_grad=True
[2022-08-15 23:51:29,987][__main__][DEBUG] - Parameter model.decoder.block.8.layer.1.EncDecAttention.v.weight: torch.Size([768, 768]), require_grad=True
[2022-08-15 23:51:29,987][__main__][DEBUG] - Parameter model.decoder.block.8.layer.1.EncDecAttention.o.weight: torch.Size([768, 768]), require_grad=True
[2022-08-15 23:51:29,987][__main__][DEBUG] - Parameter model.decoder.block.8.layer.1.layer_norm.weight: torch.Size([768]), require_grad=True
[2022-08-15 23:51:29,987][__main__][DEBUG] - Parameter model.decoder.block.8.layer.2.DenseReluDense.wi.weight: torch.Size([3072, 768]), require_grad=True
[2022-08-15 23:51:29,987][__main__][DEBUG] - Parameter model.decoder.block.8.layer.2.DenseReluDense.wo.weight: torch.Size([768, 3072]), require_grad=True
[2022-08-15 23:51:29,987][__main__][DEBUG] - Parameter model.decoder.block.8.layer.2.layer_norm.weight: torch.Size([768]), require_grad=True
[2022-08-15 23:51:29,987][__main__][DEBUG] - Parameter model.decoder.block.9.layer.0.SelfAttention.q.weight: torch.Size([768, 768]), require_grad=True
[2022-08-15 23:51:29,987][__main__][DEBUG] - Parameter model.decoder.block.9.layer.0.SelfAttention.k.weight: torch.Size([768, 768]), require_grad=True
[2022-08-15 23:51:29,988][__main__][DEBUG] - Parameter model.decoder.block.9.layer.0.SelfAttention.v.weight: torch.Size([768, 768]), require_grad=True
[2022-08-15 23:51:29,988][__main__][DEBUG] - Parameter model.decoder.block.9.layer.0.SelfAttention.o.weight: torch.Size([768, 768]), require_grad=True
[2022-08-15 23:51:29,988][__main__][DEBUG] - Parameter model.decoder.block.9.layer.0.layer_norm.weight: torch.Size([768]), require_grad=True
[2022-08-15 23:51:29,988][__main__][DEBUG] - Parameter model.decoder.block.9.layer.1.EncDecAttention.q.weight: torch.Size([768, 768]), require_grad=True
[2022-08-15 23:51:29,988][__main__][DEBUG] - Parameter model.decoder.block.9.layer.1.EncDecAttention.k.weight: torch.Size([768, 768]), require_grad=True
[2022-08-15 23:51:29,988][__main__][DEBUG] - Parameter model.decoder.block.9.layer.1.EncDecAttention.v.weight: torch.Size([768, 768]), require_grad=True
[2022-08-15 23:51:29,988][__main__][DEBUG] - Parameter model.decoder.block.9.layer.1.EncDecAttention.o.weight: torch.Size([768, 768]), require_grad=True
[2022-08-15 23:51:29,988][__main__][DEBUG] - Parameter model.decoder.block.9.layer.1.layer_norm.weight: torch.Size([768]), require_grad=True
[2022-08-15 23:51:29,988][__main__][DEBUG] - Parameter model.decoder.block.9.layer.2.DenseReluDense.wi.weight: torch.Size([3072, 768]), require_grad=True
[2022-08-15 23:51:29,988][__main__][DEBUG] - Parameter model.decoder.block.9.layer.2.DenseReluDense.wo.weight: torch.Size([768, 3072]), require_grad=True
[2022-08-15 23:51:29,989][__main__][DEBUG] - Parameter model.decoder.block.9.layer.2.layer_norm.weight: torch.Size([768]), require_grad=True
[2022-08-15 23:51:29,989][__main__][DEBUG] - Parameter model.decoder.block.10.layer.0.SelfAttention.q.weight: torch.Size([768, 768]), require_grad=True
[2022-08-15 23:51:29,989][__main__][DEBUG] - Parameter model.decoder.block.10.layer.0.SelfAttention.k.weight: torch.Size([768, 768]), require_grad=True
[2022-08-15 23:51:29,989][__main__][DEBUG] - Parameter model.decoder.block.10.layer.0.SelfAttention.v.weight: torch.Size([768, 768]), require_grad=True
[2022-08-15 23:51:29,989][__main__][DEBUG] - Parameter model.decoder.block.10.layer.0.SelfAttention.o.weight: torch.Size([768, 768]), require_grad=True
[2022-08-15 23:51:29,989][__main__][DEBUG] - Parameter model.decoder.block.10.layer.0.layer_norm.weight: torch.Size([768]), require_grad=True
[2022-08-15 23:51:29,989][__main__][DEBUG] - Parameter model.decoder.block.10.layer.1.EncDecAttention.q.weight: torch.Size([768, 768]), require_grad=True
[2022-08-15 23:51:29,989][__main__][DEBUG] - Parameter model.decoder.block.10.layer.1.EncDecAttention.k.weight: torch.Size([768, 768]), require_grad=True
[2022-08-15 23:51:29,989][__main__][DEBUG] - Parameter model.decoder.block.10.layer.1.EncDecAttention.v.weight: torch.Size([768, 768]), require_grad=True
[2022-08-15 23:51:29,990][__main__][DEBUG] - Parameter model.decoder.block.10.layer.1.EncDecAttention.o.weight: torch.Size([768, 768]), require_grad=True
[2022-08-15 23:51:29,990][__main__][DEBUG] - Parameter model.decoder.block.10.layer.1.layer_norm.weight: torch.Size([768]), require_grad=True
[2022-08-15 23:51:29,990][__main__][DEBUG] - Parameter model.decoder.block.10.layer.2.DenseReluDense.wi.weight: torch.Size([3072, 768]), require_grad=True
[2022-08-15 23:51:29,990][__main__][DEBUG] - Parameter model.decoder.block.10.layer.2.DenseReluDense.wo.weight: torch.Size([768, 3072]), require_grad=True
[2022-08-15 23:51:29,990][__main__][DEBUG] - Parameter model.decoder.block.10.layer.2.layer_norm.weight: torch.Size([768]), require_grad=True
[2022-08-15 23:51:29,990][__main__][DEBUG] - Parameter model.decoder.block.11.layer.0.SelfAttention.q.weight: torch.Size([768, 768]), require_grad=True
[2022-08-15 23:51:29,990][__main__][DEBUG] - Parameter model.decoder.block.11.layer.0.SelfAttention.k.weight: torch.Size([768, 768]), require_grad=True
[2022-08-15 23:51:29,990][__main__][DEBUG] - Parameter model.decoder.block.11.layer.0.SelfAttention.v.weight: torch.Size([768, 768]), require_grad=True
[2022-08-15 23:51:29,990][__main__][DEBUG] - Parameter model.decoder.block.11.layer.0.SelfAttention.o.weight: torch.Size([768, 768]), require_grad=True
[2022-08-15 23:51:29,990][__main__][DEBUG] - Parameter model.decoder.block.11.layer.0.layer_norm.weight: torch.Size([768]), require_grad=True
[2022-08-15 23:51:29,990][__main__][DEBUG] - Parameter model.decoder.block.11.layer.1.EncDecAttention.q.weight: torch.Size([768, 768]), require_grad=True
[2022-08-15 23:51:29,991][__main__][DEBUG] - Parameter model.decoder.block.11.layer.1.EncDecAttention.k.weight: torch.Size([768, 768]), require_grad=True
[2022-08-15 23:51:29,991][__main__][DEBUG] - Parameter model.decoder.block.11.layer.1.EncDecAttention.v.weight: torch.Size([768, 768]), require_grad=True
[2022-08-15 23:51:29,991][__main__][DEBUG] - Parameter model.decoder.block.11.layer.1.EncDecAttention.o.weight: torch.Size([768, 768]), require_grad=True
[2022-08-15 23:51:29,991][__main__][DEBUG] - Parameter model.decoder.block.11.layer.1.layer_norm.weight: torch.Size([768]), require_grad=True
[2022-08-15 23:51:29,991][__main__][DEBUG] - Parameter model.decoder.block.11.layer.2.DenseReluDense.wi.weight: torch.Size([3072, 768]), require_grad=True
[2022-08-15 23:51:29,991][__main__][DEBUG] - Parameter model.decoder.block.11.layer.2.DenseReluDense.wo.weight: torch.Size([768, 3072]), require_grad=True
[2022-08-15 23:51:29,991][__main__][DEBUG] - Parameter model.decoder.block.11.layer.2.layer_norm.weight: torch.Size([768]), require_grad=True
[2022-08-15 23:51:29,991][__main__][DEBUG] - Parameter model.decoder.final_layer_norm.weight: torch.Size([768]), require_grad=True
[2022-08-15 23:51:29,994][__main__][DEBUG] - Starting training!
[2022-08-15 23:51:30,987][__main__][DEBUG] - batch 0: tensor([[ 784, 9413,  908,  ..., 6327,  908,    1],
        [ 784, 9413,  908,  ..., 6327,  908,    1],
        [ 784, 9413,  908,  ..., 6327,  908,    1],
        [ 784, 9413,  908,  ..., 6327,  908,    1]], device='cuda:0') 
[2022-08-15 23:51:30,989][__main__][DEBUG] - batch 1: tensor([[1, 1, 1,  ..., 1, 1, 1],
        [1, 1, 1,  ..., 1, 1, 1],
        [1, 1, 1,  ..., 1, 1, 1],
        [1, 1, 1,  ..., 1, 1, 1]], device='cuda:0') 
[2022-08-15 23:51:30,990][__main__][DEBUG] - batch 2: tensor([[    3,    87, 10925,  ...,  3303,    87,     1],
        [    3,    87, 10925,  ...,    87,     9,     1],
        [    3,    87,     9,  ...,     0,     0,     0],
        [    3,    87,     9,  ...,     0,     0,     0]], device='cuda:0') 
[2022-08-15 23:51:30,991][__main__][DEBUG] - batch 3: tensor([[1, 1, 1,  ..., 1, 1, 1],
        [1, 1, 1,  ..., 1, 1, 1],
        [1, 1, 1,  ..., 0, 0, 0],
        [1, 1, 1,  ..., 0, 0, 0]], device='cuda:0') 
[2022-08-15 23:51:30,993][__main__][DEBUG] - batch 4: tensor([[50, 50, 50,  ..., 50, 50, 50],
        [50, 50, 50,  ..., 50, 50, 50],
        [50, 50, 50,  ..., 50, 50, 50],
        [50, 50, 50,  ..., 50, 50, 50]], device='cuda:0') 
[2022-08-15 23:51:30,994][__main__][DEBUG] - batch 5: tensor([[60, 60, 60,  ..., 60, 60, 60],
        [60, 60, 60,  ..., 60, 60, 60],
        [60, 60, 60,  ..., 60, 60, 60],
        [60, 60, 60,  ..., 60, 60, 60]], device='cuda:0') 
[2022-08-15 23:51:30,994][__main__][DEBUG] - batch 6: tensor([[17],
        [40],
        [76],
        [32]], device='cuda:0') 
[2022-08-15 23:51:30,995][__main__][DEBUG] - batch 7: tensor([[18],
        [32],
        [ 3],
        [14]], device='cuda:0') 
[2022-08-15 23:51:30,999][__main__][DEBUG] - batch 8: tensor([[[60, 60, 60,  ..., 60, 60, 60],
         [60, 60, 60,  ..., 60, 60, 60],
         [60, 60, 60,  ..., 60, 60, 60],
         ...,
         [60, 60, 60,  ..., 60, 60, 60],
         [60, 60, 60,  ..., 60, 60, 60],
         [60, 60, 60,  ..., 60, 60, 60]],

        [[60, 60, 60,  ..., 60, 60, 60],
         [60, 60, 60,  ..., 60, 60, 60],
         [60, 60, 60,  ..., 60, 60, 60],
         ...,
         [60, 60, 60,  ..., 60, 60, 60],
         [60, 60, 60,  ..., 60, 60, 60],
         [60, 60, 60,  ..., 60, 60, 60]],

        [[60, 60, 60,  ..., 60, 60, 60],
         [60, 60, 60,  ..., 60, 60, 60],
         [60, 60, 60,  ..., 60, 60, 60],
         ...,
         [60, 60, 60,  ..., 60, 60, 60],
         [60, 60, 60,  ..., 60, 60, 60],
         [60, 60, 60,  ..., 60, 60, 60]],

        [[60, 37, 60,  ..., 60, 60, 60],
         [60, 60, 50,  ..., 60, 60, 60],
         [60, 60, 60,  ..., 60, 60, 60],
         ...,
         [60, 60, 60,  ..., 60, 60, 60],
         [60, 60, 60,  ..., 60, 60, 60],
         [60, 60, 60,  ..., 60, 60, 60]]], device='cuda:0') 
[2022-08-16 00:58:39,627][__main__][DEBUG] - epoch is 0
[2022-08-16 00:58:39,629][__main__][DEBUG] - validation loss is tensor(0.7393, device='cuda:0')
[2022-08-16 02:06:00,160][__main__][DEBUG] - early stop
