[2022-08-13 04:04:45,333][transformers.tokenization_utils_base][INFO] - Model name 'pretrain_model/jointgt_bart' not found in model shortcut name list (facebook/bart-base, facebook/bart-large, facebook/bart-large-mnli, facebook/bart-large-cnn, facebook/bart-large-xsum, yjernite/bart_eli5). Assuming 'pretrain_model/jointgt_bart' is a path, a model identifier, or url to a directory containing tokenizer files.
[2022-08-13 04:04:45,589][transformers.tokenization_utils_base][INFO] - Didn't find file pretrain_model/jointgt_bart/added_tokens.json. We won't load it.
[2022-08-13 04:04:45,590][transformers.tokenization_utils_base][INFO] - Didn't find file pretrain_model/jointgt_bart/special_tokens_map.json. We won't load it.
[2022-08-13 04:04:45,590][transformers.tokenization_utils_base][INFO] - Didn't find file pretrain_model/jointgt_bart/tokenizer_config.json. We won't load it.
[2022-08-13 04:04:45,591][transformers.tokenization_utils_base][INFO] - Didn't find file pretrain_model/jointgt_bart/tokenizer.json. We won't load it.
[2022-08-13 04:04:45,591][transformers.tokenization_utils_base][INFO] - loading file pretrain_model/jointgt_bart/vocab.json
[2022-08-13 04:04:45,591][transformers.tokenization_utils_base][INFO] - loading file pretrain_model/jointgt_bart/merges.txt
[2022-08-13 04:04:45,592][transformers.tokenization_utils_base][INFO] - loading file None
[2022-08-13 04:04:45,592][transformers.tokenization_utils_base][INFO] - loading file None
[2022-08-13 04:04:45,592][transformers.tokenization_utils_base][INFO] - loading file None
[2022-08-13 04:04:45,592][transformers.tokenization_utils_base][INFO] - loading file None
[2022-08-13 04:05:01,309][transformers.configuration_utils][INFO] - loading configuration file pretrain_model/jointgt_bart/config.json
[2022-08-13 04:05:01,309][transformers.configuration_utils][INFO] - Model config BartConfig {
  "activation_dropout": 0.1,
  "activation_function": "gelu",
  "add_bias_logits": false,
  "add_final_layer_norm": false,
  "architectures": [
    "MyBartPretrain"
  ],
  "attention_dropout": 0.1,
  "bos_token_id": 0,
  "classif_dropout": 0.0,
  "d_model": 768,
  "decoder_attention_heads": 12,
  "decoder_ffn_dim": 3072,
  "decoder_layerdrop": 0.0,
  "decoder_layers": 6,
  "decoder_start_token_id": 2,
  "dropout": 0.1,
  "early_stopping": true,
  "encoder_attention_heads": 12,
  "encoder_ffn_dim": 3072,
  "encoder_layerdrop": 0.0,
  "encoder_layers": 6,
  "eos_token_id": 2,
  "extra_pos_embeddings": 2,
  "id2label": {
    "0": "LABEL_0",
    "1": "LABEL_1",
    "2": "LABEL_2"
  },
  "init_std": 0.02,
  "is_encoder_decoder": true,
  "label2id": {
    "LABEL_0": 0,
    "LABEL_1": 1,
    "LABEL_2": 2
  },
  "max_position_embeddings": 1024,
  "model_type": "bart",
  "no_repeat_ngram_size": 3,
  "normalize_before": false,
  "normalize_embedding": true,
  "num_beams": 4,
  "num_hidden_layers": 6,
  "pad_token_id": 1,
  "scale_embedding": false,
  "static_position_embeddings": false,
  "task_specific_params": {
    "summarization": {
      "length_penalty": 1.0,
      "max_length": 128,
      "min_length": 12,
      "num_beams": 4
    },
    "summarization_cnn": {
      "length_penalty": 2.0,
      "max_length": 142,
      "min_length": 56,
      "num_beams": 4
    },
    "summarization_xsum": {
      "length_penalty": 1.0,
      "max_length": 62,
      "min_length": 11,
      "num_beams": 6
    }
  },
  "vocab_size": 50265
}

[2022-08-13 04:05:01,310][transformers.modeling_utils][INFO] - loading weights file pretrain_model/jointgt_bart/pytorch_model.bin
[2022-08-13 04:05:11,352][transformers.modeling_utils][INFO] - All model checkpoint weights were used when initializing MyBartForConditionalGeneration.

[2022-08-13 04:05:11,352][transformers.modeling_utils][INFO] - All the weights of MyBartForConditionalGeneration were initialized from the model checkpoint at pretrain_model/jointgt_bart.
If your task is similar to the task the model of the ckeckpoint was trained on, you can already use MyBartForConditionalGeneration for predictions without further training.
[2022-08-13 04:05:15,183][__main__][DEBUG] - Parameter model.model.shared.weight: torch.Size([50265, 768]), require_grad=True
[2022-08-13 04:05:15,183][__main__][DEBUG] - Parameter model.model.encoder.embed_positions.weight: torch.Size([1026, 768]), require_grad=True
[2022-08-13 04:05:15,183][__main__][DEBUG] - Parameter model.model.encoder.layers.0.self_attn.k_proj.weight: torch.Size([768, 768]), require_grad=True
[2022-08-13 04:05:15,183][__main__][DEBUG] - Parameter model.model.encoder.layers.0.self_attn.k_proj.bias: torch.Size([768]), require_grad=True
[2022-08-13 04:05:15,184][__main__][DEBUG] - Parameter model.model.encoder.layers.0.self_attn.v_proj.weight: torch.Size([768, 768]), require_grad=True
[2022-08-13 04:05:15,184][__main__][DEBUG] - Parameter model.model.encoder.layers.0.self_attn.v_proj.bias: torch.Size([768]), require_grad=True
[2022-08-13 04:05:15,184][__main__][DEBUG] - Parameter model.model.encoder.layers.0.self_attn.q_proj.weight: torch.Size([768, 768]), require_grad=True
[2022-08-13 04:05:15,184][__main__][DEBUG] - Parameter model.model.encoder.layers.0.self_attn.q_proj.bias: torch.Size([768]), require_grad=True
[2022-08-13 04:05:15,184][__main__][DEBUG] - Parameter model.model.encoder.layers.0.self_attn.out_proj.weight: torch.Size([768, 768]), require_grad=True
[2022-08-13 04:05:15,184][__main__][DEBUG] - Parameter model.model.encoder.layers.0.self_attn.out_proj.bias: torch.Size([768]), require_grad=True
[2022-08-13 04:05:15,184][__main__][DEBUG] - Parameter model.model.encoder.layers.0.self_struc_attn.k_proj.weight: torch.Size([768, 768]), require_grad=True
[2022-08-13 04:05:15,184][__main__][DEBUG] - Parameter model.model.encoder.layers.0.self_struc_attn.k_proj.bias: torch.Size([768]), require_grad=True
[2022-08-13 04:05:15,185][__main__][DEBUG] - Parameter model.model.encoder.layers.0.self_struc_attn.v_proj.weight: torch.Size([768, 768]), require_grad=True
[2022-08-13 04:05:15,185][__main__][DEBUG] - Parameter model.model.encoder.layers.0.self_struc_attn.v_proj.bias: torch.Size([768]), require_grad=True
[2022-08-13 04:05:15,185][__main__][DEBUG] - Parameter model.model.encoder.layers.0.self_struc_attn.q_proj.weight: torch.Size([768, 768]), require_grad=True
[2022-08-13 04:05:15,185][__main__][DEBUG] - Parameter model.model.encoder.layers.0.self_struc_attn.q_proj.bias: torch.Size([768]), require_grad=True
[2022-08-13 04:05:15,185][__main__][DEBUG] - Parameter model.model.encoder.layers.0.self_struc_attn.rel_v_proj.weight: torch.Size([768, 768]), require_grad=True
[2022-08-13 04:05:15,185][__main__][DEBUG] - Parameter model.model.encoder.layers.0.self_struc_attn.rel_v_proj.bias: torch.Size([768]), require_grad=True
[2022-08-13 04:05:15,185][__main__][DEBUG] - Parameter model.model.encoder.layers.0.self_struc_attn.rel_k_proj.weight: torch.Size([768, 768]), require_grad=True
[2022-08-13 04:05:15,185][__main__][DEBUG] - Parameter model.model.encoder.layers.0.self_struc_attn.rel_k_proj.bias: torch.Size([768]), require_grad=True
[2022-08-13 04:05:15,185][__main__][DEBUG] - Parameter model.model.encoder.layers.0.self_struc_attn.out_proj.weight: torch.Size([768, 768]), require_grad=True
[2022-08-13 04:05:15,185][__main__][DEBUG] - Parameter model.model.encoder.layers.0.self_struc_attn.out_proj.bias: torch.Size([768]), require_grad=True
[2022-08-13 04:05:15,186][__main__][DEBUG] - Parameter model.model.encoder.layers.0.self_attn_layer_norm.weight: torch.Size([768]), require_grad=True
[2022-08-13 04:05:15,186][__main__][DEBUG] - Parameter model.model.encoder.layers.0.self_attn_layer_norm.bias: torch.Size([768]), require_grad=True
[2022-08-13 04:05:15,186][__main__][DEBUG] - Parameter model.model.encoder.layers.0.fc1.weight: torch.Size([3072, 768]), require_grad=True
[2022-08-13 04:05:15,186][__main__][DEBUG] - Parameter model.model.encoder.layers.0.fc1.bias: torch.Size([3072]), require_grad=True
[2022-08-13 04:05:15,186][__main__][DEBUG] - Parameter model.model.encoder.layers.0.fc2.weight: torch.Size([768, 3072]), require_grad=True
[2022-08-13 04:05:15,186][__main__][DEBUG] - Parameter model.model.encoder.layers.0.fc2.bias: torch.Size([768]), require_grad=True
[2022-08-13 04:05:15,186][__main__][DEBUG] - Parameter model.model.encoder.layers.0.final_layer_norm.weight: torch.Size([768]), require_grad=True
[2022-08-13 04:05:15,186][__main__][DEBUG] - Parameter model.model.encoder.layers.0.final_layer_norm.bias: torch.Size([768]), require_grad=True
[2022-08-13 04:05:15,186][__main__][DEBUG] - Parameter model.model.encoder.layers.1.self_attn.k_proj.weight: torch.Size([768, 768]), require_grad=True
[2022-08-13 04:05:15,187][__main__][DEBUG] - Parameter model.model.encoder.layers.1.self_attn.k_proj.bias: torch.Size([768]), require_grad=True
[2022-08-13 04:05:15,187][__main__][DEBUG] - Parameter model.model.encoder.layers.1.self_attn.v_proj.weight: torch.Size([768, 768]), require_grad=True
[2022-08-13 04:05:15,187][__main__][DEBUG] - Parameter model.model.encoder.layers.1.self_attn.v_proj.bias: torch.Size([768]), require_grad=True
[2022-08-13 04:05:15,187][__main__][DEBUG] - Parameter model.model.encoder.layers.1.self_attn.q_proj.weight: torch.Size([768, 768]), require_grad=True
[2022-08-13 04:05:15,187][__main__][DEBUG] - Parameter model.model.encoder.layers.1.self_attn.q_proj.bias: torch.Size([768]), require_grad=True
[2022-08-13 04:05:15,187][__main__][DEBUG] - Parameter model.model.encoder.layers.1.self_attn.out_proj.weight: torch.Size([768, 768]), require_grad=True
[2022-08-13 04:05:15,187][__main__][DEBUG] - Parameter model.model.encoder.layers.1.self_attn.out_proj.bias: torch.Size([768]), require_grad=True
[2022-08-13 04:05:15,187][__main__][DEBUG] - Parameter model.model.encoder.layers.1.self_struc_attn.k_proj.weight: torch.Size([768, 768]), require_grad=True
[2022-08-13 04:05:15,187][__main__][DEBUG] - Parameter model.model.encoder.layers.1.self_struc_attn.k_proj.bias: torch.Size([768]), require_grad=True
[2022-08-13 04:05:15,188][__main__][DEBUG] - Parameter model.model.encoder.layers.1.self_struc_attn.v_proj.weight: torch.Size([768, 768]), require_grad=True
[2022-08-13 04:05:15,188][__main__][DEBUG] - Parameter model.model.encoder.layers.1.self_struc_attn.v_proj.bias: torch.Size([768]), require_grad=True
[2022-08-13 04:05:15,188][__main__][DEBUG] - Parameter model.model.encoder.layers.1.self_struc_attn.q_proj.weight: torch.Size([768, 768]), require_grad=True
[2022-08-13 04:05:15,188][__main__][DEBUG] - Parameter model.model.encoder.layers.1.self_struc_attn.q_proj.bias: torch.Size([768]), require_grad=True
[2022-08-13 04:05:15,188][__main__][DEBUG] - Parameter model.model.encoder.layers.1.self_struc_attn.rel_v_proj.weight: torch.Size([768, 768]), require_grad=True
[2022-08-13 04:05:15,188][__main__][DEBUG] - Parameter model.model.encoder.layers.1.self_struc_attn.rel_v_proj.bias: torch.Size([768]), require_grad=True
[2022-08-13 04:05:15,188][__main__][DEBUG] - Parameter model.model.encoder.layers.1.self_struc_attn.rel_k_proj.weight: torch.Size([768, 768]), require_grad=True
[2022-08-13 04:05:15,188][__main__][DEBUG] - Parameter model.model.encoder.layers.1.self_struc_attn.rel_k_proj.bias: torch.Size([768]), require_grad=True
[2022-08-13 04:05:15,188][__main__][DEBUG] - Parameter model.model.encoder.layers.1.self_struc_attn.out_proj.weight: torch.Size([768, 768]), require_grad=True
[2022-08-13 04:05:15,188][__main__][DEBUG] - Parameter model.model.encoder.layers.1.self_struc_attn.out_proj.bias: torch.Size([768]), require_grad=True
[2022-08-13 04:05:15,189][__main__][DEBUG] - Parameter model.model.encoder.layers.1.self_attn_layer_norm.weight: torch.Size([768]), require_grad=True
[2022-08-13 04:05:15,189][__main__][DEBUG] - Parameter model.model.encoder.layers.1.self_attn_layer_norm.bias: torch.Size([768]), require_grad=True
[2022-08-13 04:05:15,189][__main__][DEBUG] - Parameter model.model.encoder.layers.1.fc1.weight: torch.Size([3072, 768]), require_grad=True
[2022-08-13 04:05:15,189][__main__][DEBUG] - Parameter model.model.encoder.layers.1.fc1.bias: torch.Size([3072]), require_grad=True
[2022-08-13 04:05:15,189][__main__][DEBUG] - Parameter model.model.encoder.layers.1.fc2.weight: torch.Size([768, 3072]), require_grad=True
[2022-08-13 04:05:15,189][__main__][DEBUG] - Parameter model.model.encoder.layers.1.fc2.bias: torch.Size([768]), require_grad=True
[2022-08-13 04:05:15,189][__main__][DEBUG] - Parameter model.model.encoder.layers.1.final_layer_norm.weight: torch.Size([768]), require_grad=True
[2022-08-13 04:05:15,189][__main__][DEBUG] - Parameter model.model.encoder.layers.1.final_layer_norm.bias: torch.Size([768]), require_grad=True
[2022-08-13 04:05:15,189][__main__][DEBUG] - Parameter model.model.encoder.layers.2.self_attn.k_proj.weight: torch.Size([768, 768]), require_grad=True
[2022-08-13 04:05:15,190][__main__][DEBUG] - Parameter model.model.encoder.layers.2.self_attn.k_proj.bias: torch.Size([768]), require_grad=True
[2022-08-13 04:05:15,190][__main__][DEBUG] - Parameter model.model.encoder.layers.2.self_attn.v_proj.weight: torch.Size([768, 768]), require_grad=True
[2022-08-13 04:05:15,190][__main__][DEBUG] - Parameter model.model.encoder.layers.2.self_attn.v_proj.bias: torch.Size([768]), require_grad=True
[2022-08-13 04:05:15,190][__main__][DEBUG] - Parameter model.model.encoder.layers.2.self_attn.q_proj.weight: torch.Size([768, 768]), require_grad=True
[2022-08-13 04:05:15,190][__main__][DEBUG] - Parameter model.model.encoder.layers.2.self_attn.q_proj.bias: torch.Size([768]), require_grad=True
[2022-08-13 04:05:15,190][__main__][DEBUG] - Parameter model.model.encoder.layers.2.self_attn.out_proj.weight: torch.Size([768, 768]), require_grad=True
[2022-08-13 04:05:15,190][__main__][DEBUG] - Parameter model.model.encoder.layers.2.self_attn.out_proj.bias: torch.Size([768]), require_grad=True
[2022-08-13 04:05:15,190][__main__][DEBUG] - Parameter model.model.encoder.layers.2.self_struc_attn.k_proj.weight: torch.Size([768, 768]), require_grad=True
[2022-08-13 04:05:15,190][__main__][DEBUG] - Parameter model.model.encoder.layers.2.self_struc_attn.k_proj.bias: torch.Size([768]), require_grad=True
[2022-08-13 04:05:15,191][__main__][DEBUG] - Parameter model.model.encoder.layers.2.self_struc_attn.v_proj.weight: torch.Size([768, 768]), require_grad=True
[2022-08-13 04:05:15,191][__main__][DEBUG] - Parameter model.model.encoder.layers.2.self_struc_attn.v_proj.bias: torch.Size([768]), require_grad=True
[2022-08-13 04:05:15,191][__main__][DEBUG] - Parameter model.model.encoder.layers.2.self_struc_attn.q_proj.weight: torch.Size([768, 768]), require_grad=True
[2022-08-13 04:05:15,191][__main__][DEBUG] - Parameter model.model.encoder.layers.2.self_struc_attn.q_proj.bias: torch.Size([768]), require_grad=True
[2022-08-13 04:05:15,191][__main__][DEBUG] - Parameter model.model.encoder.layers.2.self_struc_attn.rel_v_proj.weight: torch.Size([768, 768]), require_grad=True
[2022-08-13 04:05:15,191][__main__][DEBUG] - Parameter model.model.encoder.layers.2.self_struc_attn.rel_v_proj.bias: torch.Size([768]), require_grad=True
[2022-08-13 04:05:15,191][__main__][DEBUG] - Parameter model.model.encoder.layers.2.self_struc_attn.rel_k_proj.weight: torch.Size([768, 768]), require_grad=True
[2022-08-13 04:05:15,191][__main__][DEBUG] - Parameter model.model.encoder.layers.2.self_struc_attn.rel_k_proj.bias: torch.Size([768]), require_grad=True
[2022-08-13 04:05:15,191][__main__][DEBUG] - Parameter model.model.encoder.layers.2.self_struc_attn.out_proj.weight: torch.Size([768, 768]), require_grad=True
[2022-08-13 04:05:15,192][__main__][DEBUG] - Parameter model.model.encoder.layers.2.self_struc_attn.out_proj.bias: torch.Size([768]), require_grad=True
[2022-08-13 04:05:15,192][__main__][DEBUG] - Parameter model.model.encoder.layers.2.self_attn_layer_norm.weight: torch.Size([768]), require_grad=True
[2022-08-13 04:05:15,192][__main__][DEBUG] - Parameter model.model.encoder.layers.2.self_attn_layer_norm.bias: torch.Size([768]), require_grad=True
[2022-08-13 04:05:15,192][__main__][DEBUG] - Parameter model.model.encoder.layers.2.fc1.weight: torch.Size([3072, 768]), require_grad=True
[2022-08-13 04:05:15,192][__main__][DEBUG] - Parameter model.model.encoder.layers.2.fc1.bias: torch.Size([3072]), require_grad=True
[2022-08-13 04:05:15,192][__main__][DEBUG] - Parameter model.model.encoder.layers.2.fc2.weight: torch.Size([768, 3072]), require_grad=True
[2022-08-13 04:05:15,192][__main__][DEBUG] - Parameter model.model.encoder.layers.2.fc2.bias: torch.Size([768]), require_grad=True
[2022-08-13 04:05:15,192][__main__][DEBUG] - Parameter model.model.encoder.layers.2.final_layer_norm.weight: torch.Size([768]), require_grad=True
[2022-08-13 04:05:15,192][__main__][DEBUG] - Parameter model.model.encoder.layers.2.final_layer_norm.bias: torch.Size([768]), require_grad=True
[2022-08-13 04:05:15,193][__main__][DEBUG] - Parameter model.model.encoder.layers.3.self_attn.k_proj.weight: torch.Size([768, 768]), require_grad=True
[2022-08-13 04:05:15,193][__main__][DEBUG] - Parameter model.model.encoder.layers.3.self_attn.k_proj.bias: torch.Size([768]), require_grad=True
[2022-08-13 04:05:15,193][__main__][DEBUG] - Parameter model.model.encoder.layers.3.self_attn.v_proj.weight: torch.Size([768, 768]), require_grad=True
[2022-08-13 04:05:15,193][__main__][DEBUG] - Parameter model.model.encoder.layers.3.self_attn.v_proj.bias: torch.Size([768]), require_grad=True
[2022-08-13 04:05:15,193][__main__][DEBUG] - Parameter model.model.encoder.layers.3.self_attn.q_proj.weight: torch.Size([768, 768]), require_grad=True
[2022-08-13 04:05:15,193][__main__][DEBUG] - Parameter model.model.encoder.layers.3.self_attn.q_proj.bias: torch.Size([768]), require_grad=True
[2022-08-13 04:05:15,193][__main__][DEBUG] - Parameter model.model.encoder.layers.3.self_attn.out_proj.weight: torch.Size([768, 768]), require_grad=True
[2022-08-13 04:05:15,193][__main__][DEBUG] - Parameter model.model.encoder.layers.3.self_attn.out_proj.bias: torch.Size([768]), require_grad=True
[2022-08-13 04:05:15,193][__main__][DEBUG] - Parameter model.model.encoder.layers.3.self_struc_attn.k_proj.weight: torch.Size([768, 768]), require_grad=True
[2022-08-13 04:05:15,194][__main__][DEBUG] - Parameter model.model.encoder.layers.3.self_struc_attn.k_proj.bias: torch.Size([768]), require_grad=True
[2022-08-13 04:05:15,194][__main__][DEBUG] - Parameter model.model.encoder.layers.3.self_struc_attn.v_proj.weight: torch.Size([768, 768]), require_grad=True
[2022-08-13 04:05:15,194][__main__][DEBUG] - Parameter model.model.encoder.layers.3.self_struc_attn.v_proj.bias: torch.Size([768]), require_grad=True
[2022-08-13 04:05:15,194][__main__][DEBUG] - Parameter model.model.encoder.layers.3.self_struc_attn.q_proj.weight: torch.Size([768, 768]), require_grad=True
[2022-08-13 04:05:15,194][__main__][DEBUG] - Parameter model.model.encoder.layers.3.self_struc_attn.q_proj.bias: torch.Size([768]), require_grad=True
[2022-08-13 04:05:15,194][__main__][DEBUG] - Parameter model.model.encoder.layers.3.self_struc_attn.rel_v_proj.weight: torch.Size([768, 768]), require_grad=True
[2022-08-13 04:05:15,194][__main__][DEBUG] - Parameter model.model.encoder.layers.3.self_struc_attn.rel_v_proj.bias: torch.Size([768]), require_grad=True
[2022-08-13 04:05:15,194][__main__][DEBUG] - Parameter model.model.encoder.layers.3.self_struc_attn.rel_k_proj.weight: torch.Size([768, 768]), require_grad=True
[2022-08-13 04:05:15,194][__main__][DEBUG] - Parameter model.model.encoder.layers.3.self_struc_attn.rel_k_proj.bias: torch.Size([768]), require_grad=True
[2022-08-13 04:05:15,195][__main__][DEBUG] - Parameter model.model.encoder.layers.3.self_struc_attn.out_proj.weight: torch.Size([768, 768]), require_grad=True
[2022-08-13 04:05:15,195][__main__][DEBUG] - Parameter model.model.encoder.layers.3.self_struc_attn.out_proj.bias: torch.Size([768]), require_grad=True
[2022-08-13 04:05:15,195][__main__][DEBUG] - Parameter model.model.encoder.layers.3.self_attn_layer_norm.weight: torch.Size([768]), require_grad=True
[2022-08-13 04:05:15,195][__main__][DEBUG] - Parameter model.model.encoder.layers.3.self_attn_layer_norm.bias: torch.Size([768]), require_grad=True
[2022-08-13 04:05:15,195][__main__][DEBUG] - Parameter model.model.encoder.layers.3.fc1.weight: torch.Size([3072, 768]), require_grad=True
[2022-08-13 04:05:15,195][__main__][DEBUG] - Parameter model.model.encoder.layers.3.fc1.bias: torch.Size([3072]), require_grad=True
[2022-08-13 04:05:15,195][__main__][DEBUG] - Parameter model.model.encoder.layers.3.fc2.weight: torch.Size([768, 3072]), require_grad=True
[2022-08-13 04:05:15,195][__main__][DEBUG] - Parameter model.model.encoder.layers.3.fc2.bias: torch.Size([768]), require_grad=True
[2022-08-13 04:05:15,195][__main__][DEBUG] - Parameter model.model.encoder.layers.3.final_layer_norm.weight: torch.Size([768]), require_grad=True
[2022-08-13 04:05:15,195][__main__][DEBUG] - Parameter model.model.encoder.layers.3.final_layer_norm.bias: torch.Size([768]), require_grad=True
[2022-08-13 04:05:15,196][__main__][DEBUG] - Parameter model.model.encoder.layers.4.self_attn.k_proj.weight: torch.Size([768, 768]), require_grad=True
[2022-08-13 04:05:15,196][__main__][DEBUG] - Parameter model.model.encoder.layers.4.self_attn.k_proj.bias: torch.Size([768]), require_grad=True
[2022-08-13 04:05:15,196][__main__][DEBUG] - Parameter model.model.encoder.layers.4.self_attn.v_proj.weight: torch.Size([768, 768]), require_grad=True
[2022-08-13 04:05:15,196][__main__][DEBUG] - Parameter model.model.encoder.layers.4.self_attn.v_proj.bias: torch.Size([768]), require_grad=True
[2022-08-13 04:05:15,196][__main__][DEBUG] - Parameter model.model.encoder.layers.4.self_attn.q_proj.weight: torch.Size([768, 768]), require_grad=True
[2022-08-13 04:05:15,196][__main__][DEBUG] - Parameter model.model.encoder.layers.4.self_attn.q_proj.bias: torch.Size([768]), require_grad=True
[2022-08-13 04:05:15,196][__main__][DEBUG] - Parameter model.model.encoder.layers.4.self_attn.out_proj.weight: torch.Size([768, 768]), require_grad=True
[2022-08-13 04:05:15,229][__main__][DEBUG] - Parameter model.model.encoder.layers.4.self_attn.out_proj.bias: torch.Size([768]), require_grad=True
[2022-08-13 04:05:15,229][__main__][DEBUG] - Parameter model.model.encoder.layers.4.self_struc_attn.k_proj.weight: torch.Size([768, 768]), require_grad=True
[2022-08-13 04:05:15,229][__main__][DEBUG] - Parameter model.model.encoder.layers.4.self_struc_attn.k_proj.bias: torch.Size([768]), require_grad=True
[2022-08-13 04:05:15,229][__main__][DEBUG] - Parameter model.model.encoder.layers.4.self_struc_attn.v_proj.weight: torch.Size([768, 768]), require_grad=True
[2022-08-13 04:05:15,230][__main__][DEBUG] - Parameter model.model.encoder.layers.4.self_struc_attn.v_proj.bias: torch.Size([768]), require_grad=True
[2022-08-13 04:05:15,230][__main__][DEBUG] - Parameter model.model.encoder.layers.4.self_struc_attn.q_proj.weight: torch.Size([768, 768]), require_grad=True
[2022-08-13 04:05:15,230][__main__][DEBUG] - Parameter model.model.encoder.layers.4.self_struc_attn.q_proj.bias: torch.Size([768]), require_grad=True
[2022-08-13 04:05:15,230][__main__][DEBUG] - Parameter model.model.encoder.layers.4.self_struc_attn.rel_v_proj.weight: torch.Size([768, 768]), require_grad=True
[2022-08-13 04:05:15,230][__main__][DEBUG] - Parameter model.model.encoder.layers.4.self_struc_attn.rel_v_proj.bias: torch.Size([768]), require_grad=True
[2022-08-13 04:05:15,230][__main__][DEBUG] - Parameter model.model.encoder.layers.4.self_struc_attn.rel_k_proj.weight: torch.Size([768, 768]), require_grad=True
[2022-08-13 04:05:15,230][__main__][DEBUG] - Parameter model.model.encoder.layers.4.self_struc_attn.rel_k_proj.bias: torch.Size([768]), require_grad=True
[2022-08-13 04:05:15,231][__main__][DEBUG] - Parameter model.model.encoder.layers.4.self_struc_attn.out_proj.weight: torch.Size([768, 768]), require_grad=True
[2022-08-13 04:05:15,231][__main__][DEBUG] - Parameter model.model.encoder.layers.4.self_struc_attn.out_proj.bias: torch.Size([768]), require_grad=True
[2022-08-13 04:05:15,231][__main__][DEBUG] - Parameter model.model.encoder.layers.4.self_attn_layer_norm.weight: torch.Size([768]), require_grad=True
[2022-08-13 04:05:15,231][__main__][DEBUG] - Parameter model.model.encoder.layers.4.self_attn_layer_norm.bias: torch.Size([768]), require_grad=True
[2022-08-13 04:05:15,231][__main__][DEBUG] - Parameter model.model.encoder.layers.4.fc1.weight: torch.Size([3072, 768]), require_grad=True
[2022-08-13 04:05:15,231][__main__][DEBUG] - Parameter model.model.encoder.layers.4.fc1.bias: torch.Size([3072]), require_grad=True
[2022-08-13 04:05:15,232][__main__][DEBUG] - Parameter model.model.encoder.layers.4.fc2.weight: torch.Size([768, 3072]), require_grad=True
[2022-08-13 04:05:15,232][__main__][DEBUG] - Parameter model.model.encoder.layers.4.fc2.bias: torch.Size([768]), require_grad=True
[2022-08-13 04:05:15,232][__main__][DEBUG] - Parameter model.model.encoder.layers.4.final_layer_norm.weight: torch.Size([768]), require_grad=True
[2022-08-13 04:05:15,232][__main__][DEBUG] - Parameter model.model.encoder.layers.4.final_layer_norm.bias: torch.Size([768]), require_grad=True
[2022-08-13 04:05:15,232][__main__][DEBUG] - Parameter model.model.encoder.layers.5.self_attn.k_proj.weight: torch.Size([768, 768]), require_grad=True
[2022-08-13 04:05:15,232][__main__][DEBUG] - Parameter model.model.encoder.layers.5.self_attn.k_proj.bias: torch.Size([768]), require_grad=True
[2022-08-13 04:05:15,233][__main__][DEBUG] - Parameter model.model.encoder.layers.5.self_attn.v_proj.weight: torch.Size([768, 768]), require_grad=True
[2022-08-13 04:05:15,233][__main__][DEBUG] - Parameter model.model.encoder.layers.5.self_attn.v_proj.bias: torch.Size([768]), require_grad=True
[2022-08-13 04:05:15,233][__main__][DEBUG] - Parameter model.model.encoder.layers.5.self_attn.q_proj.weight: torch.Size([768, 768]), require_grad=True
[2022-08-13 04:05:15,233][__main__][DEBUG] - Parameter model.model.encoder.layers.5.self_attn.q_proj.bias: torch.Size([768]), require_grad=True
[2022-08-13 04:05:15,233][__main__][DEBUG] - Parameter model.model.encoder.layers.5.self_attn.out_proj.weight: torch.Size([768, 768]), require_grad=True
[2022-08-13 04:05:15,233][__main__][DEBUG] - Parameter model.model.encoder.layers.5.self_attn.out_proj.bias: torch.Size([768]), require_grad=True
[2022-08-13 04:05:15,234][__main__][DEBUG] - Parameter model.model.encoder.layers.5.self_struc_attn.k_proj.weight: torch.Size([768, 768]), require_grad=True
[2022-08-13 04:05:15,234][__main__][DEBUG] - Parameter model.model.encoder.layers.5.self_struc_attn.k_proj.bias: torch.Size([768]), require_grad=True
[2022-08-13 04:05:15,234][__main__][DEBUG] - Parameter model.model.encoder.layers.5.self_struc_attn.v_proj.weight: torch.Size([768, 768]), require_grad=True
[2022-08-13 04:05:15,234][__main__][DEBUG] - Parameter model.model.encoder.layers.5.self_struc_attn.v_proj.bias: torch.Size([768]), require_grad=True
[2022-08-13 04:05:15,234][__main__][DEBUG] - Parameter model.model.encoder.layers.5.self_struc_attn.q_proj.weight: torch.Size([768, 768]), require_grad=True
[2022-08-13 04:05:15,234][__main__][DEBUG] - Parameter model.model.encoder.layers.5.self_struc_attn.q_proj.bias: torch.Size([768]), require_grad=True
[2022-08-13 04:05:15,234][__main__][DEBUG] - Parameter model.model.encoder.layers.5.self_struc_attn.rel_v_proj.weight: torch.Size([768, 768]), require_grad=True
[2022-08-13 04:05:15,234][__main__][DEBUG] - Parameter model.model.encoder.layers.5.self_struc_attn.rel_v_proj.bias: torch.Size([768]), require_grad=True
[2022-08-13 04:05:15,235][__main__][DEBUG] - Parameter model.model.encoder.layers.5.self_struc_attn.rel_k_proj.weight: torch.Size([768, 768]), require_grad=True
[2022-08-13 04:05:15,235][__main__][DEBUG] - Parameter model.model.encoder.layers.5.self_struc_attn.rel_k_proj.bias: torch.Size([768]), require_grad=True
[2022-08-13 04:05:15,235][__main__][DEBUG] - Parameter model.model.encoder.layers.5.self_struc_attn.out_proj.weight: torch.Size([768, 768]), require_grad=True
[2022-08-13 04:05:15,235][__main__][DEBUG] - Parameter model.model.encoder.layers.5.self_struc_attn.out_proj.bias: torch.Size([768]), require_grad=True
[2022-08-13 04:05:15,235][__main__][DEBUG] - Parameter model.model.encoder.layers.5.self_attn_layer_norm.weight: torch.Size([768]), require_grad=True
[2022-08-13 04:05:15,235][__main__][DEBUG] - Parameter model.model.encoder.layers.5.self_attn_layer_norm.bias: torch.Size([768]), require_grad=True
[2022-08-13 04:05:15,235][__main__][DEBUG] - Parameter model.model.encoder.layers.5.fc1.weight: torch.Size([3072, 768]), require_grad=True
[2022-08-13 04:05:15,235][__main__][DEBUG] - Parameter model.model.encoder.layers.5.fc1.bias: torch.Size([3072]), require_grad=True
[2022-08-13 04:05:15,235][__main__][DEBUG] - Parameter model.model.encoder.layers.5.fc2.weight: torch.Size([768, 3072]), require_grad=True
[2022-08-13 04:05:15,235][__main__][DEBUG] - Parameter model.model.encoder.layers.5.fc2.bias: torch.Size([768]), require_grad=True
[2022-08-13 04:05:15,236][__main__][DEBUG] - Parameter model.model.encoder.layers.5.final_layer_norm.weight: torch.Size([768]), require_grad=True
[2022-08-13 04:05:15,236][__main__][DEBUG] - Parameter model.model.encoder.layers.5.final_layer_norm.bias: torch.Size([768]), require_grad=True
[2022-08-13 04:05:15,236][__main__][DEBUG] - Parameter model.model.encoder.layernorm_embedding.weight: torch.Size([768]), require_grad=True
[2022-08-13 04:05:15,236][__main__][DEBUG] - Parameter model.model.encoder.layernorm_embedding.bias: torch.Size([768]), require_grad=True
[2022-08-13 04:05:15,236][__main__][DEBUG] - Parameter model.model.decoder.embed_positions.weight: torch.Size([1026, 768]), require_grad=True
[2022-08-13 04:05:15,236][__main__][DEBUG] - Parameter model.model.decoder.layers.0.self_attn.k_proj.weight: torch.Size([768, 768]), require_grad=True
[2022-08-13 04:05:15,236][__main__][DEBUG] - Parameter model.model.decoder.layers.0.self_attn.k_proj.bias: torch.Size([768]), require_grad=True
[2022-08-13 04:05:15,236][__main__][DEBUG] - Parameter model.model.decoder.layers.0.self_attn.v_proj.weight: torch.Size([768, 768]), require_grad=True
[2022-08-13 04:05:15,237][__main__][DEBUG] - Parameter model.model.decoder.layers.0.self_attn.v_proj.bias: torch.Size([768]), require_grad=True
[2022-08-13 04:05:15,237][__main__][DEBUG] - Parameter model.model.decoder.layers.0.self_attn.q_proj.weight: torch.Size([768, 768]), require_grad=True
[2022-08-13 04:05:15,237][__main__][DEBUG] - Parameter model.model.decoder.layers.0.self_attn.q_proj.bias: torch.Size([768]), require_grad=True
[2022-08-13 04:05:15,237][__main__][DEBUG] - Parameter model.model.decoder.layers.0.self_attn.out_proj.weight: torch.Size([768, 768]), require_grad=True
[2022-08-13 04:05:15,237][__main__][DEBUG] - Parameter model.model.decoder.layers.0.self_attn.out_proj.bias: torch.Size([768]), require_grad=True
[2022-08-13 04:05:15,237][__main__][DEBUG] - Parameter model.model.decoder.layers.0.self_attn_layer_norm.weight: torch.Size([768]), require_grad=True
[2022-08-13 04:05:15,237][__main__][DEBUG] - Parameter model.model.decoder.layers.0.self_attn_layer_norm.bias: torch.Size([768]), require_grad=True
[2022-08-13 04:05:15,237][__main__][DEBUG] - Parameter model.model.decoder.layers.0.encoder_attn.k_proj.weight: torch.Size([768, 768]), require_grad=True
[2022-08-13 04:05:15,237][__main__][DEBUG] - Parameter model.model.decoder.layers.0.encoder_attn.k_proj.bias: torch.Size([768]), require_grad=True
[2022-08-13 04:05:15,237][__main__][DEBUG] - Parameter model.model.decoder.layers.0.encoder_attn.v_proj.weight: torch.Size([768, 768]), require_grad=True
[2022-08-13 04:05:15,238][__main__][DEBUG] - Parameter model.model.decoder.layers.0.encoder_attn.v_proj.bias: torch.Size([768]), require_grad=True
[2022-08-13 04:05:15,238][__main__][DEBUG] - Parameter model.model.decoder.layers.0.encoder_attn.q_proj.weight: torch.Size([768, 768]), require_grad=True
[2022-08-13 04:05:15,238][__main__][DEBUG] - Parameter model.model.decoder.layers.0.encoder_attn.q_proj.bias: torch.Size([768]), require_grad=True
[2022-08-13 04:05:15,238][__main__][DEBUG] - Parameter model.model.decoder.layers.0.encoder_attn.out_proj.weight: torch.Size([768, 768]), require_grad=True
[2022-08-13 04:05:15,238][__main__][DEBUG] - Parameter model.model.decoder.layers.0.encoder_attn.out_proj.bias: torch.Size([768]), require_grad=True
[2022-08-13 04:05:15,238][__main__][DEBUG] - Parameter model.model.decoder.layers.0.encoder_attn_layer_norm.weight: torch.Size([768]), require_grad=True
[2022-08-13 04:05:15,238][__main__][DEBUG] - Parameter model.model.decoder.layers.0.encoder_attn_layer_norm.bias: torch.Size([768]), require_grad=True
[2022-08-13 04:05:15,238][__main__][DEBUG] - Parameter model.model.decoder.layers.0.fc1.weight: torch.Size([3072, 768]), require_grad=True
[2022-08-13 04:05:15,238][__main__][DEBUG] - Parameter model.model.decoder.layers.0.fc1.bias: torch.Size([3072]), require_grad=True
[2022-08-13 04:05:15,239][__main__][DEBUG] - Parameter model.model.decoder.layers.0.fc2.weight: torch.Size([768, 3072]), require_grad=True
[2022-08-13 04:05:15,239][__main__][DEBUG] - Parameter model.model.decoder.layers.0.fc2.bias: torch.Size([768]), require_grad=True
[2022-08-13 04:05:15,239][__main__][DEBUG] - Parameter model.model.decoder.layers.0.final_layer_norm.weight: torch.Size([768]), require_grad=True
[2022-08-13 04:05:15,239][__main__][DEBUG] - Parameter model.model.decoder.layers.0.final_layer_norm.bias: torch.Size([768]), require_grad=True
[2022-08-13 04:05:15,239][__main__][DEBUG] - Parameter model.model.decoder.layers.1.self_attn.k_proj.weight: torch.Size([768, 768]), require_grad=True
[2022-08-13 04:05:15,239][__main__][DEBUG] - Parameter model.model.decoder.layers.1.self_attn.k_proj.bias: torch.Size([768]), require_grad=True
[2022-08-13 04:05:15,239][__main__][DEBUG] - Parameter model.model.decoder.layers.1.self_attn.v_proj.weight: torch.Size([768, 768]), require_grad=True
[2022-08-13 04:05:15,239][__main__][DEBUG] - Parameter model.model.decoder.layers.1.self_attn.v_proj.bias: torch.Size([768]), require_grad=True
[2022-08-13 04:05:15,239][__main__][DEBUG] - Parameter model.model.decoder.layers.1.self_attn.q_proj.weight: torch.Size([768, 768]), require_grad=True
[2022-08-13 04:05:15,239][__main__][DEBUG] - Parameter model.model.decoder.layers.1.self_attn.q_proj.bias: torch.Size([768]), require_grad=True
[2022-08-13 04:05:15,240][__main__][DEBUG] - Parameter model.model.decoder.layers.1.self_attn.out_proj.weight: torch.Size([768, 768]), require_grad=True
[2022-08-13 04:05:15,240][__main__][DEBUG] - Parameter model.model.decoder.layers.1.self_attn.out_proj.bias: torch.Size([768]), require_grad=True
[2022-08-13 04:05:15,240][__main__][DEBUG] - Parameter model.model.decoder.layers.1.self_attn_layer_norm.weight: torch.Size([768]), require_grad=True
[2022-08-13 04:05:15,240][__main__][DEBUG] - Parameter model.model.decoder.layers.1.self_attn_layer_norm.bias: torch.Size([768]), require_grad=True
[2022-08-13 04:05:15,240][__main__][DEBUG] - Parameter model.model.decoder.layers.1.encoder_attn.k_proj.weight: torch.Size([768, 768]), require_grad=True
[2022-08-13 04:05:15,240][__main__][DEBUG] - Parameter model.model.decoder.layers.1.encoder_attn.k_proj.bias: torch.Size([768]), require_grad=True
[2022-08-13 04:05:15,240][__main__][DEBUG] - Parameter model.model.decoder.layers.1.encoder_attn.v_proj.weight: torch.Size([768, 768]), require_grad=True
[2022-08-13 04:05:15,240][__main__][DEBUG] - Parameter model.model.decoder.layers.1.encoder_attn.v_proj.bias: torch.Size([768]), require_grad=True
[2022-08-13 04:05:15,240][__main__][DEBUG] - Parameter model.model.decoder.layers.1.encoder_attn.q_proj.weight: torch.Size([768, 768]), require_grad=True
[2022-08-13 04:05:15,241][__main__][DEBUG] - Parameter model.model.decoder.layers.1.encoder_attn.q_proj.bias: torch.Size([768]), require_grad=True
[2022-08-13 04:05:15,241][__main__][DEBUG] - Parameter model.model.decoder.layers.1.encoder_attn.out_proj.weight: torch.Size([768, 768]), require_grad=True
[2022-08-13 04:05:15,241][__main__][DEBUG] - Parameter model.model.decoder.layers.1.encoder_attn.out_proj.bias: torch.Size([768]), require_grad=True
[2022-08-13 04:05:15,241][__main__][DEBUG] - Parameter model.model.decoder.layers.1.encoder_attn_layer_norm.weight: torch.Size([768]), require_grad=True
[2022-08-13 04:05:15,241][__main__][DEBUG] - Parameter model.model.decoder.layers.1.encoder_attn_layer_norm.bias: torch.Size([768]), require_grad=True
[2022-08-13 04:05:15,241][__main__][DEBUG] - Parameter model.model.decoder.layers.1.fc1.weight: torch.Size([3072, 768]), require_grad=True
[2022-08-13 04:05:15,241][__main__][DEBUG] - Parameter model.model.decoder.layers.1.fc1.bias: torch.Size([3072]), require_grad=True
[2022-08-13 04:05:15,241][__main__][DEBUG] - Parameter model.model.decoder.layers.1.fc2.weight: torch.Size([768, 3072]), require_grad=True
[2022-08-13 04:05:15,241][__main__][DEBUG] - Parameter model.model.decoder.layers.1.fc2.bias: torch.Size([768]), require_grad=True
[2022-08-13 04:05:15,242][__main__][DEBUG] - Parameter model.model.decoder.layers.1.final_layer_norm.weight: torch.Size([768]), require_grad=True
[2022-08-13 04:05:15,242][__main__][DEBUG] - Parameter model.model.decoder.layers.1.final_layer_norm.bias: torch.Size([768]), require_grad=True
[2022-08-13 04:05:15,242][__main__][DEBUG] - Parameter model.model.decoder.layers.2.self_attn.k_proj.weight: torch.Size([768, 768]), require_grad=True
[2022-08-13 04:05:15,242][__main__][DEBUG] - Parameter model.model.decoder.layers.2.self_attn.k_proj.bias: torch.Size([768]), require_grad=True
[2022-08-13 04:05:15,242][__main__][DEBUG] - Parameter model.model.decoder.layers.2.self_attn.v_proj.weight: torch.Size([768, 768]), require_grad=True
[2022-08-13 04:05:15,242][__main__][DEBUG] - Parameter model.model.decoder.layers.2.self_attn.v_proj.bias: torch.Size([768]), require_grad=True
[2022-08-13 04:05:15,242][__main__][DEBUG] - Parameter model.model.decoder.layers.2.self_attn.q_proj.weight: torch.Size([768, 768]), require_grad=True
[2022-08-13 04:05:15,242][__main__][DEBUG] - Parameter model.model.decoder.layers.2.self_attn.q_proj.bias: torch.Size([768]), require_grad=True
[2022-08-13 04:05:15,242][__main__][DEBUG] - Parameter model.model.decoder.layers.2.self_attn.out_proj.weight: torch.Size([768, 768]), require_grad=True
[2022-08-13 04:05:15,242][__main__][DEBUG] - Parameter model.model.decoder.layers.2.self_attn.out_proj.bias: torch.Size([768]), require_grad=True
[2022-08-13 04:05:15,243][__main__][DEBUG] - Parameter model.model.decoder.layers.2.self_attn_layer_norm.weight: torch.Size([768]), require_grad=True
[2022-08-13 04:05:15,243][__main__][DEBUG] - Parameter model.model.decoder.layers.2.self_attn_layer_norm.bias: torch.Size([768]), require_grad=True
[2022-08-13 04:05:15,243][__main__][DEBUG] - Parameter model.model.decoder.layers.2.encoder_attn.k_proj.weight: torch.Size([768, 768]), require_grad=True
[2022-08-13 04:05:15,243][__main__][DEBUG] - Parameter model.model.decoder.layers.2.encoder_attn.k_proj.bias: torch.Size([768]), require_grad=True
[2022-08-13 04:05:15,243][__main__][DEBUG] - Parameter model.model.decoder.layers.2.encoder_attn.v_proj.weight: torch.Size([768, 768]), require_grad=True
[2022-08-13 04:05:15,243][__main__][DEBUG] - Parameter model.model.decoder.layers.2.encoder_attn.v_proj.bias: torch.Size([768]), require_grad=True
[2022-08-13 04:05:15,243][__main__][DEBUG] - Parameter model.model.decoder.layers.2.encoder_attn.q_proj.weight: torch.Size([768, 768]), require_grad=True
[2022-08-13 04:05:15,243][__main__][DEBUG] - Parameter model.model.decoder.layers.2.encoder_attn.q_proj.bias: torch.Size([768]), require_grad=True
[2022-08-13 04:05:15,243][__main__][DEBUG] - Parameter model.model.decoder.layers.2.encoder_attn.out_proj.weight: torch.Size([768, 768]), require_grad=True
[2022-08-13 04:05:15,244][__main__][DEBUG] - Parameter model.model.decoder.layers.2.encoder_attn.out_proj.bias: torch.Size([768]), require_grad=True
[2022-08-13 04:05:15,244][__main__][DEBUG] - Parameter model.model.decoder.layers.2.encoder_attn_layer_norm.weight: torch.Size([768]), require_grad=True
[2022-08-13 04:05:15,244][__main__][DEBUG] - Parameter model.model.decoder.layers.2.encoder_attn_layer_norm.bias: torch.Size([768]), require_grad=True
[2022-08-13 04:05:15,244][__main__][DEBUG] - Parameter model.model.decoder.layers.2.fc1.weight: torch.Size([3072, 768]), require_grad=True
[2022-08-13 04:05:15,244][__main__][DEBUG] - Parameter model.model.decoder.layers.2.fc1.bias: torch.Size([3072]), require_grad=True
[2022-08-13 04:05:15,244][__main__][DEBUG] - Parameter model.model.decoder.layers.2.fc2.weight: torch.Size([768, 3072]), require_grad=True
[2022-08-13 04:05:15,244][__main__][DEBUG] - Parameter model.model.decoder.layers.2.fc2.bias: torch.Size([768]), require_grad=True
[2022-08-13 04:05:15,244][__main__][DEBUG] - Parameter model.model.decoder.layers.2.final_layer_norm.weight: torch.Size([768]), require_grad=True
[2022-08-13 04:05:15,244][__main__][DEBUG] - Parameter model.model.decoder.layers.2.final_layer_norm.bias: torch.Size([768]), require_grad=True
[2022-08-13 04:05:15,244][__main__][DEBUG] - Parameter model.model.decoder.layers.3.self_attn.k_proj.weight: torch.Size([768, 768]), require_grad=True
[2022-08-13 04:05:15,245][__main__][DEBUG] - Parameter model.model.decoder.layers.3.self_attn.k_proj.bias: torch.Size([768]), require_grad=True
[2022-08-13 04:05:15,245][__main__][DEBUG] - Parameter model.model.decoder.layers.3.self_attn.v_proj.weight: torch.Size([768, 768]), require_grad=True
[2022-08-13 04:05:15,245][__main__][DEBUG] - Parameter model.model.decoder.layers.3.self_attn.v_proj.bias: torch.Size([768]), require_grad=True
[2022-08-13 04:05:15,245][__main__][DEBUG] - Parameter model.model.decoder.layers.3.self_attn.q_proj.weight: torch.Size([768, 768]), require_grad=True
[2022-08-13 04:05:15,245][__main__][DEBUG] - Parameter model.model.decoder.layers.3.self_attn.q_proj.bias: torch.Size([768]), require_grad=True
[2022-08-13 04:05:15,245][__main__][DEBUG] - Parameter model.model.decoder.layers.3.self_attn.out_proj.weight: torch.Size([768, 768]), require_grad=True
[2022-08-13 04:05:15,245][__main__][DEBUG] - Parameter model.model.decoder.layers.3.self_attn.out_proj.bias: torch.Size([768]), require_grad=True
[2022-08-13 04:05:15,245][__main__][DEBUG] - Parameter model.model.decoder.layers.3.self_attn_layer_norm.weight: torch.Size([768]), require_grad=True
[2022-08-13 04:05:15,245][__main__][DEBUG] - Parameter model.model.decoder.layers.3.self_attn_layer_norm.bias: torch.Size([768]), require_grad=True
[2022-08-13 04:05:15,246][__main__][DEBUG] - Parameter model.model.decoder.layers.3.encoder_attn.k_proj.weight: torch.Size([768, 768]), require_grad=True
[2022-08-13 04:05:15,246][__main__][DEBUG] - Parameter model.model.decoder.layers.3.encoder_attn.k_proj.bias: torch.Size([768]), require_grad=True
[2022-08-13 04:05:15,246][__main__][DEBUG] - Parameter model.model.decoder.layers.3.encoder_attn.v_proj.weight: torch.Size([768, 768]), require_grad=True
[2022-08-13 04:05:15,246][__main__][DEBUG] - Parameter model.model.decoder.layers.3.encoder_attn.v_proj.bias: torch.Size([768]), require_grad=True
[2022-08-13 04:05:15,334][__main__][DEBUG] - Parameter model.model.decoder.layers.3.encoder_attn.q_proj.weight: torch.Size([768, 768]), require_grad=True
[2022-08-13 04:05:15,334][__main__][DEBUG] - Parameter model.model.decoder.layers.3.encoder_attn.q_proj.bias: torch.Size([768]), require_grad=True
[2022-08-13 04:05:15,334][__main__][DEBUG] - Parameter model.model.decoder.layers.3.encoder_attn.out_proj.weight: torch.Size([768, 768]), require_grad=True
[2022-08-13 04:05:15,335][__main__][DEBUG] - Parameter model.model.decoder.layers.3.encoder_attn.out_proj.bias: torch.Size([768]), require_grad=True
[2022-08-13 04:05:15,335][__main__][DEBUG] - Parameter model.model.decoder.layers.3.encoder_attn_layer_norm.weight: torch.Size([768]), require_grad=True
[2022-08-13 04:05:15,335][__main__][DEBUG] - Parameter model.model.decoder.layers.3.encoder_attn_layer_norm.bias: torch.Size([768]), require_grad=True
[2022-08-13 04:05:15,335][__main__][DEBUG] - Parameter model.model.decoder.layers.3.fc1.weight: torch.Size([3072, 768]), require_grad=True
[2022-08-13 04:05:15,336][__main__][DEBUG] - Parameter model.model.decoder.layers.3.fc1.bias: torch.Size([3072]), require_grad=True
[2022-08-13 04:05:15,336][__main__][DEBUG] - Parameter model.model.decoder.layers.3.fc2.weight: torch.Size([768, 3072]), require_grad=True
[2022-08-13 04:05:15,336][__main__][DEBUG] - Parameter model.model.decoder.layers.3.fc2.bias: torch.Size([768]), require_grad=True
[2022-08-13 04:05:15,336][__main__][DEBUG] - Parameter model.model.decoder.layers.3.final_layer_norm.weight: torch.Size([768]), require_grad=True
[2022-08-13 04:05:15,336][__main__][DEBUG] - Parameter model.model.decoder.layers.3.final_layer_norm.bias: torch.Size([768]), require_grad=True
[2022-08-13 04:05:15,337][__main__][DEBUG] - Parameter model.model.decoder.layers.4.self_attn.k_proj.weight: torch.Size([768, 768]), require_grad=True
[2022-08-13 04:05:15,337][__main__][DEBUG] - Parameter model.model.decoder.layers.4.self_attn.k_proj.bias: torch.Size([768]), require_grad=True
[2022-08-13 04:05:15,337][__main__][DEBUG] - Parameter model.model.decoder.layers.4.self_attn.v_proj.weight: torch.Size([768, 768]), require_grad=True
[2022-08-13 04:05:15,337][__main__][DEBUG] - Parameter model.model.decoder.layers.4.self_attn.v_proj.bias: torch.Size([768]), require_grad=True
[2022-08-13 04:05:15,337][__main__][DEBUG] - Parameter model.model.decoder.layers.4.self_attn.q_proj.weight: torch.Size([768, 768]), require_grad=True
[2022-08-13 04:05:15,337][__main__][DEBUG] - Parameter model.model.decoder.layers.4.self_attn.q_proj.bias: torch.Size([768]), require_grad=True
[2022-08-13 04:05:15,337][__main__][DEBUG] - Parameter model.model.decoder.layers.4.self_attn.out_proj.weight: torch.Size([768, 768]), require_grad=True
[2022-08-13 04:05:15,337][__main__][DEBUG] - Parameter model.model.decoder.layers.4.self_attn.out_proj.bias: torch.Size([768]), require_grad=True
[2022-08-13 04:05:15,338][__main__][DEBUG] - Parameter model.model.decoder.layers.4.self_attn_layer_norm.weight: torch.Size([768]), require_grad=True
[2022-08-13 04:05:15,338][__main__][DEBUG] - Parameter model.model.decoder.layers.4.self_attn_layer_norm.bias: torch.Size([768]), require_grad=True
[2022-08-13 04:05:15,338][__main__][DEBUG] - Parameter model.model.decoder.layers.4.encoder_attn.k_proj.weight: torch.Size([768, 768]), require_grad=True
[2022-08-13 04:05:15,338][__main__][DEBUG] - Parameter model.model.decoder.layers.4.encoder_attn.k_proj.bias: torch.Size([768]), require_grad=True
[2022-08-13 04:05:15,338][__main__][DEBUG] - Parameter model.model.decoder.layers.4.encoder_attn.v_proj.weight: torch.Size([768, 768]), require_grad=True
[2022-08-13 04:05:15,338][__main__][DEBUG] - Parameter model.model.decoder.layers.4.encoder_attn.v_proj.bias: torch.Size([768]), require_grad=True
[2022-08-13 04:05:15,338][__main__][DEBUG] - Parameter model.model.decoder.layers.4.encoder_attn.q_proj.weight: torch.Size([768, 768]), require_grad=True
[2022-08-13 04:05:15,338][__main__][DEBUG] - Parameter model.model.decoder.layers.4.encoder_attn.q_proj.bias: torch.Size([768]), require_grad=True
[2022-08-13 04:05:15,338][__main__][DEBUG] - Parameter model.model.decoder.layers.4.encoder_attn.out_proj.weight: torch.Size([768, 768]), require_grad=True
[2022-08-13 04:05:15,338][__main__][DEBUG] - Parameter model.model.decoder.layers.4.encoder_attn.out_proj.bias: torch.Size([768]), require_grad=True
[2022-08-13 04:05:15,338][__main__][DEBUG] - Parameter model.model.decoder.layers.4.encoder_attn_layer_norm.weight: torch.Size([768]), require_grad=True
[2022-08-13 04:05:15,338][__main__][DEBUG] - Parameter model.model.decoder.layers.4.encoder_attn_layer_norm.bias: torch.Size([768]), require_grad=True
[2022-08-13 04:05:15,339][__main__][DEBUG] - Parameter model.model.decoder.layers.4.fc1.weight: torch.Size([3072, 768]), require_grad=True
[2022-08-13 04:05:15,339][__main__][DEBUG] - Parameter model.model.decoder.layers.4.fc1.bias: torch.Size([3072]), require_grad=True
[2022-08-13 04:05:15,339][__main__][DEBUG] - Parameter model.model.decoder.layers.4.fc2.weight: torch.Size([768, 3072]), require_grad=True
[2022-08-13 04:05:15,339][__main__][DEBUG] - Parameter model.model.decoder.layers.4.fc2.bias: torch.Size([768]), require_grad=True
[2022-08-13 04:05:15,339][__main__][DEBUG] - Parameter model.model.decoder.layers.4.final_layer_norm.weight: torch.Size([768]), require_grad=True
[2022-08-13 04:05:15,339][__main__][DEBUG] - Parameter model.model.decoder.layers.4.final_layer_norm.bias: torch.Size([768]), require_grad=True
[2022-08-13 04:05:15,339][__main__][DEBUG] - Parameter model.model.decoder.layers.5.self_attn.k_proj.weight: torch.Size([768, 768]), require_grad=True
[2022-08-13 04:05:15,339][__main__][DEBUG] - Parameter model.model.decoder.layers.5.self_attn.k_proj.bias: torch.Size([768]), require_grad=True
[2022-08-13 04:05:15,339][__main__][DEBUG] - Parameter model.model.decoder.layers.5.self_attn.v_proj.weight: torch.Size([768, 768]), require_grad=True
[2022-08-13 04:05:15,339][__main__][DEBUG] - Parameter model.model.decoder.layers.5.self_attn.v_proj.bias: torch.Size([768]), require_grad=True
[2022-08-13 04:05:15,339][__main__][DEBUG] - Parameter model.model.decoder.layers.5.self_attn.q_proj.weight: torch.Size([768, 768]), require_grad=True
[2022-08-13 04:05:15,340][__main__][DEBUG] - Parameter model.model.decoder.layers.5.self_attn.q_proj.bias: torch.Size([768]), require_grad=True
[2022-08-13 04:05:15,340][__main__][DEBUG] - Parameter model.model.decoder.layers.5.self_attn.out_proj.weight: torch.Size([768, 768]), require_grad=True
[2022-08-13 04:05:15,340][__main__][DEBUG] - Parameter model.model.decoder.layers.5.self_attn.out_proj.bias: torch.Size([768]), require_grad=True
[2022-08-13 04:05:15,340][__main__][DEBUG] - Parameter model.model.decoder.layers.5.self_attn_layer_norm.weight: torch.Size([768]), require_grad=True
[2022-08-13 04:05:15,340][__main__][DEBUG] - Parameter model.model.decoder.layers.5.self_attn_layer_norm.bias: torch.Size([768]), require_grad=True
[2022-08-13 04:05:15,340][__main__][DEBUG] - Parameter model.model.decoder.layers.5.encoder_attn.k_proj.weight: torch.Size([768, 768]), require_grad=True
[2022-08-13 04:05:15,340][__main__][DEBUG] - Parameter model.model.decoder.layers.5.encoder_attn.k_proj.bias: torch.Size([768]), require_grad=True
[2022-08-13 04:05:15,340][__main__][DEBUG] - Parameter model.model.decoder.layers.5.encoder_attn.v_proj.weight: torch.Size([768, 768]), require_grad=True
[2022-08-13 04:05:15,340][__main__][DEBUG] - Parameter model.model.decoder.layers.5.encoder_attn.v_proj.bias: torch.Size([768]), require_grad=True
[2022-08-13 04:05:15,340][__main__][DEBUG] - Parameter model.model.decoder.layers.5.encoder_attn.q_proj.weight: torch.Size([768, 768]), require_grad=True
[2022-08-13 04:05:15,340][__main__][DEBUG] - Parameter model.model.decoder.layers.5.encoder_attn.q_proj.bias: torch.Size([768]), require_grad=True
[2022-08-13 04:05:15,341][__main__][DEBUG] - Parameter model.model.decoder.layers.5.encoder_attn.out_proj.weight: torch.Size([768, 768]), require_grad=True
[2022-08-13 04:05:15,341][__main__][DEBUG] - Parameter model.model.decoder.layers.5.encoder_attn.out_proj.bias: torch.Size([768]), require_grad=True
[2022-08-13 04:05:15,341][__main__][DEBUG] - Parameter model.model.decoder.layers.5.encoder_attn_layer_norm.weight: torch.Size([768]), require_grad=True
[2022-08-13 04:05:15,341][__main__][DEBUG] - Parameter model.model.decoder.layers.5.encoder_attn_layer_norm.bias: torch.Size([768]), require_grad=True
[2022-08-13 04:05:15,341][__main__][DEBUG] - Parameter model.model.decoder.layers.5.fc1.weight: torch.Size([3072, 768]), require_grad=True
[2022-08-13 04:05:15,341][__main__][DEBUG] - Parameter model.model.decoder.layers.5.fc1.bias: torch.Size([3072]), require_grad=True
[2022-08-13 04:05:15,341][__main__][DEBUG] - Parameter model.model.decoder.layers.5.fc2.weight: torch.Size([768, 3072]), require_grad=True
[2022-08-13 04:05:15,341][__main__][DEBUG] - Parameter model.model.decoder.layers.5.fc2.bias: torch.Size([768]), require_grad=True
[2022-08-13 04:05:15,341][__main__][DEBUG] - Parameter model.model.decoder.layers.5.final_layer_norm.weight: torch.Size([768]), require_grad=True
[2022-08-13 04:05:15,341][__main__][DEBUG] - Parameter model.model.decoder.layers.5.final_layer_norm.bias: torch.Size([768]), require_grad=True
[2022-08-13 04:05:15,341][__main__][DEBUG] - Parameter model.model.decoder.layernorm_embedding.weight: torch.Size([768]), require_grad=True
[2022-08-13 04:05:15,341][__main__][DEBUG] - Parameter model.model.decoder.layernorm_embedding.bias: torch.Size([768]), require_grad=True
[2022-08-13 04:05:15,344][__main__][DEBUG] - Starting training!
[2022-08-13 04:05:16,060][__main__][DEBUG] - batch 0: tensor([[    0,   646, 44143,  ..., 29015,   742,     2],
        [    0,   646, 44143,  ..., 29015,   742,     2],
        [    0,   646, 44143,  ..., 29015,   742,     2],
        [    0,   646, 44143,  ...,     1,     1,     1]], device='cuda:0') 
[2022-08-13 04:05:16,070][__main__][DEBUG] - batch 1: tensor([[1, 1, 1,  ..., 1, 1, 1],
        [1, 1, 1,  ..., 1, 1, 1],
        [1, 1, 1,  ..., 1, 1, 1],
        [1, 1, 1,  ..., 0, 0, 0]], device='cuda:0') 
[2022-08-13 04:05:16,072][__main__][DEBUG] - batch 2: tensor([[    0, 11581,     2,  ...,     1,     1,     1],
        [    0,  2354,  4120,  ...,     1,     1,     1],
        [    0,  2354,  4120,  ...,     1,     1,     1],
        [    0, 11581,     2,  ...,     1,     1,     1]], device='cuda:0') 
[2022-08-13 04:05:16,073][__main__][DEBUG] - batch 3: tensor([[1, 1, 1,  ..., 0, 0, 0],
        [1, 1, 1,  ..., 0, 0, 0],
        [1, 1, 1,  ..., 0, 0, 0],
        [1, 1, 1,  ..., 0, 0, 0]], device='cuda:0') 
[2022-08-13 04:05:16,074][__main__][DEBUG] - batch 4: tensor([[50, 50, 50,  ..., 50, 50, 50],
        [50, 50, 50,  ..., 50, 50, 50],
        [50, 50, 50,  ..., 50, 50, 50],
        [50, 50, 50,  ..., 50, 50, 50]], device='cuda:0') 
[2022-08-13 04:05:16,076][__main__][DEBUG] - batch 5: tensor([[60, 60, 60,  ..., 60, 60, 60],
        [60, 60, 60,  ..., 60, 60, 60],
        [60, 60, 60,  ..., 60, 60, 60],
        [60, 60, 60,  ..., 60, 60, 60]], device='cuda:0') 
[2022-08-13 04:05:16,080][__main__][DEBUG] - batch 6: tensor([[ 26],
        [116],
        [ 15],
        [  4]], device='cuda:0') 
[2022-08-13 04:05:16,081][__main__][DEBUG] - batch 7: tensor([[ 4],
        [13],
        [ 6],
        [ 2]], device='cuda:0') 
[2022-08-13 04:05:16,087][__main__][DEBUG] - batch 8: tensor([[[60, 60, 60,  ..., 60, 60, 60],
         [60, 60, 60,  ..., 60, 60, 60],
         [60, 60, 60,  ..., 60, 60, 60],
         ...,
         [60, 60, 60,  ..., 60, 60, 60],
         [60, 60, 60,  ..., 60, 60, 60],
         [60, 60, 60,  ..., 60, 60, 60]],

        [[60, 60, 60,  ..., 60, 60, 60],
         [60, 60, 60,  ..., 60, 60, 60],
         [60, 60, 60,  ..., 60, 60, 60],
         ...,
         [60, 60, 60,  ..., 60, 60, 60],
         [60, 60, 60,  ..., 60, 60, 60],
         [60, 60, 60,  ..., 60, 60, 60]],

        [[60, 60, 60,  ..., 60, 60, 60],
         [60, 60, 60,  ..., 60, 60, 60],
         [60, 60, 60,  ..., 60, 60, 60],
         ...,
         [60, 60, 60,  ..., 60, 60, 60],
         [60, 60, 60,  ..., 60, 60, 60],
         [60, 60, 60,  ..., 60, 60, 60]],

        [[60, 60, 60,  ..., 60, 60, 60],
         [60, 60, 60,  ..., 60, 60, 60],
         [60, 60, 60,  ..., 60, 60, 60],
         ...,
         [60, 60, 60,  ..., 60, 60, 60],
         [60, 60, 60,  ..., 60, 60, 60],
         [60, 60, 60,  ..., 60, 60, 60]]], device='cuda:0') 
[2022-08-13 04:05:16,226][__main__][DEBUG] - Stop training because loss=tensor(nan, device='cuda:0')
[2022-08-13 04:07:09,185][__main__][DEBUG] - epoch is 0
[2022-08-13 04:07:09,186][__main__][DEBUG] - validation loss is tensor(nan, device='cuda:0')
[2022-08-13 04:07:12,545][__main__][DEBUG] - Stop training because loss=tensor(nan, device='cuda:0')
[2022-08-13 04:09:04,749][__main__][DEBUG] - epoch is 1
[2022-08-13 04:09:04,750][__main__][DEBUG] - validation loss is tensor(nan, device='cuda:0')
[2022-08-13 04:09:07,752][__main__][DEBUG] - Stop training because loss=tensor(nan, device='cuda:0')
[2022-08-13 04:11:00,530][__main__][DEBUG] - epoch is 2
[2022-08-13 04:11:00,531][__main__][DEBUG] - validation loss is tensor(nan, device='cuda:0')
[2022-08-13 04:11:03,148][__main__][DEBUG] - Stop training because loss=tensor(nan, device='cuda:0')
[2022-08-13 04:12:55,301][__main__][DEBUG] - epoch is 3
[2022-08-13 04:12:55,302][__main__][DEBUG] - validation loss is tensor(nan, device='cuda:0')
[2022-08-13 04:12:57,964][__main__][DEBUG] - Stop training because loss=tensor(nan, device='cuda:0')
[2022-08-13 04:14:50,329][__main__][DEBUG] - epoch is 4
[2022-08-13 04:14:50,329][__main__][DEBUG] - validation loss is tensor(nan, device='cuda:0')
[2022-08-13 04:14:54,493][__main__][DEBUG] - Stop training because loss=tensor(nan, device='cuda:0')
[2022-08-13 04:16:47,083][__main__][DEBUG] - epoch is 5
[2022-08-13 04:16:47,084][__main__][DEBUG] - validation loss is tensor(nan, device='cuda:0')
[2022-08-13 04:16:49,635][__main__][DEBUG] - Stop training because loss=tensor(nan, device='cuda:0')
[2022-08-13 04:18:42,146][__main__][DEBUG] - epoch is 6
[2022-08-13 04:18:42,147][__main__][DEBUG] - validation loss is tensor(nan, device='cuda:0')
[2022-08-13 04:18:45,046][__main__][DEBUG] - Stop training because loss=tensor(nan, device='cuda:0')
[2022-08-13 04:20:37,300][__main__][DEBUG] - epoch is 7
[2022-08-13 04:20:37,301][__main__][DEBUG] - validation loss is tensor(nan, device='cuda:0')
[2022-08-13 04:20:41,398][__main__][DEBUG] - Stop training because loss=tensor(nan, device='cuda:0')
[2022-08-13 04:22:34,304][__main__][DEBUG] - epoch is 8
[2022-08-13 04:22:34,305][__main__][DEBUG] - validation loss is tensor(nan, device='cuda:0')
[2022-08-13 04:22:37,242][__main__][DEBUG] - Stop training because loss=tensor(nan, device='cuda:0')
[2022-08-13 04:24:29,336][__main__][DEBUG] - epoch is 9
[2022-08-13 04:24:29,337][__main__][DEBUG] - validation loss is tensor(nan, device='cuda:0')
[2022-08-13 04:24:32,226][__main__][DEBUG] - Stop training because loss=tensor(nan, device='cuda:0')
[2022-08-13 04:26:24,871][__main__][DEBUG] - epoch is 10
[2022-08-13 04:26:24,872][__main__][DEBUG] - validation loss is tensor(nan, device='cuda:0')
[2022-08-13 04:26:28,091][__main__][DEBUG] - Stop training because loss=tensor(nan, device='cuda:0')
[2022-08-13 04:28:20,348][__main__][DEBUG] - epoch is 11
[2022-08-13 04:28:20,349][__main__][DEBUG] - validation loss is tensor(nan, device='cuda:0')
[2022-08-13 04:28:23,046][__main__][DEBUG] - Stop training because loss=tensor(nan, device='cuda:0')
[2022-08-13 04:30:15,495][__main__][DEBUG] - epoch is 12
[2022-08-13 04:30:15,496][__main__][DEBUG] - validation loss is tensor(nan, device='cuda:0')
[2022-08-13 04:30:18,647][__main__][DEBUG] - Stop training because loss=tensor(nan, device='cuda:0')
[2022-08-13 04:32:11,160][__main__][DEBUG] - epoch is 13
[2022-08-13 04:32:11,160][__main__][DEBUG] - validation loss is tensor(nan, device='cuda:0')
[2022-08-13 04:32:13,993][__main__][DEBUG] - Stop training because loss=tensor(nan, device='cuda:0')
[2022-08-13 04:34:06,380][__main__][DEBUG] - epoch is 14
[2022-08-13 04:34:06,380][__main__][DEBUG] - validation loss is tensor(nan, device='cuda:0')
[2022-08-13 04:34:09,877][__main__][DEBUG] - Stop training because loss=tensor(nan, device='cuda:0')
[2022-08-13 04:36:01,960][__main__][DEBUG] - epoch is 15
[2022-08-13 04:36:01,960][__main__][DEBUG] - validation loss is tensor(nan, device='cuda:0')
[2022-08-13 04:36:04,674][__main__][DEBUG] - Stop training because loss=tensor(nan, device='cuda:0')
[2022-08-13 04:37:57,336][__main__][DEBUG] - epoch is 16
[2022-08-13 04:37:57,337][__main__][DEBUG] - validation loss is tensor(nan, device='cuda:0')
[2022-08-13 04:38:01,862][__main__][DEBUG] - Stop training because loss=tensor(nan, device='cuda:0')
[2022-08-13 04:39:54,224][__main__][DEBUG] - epoch is 17
[2022-08-13 04:39:54,225][__main__][DEBUG] - validation loss is tensor(nan, device='cuda:0')
[2022-08-13 04:39:57,110][__main__][DEBUG] - Stop training because loss=tensor(nan, device='cuda:0')
[2022-08-13 04:41:49,574][__main__][DEBUG] - epoch is 18
[2022-08-13 04:41:49,575][__main__][DEBUG] - validation loss is tensor(nan, device='cuda:0')
[2022-08-13 04:41:52,345][__main__][DEBUG] - Stop training because loss=tensor(nan, device='cuda:0')
