[2022-08-18 02:53:48,061][transformers.tokenization_utils_base][INFO] - Model name 'pretrain_model/jointgt_t5' not found in model shortcut name list (t5-small, t5-base, t5-large, t5-3b, t5-11b). Assuming 'pretrain_model/jointgt_t5' is a path, a model identifier, or url to a directory containing tokenizer files.
[2022-08-18 02:53:48,306][transformers.tokenization_utils_base][INFO] - Didn't find file pretrain_model/jointgt_t5/added_tokens.json. We won't load it.
[2022-08-18 02:53:48,307][transformers.tokenization_utils_base][INFO] - Didn't find file pretrain_model/jointgt_t5/special_tokens_map.json. We won't load it.
[2022-08-18 02:53:48,307][transformers.tokenization_utils_base][INFO] - Didn't find file pretrain_model/jointgt_t5/tokenizer_config.json. We won't load it.
[2022-08-18 02:53:48,308][transformers.tokenization_utils_base][INFO] - loading file pretrain_model/jointgt_t5/spiece.model
[2022-08-18 02:53:48,308][transformers.tokenization_utils_base][INFO] - loading file None
[2022-08-18 02:53:48,308][transformers.tokenization_utils_base][INFO] - loading file None
[2022-08-18 02:53:48,308][transformers.tokenization_utils_base][INFO] - loading file None
[2022-08-18 02:53:48,308][transformers.tokenization_utils_base][INFO] - loading file pretrain_model/jointgt_t5/tokenizer.json
[2022-08-18 02:53:54,518][transformers.configuration_utils][INFO] - loading configuration file pretrain_model/jointgt_t5/config.json
[2022-08-18 02:53:54,519][transformers.configuration_utils][INFO] - Model config T5Config {
  "architectures": [
    "MyT5Pretrain"
  ],
  "d_ff": 3072,
  "d_kv": 64,
  "d_model": 768,
  "decoder_start_token_id": 0,
  "dropout_rate": 0.1,
  "eos_token_id": 1,
  "initializer_factor": 1.0,
  "is_encoder_decoder": true,
  "layer_norm_epsilon": 1e-06,
  "model_type": "t5",
  "n_positions": 512,
  "num_heads": 12,
  "num_layers": 12,
  "output_past": true,
  "pad_token_id": 0,
  "relative_attention_num_buckets": 32,
  "task_specific_params": {
    "summarization": {
      "early_stopping": true,
      "length_penalty": 2.0,
      "max_length": 200,
      "min_length": 30,
      "no_repeat_ngram_size": 3,
      "num_beams": 4,
      "prefix": "summarize: "
    },
    "translation_en_to_de": {
      "early_stopping": true,
      "max_length": 300,
      "num_beams": 4,
      "prefix": "translate English to German: "
    },
    "translation_en_to_fr": {
      "early_stopping": true,
      "max_length": 300,
      "num_beams": 4,
      "prefix": "translate English to French: "
    },
    "translation_en_to_ro": {
      "early_stopping": true,
      "max_length": 300,
      "num_beams": 4,
      "prefix": "translate English to Romanian: "
    }
  },
  "vocab_size": 32128
}

[2022-08-18 02:53:54,520][transformers.modeling_utils][INFO] - loading weights file pretrain_model/jointgt_t5/pytorch_model.bin
[2022-08-18 02:54:14,860][transformers.modeling_utils][INFO] - All model checkpoint weights were used when initializing MyT5ForConditionalGeneration.

[2022-08-18 02:54:14,861][transformers.modeling_utils][INFO] - All the weights of MyT5ForConditionalGeneration were initialized from the model checkpoint at pretrain_model/jointgt_t5.
If your task is similar to the task the model of the ckeckpoint was trained on, you can already use MyT5ForConditionalGeneration for predictions without further training.
[2022-08-18 02:54:19,222][__main__][DEBUG] - Parameter model.shared.weight: torch.Size([32128, 768]), require_grad=True
[2022-08-18 02:54:19,224][__main__][DEBUG] - Parameter model.encoder.block.0.layer.0.SelfAttention.q.weight: torch.Size([768, 768]), require_grad=True
[2022-08-18 02:54:19,225][__main__][DEBUG] - Parameter model.encoder.block.0.layer.0.SelfAttention.k.weight: torch.Size([768, 768]), require_grad=True
[2022-08-18 02:54:19,225][__main__][DEBUG] - Parameter model.encoder.block.0.layer.0.SelfAttention.v.weight: torch.Size([768, 768]), require_grad=True
[2022-08-18 02:54:19,225][__main__][DEBUG] - Parameter model.encoder.block.0.layer.0.SelfAttention.o.weight: torch.Size([768, 768]), require_grad=True
[2022-08-18 02:54:19,226][__main__][DEBUG] - Parameter model.encoder.block.0.layer.0.SelfAttention.relative_attention_bias.weight: torch.Size([32, 12]), require_grad=True
[2022-08-18 02:54:19,226][__main__][DEBUG] - Parameter model.encoder.block.0.layer.0.SelfStructAttention.q.weight: torch.Size([768, 768]), require_grad=True
[2022-08-18 02:54:19,226][__main__][DEBUG] - Parameter model.encoder.block.0.layer.0.SelfStructAttention.k.weight: torch.Size([768, 768]), require_grad=True
[2022-08-18 02:54:19,226][__main__][DEBUG] - Parameter model.encoder.block.0.layer.0.SelfStructAttention.v.weight: torch.Size([768, 768]), require_grad=True
[2022-08-18 02:54:19,226][__main__][DEBUG] - Parameter model.encoder.block.0.layer.0.SelfStructAttention.rel_k.weight: torch.Size([768, 768]), require_grad=True
[2022-08-18 02:54:19,227][__main__][DEBUG] - Parameter model.encoder.block.0.layer.0.SelfStructAttention.rel_v.weight: torch.Size([768, 768]), require_grad=True
[2022-08-18 02:54:19,227][__main__][DEBUG] - Parameter model.encoder.block.0.layer.0.SelfStructAttention.o.weight: torch.Size([768, 768]), require_grad=True
[2022-08-18 02:54:19,227][__main__][DEBUG] - Parameter model.encoder.block.0.layer.0.SelfStructAttention.relative_attention_bias.weight: torch.Size([32, 12]), require_grad=True
[2022-08-18 02:54:19,227][__main__][DEBUG] - Parameter model.encoder.block.0.layer.0.layer_norm.weight: torch.Size([768]), require_grad=True
[2022-08-18 02:54:19,227][__main__][DEBUG] - Parameter model.encoder.block.0.layer.1.DenseReluDense.wi.weight: torch.Size([3072, 768]), require_grad=True
[2022-08-18 02:54:19,228][__main__][DEBUG] - Parameter model.encoder.block.0.layer.1.DenseReluDense.wo.weight: torch.Size([768, 3072]), require_grad=True
[2022-08-18 02:54:19,228][__main__][DEBUG] - Parameter model.encoder.block.0.layer.1.layer_norm.weight: torch.Size([768]), require_grad=True
[2022-08-18 02:54:19,228][__main__][DEBUG] - Parameter model.encoder.block.1.layer.0.SelfAttention.q.weight: torch.Size([768, 768]), require_grad=True
[2022-08-18 02:54:19,228][__main__][DEBUG] - Parameter model.encoder.block.1.layer.0.SelfAttention.k.weight: torch.Size([768, 768]), require_grad=True
[2022-08-18 02:54:19,228][__main__][DEBUG] - Parameter model.encoder.block.1.layer.0.SelfAttention.v.weight: torch.Size([768, 768]), require_grad=True
[2022-08-18 02:54:19,228][__main__][DEBUG] - Parameter model.encoder.block.1.layer.0.SelfAttention.o.weight: torch.Size([768, 768]), require_grad=True
[2022-08-18 02:54:19,228][__main__][DEBUG] - Parameter model.encoder.block.1.layer.0.SelfStructAttention.q.weight: torch.Size([768, 768]), require_grad=True
[2022-08-18 02:54:19,229][__main__][DEBUG] - Parameter model.encoder.block.1.layer.0.SelfStructAttention.k.weight: torch.Size([768, 768]), require_grad=True
[2022-08-18 02:54:19,229][__main__][DEBUG] - Parameter model.encoder.block.1.layer.0.SelfStructAttention.v.weight: torch.Size([768, 768]), require_grad=True
[2022-08-18 02:54:19,229][__main__][DEBUG] - Parameter model.encoder.block.1.layer.0.SelfStructAttention.rel_k.weight: torch.Size([768, 768]), require_grad=True
[2022-08-18 02:54:19,229][__main__][DEBUG] - Parameter model.encoder.block.1.layer.0.SelfStructAttention.rel_v.weight: torch.Size([768, 768]), require_grad=True
[2022-08-18 02:54:19,229][__main__][DEBUG] - Parameter model.encoder.block.1.layer.0.SelfStructAttention.o.weight: torch.Size([768, 768]), require_grad=True
[2022-08-18 02:54:19,230][__main__][DEBUG] - Parameter model.encoder.block.1.layer.0.layer_norm.weight: torch.Size([768]), require_grad=True
[2022-08-18 02:54:19,230][__main__][DEBUG] - Parameter model.encoder.block.1.layer.1.DenseReluDense.wi.weight: torch.Size([3072, 768]), require_grad=True
[2022-08-18 02:54:19,230][__main__][DEBUG] - Parameter model.encoder.block.1.layer.1.DenseReluDense.wo.weight: torch.Size([768, 3072]), require_grad=True
[2022-08-18 02:54:19,230][__main__][DEBUG] - Parameter model.encoder.block.1.layer.1.layer_norm.weight: torch.Size([768]), require_grad=True
[2022-08-18 02:54:19,230][__main__][DEBUG] - Parameter model.encoder.block.2.layer.0.SelfAttention.q.weight: torch.Size([768, 768]), require_grad=True
[2022-08-18 02:54:19,231][__main__][DEBUG] - Parameter model.encoder.block.2.layer.0.SelfAttention.k.weight: torch.Size([768, 768]), require_grad=True
[2022-08-18 02:54:19,231][__main__][DEBUG] - Parameter model.encoder.block.2.layer.0.SelfAttention.v.weight: torch.Size([768, 768]), require_grad=True
[2022-08-18 02:54:19,231][__main__][DEBUG] - Parameter model.encoder.block.2.layer.0.SelfAttention.o.weight: torch.Size([768, 768]), require_grad=True
[2022-08-18 02:54:19,231][__main__][DEBUG] - Parameter model.encoder.block.2.layer.0.SelfStructAttention.q.weight: torch.Size([768, 768]), require_grad=True
[2022-08-18 02:54:19,231][__main__][DEBUG] - Parameter model.encoder.block.2.layer.0.SelfStructAttention.k.weight: torch.Size([768, 768]), require_grad=True
[2022-08-18 02:54:19,231][__main__][DEBUG] - Parameter model.encoder.block.2.layer.0.SelfStructAttention.v.weight: torch.Size([768, 768]), require_grad=True
[2022-08-18 02:54:19,232][__main__][DEBUG] - Parameter model.encoder.block.2.layer.0.SelfStructAttention.rel_k.weight: torch.Size([768, 768]), require_grad=True
[2022-08-18 02:54:19,232][__main__][DEBUG] - Parameter model.encoder.block.2.layer.0.SelfStructAttention.rel_v.weight: torch.Size([768, 768]), require_grad=True
[2022-08-18 02:54:19,232][__main__][DEBUG] - Parameter model.encoder.block.2.layer.0.SelfStructAttention.o.weight: torch.Size([768, 768]), require_grad=True
[2022-08-18 02:54:19,232][__main__][DEBUG] - Parameter model.encoder.block.2.layer.0.layer_norm.weight: torch.Size([768]), require_grad=True
[2022-08-18 02:54:19,232][__main__][DEBUG] - Parameter model.encoder.block.2.layer.1.DenseReluDense.wi.weight: torch.Size([3072, 768]), require_grad=True
[2022-08-18 02:54:19,233][__main__][DEBUG] - Parameter model.encoder.block.2.layer.1.DenseReluDense.wo.weight: torch.Size([768, 3072]), require_grad=True
[2022-08-18 02:54:19,233][__main__][DEBUG] - Parameter model.encoder.block.2.layer.1.layer_norm.weight: torch.Size([768]), require_grad=True
[2022-08-18 02:54:19,233][__main__][DEBUG] - Parameter model.encoder.block.3.layer.0.SelfAttention.q.weight: torch.Size([768, 768]), require_grad=True
[2022-08-18 02:54:19,233][__main__][DEBUG] - Parameter model.encoder.block.3.layer.0.SelfAttention.k.weight: torch.Size([768, 768]), require_grad=True
[2022-08-18 02:54:19,233][__main__][DEBUG] - Parameter model.encoder.block.3.layer.0.SelfAttention.v.weight: torch.Size([768, 768]), require_grad=True
[2022-08-18 02:54:19,233][__main__][DEBUG] - Parameter model.encoder.block.3.layer.0.SelfAttention.o.weight: torch.Size([768, 768]), require_grad=True
[2022-08-18 02:54:19,234][__main__][DEBUG] - Parameter model.encoder.block.3.layer.0.SelfStructAttention.q.weight: torch.Size([768, 768]), require_grad=True
[2022-08-18 02:54:19,234][__main__][DEBUG] - Parameter model.encoder.block.3.layer.0.SelfStructAttention.k.weight: torch.Size([768, 768]), require_grad=True
[2022-08-18 02:54:19,234][__main__][DEBUG] - Parameter model.encoder.block.3.layer.0.SelfStructAttention.v.weight: torch.Size([768, 768]), require_grad=True
[2022-08-18 02:54:19,234][__main__][DEBUG] - Parameter model.encoder.block.3.layer.0.SelfStructAttention.rel_k.weight: torch.Size([768, 768]), require_grad=True
[2022-08-18 02:54:19,234][__main__][DEBUG] - Parameter model.encoder.block.3.layer.0.SelfStructAttention.rel_v.weight: torch.Size([768, 768]), require_grad=True
[2022-08-18 02:54:19,235][__main__][DEBUG] - Parameter model.encoder.block.3.layer.0.SelfStructAttention.o.weight: torch.Size([768, 768]), require_grad=True
[2022-08-18 02:54:19,235][__main__][DEBUG] - Parameter model.encoder.block.3.layer.0.layer_norm.weight: torch.Size([768]), require_grad=True
[2022-08-18 02:54:19,235][__main__][DEBUG] - Parameter model.encoder.block.3.layer.1.DenseReluDense.wi.weight: torch.Size([3072, 768]), require_grad=True
[2022-08-18 02:54:19,235][__main__][DEBUG] - Parameter model.encoder.block.3.layer.1.DenseReluDense.wo.weight: torch.Size([768, 3072]), require_grad=True
[2022-08-18 02:54:19,235][__main__][DEBUG] - Parameter model.encoder.block.3.layer.1.layer_norm.weight: torch.Size([768]), require_grad=True
[2022-08-18 02:54:19,236][__main__][DEBUG] - Parameter model.encoder.block.4.layer.0.SelfAttention.q.weight: torch.Size([768, 768]), require_grad=True
[2022-08-18 02:54:19,236][__main__][DEBUG] - Parameter model.encoder.block.4.layer.0.SelfAttention.k.weight: torch.Size([768, 768]), require_grad=True
[2022-08-18 02:54:19,236][__main__][DEBUG] - Parameter model.encoder.block.4.layer.0.SelfAttention.v.weight: torch.Size([768, 768]), require_grad=True
[2022-08-18 02:54:19,236][__main__][DEBUG] - Parameter model.encoder.block.4.layer.0.SelfAttention.o.weight: torch.Size([768, 768]), require_grad=True
[2022-08-18 02:54:19,236][__main__][DEBUG] - Parameter model.encoder.block.4.layer.0.SelfStructAttention.q.weight: torch.Size([768, 768]), require_grad=True
[2022-08-18 02:54:19,236][__main__][DEBUG] - Parameter model.encoder.block.4.layer.0.SelfStructAttention.k.weight: torch.Size([768, 768]), require_grad=True
[2022-08-18 02:54:19,237][__main__][DEBUG] - Parameter model.encoder.block.4.layer.0.SelfStructAttention.v.weight: torch.Size([768, 768]), require_grad=True
[2022-08-18 02:54:19,237][__main__][DEBUG] - Parameter model.encoder.block.4.layer.0.SelfStructAttention.rel_k.weight: torch.Size([768, 768]), require_grad=True
[2022-08-18 02:54:19,237][__main__][DEBUG] - Parameter model.encoder.block.4.layer.0.SelfStructAttention.rel_v.weight: torch.Size([768, 768]), require_grad=True
[2022-08-18 02:54:19,237][__main__][DEBUG] - Parameter model.encoder.block.4.layer.0.SelfStructAttention.o.weight: torch.Size([768, 768]), require_grad=True
[2022-08-18 02:54:19,237][__main__][DEBUG] - Parameter model.encoder.block.4.layer.0.layer_norm.weight: torch.Size([768]), require_grad=True
[2022-08-18 02:54:19,237][__main__][DEBUG] - Parameter model.encoder.block.4.layer.1.DenseReluDense.wi.weight: torch.Size([3072, 768]), require_grad=True
[2022-08-18 02:54:19,238][__main__][DEBUG] - Parameter model.encoder.block.4.layer.1.DenseReluDense.wo.weight: torch.Size([768, 3072]), require_grad=True
[2022-08-18 02:54:19,238][__main__][DEBUG] - Parameter model.encoder.block.4.layer.1.layer_norm.weight: torch.Size([768]), require_grad=True
[2022-08-18 02:54:19,238][__main__][DEBUG] - Parameter model.encoder.block.5.layer.0.SelfAttention.q.weight: torch.Size([768, 768]), require_grad=True
[2022-08-18 02:54:19,238][__main__][DEBUG] - Parameter model.encoder.block.5.layer.0.SelfAttention.k.weight: torch.Size([768, 768]), require_grad=True
[2022-08-18 02:54:19,238][__main__][DEBUG] - Parameter model.encoder.block.5.layer.0.SelfAttention.v.weight: torch.Size([768, 768]), require_grad=True
[2022-08-18 02:54:19,239][__main__][DEBUG] - Parameter model.encoder.block.5.layer.0.SelfAttention.o.weight: torch.Size([768, 768]), require_grad=True
[2022-08-18 02:54:19,239][__main__][DEBUG] - Parameter model.encoder.block.5.layer.0.SelfStructAttention.q.weight: torch.Size([768, 768]), require_grad=True
[2022-08-18 02:54:19,239][__main__][DEBUG] - Parameter model.encoder.block.5.layer.0.SelfStructAttention.k.weight: torch.Size([768, 768]), require_grad=True
[2022-08-18 02:54:19,240][__main__][DEBUG] - Parameter model.encoder.block.5.layer.0.SelfStructAttention.v.weight: torch.Size([768, 768]), require_grad=True
[2022-08-18 02:54:19,240][__main__][DEBUG] - Parameter model.encoder.block.5.layer.0.SelfStructAttention.rel_k.weight: torch.Size([768, 768]), require_grad=True
[2022-08-18 02:54:19,241][__main__][DEBUG] - Parameter model.encoder.block.5.layer.0.SelfStructAttention.rel_v.weight: torch.Size([768, 768]), require_grad=True
[2022-08-18 02:54:19,241][__main__][DEBUG] - Parameter model.encoder.block.5.layer.0.SelfStructAttention.o.weight: torch.Size([768, 768]), require_grad=True
[2022-08-18 02:54:19,241][__main__][DEBUG] - Parameter model.encoder.block.5.layer.0.layer_norm.weight: torch.Size([768]), require_grad=True
[2022-08-18 02:54:19,241][__main__][DEBUG] - Parameter model.encoder.block.5.layer.1.DenseReluDense.wi.weight: torch.Size([3072, 768]), require_grad=True
[2022-08-18 02:54:19,242][__main__][DEBUG] - Parameter model.encoder.block.5.layer.1.DenseReluDense.wo.weight: torch.Size([768, 3072]), require_grad=True
[2022-08-18 02:54:19,242][__main__][DEBUG] - Parameter model.encoder.block.5.layer.1.layer_norm.weight: torch.Size([768]), require_grad=True
[2022-08-18 02:54:19,242][__main__][DEBUG] - Parameter model.encoder.block.6.layer.0.SelfAttention.q.weight: torch.Size([768, 768]), require_grad=True
[2022-08-18 02:54:19,242][__main__][DEBUG] - Parameter model.encoder.block.6.layer.0.SelfAttention.k.weight: torch.Size([768, 768]), require_grad=True
[2022-08-18 02:54:19,242][__main__][DEBUG] - Parameter model.encoder.block.6.layer.0.SelfAttention.v.weight: torch.Size([768, 768]), require_grad=True
[2022-08-18 02:54:19,242][__main__][DEBUG] - Parameter model.encoder.block.6.layer.0.SelfAttention.o.weight: torch.Size([768, 768]), require_grad=True
[2022-08-18 02:54:19,243][__main__][DEBUG] - Parameter model.encoder.block.6.layer.0.SelfStructAttention.q.weight: torch.Size([768, 768]), require_grad=True
[2022-08-18 02:54:19,243][__main__][DEBUG] - Parameter model.encoder.block.6.layer.0.SelfStructAttention.k.weight: torch.Size([768, 768]), require_grad=True
[2022-08-18 02:54:19,243][__main__][DEBUG] - Parameter model.encoder.block.6.layer.0.SelfStructAttention.v.weight: torch.Size([768, 768]), require_grad=True
[2022-08-18 02:54:19,243][__main__][DEBUG] - Parameter model.encoder.block.6.layer.0.SelfStructAttention.rel_k.weight: torch.Size([768, 768]), require_grad=True
[2022-08-18 02:54:19,243][__main__][DEBUG] - Parameter model.encoder.block.6.layer.0.SelfStructAttention.rel_v.weight: torch.Size([768, 768]), require_grad=True
[2022-08-18 02:54:19,243][__main__][DEBUG] - Parameter model.encoder.block.6.layer.0.SelfStructAttention.o.weight: torch.Size([768, 768]), require_grad=True
[2022-08-18 02:54:19,244][__main__][DEBUG] - Parameter model.encoder.block.6.layer.0.layer_norm.weight: torch.Size([768]), require_grad=True
[2022-08-18 02:54:19,244][__main__][DEBUG] - Parameter model.encoder.block.6.layer.1.DenseReluDense.wi.weight: torch.Size([3072, 768]), require_grad=True
[2022-08-18 02:54:19,244][__main__][DEBUG] - Parameter model.encoder.block.6.layer.1.DenseReluDense.wo.weight: torch.Size([768, 3072]), require_grad=True
[2022-08-18 02:54:19,244][__main__][DEBUG] - Parameter model.encoder.block.6.layer.1.layer_norm.weight: torch.Size([768]), require_grad=True
[2022-08-18 02:54:19,244][__main__][DEBUG] - Parameter model.encoder.block.7.layer.0.SelfAttention.q.weight: torch.Size([768, 768]), require_grad=True
[2022-08-18 02:54:19,245][__main__][DEBUG] - Parameter model.encoder.block.7.layer.0.SelfAttention.k.weight: torch.Size([768, 768]), require_grad=True
[2022-08-18 02:54:19,247][__main__][DEBUG] - Parameter model.encoder.block.7.layer.0.SelfAttention.v.weight: torch.Size([768, 768]), require_grad=True
[2022-08-18 02:54:19,247][__main__][DEBUG] - Parameter model.encoder.block.7.layer.0.SelfAttention.o.weight: torch.Size([768, 768]), require_grad=True
[2022-08-18 02:54:19,247][__main__][DEBUG] - Parameter model.encoder.block.7.layer.0.SelfStructAttention.q.weight: torch.Size([768, 768]), require_grad=True
[2022-08-18 02:54:19,247][__main__][DEBUG] - Parameter model.encoder.block.7.layer.0.SelfStructAttention.k.weight: torch.Size([768, 768]), require_grad=True
[2022-08-18 02:54:19,247][__main__][DEBUG] - Parameter model.encoder.block.7.layer.0.SelfStructAttention.v.weight: torch.Size([768, 768]), require_grad=True
[2022-08-18 02:54:19,247][__main__][DEBUG] - Parameter model.encoder.block.7.layer.0.SelfStructAttention.rel_k.weight: torch.Size([768, 768]), require_grad=True
[2022-08-18 02:54:19,247][__main__][DEBUG] - Parameter model.encoder.block.7.layer.0.SelfStructAttention.rel_v.weight: torch.Size([768, 768]), require_grad=True
[2022-08-18 02:54:19,247][__main__][DEBUG] - Parameter model.encoder.block.7.layer.0.SelfStructAttention.o.weight: torch.Size([768, 768]), require_grad=True
[2022-08-18 02:54:19,248][__main__][DEBUG] - Parameter model.encoder.block.7.layer.0.layer_norm.weight: torch.Size([768]), require_grad=True
[2022-08-18 02:54:19,248][__main__][DEBUG] - Parameter model.encoder.block.7.layer.1.DenseReluDense.wi.weight: torch.Size([3072, 768]), require_grad=True
[2022-08-18 02:54:19,248][__main__][DEBUG] - Parameter model.encoder.block.7.layer.1.DenseReluDense.wo.weight: torch.Size([768, 3072]), require_grad=True
[2022-08-18 02:54:19,248][__main__][DEBUG] - Parameter model.encoder.block.7.layer.1.layer_norm.weight: torch.Size([768]), require_grad=True
[2022-08-18 02:54:19,248][__main__][DEBUG] - Parameter model.encoder.block.8.layer.0.SelfAttention.q.weight: torch.Size([768, 768]), require_grad=True
[2022-08-18 02:54:19,248][__main__][DEBUG] - Parameter model.encoder.block.8.layer.0.SelfAttention.k.weight: torch.Size([768, 768]), require_grad=True
[2022-08-18 02:54:19,248][__main__][DEBUG] - Parameter model.encoder.block.8.layer.0.SelfAttention.v.weight: torch.Size([768, 768]), require_grad=True
[2022-08-18 02:54:19,248][__main__][DEBUG] - Parameter model.encoder.block.8.layer.0.SelfAttention.o.weight: torch.Size([768, 768]), require_grad=True
[2022-08-18 02:54:19,248][__main__][DEBUG] - Parameter model.encoder.block.8.layer.0.SelfStructAttention.q.weight: torch.Size([768, 768]), require_grad=True
[2022-08-18 02:54:19,248][__main__][DEBUG] - Parameter model.encoder.block.8.layer.0.SelfStructAttention.k.weight: torch.Size([768, 768]), require_grad=True
[2022-08-18 02:54:19,249][__main__][DEBUG] - Parameter model.encoder.block.8.layer.0.SelfStructAttention.v.weight: torch.Size([768, 768]), require_grad=True
[2022-08-18 02:54:19,249][__main__][DEBUG] - Parameter model.encoder.block.8.layer.0.SelfStructAttention.rel_k.weight: torch.Size([768, 768]), require_grad=True
[2022-08-18 02:54:19,249][__main__][DEBUG] - Parameter model.encoder.block.8.layer.0.SelfStructAttention.rel_v.weight: torch.Size([768, 768]), require_grad=True
[2022-08-18 02:54:19,249][__main__][DEBUG] - Parameter model.encoder.block.8.layer.0.SelfStructAttention.o.weight: torch.Size([768, 768]), require_grad=True
[2022-08-18 02:54:19,249][__main__][DEBUG] - Parameter model.encoder.block.8.layer.0.layer_norm.weight: torch.Size([768]), require_grad=True
[2022-08-18 02:54:19,249][__main__][DEBUG] - Parameter model.encoder.block.8.layer.1.DenseReluDense.wi.weight: torch.Size([3072, 768]), require_grad=True
[2022-08-18 02:54:19,249][__main__][DEBUG] - Parameter model.encoder.block.8.layer.1.DenseReluDense.wo.weight: torch.Size([768, 3072]), require_grad=True
[2022-08-18 02:54:19,249][__main__][DEBUG] - Parameter model.encoder.block.8.layer.1.layer_norm.weight: torch.Size([768]), require_grad=True
[2022-08-18 02:54:19,249][__main__][DEBUG] - Parameter model.encoder.block.9.layer.0.SelfAttention.q.weight: torch.Size([768, 768]), require_grad=True
[2022-08-18 02:54:19,250][__main__][DEBUG] - Parameter model.encoder.block.9.layer.0.SelfAttention.k.weight: torch.Size([768, 768]), require_grad=True
[2022-08-18 02:54:19,250][__main__][DEBUG] - Parameter model.encoder.block.9.layer.0.SelfAttention.v.weight: torch.Size([768, 768]), require_grad=True
[2022-08-18 02:54:19,250][__main__][DEBUG] - Parameter model.encoder.block.9.layer.0.SelfAttention.o.weight: torch.Size([768, 768]), require_grad=True
[2022-08-18 02:54:19,250][__main__][DEBUG] - Parameter model.encoder.block.9.layer.0.SelfStructAttention.q.weight: torch.Size([768, 768]), require_grad=True
[2022-08-18 02:54:19,250][__main__][DEBUG] - Parameter model.encoder.block.9.layer.0.SelfStructAttention.k.weight: torch.Size([768, 768]), require_grad=True
[2022-08-18 02:54:19,250][__main__][DEBUG] - Parameter model.encoder.block.9.layer.0.SelfStructAttention.v.weight: torch.Size([768, 768]), require_grad=True
[2022-08-18 02:54:19,251][__main__][DEBUG] - Parameter model.encoder.block.9.layer.0.SelfStructAttention.rel_k.weight: torch.Size([768, 768]), require_grad=True
[2022-08-18 02:54:19,251][__main__][DEBUG] - Parameter model.encoder.block.9.layer.0.SelfStructAttention.rel_v.weight: torch.Size([768, 768]), require_grad=True
[2022-08-18 02:54:19,251][__main__][DEBUG] - Parameter model.encoder.block.9.layer.0.SelfStructAttention.o.weight: torch.Size([768, 768]), require_grad=True
[2022-08-18 02:54:19,251][__main__][DEBUG] - Parameter model.encoder.block.9.layer.0.layer_norm.weight: torch.Size([768]), require_grad=True
[2022-08-18 02:54:19,251][__main__][DEBUG] - Parameter model.encoder.block.9.layer.1.DenseReluDense.wi.weight: torch.Size([3072, 768]), require_grad=True
[2022-08-18 02:54:19,252][__main__][DEBUG] - Parameter model.encoder.block.9.layer.1.DenseReluDense.wo.weight: torch.Size([768, 3072]), require_grad=True
[2022-08-18 02:54:19,252][__main__][DEBUG] - Parameter model.encoder.block.9.layer.1.layer_norm.weight: torch.Size([768]), require_grad=True
[2022-08-18 02:54:19,252][__main__][DEBUG] - Parameter model.encoder.block.10.layer.0.SelfAttention.q.weight: torch.Size([768, 768]), require_grad=True
[2022-08-18 02:54:19,252][__main__][DEBUG] - Parameter model.encoder.block.10.layer.0.SelfAttention.k.weight: torch.Size([768, 768]), require_grad=True
[2022-08-18 02:54:19,252][__main__][DEBUG] - Parameter model.encoder.block.10.layer.0.SelfAttention.v.weight: torch.Size([768, 768]), require_grad=True
[2022-08-18 02:54:19,252][__main__][DEBUG] - Parameter model.encoder.block.10.layer.0.SelfAttention.o.weight: torch.Size([768, 768]), require_grad=True
[2022-08-18 02:54:19,252][__main__][DEBUG] - Parameter model.encoder.block.10.layer.0.SelfStructAttention.q.weight: torch.Size([768, 768]), require_grad=True
[2022-08-18 02:54:19,252][__main__][DEBUG] - Parameter model.encoder.block.10.layer.0.SelfStructAttention.k.weight: torch.Size([768, 768]), require_grad=True
[2022-08-18 02:54:19,253][__main__][DEBUG] - Parameter model.encoder.block.10.layer.0.SelfStructAttention.v.weight: torch.Size([768, 768]), require_grad=True
[2022-08-18 02:54:19,253][__main__][DEBUG] - Parameter model.encoder.block.10.layer.0.SelfStructAttention.rel_k.weight: torch.Size([768, 768]), require_grad=True
[2022-08-18 02:54:19,253][__main__][DEBUG] - Parameter model.encoder.block.10.layer.0.SelfStructAttention.rel_v.weight: torch.Size([768, 768]), require_grad=True
[2022-08-18 02:54:19,253][__main__][DEBUG] - Parameter model.encoder.block.10.layer.0.SelfStructAttention.o.weight: torch.Size([768, 768]), require_grad=True
[2022-08-18 02:54:19,254][__main__][DEBUG] - Parameter model.encoder.block.10.layer.0.layer_norm.weight: torch.Size([768]), require_grad=True
[2022-08-18 02:54:19,254][__main__][DEBUG] - Parameter model.encoder.block.10.layer.1.DenseReluDense.wi.weight: torch.Size([3072, 768]), require_grad=True
[2022-08-18 02:54:19,254][__main__][DEBUG] - Parameter model.encoder.block.10.layer.1.DenseReluDense.wo.weight: torch.Size([768, 3072]), require_grad=True
[2022-08-18 02:54:19,254][__main__][DEBUG] - Parameter model.encoder.block.10.layer.1.layer_norm.weight: torch.Size([768]), require_grad=True
[2022-08-18 02:54:19,254][__main__][DEBUG] - Parameter model.encoder.block.11.layer.0.SelfAttention.q.weight: torch.Size([768, 768]), require_grad=True
[2022-08-18 02:54:19,255][__main__][DEBUG] - Parameter model.encoder.block.11.layer.0.SelfAttention.k.weight: torch.Size([768, 768]), require_grad=True
[2022-08-18 02:54:19,255][__main__][DEBUG] - Parameter model.encoder.block.11.layer.0.SelfAttention.v.weight: torch.Size([768, 768]), require_grad=True
[2022-08-18 02:54:19,255][__main__][DEBUG] - Parameter model.encoder.block.11.layer.0.SelfAttention.o.weight: torch.Size([768, 768]), require_grad=True
[2022-08-18 02:54:19,255][__main__][DEBUG] - Parameter model.encoder.block.11.layer.0.SelfStructAttention.q.weight: torch.Size([768, 768]), require_grad=True
[2022-08-18 02:54:19,255][__main__][DEBUG] - Parameter model.encoder.block.11.layer.0.SelfStructAttention.k.weight: torch.Size([768, 768]), require_grad=True
[2022-08-18 02:54:19,255][__main__][DEBUG] - Parameter model.encoder.block.11.layer.0.SelfStructAttention.v.weight: torch.Size([768, 768]), require_grad=True
[2022-08-18 02:54:19,255][__main__][DEBUG] - Parameter model.encoder.block.11.layer.0.SelfStructAttention.rel_k.weight: torch.Size([768, 768]), require_grad=True
[2022-08-18 02:54:19,256][__main__][DEBUG] - Parameter model.encoder.block.11.layer.0.SelfStructAttention.rel_v.weight: torch.Size([768, 768]), require_grad=True
[2022-08-18 02:54:19,256][__main__][DEBUG] - Parameter model.encoder.block.11.layer.0.SelfStructAttention.o.weight: torch.Size([768, 768]), require_grad=True
[2022-08-18 02:54:19,256][__main__][DEBUG] - Parameter model.encoder.block.11.layer.0.layer_norm.weight: torch.Size([768]), require_grad=True
[2022-08-18 02:54:19,256][__main__][DEBUG] - Parameter model.encoder.block.11.layer.1.DenseReluDense.wi.weight: torch.Size([3072, 768]), require_grad=True
[2022-08-18 02:54:19,256][__main__][DEBUG] - Parameter model.encoder.block.11.layer.1.DenseReluDense.wo.weight: torch.Size([768, 3072]), require_grad=True
[2022-08-18 02:54:19,257][__main__][DEBUG] - Parameter model.encoder.block.11.layer.1.layer_norm.weight: torch.Size([768]), require_grad=True
[2022-08-18 02:54:19,257][__main__][DEBUG] - Parameter model.encoder.final_layer_norm.weight: torch.Size([768]), require_grad=True
[2022-08-18 02:54:19,257][__main__][DEBUG] - Parameter model.decoder.block.0.layer.0.SelfAttention.q.weight: torch.Size([768, 768]), require_grad=True
[2022-08-18 02:54:19,257][__main__][DEBUG] - Parameter model.decoder.block.0.layer.0.SelfAttention.k.weight: torch.Size([768, 768]), require_grad=True
[2022-08-18 02:54:19,257][__main__][DEBUG] - Parameter model.decoder.block.0.layer.0.SelfAttention.v.weight: torch.Size([768, 768]), require_grad=True
[2022-08-18 02:54:19,257][__main__][DEBUG] - Parameter model.decoder.block.0.layer.0.SelfAttention.o.weight: torch.Size([768, 768]), require_grad=True
[2022-08-18 02:54:19,258][__main__][DEBUG] - Parameter model.decoder.block.0.layer.0.SelfAttention.relative_attention_bias.weight: torch.Size([32, 12]), require_grad=True
[2022-08-18 02:54:19,258][__main__][DEBUG] - Parameter model.decoder.block.0.layer.0.layer_norm.weight: torch.Size([768]), require_grad=True
[2022-08-18 02:54:19,258][__main__][DEBUG] - Parameter model.decoder.block.0.layer.1.EncDecAttention.q.weight: torch.Size([768, 768]), require_grad=True
[2022-08-18 02:54:19,258][__main__][DEBUG] - Parameter model.decoder.block.0.layer.1.EncDecAttention.k.weight: torch.Size([768, 768]), require_grad=True
[2022-08-18 02:54:19,258][__main__][DEBUG] - Parameter model.decoder.block.0.layer.1.EncDecAttention.v.weight: torch.Size([768, 768]), require_grad=True
[2022-08-18 02:54:19,258][__main__][DEBUG] - Parameter model.decoder.block.0.layer.1.EncDecAttention.o.weight: torch.Size([768, 768]), require_grad=True
[2022-08-18 02:54:19,259][__main__][DEBUG] - Parameter model.decoder.block.0.layer.1.EncDecAttention.relative_attention_bias.weight: torch.Size([32, 12]), require_grad=True
[2022-08-18 02:54:19,259][__main__][DEBUG] - Parameter model.decoder.block.0.layer.1.layer_norm.weight: torch.Size([768]), require_grad=True
[2022-08-18 02:54:19,259][__main__][DEBUG] - Parameter model.decoder.block.0.layer.2.DenseReluDense.wi.weight: torch.Size([3072, 768]), require_grad=True
[2022-08-18 02:54:19,259][__main__][DEBUG] - Parameter model.decoder.block.0.layer.2.DenseReluDense.wo.weight: torch.Size([768, 3072]), require_grad=True
[2022-08-18 02:54:19,259][__main__][DEBUG] - Parameter model.decoder.block.0.layer.2.layer_norm.weight: torch.Size([768]), require_grad=True
[2022-08-18 02:54:19,259][__main__][DEBUG] - Parameter model.decoder.block.1.layer.0.SelfAttention.q.weight: torch.Size([768, 768]), require_grad=True
[2022-08-18 02:54:19,260][__main__][DEBUG] - Parameter model.decoder.block.1.layer.0.SelfAttention.k.weight: torch.Size([768, 768]), require_grad=True
[2022-08-18 02:54:19,260][__main__][DEBUG] - Parameter model.decoder.block.1.layer.0.SelfAttention.v.weight: torch.Size([768, 768]), require_grad=True
[2022-08-18 02:54:19,260][__main__][DEBUG] - Parameter model.decoder.block.1.layer.0.SelfAttention.o.weight: torch.Size([768, 768]), require_grad=True
[2022-08-18 02:54:19,260][__main__][DEBUG] - Parameter model.decoder.block.1.layer.0.layer_norm.weight: torch.Size([768]), require_grad=True
[2022-08-18 02:54:19,260][__main__][DEBUG] - Parameter model.decoder.block.1.layer.1.EncDecAttention.q.weight: torch.Size([768, 768]), require_grad=True
[2022-08-18 02:54:19,260][__main__][DEBUG] - Parameter model.decoder.block.1.layer.1.EncDecAttention.k.weight: torch.Size([768, 768]), require_grad=True
[2022-08-18 02:54:19,261][__main__][DEBUG] - Parameter model.decoder.block.1.layer.1.EncDecAttention.v.weight: torch.Size([768, 768]), require_grad=True
[2022-08-18 02:54:19,261][__main__][DEBUG] - Parameter model.decoder.block.1.layer.1.EncDecAttention.o.weight: torch.Size([768, 768]), require_grad=True
[2022-08-18 02:54:19,261][__main__][DEBUG] - Parameter model.decoder.block.1.layer.1.layer_norm.weight: torch.Size([768]), require_grad=True
[2022-08-18 02:54:19,261][__main__][DEBUG] - Parameter model.decoder.block.1.layer.2.DenseReluDense.wi.weight: torch.Size([3072, 768]), require_grad=True
[2022-08-18 02:54:19,261][__main__][DEBUG] - Parameter model.decoder.block.1.layer.2.DenseReluDense.wo.weight: torch.Size([768, 3072]), require_grad=True
[2022-08-18 02:54:19,261][__main__][DEBUG] - Parameter model.decoder.block.1.layer.2.layer_norm.weight: torch.Size([768]), require_grad=True
[2022-08-18 02:54:19,262][__main__][DEBUG] - Parameter model.decoder.block.2.layer.0.SelfAttention.q.weight: torch.Size([768, 768]), require_grad=True
[2022-08-18 02:54:19,262][__main__][DEBUG] - Parameter model.decoder.block.2.layer.0.SelfAttention.k.weight: torch.Size([768, 768]), require_grad=True
[2022-08-18 02:54:19,262][__main__][DEBUG] - Parameter model.decoder.block.2.layer.0.SelfAttention.v.weight: torch.Size([768, 768]), require_grad=True
[2022-08-18 02:54:19,262][__main__][DEBUG] - Parameter model.decoder.block.2.layer.0.SelfAttention.o.weight: torch.Size([768, 768]), require_grad=True
[2022-08-18 02:54:19,262][__main__][DEBUG] - Parameter model.decoder.block.2.layer.0.layer_norm.weight: torch.Size([768]), require_grad=True
[2022-08-18 02:54:19,262][__main__][DEBUG] - Parameter model.decoder.block.2.layer.1.EncDecAttention.q.weight: torch.Size([768, 768]), require_grad=True
[2022-08-18 02:54:19,262][__main__][DEBUG] - Parameter model.decoder.block.2.layer.1.EncDecAttention.k.weight: torch.Size([768, 768]), require_grad=True
[2022-08-18 02:54:19,262][__main__][DEBUG] - Parameter model.decoder.block.2.layer.1.EncDecAttention.v.weight: torch.Size([768, 768]), require_grad=True
[2022-08-18 02:54:19,262][__main__][DEBUG] - Parameter model.decoder.block.2.layer.1.EncDecAttention.o.weight: torch.Size([768, 768]), require_grad=True
[2022-08-18 02:54:19,262][__main__][DEBUG] - Parameter model.decoder.block.2.layer.1.layer_norm.weight: torch.Size([768]), require_grad=True
[2022-08-18 02:54:19,263][__main__][DEBUG] - Parameter model.decoder.block.2.layer.2.DenseReluDense.wi.weight: torch.Size([3072, 768]), require_grad=True
[2022-08-18 02:54:19,263][__main__][DEBUG] - Parameter model.decoder.block.2.layer.2.DenseReluDense.wo.weight: torch.Size([768, 3072]), require_grad=True
[2022-08-18 02:54:19,263][__main__][DEBUG] - Parameter model.decoder.block.2.layer.2.layer_norm.weight: torch.Size([768]), require_grad=True
[2022-08-18 02:54:19,263][__main__][DEBUG] - Parameter model.decoder.block.3.layer.0.SelfAttention.q.weight: torch.Size([768, 768]), require_grad=True
[2022-08-18 02:54:19,263][__main__][DEBUG] - Parameter model.decoder.block.3.layer.0.SelfAttention.k.weight: torch.Size([768, 768]), require_grad=True
[2022-08-18 02:54:19,263][__main__][DEBUG] - Parameter model.decoder.block.3.layer.0.SelfAttention.v.weight: torch.Size([768, 768]), require_grad=True
[2022-08-18 02:54:19,263][__main__][DEBUG] - Parameter model.decoder.block.3.layer.0.SelfAttention.o.weight: torch.Size([768, 768]), require_grad=True
[2022-08-18 02:54:19,263][__main__][DEBUG] - Parameter model.decoder.block.3.layer.0.layer_norm.weight: torch.Size([768]), require_grad=True
[2022-08-18 02:54:19,263][__main__][DEBUG] - Parameter model.decoder.block.3.layer.1.EncDecAttention.q.weight: torch.Size([768, 768]), require_grad=True
[2022-08-18 02:54:19,264][__main__][DEBUG] - Parameter model.decoder.block.3.layer.1.EncDecAttention.k.weight: torch.Size([768, 768]), require_grad=True
[2022-08-18 02:54:19,264][__main__][DEBUG] - Parameter model.decoder.block.3.layer.1.EncDecAttention.v.weight: torch.Size([768, 768]), require_grad=True
[2022-08-18 02:54:19,264][__main__][DEBUG] - Parameter model.decoder.block.3.layer.1.EncDecAttention.o.weight: torch.Size([768, 768]), require_grad=True
[2022-08-18 02:54:19,346][__main__][DEBUG] - Parameter model.decoder.block.3.layer.1.layer_norm.weight: torch.Size([768]), require_grad=True
[2022-08-18 02:54:19,347][__main__][DEBUG] - Parameter model.decoder.block.3.layer.2.DenseReluDense.wi.weight: torch.Size([3072, 768]), require_grad=True
[2022-08-18 02:54:19,347][__main__][DEBUG] - Parameter model.decoder.block.3.layer.2.DenseReluDense.wo.weight: torch.Size([768, 3072]), require_grad=True
[2022-08-18 02:54:19,347][__main__][DEBUG] - Parameter model.decoder.block.3.layer.2.layer_norm.weight: torch.Size([768]), require_grad=True
[2022-08-18 02:54:19,347][__main__][DEBUG] - Parameter model.decoder.block.4.layer.0.SelfAttention.q.weight: torch.Size([768, 768]), require_grad=True
[2022-08-18 02:54:19,347][__main__][DEBUG] - Parameter model.decoder.block.4.layer.0.SelfAttention.k.weight: torch.Size([768, 768]), require_grad=True
[2022-08-18 02:54:19,348][__main__][DEBUG] - Parameter model.decoder.block.4.layer.0.SelfAttention.v.weight: torch.Size([768, 768]), require_grad=True
[2022-08-18 02:54:19,348][__main__][DEBUG] - Parameter model.decoder.block.4.layer.0.SelfAttention.o.weight: torch.Size([768, 768]), require_grad=True
[2022-08-18 02:54:19,348][__main__][DEBUG] - Parameter model.decoder.block.4.layer.0.layer_norm.weight: torch.Size([768]), require_grad=True
[2022-08-18 02:54:19,348][__main__][DEBUG] - Parameter model.decoder.block.4.layer.1.EncDecAttention.q.weight: torch.Size([768, 768]), require_grad=True
[2022-08-18 02:54:19,348][__main__][DEBUG] - Parameter model.decoder.block.4.layer.1.EncDecAttention.k.weight: torch.Size([768, 768]), require_grad=True
[2022-08-18 02:54:19,348][__main__][DEBUG] - Parameter model.decoder.block.4.layer.1.EncDecAttention.v.weight: torch.Size([768, 768]), require_grad=True
[2022-08-18 02:54:19,349][__main__][DEBUG] - Parameter model.decoder.block.4.layer.1.EncDecAttention.o.weight: torch.Size([768, 768]), require_grad=True
[2022-08-18 02:54:19,349][__main__][DEBUG] - Parameter model.decoder.block.4.layer.1.layer_norm.weight: torch.Size([768]), require_grad=True
[2022-08-18 02:54:19,349][__main__][DEBUG] - Parameter model.decoder.block.4.layer.2.DenseReluDense.wi.weight: torch.Size([3072, 768]), require_grad=True
[2022-08-18 02:54:19,349][__main__][DEBUG] - Parameter model.decoder.block.4.layer.2.DenseReluDense.wo.weight: torch.Size([768, 3072]), require_grad=True
[2022-08-18 02:54:19,349][__main__][DEBUG] - Parameter model.decoder.block.4.layer.2.layer_norm.weight: torch.Size([768]), require_grad=True
[2022-08-18 02:54:19,349][__main__][DEBUG] - Parameter model.decoder.block.5.layer.0.SelfAttention.q.weight: torch.Size([768, 768]), require_grad=True
[2022-08-18 02:54:19,350][__main__][DEBUG] - Parameter model.decoder.block.5.layer.0.SelfAttention.k.weight: torch.Size([768, 768]), require_grad=True
[2022-08-18 02:54:19,350][__main__][DEBUG] - Parameter model.decoder.block.5.layer.0.SelfAttention.v.weight: torch.Size([768, 768]), require_grad=True
[2022-08-18 02:54:19,350][__main__][DEBUG] - Parameter model.decoder.block.5.layer.0.SelfAttention.o.weight: torch.Size([768, 768]), require_grad=True
[2022-08-18 02:54:19,350][__main__][DEBUG] - Parameter model.decoder.block.5.layer.0.layer_norm.weight: torch.Size([768]), require_grad=True
[2022-08-18 02:54:19,350][__main__][DEBUG] - Parameter model.decoder.block.5.layer.1.EncDecAttention.q.weight: torch.Size([768, 768]), require_grad=True
[2022-08-18 02:54:19,351][__main__][DEBUG] - Parameter model.decoder.block.5.layer.1.EncDecAttention.k.weight: torch.Size([768, 768]), require_grad=True
[2022-08-18 02:54:19,351][__main__][DEBUG] - Parameter model.decoder.block.5.layer.1.EncDecAttention.v.weight: torch.Size([768, 768]), require_grad=True
[2022-08-18 02:54:19,351][__main__][DEBUG] - Parameter model.decoder.block.5.layer.1.EncDecAttention.o.weight: torch.Size([768, 768]), require_grad=True
[2022-08-18 02:54:19,351][__main__][DEBUG] - Parameter model.decoder.block.5.layer.1.layer_norm.weight: torch.Size([768]), require_grad=True
[2022-08-18 02:54:19,352][__main__][DEBUG] - Parameter model.decoder.block.5.layer.2.DenseReluDense.wi.weight: torch.Size([3072, 768]), require_grad=True
[2022-08-18 02:54:19,352][__main__][DEBUG] - Parameter model.decoder.block.5.layer.2.DenseReluDense.wo.weight: torch.Size([768, 3072]), require_grad=True
[2022-08-18 02:54:19,352][__main__][DEBUG] - Parameter model.decoder.block.5.layer.2.layer_norm.weight: torch.Size([768]), require_grad=True
[2022-08-18 02:54:19,352][__main__][DEBUG] - Parameter model.decoder.block.6.layer.0.SelfAttention.q.weight: torch.Size([768, 768]), require_grad=True
[2022-08-18 02:54:19,352][__main__][DEBUG] - Parameter model.decoder.block.6.layer.0.SelfAttention.k.weight: torch.Size([768, 768]), require_grad=True
[2022-08-18 02:54:19,352][__main__][DEBUG] - Parameter model.decoder.block.6.layer.0.SelfAttention.v.weight: torch.Size([768, 768]), require_grad=True
[2022-08-18 02:54:19,353][__main__][DEBUG] - Parameter model.decoder.block.6.layer.0.SelfAttention.o.weight: torch.Size([768, 768]), require_grad=True
[2022-08-18 02:54:19,353][__main__][DEBUG] - Parameter model.decoder.block.6.layer.0.layer_norm.weight: torch.Size([768]), require_grad=True
[2022-08-18 02:54:19,353][__main__][DEBUG] - Parameter model.decoder.block.6.layer.1.EncDecAttention.q.weight: torch.Size([768, 768]), require_grad=True
[2022-08-18 02:54:19,353][__main__][DEBUG] - Parameter model.decoder.block.6.layer.1.EncDecAttention.k.weight: torch.Size([768, 768]), require_grad=True
[2022-08-18 02:54:19,353][__main__][DEBUG] - Parameter model.decoder.block.6.layer.1.EncDecAttention.v.weight: torch.Size([768, 768]), require_grad=True
[2022-08-18 02:54:19,353][__main__][DEBUG] - Parameter model.decoder.block.6.layer.1.EncDecAttention.o.weight: torch.Size([768, 768]), require_grad=True
[2022-08-18 02:54:19,354][__main__][DEBUG] - Parameter model.decoder.block.6.layer.1.layer_norm.weight: torch.Size([768]), require_grad=True
[2022-08-18 02:54:19,354][__main__][DEBUG] - Parameter model.decoder.block.6.layer.2.DenseReluDense.wi.weight: torch.Size([3072, 768]), require_grad=True
[2022-08-18 02:54:19,354][__main__][DEBUG] - Parameter model.decoder.block.6.layer.2.DenseReluDense.wo.weight: torch.Size([768, 3072]), require_grad=True
[2022-08-18 02:54:19,354][__main__][DEBUG] - Parameter model.decoder.block.6.layer.2.layer_norm.weight: torch.Size([768]), require_grad=True
[2022-08-18 02:54:19,354][__main__][DEBUG] - Parameter model.decoder.block.7.layer.0.SelfAttention.q.weight: torch.Size([768, 768]), require_grad=True
[2022-08-18 02:54:19,355][__main__][DEBUG] - Parameter model.decoder.block.7.layer.0.SelfAttention.k.weight: torch.Size([768, 768]), require_grad=True
[2022-08-18 02:54:19,355][__main__][DEBUG] - Parameter model.decoder.block.7.layer.0.SelfAttention.v.weight: torch.Size([768, 768]), require_grad=True
[2022-08-18 02:54:19,355][__main__][DEBUG] - Parameter model.decoder.block.7.layer.0.SelfAttention.o.weight: torch.Size([768, 768]), require_grad=True
[2022-08-18 02:54:19,355][__main__][DEBUG] - Parameter model.decoder.block.7.layer.0.layer_norm.weight: torch.Size([768]), require_grad=True
[2022-08-18 02:54:19,355][__main__][DEBUG] - Parameter model.decoder.block.7.layer.1.EncDecAttention.q.weight: torch.Size([768, 768]), require_grad=True
[2022-08-18 02:54:19,355][__main__][DEBUG] - Parameter model.decoder.block.7.layer.1.EncDecAttention.k.weight: torch.Size([768, 768]), require_grad=True
[2022-08-18 02:54:19,356][__main__][DEBUG] - Parameter model.decoder.block.7.layer.1.EncDecAttention.v.weight: torch.Size([768, 768]), require_grad=True
[2022-08-18 02:54:19,356][__main__][DEBUG] - Parameter model.decoder.block.7.layer.1.EncDecAttention.o.weight: torch.Size([768, 768]), require_grad=True
[2022-08-18 02:54:19,356][__main__][DEBUG] - Parameter model.decoder.block.7.layer.1.layer_norm.weight: torch.Size([768]), require_grad=True
[2022-08-18 02:54:19,356][__main__][DEBUG] - Parameter model.decoder.block.7.layer.2.DenseReluDense.wi.weight: torch.Size([3072, 768]), require_grad=True
[2022-08-18 02:54:19,357][__main__][DEBUG] - Parameter model.decoder.block.7.layer.2.DenseReluDense.wo.weight: torch.Size([768, 3072]), require_grad=True
[2022-08-18 02:54:19,357][__main__][DEBUG] - Parameter model.decoder.block.7.layer.2.layer_norm.weight: torch.Size([768]), require_grad=True
[2022-08-18 02:54:19,357][__main__][DEBUG] - Parameter model.decoder.block.8.layer.0.SelfAttention.q.weight: torch.Size([768, 768]), require_grad=True
[2022-08-18 02:54:19,357][__main__][DEBUG] - Parameter model.decoder.block.8.layer.0.SelfAttention.k.weight: torch.Size([768, 768]), require_grad=True
[2022-08-18 02:54:19,357][__main__][DEBUG] - Parameter model.decoder.block.8.layer.0.SelfAttention.v.weight: torch.Size([768, 768]), require_grad=True
[2022-08-18 02:54:19,357][__main__][DEBUG] - Parameter model.decoder.block.8.layer.0.SelfAttention.o.weight: torch.Size([768, 768]), require_grad=True
[2022-08-18 02:54:19,358][__main__][DEBUG] - Parameter model.decoder.block.8.layer.0.layer_norm.weight: torch.Size([768]), require_grad=True
[2022-08-18 02:54:19,358][__main__][DEBUG] - Parameter model.decoder.block.8.layer.1.EncDecAttention.q.weight: torch.Size([768, 768]), require_grad=True
[2022-08-18 02:54:19,358][__main__][DEBUG] - Parameter model.decoder.block.8.layer.1.EncDecAttention.k.weight: torch.Size([768, 768]), require_grad=True
[2022-08-18 02:54:19,358][__main__][DEBUG] - Parameter model.decoder.block.8.layer.1.EncDecAttention.v.weight: torch.Size([768, 768]), require_grad=True
[2022-08-18 02:54:19,358][__main__][DEBUG] - Parameter model.decoder.block.8.layer.1.EncDecAttention.o.weight: torch.Size([768, 768]), require_grad=True
[2022-08-18 02:54:19,358][__main__][DEBUG] - Parameter model.decoder.block.8.layer.1.layer_norm.weight: torch.Size([768]), require_grad=True
[2022-08-18 02:54:19,359][__main__][DEBUG] - Parameter model.decoder.block.8.layer.2.DenseReluDense.wi.weight: torch.Size([3072, 768]), require_grad=True
[2022-08-18 02:54:19,359][__main__][DEBUG] - Parameter model.decoder.block.8.layer.2.DenseReluDense.wo.weight: torch.Size([768, 3072]), require_grad=True
[2022-08-18 02:54:19,359][__main__][DEBUG] - Parameter model.decoder.block.8.layer.2.layer_norm.weight: torch.Size([768]), require_grad=True
[2022-08-18 02:54:19,359][__main__][DEBUG] - Parameter model.decoder.block.9.layer.0.SelfAttention.q.weight: torch.Size([768, 768]), require_grad=True
[2022-08-18 02:54:19,359][__main__][DEBUG] - Parameter model.decoder.block.9.layer.0.SelfAttention.k.weight: torch.Size([768, 768]), require_grad=True
[2022-08-18 02:54:19,359][__main__][DEBUG] - Parameter model.decoder.block.9.layer.0.SelfAttention.v.weight: torch.Size([768, 768]), require_grad=True
[2022-08-18 02:54:19,359][__main__][DEBUG] - Parameter model.decoder.block.9.layer.0.SelfAttention.o.weight: torch.Size([768, 768]), require_grad=True
[2022-08-18 02:54:19,360][__main__][DEBUG] - Parameter model.decoder.block.9.layer.0.layer_norm.weight: torch.Size([768]), require_grad=True
[2022-08-18 02:54:19,360][__main__][DEBUG] - Parameter model.decoder.block.9.layer.1.EncDecAttention.q.weight: torch.Size([768, 768]), require_grad=True
[2022-08-18 02:54:19,360][__main__][DEBUG] - Parameter model.decoder.block.9.layer.1.EncDecAttention.k.weight: torch.Size([768, 768]), require_grad=True
[2022-08-18 02:54:19,360][__main__][DEBUG] - Parameter model.decoder.block.9.layer.1.EncDecAttention.v.weight: torch.Size([768, 768]), require_grad=True
[2022-08-18 02:54:19,360][__main__][DEBUG] - Parameter model.decoder.block.9.layer.1.EncDecAttention.o.weight: torch.Size([768, 768]), require_grad=True
[2022-08-18 02:54:19,360][__main__][DEBUG] - Parameter model.decoder.block.9.layer.1.layer_norm.weight: torch.Size([768]), require_grad=True
[2022-08-18 02:54:19,361][__main__][DEBUG] - Parameter model.decoder.block.9.layer.2.DenseReluDense.wi.weight: torch.Size([3072, 768]), require_grad=True
[2022-08-18 02:54:19,361][__main__][DEBUG] - Parameter model.decoder.block.9.layer.2.DenseReluDense.wo.weight: torch.Size([768, 3072]), require_grad=True
[2022-08-18 02:54:19,361][__main__][DEBUG] - Parameter model.decoder.block.9.layer.2.layer_norm.weight: torch.Size([768]), require_grad=True
[2022-08-18 02:54:19,361][__main__][DEBUG] - Parameter model.decoder.block.10.layer.0.SelfAttention.q.weight: torch.Size([768, 768]), require_grad=True
[2022-08-18 02:54:19,361][__main__][DEBUG] - Parameter model.decoder.block.10.layer.0.SelfAttention.k.weight: torch.Size([768, 768]), require_grad=True
[2022-08-18 02:54:19,361][__main__][DEBUG] - Parameter model.decoder.block.10.layer.0.SelfAttention.v.weight: torch.Size([768, 768]), require_grad=True
[2022-08-18 02:54:19,362][__main__][DEBUG] - Parameter model.decoder.block.10.layer.0.SelfAttention.o.weight: torch.Size([768, 768]), require_grad=True
[2022-08-18 02:54:19,362][__main__][DEBUG] - Parameter model.decoder.block.10.layer.0.layer_norm.weight: torch.Size([768]), require_grad=True
[2022-08-18 02:54:19,362][__main__][DEBUG] - Parameter model.decoder.block.10.layer.1.EncDecAttention.q.weight: torch.Size([768, 768]), require_grad=True
[2022-08-18 02:54:19,362][__main__][DEBUG] - Parameter model.decoder.block.10.layer.1.EncDecAttention.k.weight: torch.Size([768, 768]), require_grad=True
[2022-08-18 02:54:19,362][__main__][DEBUG] - Parameter model.decoder.block.10.layer.1.EncDecAttention.v.weight: torch.Size([768, 768]), require_grad=True
[2022-08-18 02:54:19,362][__main__][DEBUG] - Parameter model.decoder.block.10.layer.1.EncDecAttention.o.weight: torch.Size([768, 768]), require_grad=True
[2022-08-18 02:54:19,363][__main__][DEBUG] - Parameter model.decoder.block.10.layer.1.layer_norm.weight: torch.Size([768]), require_grad=True
[2022-08-18 02:54:19,363][__main__][DEBUG] - Parameter model.decoder.block.10.layer.2.DenseReluDense.wi.weight: torch.Size([3072, 768]), require_grad=True
[2022-08-18 02:54:19,363][__main__][DEBUG] - Parameter model.decoder.block.10.layer.2.DenseReluDense.wo.weight: torch.Size([768, 3072]), require_grad=True
[2022-08-18 02:54:19,363][__main__][DEBUG] - Parameter model.decoder.block.10.layer.2.layer_norm.weight: torch.Size([768]), require_grad=True
[2022-08-18 02:54:19,363][__main__][DEBUG] - Parameter model.decoder.block.11.layer.0.SelfAttention.q.weight: torch.Size([768, 768]), require_grad=True
[2022-08-18 02:54:19,364][__main__][DEBUG] - Parameter model.decoder.block.11.layer.0.SelfAttention.k.weight: torch.Size([768, 768]), require_grad=True
[2022-08-18 02:54:19,364][__main__][DEBUG] - Parameter model.decoder.block.11.layer.0.SelfAttention.v.weight: torch.Size([768, 768]), require_grad=True
[2022-08-18 02:54:19,364][__main__][DEBUG] - Parameter model.decoder.block.11.layer.0.SelfAttention.o.weight: torch.Size([768, 768]), require_grad=True
[2022-08-18 02:54:19,364][__main__][DEBUG] - Parameter model.decoder.block.11.layer.0.layer_norm.weight: torch.Size([768]), require_grad=True
[2022-08-18 02:54:19,364][__main__][DEBUG] - Parameter model.decoder.block.11.layer.1.EncDecAttention.q.weight: torch.Size([768, 768]), require_grad=True
[2022-08-18 02:54:19,364][__main__][DEBUG] - Parameter model.decoder.block.11.layer.1.EncDecAttention.k.weight: torch.Size([768, 768]), require_grad=True
[2022-08-18 02:54:19,365][__main__][DEBUG] - Parameter model.decoder.block.11.layer.1.EncDecAttention.v.weight: torch.Size([768, 768]), require_grad=True
[2022-08-18 02:54:19,365][__main__][DEBUG] - Parameter model.decoder.block.11.layer.1.EncDecAttention.o.weight: torch.Size([768, 768]), require_grad=True
[2022-08-18 02:54:19,365][__main__][DEBUG] - Parameter model.decoder.block.11.layer.1.layer_norm.weight: torch.Size([768]), require_grad=True
[2022-08-18 02:54:19,365][__main__][DEBUG] - Parameter model.decoder.block.11.layer.2.DenseReluDense.wi.weight: torch.Size([3072, 768]), require_grad=True
[2022-08-18 02:54:19,365][__main__][DEBUG] - Parameter model.decoder.block.11.layer.2.DenseReluDense.wo.weight: torch.Size([768, 3072]), require_grad=True
[2022-08-18 02:54:19,365][__main__][DEBUG] - Parameter model.decoder.block.11.layer.2.layer_norm.weight: torch.Size([768]), require_grad=True
[2022-08-18 02:54:19,365][__main__][DEBUG] - Parameter model.decoder.final_layer_norm.weight: torch.Size([768]), require_grad=True
[2022-08-18 02:54:19,372][__main__][DEBUG] - Starting training!
[2022-08-18 02:54:20,504][__main__][DEBUG] - batch 0: tensor([[ 784, 9413,  908,  ..., 6327,  908,    1],
        [ 784, 9413,  908,  ...,    0,    0,    0],
        [ 784, 9413,  908,  ..., 6327,  908,    1],
        [ 784, 9413,  908,  ...,    0,    0,    0]], device='cuda:0') 
[2022-08-18 02:54:20,505][__main__][DEBUG] - batch 1: tensor([[1, 1, 1,  ..., 1, 1, 1],
        [1, 1, 1,  ..., 0, 0, 0],
        [1, 1, 1,  ..., 1, 1, 1],
        [1, 1, 1,  ..., 0, 0, 0]], device='cuda:0') 
[2022-08-18 02:54:20,506][__main__][DEBUG] - batch 2: tensor([[    3, 17193,  2138,  ...,     0,     0,     0],
        [ 1448,  1582,  6601,  ...,     0,     0,     0],
        [ 1448,  1582,  1886,  ...,     0,     0,     0],
        [ 1448,  1582,  3193,  ...,     0,     0,     0]], device='cuda:0') 
[2022-08-18 02:54:20,508][__main__][DEBUG] - batch 3: tensor([[1, 1, 1,  ..., 0, 0, 0],
        [1, 1, 1,  ..., 0, 0, 0],
        [1, 1, 1,  ..., 0, 0, 0],
        [1, 1, 1,  ..., 0, 0, 0]], device='cuda:0') 
[2022-08-18 02:54:20,509][__main__][DEBUG] - batch 4: tensor([[50, 50, 50,  ..., 50, 50, 50],
        [50, 50, 50,  ..., 50, 50, 50],
        [50, 50, 50,  ..., 50, 50, 50],
        [50, 50, 50,  ..., 50, 50, 50]], device='cuda:0') 
[2022-08-18 02:54:20,510][__main__][DEBUG] - batch 5: tensor([[60, 60, 60,  ..., 60, 60, 60],
        [60, 60, 60,  ..., 60, 60, 60],
        [60, 60, 60,  ..., 60, 60, 60],
        [60, 60, 60,  ..., 60, 60, 60]], device='cuda:0') 
[2022-08-18 02:54:20,511][__main__][DEBUG] - batch 6: tensor([[17],
        [ 3],
        [14],
        [ 7]], device='cuda:0') 
[2022-08-18 02:54:20,511][__main__][DEBUG] - batch 7: tensor([[2],
        [1],
        [1],
        [2]], device='cuda:0') 
[2022-08-18 02:54:20,516][__main__][DEBUG] - batch 8: tensor([[[60, 60, 60,  ..., 60, 60, 60],
         [60, 60, 60,  ..., 60, 60, 60],
         [60, 60, 60,  ..., 60, 60, 60],
         ...,
         [60, 60, 60,  ..., 60, 60, 60],
         [60, 60, 60,  ..., 60, 60, 60],
         [60, 60, 60,  ..., 60, 60, 60]],

        [[60, 60, 60,  ..., 60, 60, 60],
         [ 0, 60,  1,  ..., 60, 60, 60],
         [60, 60, 60,  ..., 60, 60, 60],
         ...,
         [60, 60, 60,  ..., 60, 60, 60],
         [60, 60, 60,  ..., 60, 60, 60],
         [60, 60, 60,  ..., 60, 60, 60]],

        [[60, 60, 60,  ..., 60, 60, 60],
         [60, 60, 60,  ..., 60, 60, 60],
         [60, 60, 60,  ..., 60, 60, 60],
         ...,
         [60, 60, 60,  ..., 60, 60, 60],
         [60, 60, 60,  ..., 60, 60, 60],
         [60, 60, 60,  ..., 60, 60, 60]],

        [[60, 60, 60,  ..., 60, 60, 60],
         [60, 60, 60,  ..., 60, 60, 60],
         [60, 60, 60,  ..., 60, 60, 60],
         ...,
         [60, 60, 60,  ..., 60, 60, 60],
         [60, 60, 60,  ..., 60, 60, 60],
         [60, 60, 60,  ..., 60, 60, 60]]], device='cuda:0') 
[2022-08-18 03:10:10,637][__main__][DEBUG] - epoch is 0
[2022-08-18 03:10:10,640][__main__][DEBUG] - validation loss is tensor(2.2449, device='cuda:0')
[2022-08-18 03:26:16,858][__main__][DEBUG] - epoch is 1
[2022-08-18 03:26:16,859][__main__][DEBUG] - validation loss is tensor(2.2558, device='cuda:0')
[2022-08-18 03:42:12,276][__main__][DEBUG] - early stop
