[2022-08-15 07:04:51,268][transformers.tokenization_utils_base][INFO] - Model name 'pretrain_model/jointgt_bart' not found in model shortcut name list (facebook/bart-base, facebook/bart-large, facebook/bart-large-mnli, facebook/bart-large-cnn, facebook/bart-large-xsum, yjernite/bart_eli5). Assuming 'pretrain_model/jointgt_bart' is a path, a model identifier, or url to a directory containing tokenizer files.
[2022-08-15 07:04:51,269][transformers.tokenization_utils_base][INFO] - Didn't find file pretrain_model/jointgt_bart/added_tokens.json. We won't load it.
[2022-08-15 07:04:51,269][transformers.tokenization_utils_base][INFO] - Didn't find file pretrain_model/jointgt_bart/special_tokens_map.json. We won't load it.
[2022-08-15 07:04:51,270][transformers.tokenization_utils_base][INFO] - Didn't find file pretrain_model/jointgt_bart/tokenizer_config.json. We won't load it.
[2022-08-15 07:04:51,270][transformers.tokenization_utils_base][INFO] - Didn't find file pretrain_model/jointgt_bart/tokenizer.json. We won't load it.
[2022-08-15 07:04:51,271][transformers.tokenization_utils_base][INFO] - loading file pretrain_model/jointgt_bart/vocab.json
[2022-08-15 07:04:51,271][transformers.tokenization_utils_base][INFO] - loading file pretrain_model/jointgt_bart/merges.txt
[2022-08-15 07:04:51,271][transformers.tokenization_utils_base][INFO] - loading file None
[2022-08-15 07:04:51,271][transformers.tokenization_utils_base][INFO] - loading file None
[2022-08-15 07:04:51,271][transformers.tokenization_utils_base][INFO] - loading file None
[2022-08-15 07:04:51,271][transformers.tokenization_utils_base][INFO] - loading file None
[2022-08-15 07:05:06,388][transformers.configuration_utils][INFO] - loading configuration file pretrain_model/jointgt_bart/config.json
[2022-08-15 07:05:06,388][transformers.configuration_utils][INFO] - Model config BartConfig {
  "activation_dropout": 0.1,
  "activation_function": "gelu",
  "add_bias_logits": false,
  "add_final_layer_norm": false,
  "architectures": [
    "MyBartPretrain"
  ],
  "attention_dropout": 0.1,
  "bos_token_id": 0,
  "classif_dropout": 0.0,
  "d_model": 768,
  "decoder_attention_heads": 12,
  "decoder_ffn_dim": 3072,
  "decoder_layerdrop": 0.0,
  "decoder_layers": 6,
  "decoder_start_token_id": 2,
  "dropout": 0.1,
  "early_stopping": true,
  "encoder_attention_heads": 12,
  "encoder_ffn_dim": 3072,
  "encoder_layerdrop": 0.0,
  "encoder_layers": 6,
  "eos_token_id": 2,
  "extra_pos_embeddings": 2,
  "id2label": {
    "0": "LABEL_0",
    "1": "LABEL_1",
    "2": "LABEL_2"
  },
  "init_std": 0.02,
  "is_encoder_decoder": true,
  "label2id": {
    "LABEL_0": 0,
    "LABEL_1": 1,
    "LABEL_2": 2
  },
  "max_position_embeddings": 1024,
  "model_type": "bart",
  "no_repeat_ngram_size": 3,
  "normalize_before": false,
  "normalize_embedding": true,
  "num_beams": 4,
  "num_hidden_layers": 6,
  "pad_token_id": 1,
  "scale_embedding": false,
  "static_position_embeddings": false,
  "task_specific_params": {
    "summarization": {
      "length_penalty": 1.0,
      "max_length": 128,
      "min_length": 12,
      "num_beams": 4
    },
    "summarization_cnn": {
      "length_penalty": 2.0,
      "max_length": 142,
      "min_length": 56,
      "num_beams": 4
    },
    "summarization_xsum": {
      "length_penalty": 1.0,
      "max_length": 62,
      "min_length": 11,
      "num_beams": 6
    }
  },
  "vocab_size": 50265
}

[2022-08-15 07:05:06,389][transformers.modeling_utils][INFO] - loading weights file pretrain_model/jointgt_bart/pytorch_model.bin
[2022-08-15 07:05:12,755][transformers.modeling_utils][INFO] - All model checkpoint weights were used when initializing MyBartForConditionalGeneration.

[2022-08-15 07:05:12,755][transformers.modeling_utils][INFO] - All the weights of MyBartForConditionalGeneration were initialized from the model checkpoint at pretrain_model/jointgt_bart.
If your task is similar to the task the model of the ckeckpoint was trained on, you can already use MyBartForConditionalGeneration for predictions without further training.
[2022-08-15 07:05:16,581][__main__][DEBUG] - Parameter model.model.shared.weight: torch.Size([50265, 768]), require_grad=True
[2022-08-15 07:05:16,581][__main__][DEBUG] - Parameter model.model.encoder.embed_positions.weight: torch.Size([1026, 768]), require_grad=True
[2022-08-15 07:05:16,581][__main__][DEBUG] - Parameter model.model.encoder.layers.0.self_attn.k_proj.weight: torch.Size([768, 768]), require_grad=True
[2022-08-15 07:05:16,581][__main__][DEBUG] - Parameter model.model.encoder.layers.0.self_attn.k_proj.bias: torch.Size([768]), require_grad=True
[2022-08-15 07:05:16,581][__main__][DEBUG] - Parameter model.model.encoder.layers.0.self_attn.v_proj.weight: torch.Size([768, 768]), require_grad=True
[2022-08-15 07:05:16,582][__main__][DEBUG] - Parameter model.model.encoder.layers.0.self_attn.v_proj.bias: torch.Size([768]), require_grad=True
[2022-08-15 07:05:16,582][__main__][DEBUG] - Parameter model.model.encoder.layers.0.self_attn.q_proj.weight: torch.Size([768, 768]), require_grad=True
[2022-08-15 07:05:16,582][__main__][DEBUG] - Parameter model.model.encoder.layers.0.self_attn.q_proj.bias: torch.Size([768]), require_grad=True
[2022-08-15 07:05:16,582][__main__][DEBUG] - Parameter model.model.encoder.layers.0.self_attn.out_proj.weight: torch.Size([768, 768]), require_grad=True
[2022-08-15 07:05:16,582][__main__][DEBUG] - Parameter model.model.encoder.layers.0.self_attn.out_proj.bias: torch.Size([768]), require_grad=True
[2022-08-15 07:05:16,582][__main__][DEBUG] - Parameter model.model.encoder.layers.0.self_struc_attn.k_proj.weight: torch.Size([768, 768]), require_grad=True
[2022-08-15 07:05:16,582][__main__][DEBUG] - Parameter model.model.encoder.layers.0.self_struc_attn.k_proj.bias: torch.Size([768]), require_grad=True
[2022-08-15 07:05:16,582][__main__][DEBUG] - Parameter model.model.encoder.layers.0.self_struc_attn.v_proj.weight: torch.Size([768, 768]), require_grad=True
[2022-08-15 07:05:16,582][__main__][DEBUG] - Parameter model.model.encoder.layers.0.self_struc_attn.v_proj.bias: torch.Size([768]), require_grad=True
[2022-08-15 07:05:16,582][__main__][DEBUG] - Parameter model.model.encoder.layers.0.self_struc_attn.q_proj.weight: torch.Size([768, 768]), require_grad=True
[2022-08-15 07:05:16,583][__main__][DEBUG] - Parameter model.model.encoder.layers.0.self_struc_attn.q_proj.bias: torch.Size([768]), require_grad=True
[2022-08-15 07:05:16,583][__main__][DEBUG] - Parameter model.model.encoder.layers.0.self_struc_attn.rel_v_proj.weight: torch.Size([768, 768]), require_grad=True
[2022-08-15 07:05:16,583][__main__][DEBUG] - Parameter model.model.encoder.layers.0.self_struc_attn.rel_v_proj.bias: torch.Size([768]), require_grad=True
[2022-08-15 07:05:16,583][__main__][DEBUG] - Parameter model.model.encoder.layers.0.self_struc_attn.rel_k_proj.weight: torch.Size([768, 768]), require_grad=True
[2022-08-15 07:05:16,583][__main__][DEBUG] - Parameter model.model.encoder.layers.0.self_struc_attn.rel_k_proj.bias: torch.Size([768]), require_grad=True
[2022-08-15 07:05:16,583][__main__][DEBUG] - Parameter model.model.encoder.layers.0.self_struc_attn.out_proj.weight: torch.Size([768, 768]), require_grad=True
[2022-08-15 07:05:16,583][__main__][DEBUG] - Parameter model.model.encoder.layers.0.self_struc_attn.out_proj.bias: torch.Size([768]), require_grad=True
[2022-08-15 07:05:16,583][__main__][DEBUG] - Parameter model.model.encoder.layers.0.self_attn_layer_norm.weight: torch.Size([768]), require_grad=True
[2022-08-15 07:05:16,583][__main__][DEBUG] - Parameter model.model.encoder.layers.0.self_attn_layer_norm.bias: torch.Size([768]), require_grad=True
[2022-08-15 07:05:16,583][__main__][DEBUG] - Parameter model.model.encoder.layers.0.fc1.weight: torch.Size([3072, 768]), require_grad=True
[2022-08-15 07:05:16,584][__main__][DEBUG] - Parameter model.model.encoder.layers.0.fc1.bias: torch.Size([3072]), require_grad=True
[2022-08-15 07:05:16,584][__main__][DEBUG] - Parameter model.model.encoder.layers.0.fc2.weight: torch.Size([768, 3072]), require_grad=True
[2022-08-15 07:05:16,584][__main__][DEBUG] - Parameter model.model.encoder.layers.0.fc2.bias: torch.Size([768]), require_grad=True
[2022-08-15 07:05:16,584][__main__][DEBUG] - Parameter model.model.encoder.layers.0.final_layer_norm.weight: torch.Size([768]), require_grad=True
[2022-08-15 07:05:16,584][__main__][DEBUG] - Parameter model.model.encoder.layers.0.final_layer_norm.bias: torch.Size([768]), require_grad=True
[2022-08-15 07:05:16,584][__main__][DEBUG] - Parameter model.model.encoder.layers.1.self_attn.k_proj.weight: torch.Size([768, 768]), require_grad=True
[2022-08-15 07:05:16,584][__main__][DEBUG] - Parameter model.model.encoder.layers.1.self_attn.k_proj.bias: torch.Size([768]), require_grad=True
[2022-08-15 07:05:16,584][__main__][DEBUG] - Parameter model.model.encoder.layers.1.self_attn.v_proj.weight: torch.Size([768, 768]), require_grad=True
[2022-08-15 07:05:16,584][__main__][DEBUG] - Parameter model.model.encoder.layers.1.self_attn.v_proj.bias: torch.Size([768]), require_grad=True
[2022-08-15 07:05:16,585][__main__][DEBUG] - Parameter model.model.encoder.layers.1.self_attn.q_proj.weight: torch.Size([768, 768]), require_grad=True
[2022-08-15 07:05:16,585][__main__][DEBUG] - Parameter model.model.encoder.layers.1.self_attn.q_proj.bias: torch.Size([768]), require_grad=True
[2022-08-15 07:05:16,585][__main__][DEBUG] - Parameter model.model.encoder.layers.1.self_attn.out_proj.weight: torch.Size([768, 768]), require_grad=True
[2022-08-15 07:05:16,585][__main__][DEBUG] - Parameter model.model.encoder.layers.1.self_attn.out_proj.bias: torch.Size([768]), require_grad=True
[2022-08-15 07:05:16,585][__main__][DEBUG] - Parameter model.model.encoder.layers.1.self_struc_attn.k_proj.weight: torch.Size([768, 768]), require_grad=True
[2022-08-15 07:05:16,585][__main__][DEBUG] - Parameter model.model.encoder.layers.1.self_struc_attn.k_proj.bias: torch.Size([768]), require_grad=True
[2022-08-15 07:05:16,585][__main__][DEBUG] - Parameter model.model.encoder.layers.1.self_struc_attn.v_proj.weight: torch.Size([768, 768]), require_grad=True
[2022-08-15 07:05:16,585][__main__][DEBUG] - Parameter model.model.encoder.layers.1.self_struc_attn.v_proj.bias: torch.Size([768]), require_grad=True
[2022-08-15 07:05:16,585][__main__][DEBUG] - Parameter model.model.encoder.layers.1.self_struc_attn.q_proj.weight: torch.Size([768, 768]), require_grad=True
[2022-08-15 07:05:16,585][__main__][DEBUG] - Parameter model.model.encoder.layers.1.self_struc_attn.q_proj.bias: torch.Size([768]), require_grad=True
[2022-08-15 07:05:16,586][__main__][DEBUG] - Parameter model.model.encoder.layers.1.self_struc_attn.rel_v_proj.weight: torch.Size([768, 768]), require_grad=True
[2022-08-15 07:05:16,586][__main__][DEBUG] - Parameter model.model.encoder.layers.1.self_struc_attn.rel_v_proj.bias: torch.Size([768]), require_grad=True
[2022-08-15 07:05:16,586][__main__][DEBUG] - Parameter model.model.encoder.layers.1.self_struc_attn.rel_k_proj.weight: torch.Size([768, 768]), require_grad=True
[2022-08-15 07:05:16,586][__main__][DEBUG] - Parameter model.model.encoder.layers.1.self_struc_attn.rel_k_proj.bias: torch.Size([768]), require_grad=True
[2022-08-15 07:05:16,586][__main__][DEBUG] - Parameter model.model.encoder.layers.1.self_struc_attn.out_proj.weight: torch.Size([768, 768]), require_grad=True
[2022-08-15 07:05:16,586][__main__][DEBUG] - Parameter model.model.encoder.layers.1.self_struc_attn.out_proj.bias: torch.Size([768]), require_grad=True
[2022-08-15 07:05:16,586][__main__][DEBUG] - Parameter model.model.encoder.layers.1.self_attn_layer_norm.weight: torch.Size([768]), require_grad=True
[2022-08-15 07:05:16,586][__main__][DEBUG] - Parameter model.model.encoder.layers.1.self_attn_layer_norm.bias: torch.Size([768]), require_grad=True
[2022-08-15 07:05:16,586][__main__][DEBUG] - Parameter model.model.encoder.layers.1.fc1.weight: torch.Size([3072, 768]), require_grad=True
[2022-08-15 07:05:16,586][__main__][DEBUG] - Parameter model.model.encoder.layers.1.fc1.bias: torch.Size([3072]), require_grad=True
[2022-08-15 07:05:16,586][__main__][DEBUG] - Parameter model.model.encoder.layers.1.fc2.weight: torch.Size([768, 3072]), require_grad=True
[2022-08-15 07:05:16,587][__main__][DEBUG] - Parameter model.model.encoder.layers.1.fc2.bias: torch.Size([768]), require_grad=True
[2022-08-15 07:05:16,587][__main__][DEBUG] - Parameter model.model.encoder.layers.1.final_layer_norm.weight: torch.Size([768]), require_grad=True
[2022-08-15 07:05:16,587][__main__][DEBUG] - Parameter model.model.encoder.layers.1.final_layer_norm.bias: torch.Size([768]), require_grad=True
[2022-08-15 07:05:16,587][__main__][DEBUG] - Parameter model.model.encoder.layers.2.self_attn.k_proj.weight: torch.Size([768, 768]), require_grad=True
[2022-08-15 07:05:16,587][__main__][DEBUG] - Parameter model.model.encoder.layers.2.self_attn.k_proj.bias: torch.Size([768]), require_grad=True
[2022-08-15 07:05:16,587][__main__][DEBUG] - Parameter model.model.encoder.layers.2.self_attn.v_proj.weight: torch.Size([768, 768]), require_grad=True
[2022-08-15 07:05:16,587][__main__][DEBUG] - Parameter model.model.encoder.layers.2.self_attn.v_proj.bias: torch.Size([768]), require_grad=True
[2022-08-15 07:05:16,587][__main__][DEBUG] - Parameter model.model.encoder.layers.2.self_attn.q_proj.weight: torch.Size([768, 768]), require_grad=True
[2022-08-15 07:05:16,588][__main__][DEBUG] - Parameter model.model.encoder.layers.2.self_attn.q_proj.bias: torch.Size([768]), require_grad=True
[2022-08-15 07:05:16,588][__main__][DEBUG] - Parameter model.model.encoder.layers.2.self_attn.out_proj.weight: torch.Size([768, 768]), require_grad=True
[2022-08-15 07:05:16,588][__main__][DEBUG] - Parameter model.model.encoder.layers.2.self_attn.out_proj.bias: torch.Size([768]), require_grad=True
[2022-08-15 07:05:16,588][__main__][DEBUG] - Parameter model.model.encoder.layers.2.self_struc_attn.k_proj.weight: torch.Size([768, 768]), require_grad=True
[2022-08-15 07:05:16,588][__main__][DEBUG] - Parameter model.model.encoder.layers.2.self_struc_attn.k_proj.bias: torch.Size([768]), require_grad=True
[2022-08-15 07:05:16,588][__main__][DEBUG] - Parameter model.model.encoder.layers.2.self_struc_attn.v_proj.weight: torch.Size([768, 768]), require_grad=True
[2022-08-15 07:05:16,588][__main__][DEBUG] - Parameter model.model.encoder.layers.2.self_struc_attn.v_proj.bias: torch.Size([768]), require_grad=True
[2022-08-15 07:05:16,588][__main__][DEBUG] - Parameter model.model.encoder.layers.2.self_struc_attn.q_proj.weight: torch.Size([768, 768]), require_grad=True
[2022-08-15 07:05:16,588][__main__][DEBUG] - Parameter model.model.encoder.layers.2.self_struc_attn.q_proj.bias: torch.Size([768]), require_grad=True
[2022-08-15 07:05:16,589][__main__][DEBUG] - Parameter model.model.encoder.layers.2.self_struc_attn.rel_v_proj.weight: torch.Size([768, 768]), require_grad=True
[2022-08-15 07:05:16,589][__main__][DEBUG] - Parameter model.model.encoder.layers.2.self_struc_attn.rel_v_proj.bias: torch.Size([768]), require_grad=True
[2022-08-15 07:05:16,589][__main__][DEBUG] - Parameter model.model.encoder.layers.2.self_struc_attn.rel_k_proj.weight: torch.Size([768, 768]), require_grad=True
[2022-08-15 07:05:16,589][__main__][DEBUG] - Parameter model.model.encoder.layers.2.self_struc_attn.rel_k_proj.bias: torch.Size([768]), require_grad=True
[2022-08-15 07:05:16,589][__main__][DEBUG] - Parameter model.model.encoder.layers.2.self_struc_attn.out_proj.weight: torch.Size([768, 768]), require_grad=True
[2022-08-15 07:05:16,589][__main__][DEBUG] - Parameter model.model.encoder.layers.2.self_struc_attn.out_proj.bias: torch.Size([768]), require_grad=True
[2022-08-15 07:05:16,589][__main__][DEBUG] - Parameter model.model.encoder.layers.2.self_attn_layer_norm.weight: torch.Size([768]), require_grad=True
[2022-08-15 07:05:16,589][__main__][DEBUG] - Parameter model.model.encoder.layers.2.self_attn_layer_norm.bias: torch.Size([768]), require_grad=True
[2022-08-15 07:05:16,589][__main__][DEBUG] - Parameter model.model.encoder.layers.2.fc1.weight: torch.Size([3072, 768]), require_grad=True
[2022-08-15 07:05:16,589][__main__][DEBUG] - Parameter model.model.encoder.layers.2.fc1.bias: torch.Size([3072]), require_grad=True
[2022-08-15 07:05:16,590][__main__][DEBUG] - Parameter model.model.encoder.layers.2.fc2.weight: torch.Size([768, 3072]), require_grad=True
[2022-08-15 07:05:16,590][__main__][DEBUG] - Parameter model.model.encoder.layers.2.fc2.bias: torch.Size([768]), require_grad=True
[2022-08-15 07:05:16,590][__main__][DEBUG] - Parameter model.model.encoder.layers.2.final_layer_norm.weight: torch.Size([768]), require_grad=True
[2022-08-15 07:05:16,590][__main__][DEBUG] - Parameter model.model.encoder.layers.2.final_layer_norm.bias: torch.Size([768]), require_grad=True
[2022-08-15 07:05:16,590][__main__][DEBUG] - Parameter model.model.encoder.layers.3.self_attn.k_proj.weight: torch.Size([768, 768]), require_grad=True
[2022-08-15 07:05:16,590][__main__][DEBUG] - Parameter model.model.encoder.layers.3.self_attn.k_proj.bias: torch.Size([768]), require_grad=True
[2022-08-15 07:05:16,590][__main__][DEBUG] - Parameter model.model.encoder.layers.3.self_attn.v_proj.weight: torch.Size([768, 768]), require_grad=True
[2022-08-15 07:05:16,590][__main__][DEBUG] - Parameter model.model.encoder.layers.3.self_attn.v_proj.bias: torch.Size([768]), require_grad=True
[2022-08-15 07:05:16,590][__main__][DEBUG] - Parameter model.model.encoder.layers.3.self_attn.q_proj.weight: torch.Size([768, 768]), require_grad=True
[2022-08-15 07:05:16,590][__main__][DEBUG] - Parameter model.model.encoder.layers.3.self_attn.q_proj.bias: torch.Size([768]), require_grad=True
[2022-08-15 07:05:16,591][__main__][DEBUG] - Parameter model.model.encoder.layers.3.self_attn.out_proj.weight: torch.Size([768, 768]), require_grad=True
[2022-08-15 07:05:16,591][__main__][DEBUG] - Parameter model.model.encoder.layers.3.self_attn.out_proj.bias: torch.Size([768]), require_grad=True
[2022-08-15 07:05:16,591][__main__][DEBUG] - Parameter model.model.encoder.layers.3.self_struc_attn.k_proj.weight: torch.Size([768, 768]), require_grad=True
[2022-08-15 07:05:16,591][__main__][DEBUG] - Parameter model.model.encoder.layers.3.self_struc_attn.k_proj.bias: torch.Size([768]), require_grad=True
[2022-08-15 07:05:16,591][__main__][DEBUG] - Parameter model.model.encoder.layers.3.self_struc_attn.v_proj.weight: torch.Size([768, 768]), require_grad=True
[2022-08-15 07:05:16,591][__main__][DEBUG] - Parameter model.model.encoder.layers.3.self_struc_attn.v_proj.bias: torch.Size([768]), require_grad=True
[2022-08-15 07:05:16,591][__main__][DEBUG] - Parameter model.model.encoder.layers.3.self_struc_attn.q_proj.weight: torch.Size([768, 768]), require_grad=True
[2022-08-15 07:05:16,591][__main__][DEBUG] - Parameter model.model.encoder.layers.3.self_struc_attn.q_proj.bias: torch.Size([768]), require_grad=True
[2022-08-15 07:05:16,591][__main__][DEBUG] - Parameter model.model.encoder.layers.3.self_struc_attn.rel_v_proj.weight: torch.Size([768, 768]), require_grad=True
[2022-08-15 07:05:16,591][__main__][DEBUG] - Parameter model.model.encoder.layers.3.self_struc_attn.rel_v_proj.bias: torch.Size([768]), require_grad=True
[2022-08-15 07:05:16,592][__main__][DEBUG] - Parameter model.model.encoder.layers.3.self_struc_attn.rel_k_proj.weight: torch.Size([768, 768]), require_grad=True
[2022-08-15 07:05:16,592][__main__][DEBUG] - Parameter model.model.encoder.layers.3.self_struc_attn.rel_k_proj.bias: torch.Size([768]), require_grad=True
[2022-08-15 07:05:16,592][__main__][DEBUG] - Parameter model.model.encoder.layers.3.self_struc_attn.out_proj.weight: torch.Size([768, 768]), require_grad=True
[2022-08-15 07:05:16,592][__main__][DEBUG] - Parameter model.model.encoder.layers.3.self_struc_attn.out_proj.bias: torch.Size([768]), require_grad=True
[2022-08-15 07:05:16,592][__main__][DEBUG] - Parameter model.model.encoder.layers.3.self_attn_layer_norm.weight: torch.Size([768]), require_grad=True
[2022-08-15 07:05:16,592][__main__][DEBUG] - Parameter model.model.encoder.layers.3.self_attn_layer_norm.bias: torch.Size([768]), require_grad=True
[2022-08-15 07:05:16,592][__main__][DEBUG] - Parameter model.model.encoder.layers.3.fc1.weight: torch.Size([3072, 768]), require_grad=True
[2022-08-15 07:05:16,592][__main__][DEBUG] - Parameter model.model.encoder.layers.3.fc1.bias: torch.Size([3072]), require_grad=True
[2022-08-15 07:05:16,592][__main__][DEBUG] - Parameter model.model.encoder.layers.3.fc2.weight: torch.Size([768, 3072]), require_grad=True
[2022-08-15 07:05:16,592][__main__][DEBUG] - Parameter model.model.encoder.layers.3.fc2.bias: torch.Size([768]), require_grad=True
[2022-08-15 07:05:16,593][__main__][DEBUG] - Parameter model.model.encoder.layers.3.final_layer_norm.weight: torch.Size([768]), require_grad=True
[2022-08-15 07:05:16,593][__main__][DEBUG] - Parameter model.model.encoder.layers.3.final_layer_norm.bias: torch.Size([768]), require_grad=True
[2022-08-15 07:05:16,593][__main__][DEBUG] - Parameter model.model.encoder.layers.4.self_attn.k_proj.weight: torch.Size([768, 768]), require_grad=True
[2022-08-15 07:05:16,593][__main__][DEBUG] - Parameter model.model.encoder.layers.4.self_attn.k_proj.bias: torch.Size([768]), require_grad=True
[2022-08-15 07:05:16,593][__main__][DEBUG] - Parameter model.model.encoder.layers.4.self_attn.v_proj.weight: torch.Size([768, 768]), require_grad=True
[2022-08-15 07:05:16,593][__main__][DEBUG] - Parameter model.model.encoder.layers.4.self_attn.v_proj.bias: torch.Size([768]), require_grad=True
[2022-08-15 07:05:16,593][__main__][DEBUG] - Parameter model.model.encoder.layers.4.self_attn.q_proj.weight: torch.Size([768, 768]), require_grad=True
[2022-08-15 07:05:16,593][__main__][DEBUG] - Parameter model.model.encoder.layers.4.self_attn.q_proj.bias: torch.Size([768]), require_grad=True
[2022-08-15 07:05:16,593][__main__][DEBUG] - Parameter model.model.encoder.layers.4.self_attn.out_proj.weight: torch.Size([768, 768]), require_grad=True
[2022-08-15 07:05:16,606][__main__][DEBUG] - Parameter model.model.encoder.layers.4.self_attn.out_proj.bias: torch.Size([768]), require_grad=True
[2022-08-15 07:05:16,607][__main__][DEBUG] - Parameter model.model.encoder.layers.4.self_struc_attn.k_proj.weight: torch.Size([768, 768]), require_grad=True
[2022-08-15 07:05:16,607][__main__][DEBUG] - Parameter model.model.encoder.layers.4.self_struc_attn.k_proj.bias: torch.Size([768]), require_grad=True
[2022-08-15 07:05:16,607][__main__][DEBUG] - Parameter model.model.encoder.layers.4.self_struc_attn.v_proj.weight: torch.Size([768, 768]), require_grad=True
[2022-08-15 07:05:16,607][__main__][DEBUG] - Parameter model.model.encoder.layers.4.self_struc_attn.v_proj.bias: torch.Size([768]), require_grad=True
[2022-08-15 07:05:16,607][__main__][DEBUG] - Parameter model.model.encoder.layers.4.self_struc_attn.q_proj.weight: torch.Size([768, 768]), require_grad=True
[2022-08-15 07:05:16,608][__main__][DEBUG] - Parameter model.model.encoder.layers.4.self_struc_attn.q_proj.bias: torch.Size([768]), require_grad=True
[2022-08-15 07:05:16,608][__main__][DEBUG] - Parameter model.model.encoder.layers.4.self_struc_attn.rel_v_proj.weight: torch.Size([768, 768]), require_grad=True
[2022-08-15 07:05:16,608][__main__][DEBUG] - Parameter model.model.encoder.layers.4.self_struc_attn.rel_v_proj.bias: torch.Size([768]), require_grad=True
[2022-08-15 07:05:16,608][__main__][DEBUG] - Parameter model.model.encoder.layers.4.self_struc_attn.rel_k_proj.weight: torch.Size([768, 768]), require_grad=True
[2022-08-15 07:05:16,608][__main__][DEBUG] - Parameter model.model.encoder.layers.4.self_struc_attn.rel_k_proj.bias: torch.Size([768]), require_grad=True
[2022-08-15 07:05:16,608][__main__][DEBUG] - Parameter model.model.encoder.layers.4.self_struc_attn.out_proj.weight: torch.Size([768, 768]), require_grad=True
[2022-08-15 07:05:16,609][__main__][DEBUG] - Parameter model.model.encoder.layers.4.self_struc_attn.out_proj.bias: torch.Size([768]), require_grad=True
[2022-08-15 07:05:16,609][__main__][DEBUG] - Parameter model.model.encoder.layers.4.self_attn_layer_norm.weight: torch.Size([768]), require_grad=True
[2022-08-15 07:05:16,609][__main__][DEBUG] - Parameter model.model.encoder.layers.4.self_attn_layer_norm.bias: torch.Size([768]), require_grad=True
[2022-08-15 07:05:16,609][__main__][DEBUG] - Parameter model.model.encoder.layers.4.fc1.weight: torch.Size([3072, 768]), require_grad=True
[2022-08-15 07:05:16,609][__main__][DEBUG] - Parameter model.model.encoder.layers.4.fc1.bias: torch.Size([3072]), require_grad=True
[2022-08-15 07:05:16,610][__main__][DEBUG] - Parameter model.model.encoder.layers.4.fc2.weight: torch.Size([768, 3072]), require_grad=True
[2022-08-15 07:05:16,610][__main__][DEBUG] - Parameter model.model.encoder.layers.4.fc2.bias: torch.Size([768]), require_grad=True
[2022-08-15 07:05:16,610][__main__][DEBUG] - Parameter model.model.encoder.layers.4.final_layer_norm.weight: torch.Size([768]), require_grad=True
[2022-08-15 07:05:16,610][__main__][DEBUG] - Parameter model.model.encoder.layers.4.final_layer_norm.bias: torch.Size([768]), require_grad=True
[2022-08-15 07:05:16,610][__main__][DEBUG] - Parameter model.model.encoder.layers.5.self_attn.k_proj.weight: torch.Size([768, 768]), require_grad=True
[2022-08-15 07:05:16,611][__main__][DEBUG] - Parameter model.model.encoder.layers.5.self_attn.k_proj.bias: torch.Size([768]), require_grad=True
[2022-08-15 07:05:16,611][__main__][DEBUG] - Parameter model.model.encoder.layers.5.self_attn.v_proj.weight: torch.Size([768, 768]), require_grad=True
[2022-08-15 07:05:16,611][__main__][DEBUG] - Parameter model.model.encoder.layers.5.self_attn.v_proj.bias: torch.Size([768]), require_grad=True
[2022-08-15 07:05:16,611][__main__][DEBUG] - Parameter model.model.encoder.layers.5.self_attn.q_proj.weight: torch.Size([768, 768]), require_grad=True
[2022-08-15 07:05:16,611][__main__][DEBUG] - Parameter model.model.encoder.layers.5.self_attn.q_proj.bias: torch.Size([768]), require_grad=True
[2022-08-15 07:05:16,612][__main__][DEBUG] - Parameter model.model.encoder.layers.5.self_attn.out_proj.weight: torch.Size([768, 768]), require_grad=True
[2022-08-15 07:05:16,612][__main__][DEBUG] - Parameter model.model.encoder.layers.5.self_attn.out_proj.bias: torch.Size([768]), require_grad=True
[2022-08-15 07:05:16,612][__main__][DEBUG] - Parameter model.model.encoder.layers.5.self_struc_attn.k_proj.weight: torch.Size([768, 768]), require_grad=True
[2022-08-15 07:05:16,612][__main__][DEBUG] - Parameter model.model.encoder.layers.5.self_struc_attn.k_proj.bias: torch.Size([768]), require_grad=True
[2022-08-15 07:05:16,612][__main__][DEBUG] - Parameter model.model.encoder.layers.5.self_struc_attn.v_proj.weight: torch.Size([768, 768]), require_grad=True
[2022-08-15 07:05:16,613][__main__][DEBUG] - Parameter model.model.encoder.layers.5.self_struc_attn.v_proj.bias: torch.Size([768]), require_grad=True
[2022-08-15 07:05:16,613][__main__][DEBUG] - Parameter model.model.encoder.layers.5.self_struc_attn.q_proj.weight: torch.Size([768, 768]), require_grad=True
[2022-08-15 07:05:16,613][__main__][DEBUG] - Parameter model.model.encoder.layers.5.self_struc_attn.q_proj.bias: torch.Size([768]), require_grad=True
[2022-08-15 07:05:16,613][__main__][DEBUG] - Parameter model.model.encoder.layers.5.self_struc_attn.rel_v_proj.weight: torch.Size([768, 768]), require_grad=True
[2022-08-15 07:05:16,613][__main__][DEBUG] - Parameter model.model.encoder.layers.5.self_struc_attn.rel_v_proj.bias: torch.Size([768]), require_grad=True
[2022-08-15 07:05:16,613][__main__][DEBUG] - Parameter model.model.encoder.layers.5.self_struc_attn.rel_k_proj.weight: torch.Size([768, 768]), require_grad=True
[2022-08-15 07:05:16,613][__main__][DEBUG] - Parameter model.model.encoder.layers.5.self_struc_attn.rel_k_proj.bias: torch.Size([768]), require_grad=True
[2022-08-15 07:05:16,613][__main__][DEBUG] - Parameter model.model.encoder.layers.5.self_struc_attn.out_proj.weight: torch.Size([768, 768]), require_grad=True
[2022-08-15 07:05:16,613][__main__][DEBUG] - Parameter model.model.encoder.layers.5.self_struc_attn.out_proj.bias: torch.Size([768]), require_grad=True
[2022-08-15 07:05:16,613][__main__][DEBUG] - Parameter model.model.encoder.layers.5.self_attn_layer_norm.weight: torch.Size([768]), require_grad=True
[2022-08-15 07:05:16,614][__main__][DEBUG] - Parameter model.model.encoder.layers.5.self_attn_layer_norm.bias: torch.Size([768]), require_grad=True
[2022-08-15 07:05:16,614][__main__][DEBUG] - Parameter model.model.encoder.layers.5.fc1.weight: torch.Size([3072, 768]), require_grad=True
[2022-08-15 07:05:16,614][__main__][DEBUG] - Parameter model.model.encoder.layers.5.fc1.bias: torch.Size([3072]), require_grad=True
[2022-08-15 07:05:16,614][__main__][DEBUG] - Parameter model.model.encoder.layers.5.fc2.weight: torch.Size([768, 3072]), require_grad=True
[2022-08-15 07:05:16,614][__main__][DEBUG] - Parameter model.model.encoder.layers.5.fc2.bias: torch.Size([768]), require_grad=True
[2022-08-15 07:05:16,614][__main__][DEBUG] - Parameter model.model.encoder.layers.5.final_layer_norm.weight: torch.Size([768]), require_grad=True
[2022-08-15 07:05:16,614][__main__][DEBUG] - Parameter model.model.encoder.layers.5.final_layer_norm.bias: torch.Size([768]), require_grad=True
[2022-08-15 07:05:16,614][__main__][DEBUG] - Parameter model.model.encoder.layernorm_embedding.weight: torch.Size([768]), require_grad=True
[2022-08-15 07:05:16,614][__main__][DEBUG] - Parameter model.model.encoder.layernorm_embedding.bias: torch.Size([768]), require_grad=True
[2022-08-15 07:05:16,614][__main__][DEBUG] - Parameter model.model.decoder.embed_positions.weight: torch.Size([1026, 768]), require_grad=True
[2022-08-15 07:05:16,615][__main__][DEBUG] - Parameter model.model.decoder.layers.0.self_attn.k_proj.weight: torch.Size([768, 768]), require_grad=True
[2022-08-15 07:05:16,615][__main__][DEBUG] - Parameter model.model.decoder.layers.0.self_attn.k_proj.bias: torch.Size([768]), require_grad=True
[2022-08-15 07:05:16,615][__main__][DEBUG] - Parameter model.model.decoder.layers.0.self_attn.v_proj.weight: torch.Size([768, 768]), require_grad=True
[2022-08-15 07:05:16,615][__main__][DEBUG] - Parameter model.model.decoder.layers.0.self_attn.v_proj.bias: torch.Size([768]), require_grad=True
[2022-08-15 07:05:16,615][__main__][DEBUG] - Parameter model.model.decoder.layers.0.self_attn.q_proj.weight: torch.Size([768, 768]), require_grad=True
[2022-08-15 07:05:16,615][__main__][DEBUG] - Parameter model.model.decoder.layers.0.self_attn.q_proj.bias: torch.Size([768]), require_grad=True
[2022-08-15 07:05:16,615][__main__][DEBUG] - Parameter model.model.decoder.layers.0.self_attn.out_proj.weight: torch.Size([768, 768]), require_grad=True
[2022-08-15 07:05:16,615][__main__][DEBUG] - Parameter model.model.decoder.layers.0.self_attn.out_proj.bias: torch.Size([768]), require_grad=True
[2022-08-15 07:05:16,615][__main__][DEBUG] - Parameter model.model.decoder.layers.0.self_attn_layer_norm.weight: torch.Size([768]), require_grad=True
[2022-08-15 07:05:16,615][__main__][DEBUG] - Parameter model.model.decoder.layers.0.self_attn_layer_norm.bias: torch.Size([768]), require_grad=True
[2022-08-15 07:05:16,615][__main__][DEBUG] - Parameter model.model.decoder.layers.0.encoder_attn.k_proj.weight: torch.Size([768, 768]), require_grad=True
[2022-08-15 07:05:16,615][__main__][DEBUG] - Parameter model.model.decoder.layers.0.encoder_attn.k_proj.bias: torch.Size([768]), require_grad=True
[2022-08-15 07:05:16,616][__main__][DEBUG] - Parameter model.model.decoder.layers.0.encoder_attn.v_proj.weight: torch.Size([768, 768]), require_grad=True
[2022-08-15 07:05:16,616][__main__][DEBUG] - Parameter model.model.decoder.layers.0.encoder_attn.v_proj.bias: torch.Size([768]), require_grad=True
[2022-08-15 07:05:16,616][__main__][DEBUG] - Parameter model.model.decoder.layers.0.encoder_attn.q_proj.weight: torch.Size([768, 768]), require_grad=True
[2022-08-15 07:05:16,616][__main__][DEBUG] - Parameter model.model.decoder.layers.0.encoder_attn.q_proj.bias: torch.Size([768]), require_grad=True
[2022-08-15 07:05:16,616][__main__][DEBUG] - Parameter model.model.decoder.layers.0.encoder_attn.out_proj.weight: torch.Size([768, 768]), require_grad=True
[2022-08-15 07:05:16,616][__main__][DEBUG] - Parameter model.model.decoder.layers.0.encoder_attn.out_proj.bias: torch.Size([768]), require_grad=True
[2022-08-15 07:05:16,616][__main__][DEBUG] - Parameter model.model.decoder.layers.0.encoder_attn_layer_norm.weight: torch.Size([768]), require_grad=True
[2022-08-15 07:05:16,616][__main__][DEBUG] - Parameter model.model.decoder.layers.0.encoder_attn_layer_norm.bias: torch.Size([768]), require_grad=True
[2022-08-15 07:05:16,616][__main__][DEBUG] - Parameter model.model.decoder.layers.0.fc1.weight: torch.Size([3072, 768]), require_grad=True
[2022-08-15 07:05:16,616][__main__][DEBUG] - Parameter model.model.decoder.layers.0.fc1.bias: torch.Size([3072]), require_grad=True
[2022-08-15 07:05:16,616][__main__][DEBUG] - Parameter model.model.decoder.layers.0.fc2.weight: torch.Size([768, 3072]), require_grad=True
[2022-08-15 07:05:16,617][__main__][DEBUG] - Parameter model.model.decoder.layers.0.fc2.bias: torch.Size([768]), require_grad=True
[2022-08-15 07:05:16,617][__main__][DEBUG] - Parameter model.model.decoder.layers.0.final_layer_norm.weight: torch.Size([768]), require_grad=True
[2022-08-15 07:05:16,617][__main__][DEBUG] - Parameter model.model.decoder.layers.0.final_layer_norm.bias: torch.Size([768]), require_grad=True
[2022-08-15 07:05:16,617][__main__][DEBUG] - Parameter model.model.decoder.layers.1.self_attn.k_proj.weight: torch.Size([768, 768]), require_grad=True
[2022-08-15 07:05:16,617][__main__][DEBUG] - Parameter model.model.decoder.layers.1.self_attn.k_proj.bias: torch.Size([768]), require_grad=True
[2022-08-15 07:05:16,617][__main__][DEBUG] - Parameter model.model.decoder.layers.1.self_attn.v_proj.weight: torch.Size([768, 768]), require_grad=True
[2022-08-15 07:05:16,617][__main__][DEBUG] - Parameter model.model.decoder.layers.1.self_attn.v_proj.bias: torch.Size([768]), require_grad=True
[2022-08-15 07:05:16,617][__main__][DEBUG] - Parameter model.model.decoder.layers.1.self_attn.q_proj.weight: torch.Size([768, 768]), require_grad=True
[2022-08-15 07:05:16,617][__main__][DEBUG] - Parameter model.model.decoder.layers.1.self_attn.q_proj.bias: torch.Size([768]), require_grad=True
[2022-08-15 07:05:16,617][__main__][DEBUG] - Parameter model.model.decoder.layers.1.self_attn.out_proj.weight: torch.Size([768, 768]), require_grad=True
[2022-08-15 07:05:16,617][__main__][DEBUG] - Parameter model.model.decoder.layers.1.self_attn.out_proj.bias: torch.Size([768]), require_grad=True
[2022-08-15 07:05:16,617][__main__][DEBUG] - Parameter model.model.decoder.layers.1.self_attn_layer_norm.weight: torch.Size([768]), require_grad=True
[2022-08-15 07:05:16,618][__main__][DEBUG] - Parameter model.model.decoder.layers.1.self_attn_layer_norm.bias: torch.Size([768]), require_grad=True
[2022-08-15 07:05:16,618][__main__][DEBUG] - Parameter model.model.decoder.layers.1.encoder_attn.k_proj.weight: torch.Size([768, 768]), require_grad=True
[2022-08-15 07:05:16,618][__main__][DEBUG] - Parameter model.model.decoder.layers.1.encoder_attn.k_proj.bias: torch.Size([768]), require_grad=True
[2022-08-15 07:05:16,618][__main__][DEBUG] - Parameter model.model.decoder.layers.1.encoder_attn.v_proj.weight: torch.Size([768, 768]), require_grad=True
[2022-08-15 07:05:16,618][__main__][DEBUG] - Parameter model.model.decoder.layers.1.encoder_attn.v_proj.bias: torch.Size([768]), require_grad=True
[2022-08-15 07:05:16,618][__main__][DEBUG] - Parameter model.model.decoder.layers.1.encoder_attn.q_proj.weight: torch.Size([768, 768]), require_grad=True
[2022-08-15 07:05:16,618][__main__][DEBUG] - Parameter model.model.decoder.layers.1.encoder_attn.q_proj.bias: torch.Size([768]), require_grad=True
[2022-08-15 07:05:16,618][__main__][DEBUG] - Parameter model.model.decoder.layers.1.encoder_attn.out_proj.weight: torch.Size([768, 768]), require_grad=True
[2022-08-15 07:05:16,618][__main__][DEBUG] - Parameter model.model.decoder.layers.1.encoder_attn.out_proj.bias: torch.Size([768]), require_grad=True
[2022-08-15 07:05:16,618][__main__][DEBUG] - Parameter model.model.decoder.layers.1.encoder_attn_layer_norm.weight: torch.Size([768]), require_grad=True
[2022-08-15 07:05:16,618][__main__][DEBUG] - Parameter model.model.decoder.layers.1.encoder_attn_layer_norm.bias: torch.Size([768]), require_grad=True
[2022-08-15 07:05:16,619][__main__][DEBUG] - Parameter model.model.decoder.layers.1.fc1.weight: torch.Size([3072, 768]), require_grad=True
[2022-08-15 07:05:16,619][__main__][DEBUG] - Parameter model.model.decoder.layers.1.fc1.bias: torch.Size([3072]), require_grad=True
[2022-08-15 07:05:16,619][__main__][DEBUG] - Parameter model.model.decoder.layers.1.fc2.weight: torch.Size([768, 3072]), require_grad=True
[2022-08-15 07:05:16,619][__main__][DEBUG] - Parameter model.model.decoder.layers.1.fc2.bias: torch.Size([768]), require_grad=True
[2022-08-15 07:05:16,619][__main__][DEBUG] - Parameter model.model.decoder.layers.1.final_layer_norm.weight: torch.Size([768]), require_grad=True
[2022-08-15 07:05:16,619][__main__][DEBUG] - Parameter model.model.decoder.layers.1.final_layer_norm.bias: torch.Size([768]), require_grad=True
[2022-08-15 07:05:16,619][__main__][DEBUG] - Parameter model.model.decoder.layers.2.self_attn.k_proj.weight: torch.Size([768, 768]), require_grad=True
[2022-08-15 07:05:16,619][__main__][DEBUG] - Parameter model.model.decoder.layers.2.self_attn.k_proj.bias: torch.Size([768]), require_grad=True
[2022-08-15 07:05:16,619][__main__][DEBUG] - Parameter model.model.decoder.layers.2.self_attn.v_proj.weight: torch.Size([768, 768]), require_grad=True
[2022-08-15 07:05:16,619][__main__][DEBUG] - Parameter model.model.decoder.layers.2.self_attn.v_proj.bias: torch.Size([768]), require_grad=True
[2022-08-15 07:05:16,619][__main__][DEBUG] - Parameter model.model.decoder.layers.2.self_attn.q_proj.weight: torch.Size([768, 768]), require_grad=True
[2022-08-15 07:05:16,619][__main__][DEBUG] - Parameter model.model.decoder.layers.2.self_attn.q_proj.bias: torch.Size([768]), require_grad=True
[2022-08-15 07:05:16,620][__main__][DEBUG] - Parameter model.model.decoder.layers.2.self_attn.out_proj.weight: torch.Size([768, 768]), require_grad=True
[2022-08-15 07:05:16,620][__main__][DEBUG] - Parameter model.model.decoder.layers.2.self_attn.out_proj.bias: torch.Size([768]), require_grad=True
[2022-08-15 07:05:16,620][__main__][DEBUG] - Parameter model.model.decoder.layers.2.self_attn_layer_norm.weight: torch.Size([768]), require_grad=True
[2022-08-15 07:05:16,620][__main__][DEBUG] - Parameter model.model.decoder.layers.2.self_attn_layer_norm.bias: torch.Size([768]), require_grad=True
[2022-08-15 07:05:16,620][__main__][DEBUG] - Parameter model.model.decoder.layers.2.encoder_attn.k_proj.weight: torch.Size([768, 768]), require_grad=True
[2022-08-15 07:05:16,620][__main__][DEBUG] - Parameter model.model.decoder.layers.2.encoder_attn.k_proj.bias: torch.Size([768]), require_grad=True
[2022-08-15 07:05:16,620][__main__][DEBUG] - Parameter model.model.decoder.layers.2.encoder_attn.v_proj.weight: torch.Size([768, 768]), require_grad=True
[2022-08-15 07:05:16,620][__main__][DEBUG] - Parameter model.model.decoder.layers.2.encoder_attn.v_proj.bias: torch.Size([768]), require_grad=True
[2022-08-15 07:05:16,620][__main__][DEBUG] - Parameter model.model.decoder.layers.2.encoder_attn.q_proj.weight: torch.Size([768, 768]), require_grad=True
[2022-08-15 07:05:16,620][__main__][DEBUG] - Parameter model.model.decoder.layers.2.encoder_attn.q_proj.bias: torch.Size([768]), require_grad=True
[2022-08-15 07:05:16,620][__main__][DEBUG] - Parameter model.model.decoder.layers.2.encoder_attn.out_proj.weight: torch.Size([768, 768]), require_grad=True
[2022-08-15 07:05:16,620][__main__][DEBUG] - Parameter model.model.decoder.layers.2.encoder_attn.out_proj.bias: torch.Size([768]), require_grad=True
[2022-08-15 07:05:16,621][__main__][DEBUG] - Parameter model.model.decoder.layers.2.encoder_attn_layer_norm.weight: torch.Size([768]), require_grad=True
[2022-08-15 07:05:16,621][__main__][DEBUG] - Parameter model.model.decoder.layers.2.encoder_attn_layer_norm.bias: torch.Size([768]), require_grad=True
[2022-08-15 07:05:16,621][__main__][DEBUG] - Parameter model.model.decoder.layers.2.fc1.weight: torch.Size([3072, 768]), require_grad=True
[2022-08-15 07:05:16,621][__main__][DEBUG] - Parameter model.model.decoder.layers.2.fc1.bias: torch.Size([3072]), require_grad=True
[2022-08-15 07:05:16,621][__main__][DEBUG] - Parameter model.model.decoder.layers.2.fc2.weight: torch.Size([768, 3072]), require_grad=True
[2022-08-15 07:05:16,621][__main__][DEBUG] - Parameter model.model.decoder.layers.2.fc2.bias: torch.Size([768]), require_grad=True
[2022-08-15 07:05:16,621][__main__][DEBUG] - Parameter model.model.decoder.layers.2.final_layer_norm.weight: torch.Size([768]), require_grad=True
[2022-08-15 07:05:16,621][__main__][DEBUG] - Parameter model.model.decoder.layers.2.final_layer_norm.bias: torch.Size([768]), require_grad=True
[2022-08-15 07:05:16,621][__main__][DEBUG] - Parameter model.model.decoder.layers.3.self_attn.k_proj.weight: torch.Size([768, 768]), require_grad=True
[2022-08-15 07:05:16,621][__main__][DEBUG] - Parameter model.model.decoder.layers.3.self_attn.k_proj.bias: torch.Size([768]), require_grad=True
[2022-08-15 07:05:16,621][__main__][DEBUG] - Parameter model.model.decoder.layers.3.self_attn.v_proj.weight: torch.Size([768, 768]), require_grad=True
[2022-08-15 07:05:16,622][__main__][DEBUG] - Parameter model.model.decoder.layers.3.self_attn.v_proj.bias: torch.Size([768]), require_grad=True
[2022-08-15 07:05:16,622][__main__][DEBUG] - Parameter model.model.decoder.layers.3.self_attn.q_proj.weight: torch.Size([768, 768]), require_grad=True
[2022-08-15 07:05:16,622][__main__][DEBUG] - Parameter model.model.decoder.layers.3.self_attn.q_proj.bias: torch.Size([768]), require_grad=True
[2022-08-15 07:05:16,622][__main__][DEBUG] - Parameter model.model.decoder.layers.3.self_attn.out_proj.weight: torch.Size([768, 768]), require_grad=True
[2022-08-15 07:05:16,622][__main__][DEBUG] - Parameter model.model.decoder.layers.3.self_attn.out_proj.bias: torch.Size([768]), require_grad=True
[2022-08-15 07:05:16,622][__main__][DEBUG] - Parameter model.model.decoder.layers.3.self_attn_layer_norm.weight: torch.Size([768]), require_grad=True
[2022-08-15 07:05:16,622][__main__][DEBUG] - Parameter model.model.decoder.layers.3.self_attn_layer_norm.bias: torch.Size([768]), require_grad=True
[2022-08-15 07:05:16,622][__main__][DEBUG] - Parameter model.model.decoder.layers.3.encoder_attn.k_proj.weight: torch.Size([768, 768]), require_grad=True
[2022-08-15 07:05:16,622][__main__][DEBUG] - Parameter model.model.decoder.layers.3.encoder_attn.k_proj.bias: torch.Size([768]), require_grad=True
[2022-08-15 07:05:16,622][__main__][DEBUG] - Parameter model.model.decoder.layers.3.encoder_attn.v_proj.weight: torch.Size([768, 768]), require_grad=True
[2022-08-15 07:05:16,622][__main__][DEBUG] - Parameter model.model.decoder.layers.3.encoder_attn.v_proj.bias: torch.Size([768]), require_grad=True
[2022-08-15 07:05:16,622][__main__][DEBUG] - Parameter model.model.decoder.layers.3.encoder_attn.q_proj.weight: torch.Size([768, 768]), require_grad=True
[2022-08-15 07:05:16,623][__main__][DEBUG] - Parameter model.model.decoder.layers.3.encoder_attn.q_proj.bias: torch.Size([768]), require_grad=True
[2022-08-15 07:05:16,623][__main__][DEBUG] - Parameter model.model.decoder.layers.3.encoder_attn.out_proj.weight: torch.Size([768, 768]), require_grad=True
[2022-08-15 07:05:16,623][__main__][DEBUG] - Parameter model.model.decoder.layers.3.encoder_attn.out_proj.bias: torch.Size([768]), require_grad=True
[2022-08-15 07:05:16,623][__main__][DEBUG] - Parameter model.model.decoder.layers.3.encoder_attn_layer_norm.weight: torch.Size([768]), require_grad=True
[2022-08-15 07:05:16,623][__main__][DEBUG] - Parameter model.model.decoder.layers.3.encoder_attn_layer_norm.bias: torch.Size([768]), require_grad=True
[2022-08-15 07:05:16,623][__main__][DEBUG] - Parameter model.model.decoder.layers.3.fc1.weight: torch.Size([3072, 768]), require_grad=True
[2022-08-15 07:05:16,623][__main__][DEBUG] - Parameter model.model.decoder.layers.3.fc1.bias: torch.Size([3072]), require_grad=True
[2022-08-15 07:05:16,623][__main__][DEBUG] - Parameter model.model.decoder.layers.3.fc2.weight: torch.Size([768, 3072]), require_grad=True
[2022-08-15 07:05:16,714][__main__][DEBUG] - Parameter model.model.decoder.layers.3.fc2.bias: torch.Size([768]), require_grad=True
[2022-08-15 07:05:16,714][__main__][DEBUG] - Parameter model.model.decoder.layers.3.final_layer_norm.weight: torch.Size([768]), require_grad=True
[2022-08-15 07:05:16,714][__main__][DEBUG] - Parameter model.model.decoder.layers.3.final_layer_norm.bias: torch.Size([768]), require_grad=True
[2022-08-15 07:05:16,715][__main__][DEBUG] - Parameter model.model.decoder.layers.4.self_attn.k_proj.weight: torch.Size([768, 768]), require_grad=True
[2022-08-15 07:05:16,715][__main__][DEBUG] - Parameter model.model.decoder.layers.4.self_attn.k_proj.bias: torch.Size([768]), require_grad=True
[2022-08-15 07:05:16,715][__main__][DEBUG] - Parameter model.model.decoder.layers.4.self_attn.v_proj.weight: torch.Size([768, 768]), require_grad=True
[2022-08-15 07:05:16,715][__main__][DEBUG] - Parameter model.model.decoder.layers.4.self_attn.v_proj.bias: torch.Size([768]), require_grad=True
[2022-08-15 07:05:16,715][__main__][DEBUG] - Parameter model.model.decoder.layers.4.self_attn.q_proj.weight: torch.Size([768, 768]), require_grad=True
[2022-08-15 07:05:16,715][__main__][DEBUG] - Parameter model.model.decoder.layers.4.self_attn.q_proj.bias: torch.Size([768]), require_grad=True
[2022-08-15 07:05:16,716][__main__][DEBUG] - Parameter model.model.decoder.layers.4.self_attn.out_proj.weight: torch.Size([768, 768]), require_grad=True
[2022-08-15 07:05:16,716][__main__][DEBUG] - Parameter model.model.decoder.layers.4.self_attn.out_proj.bias: torch.Size([768]), require_grad=True
[2022-08-15 07:05:16,716][__main__][DEBUG] - Parameter model.model.decoder.layers.4.self_attn_layer_norm.weight: torch.Size([768]), require_grad=True
[2022-08-15 07:05:16,716][__main__][DEBUG] - Parameter model.model.decoder.layers.4.self_attn_layer_norm.bias: torch.Size([768]), require_grad=True
[2022-08-15 07:05:16,716][__main__][DEBUG] - Parameter model.model.decoder.layers.4.encoder_attn.k_proj.weight: torch.Size([768, 768]), require_grad=True
[2022-08-15 07:05:16,717][__main__][DEBUG] - Parameter model.model.decoder.layers.4.encoder_attn.k_proj.bias: torch.Size([768]), require_grad=True
[2022-08-15 07:05:16,717][__main__][DEBUG] - Parameter model.model.decoder.layers.4.encoder_attn.v_proj.weight: torch.Size([768, 768]), require_grad=True
[2022-08-15 07:05:16,717][__main__][DEBUG] - Parameter model.model.decoder.layers.4.encoder_attn.v_proj.bias: torch.Size([768]), require_grad=True
[2022-08-15 07:05:16,717][__main__][DEBUG] - Parameter model.model.decoder.layers.4.encoder_attn.q_proj.weight: torch.Size([768, 768]), require_grad=True
[2022-08-15 07:05:16,717][__main__][DEBUG] - Parameter model.model.decoder.layers.4.encoder_attn.q_proj.bias: torch.Size([768]), require_grad=True
[2022-08-15 07:05:16,717][__main__][DEBUG] - Parameter model.model.decoder.layers.4.encoder_attn.out_proj.weight: torch.Size([768, 768]), require_grad=True
[2022-08-15 07:05:16,717][__main__][DEBUG] - Parameter model.model.decoder.layers.4.encoder_attn.out_proj.bias: torch.Size([768]), require_grad=True
[2022-08-15 07:05:16,718][__main__][DEBUG] - Parameter model.model.decoder.layers.4.encoder_attn_layer_norm.weight: torch.Size([768]), require_grad=True
[2022-08-15 07:05:16,718][__main__][DEBUG] - Parameter model.model.decoder.layers.4.encoder_attn_layer_norm.bias: torch.Size([768]), require_grad=True
[2022-08-15 07:05:16,718][__main__][DEBUG] - Parameter model.model.decoder.layers.4.fc1.weight: torch.Size([3072, 768]), require_grad=True
[2022-08-15 07:05:16,718][__main__][DEBUG] - Parameter model.model.decoder.layers.4.fc1.bias: torch.Size([3072]), require_grad=True
[2022-08-15 07:05:16,718][__main__][DEBUG] - Parameter model.model.decoder.layers.4.fc2.weight: torch.Size([768, 3072]), require_grad=True
[2022-08-15 07:05:16,719][__main__][DEBUG] - Parameter model.model.decoder.layers.4.fc2.bias: torch.Size([768]), require_grad=True
[2022-08-15 07:05:16,719][__main__][DEBUG] - Parameter model.model.decoder.layers.4.final_layer_norm.weight: torch.Size([768]), require_grad=True
[2022-08-15 07:05:16,719][__main__][DEBUG] - Parameter model.model.decoder.layers.4.final_layer_norm.bias: torch.Size([768]), require_grad=True
[2022-08-15 07:05:16,719][__main__][DEBUG] - Parameter model.model.decoder.layers.5.self_attn.k_proj.weight: torch.Size([768, 768]), require_grad=True
[2022-08-15 07:05:16,719][__main__][DEBUG] - Parameter model.model.decoder.layers.5.self_attn.k_proj.bias: torch.Size([768]), require_grad=True
[2022-08-15 07:05:16,719][__main__][DEBUG] - Parameter model.model.decoder.layers.5.self_attn.v_proj.weight: torch.Size([768, 768]), require_grad=True
[2022-08-15 07:05:16,719][__main__][DEBUG] - Parameter model.model.decoder.layers.5.self_attn.v_proj.bias: torch.Size([768]), require_grad=True
[2022-08-15 07:05:16,719][__main__][DEBUG] - Parameter model.model.decoder.layers.5.self_attn.q_proj.weight: torch.Size([768, 768]), require_grad=True
[2022-08-15 07:05:16,719][__main__][DEBUG] - Parameter model.model.decoder.layers.5.self_attn.q_proj.bias: torch.Size([768]), require_grad=True
[2022-08-15 07:05:16,719][__main__][DEBUG] - Parameter model.model.decoder.layers.5.self_attn.out_proj.weight: torch.Size([768, 768]), require_grad=True
[2022-08-15 07:05:16,720][__main__][DEBUG] - Parameter model.model.decoder.layers.5.self_attn.out_proj.bias: torch.Size([768]), require_grad=True
[2022-08-15 07:05:16,720][__main__][DEBUG] - Parameter model.model.decoder.layers.5.self_attn_layer_norm.weight: torch.Size([768]), require_grad=True
[2022-08-15 07:05:16,720][__main__][DEBUG] - Parameter model.model.decoder.layers.5.self_attn_layer_norm.bias: torch.Size([768]), require_grad=True
[2022-08-15 07:05:16,720][__main__][DEBUG] - Parameter model.model.decoder.layers.5.encoder_attn.k_proj.weight: torch.Size([768, 768]), require_grad=True
[2022-08-15 07:05:16,720][__main__][DEBUG] - Parameter model.model.decoder.layers.5.encoder_attn.k_proj.bias: torch.Size([768]), require_grad=True
[2022-08-15 07:05:16,720][__main__][DEBUG] - Parameter model.model.decoder.layers.5.encoder_attn.v_proj.weight: torch.Size([768, 768]), require_grad=True
[2022-08-15 07:05:16,720][__main__][DEBUG] - Parameter model.model.decoder.layers.5.encoder_attn.v_proj.bias: torch.Size([768]), require_grad=True
[2022-08-15 07:05:16,720][__main__][DEBUG] - Parameter model.model.decoder.layers.5.encoder_attn.q_proj.weight: torch.Size([768, 768]), require_grad=True
[2022-08-15 07:05:16,720][__main__][DEBUG] - Parameter model.model.decoder.layers.5.encoder_attn.q_proj.bias: torch.Size([768]), require_grad=True
[2022-08-15 07:05:16,720][__main__][DEBUG] - Parameter model.model.decoder.layers.5.encoder_attn.out_proj.weight: torch.Size([768, 768]), require_grad=True
[2022-08-15 07:05:16,720][__main__][DEBUG] - Parameter model.model.decoder.layers.5.encoder_attn.out_proj.bias: torch.Size([768]), require_grad=True
[2022-08-15 07:05:16,720][__main__][DEBUG] - Parameter model.model.decoder.layers.5.encoder_attn_layer_norm.weight: torch.Size([768]), require_grad=True
[2022-08-15 07:05:16,721][__main__][DEBUG] - Parameter model.model.decoder.layers.5.encoder_attn_layer_norm.bias: torch.Size([768]), require_grad=True
[2022-08-15 07:05:16,721][__main__][DEBUG] - Parameter model.model.decoder.layers.5.fc1.weight: torch.Size([3072, 768]), require_grad=True
[2022-08-15 07:05:16,721][__main__][DEBUG] - Parameter model.model.decoder.layers.5.fc1.bias: torch.Size([3072]), require_grad=True
[2022-08-15 07:05:16,721][__main__][DEBUG] - Parameter model.model.decoder.layers.5.fc2.weight: torch.Size([768, 3072]), require_grad=True
[2022-08-15 07:05:16,721][__main__][DEBUG] - Parameter model.model.decoder.layers.5.fc2.bias: torch.Size([768]), require_grad=True
[2022-08-15 07:05:16,721][__main__][DEBUG] - Parameter model.model.decoder.layers.5.final_layer_norm.weight: torch.Size([768]), require_grad=True
[2022-08-15 07:05:16,721][__main__][DEBUG] - Parameter model.model.decoder.layers.5.final_layer_norm.bias: torch.Size([768]), require_grad=True
[2022-08-15 07:05:16,721][__main__][DEBUG] - Parameter model.model.decoder.layernorm_embedding.weight: torch.Size([768]), require_grad=True
[2022-08-15 07:05:16,721][__main__][DEBUG] - Parameter model.model.decoder.layernorm_embedding.bias: torch.Size([768]), require_grad=True
[2022-08-15 07:05:16,724][__main__][DEBUG] - Starting training!
[2022-08-15 07:05:17,656][__main__][DEBUG] - batch 0: tensor([[    0,   646, 44143,  ..., 29015,   742,     2],
        [    0,   646, 44143,  ...,     1,     1,     1],
        [    0,   646, 44143,  ..., 29015,   742,     2],
        ...,
        [    0,   646, 44143,  ..., 29015,   742,     2],
        [    0,   646, 44143,  ..., 29015,   742,     2],
        [    0,   646, 44143,  ..., 29015,   742,     2]], device='cuda:0') 
[2022-08-15 07:05:17,666][__main__][DEBUG] - batch 1: tensor([[1, 1, 1,  ..., 1, 1, 1],
        [1, 1, 1,  ..., 0, 0, 0],
        [1, 1, 1,  ..., 1, 1, 1],
        ...,
        [1, 1, 1,  ..., 1, 1, 1],
        [1, 1, 1,  ..., 1, 1, 1],
        [1, 1, 1,  ..., 1, 1, 1]], device='cuda:0') 
[2022-08-15 07:05:17,668][__main__][DEBUG] - batch 2: tensor([[    0,  1589, 11970,  ...,     1,     1,     1],
        [    0,  1589, 11070,  ...,     1,     1,     1],
        [    0,  1589,  1584,  ...,     1,     1,     1],
        ...,
        [    0,  1589, 28400,  ...,     1,     1,     1],
        [    0,  1589,  4567,  ...,     1,     1,     1],
        [    0,  1589,  1584,  ...,     1,     1,     1]], device='cuda:0') 
[2022-08-15 07:05:17,670][__main__][DEBUG] - batch 3: tensor([[1, 1, 1,  ..., 0, 0, 0],
        [1, 1, 1,  ..., 0, 0, 0],
        [1, 1, 1,  ..., 0, 0, 0],
        ...,
        [1, 1, 1,  ..., 0, 0, 0],
        [1, 1, 1,  ..., 0, 0, 0],
        [1, 1, 1,  ..., 0, 0, 0]], device='cuda:0') 
[2022-08-15 07:05:17,672][__main__][DEBUG] - batch 4: tensor([[50, 50, 50,  ..., 50, 50, 50],
        [50, 50, 50,  ..., 50, 50, 50],
        [50, 50, 50,  ..., 50, 50, 50],
        ...,
        [50, 50, 50,  ..., 50, 50, 50],
        [50, 50, 50,  ..., 50, 50, 50],
        [50, 50, 50,  ..., 50, 50, 50]], device='cuda:0') 
[2022-08-15 07:05:17,681][__main__][DEBUG] - batch 5: tensor([[60, 60, 60,  ..., 60, 60, 60],
        [60, 60, 60,  ..., 60, 60, 60],
        [60, 60, 60,  ..., 60, 60, 60],
        ...,
        [60, 60, 60,  ..., 60, 60, 60],
        [60, 60, 60,  ..., 60, 60, 60],
        [60, 60, 60,  ..., 60, 60, 60]], device='cuda:0') 
[2022-08-15 07:05:17,682][__main__][DEBUG] - batch 6: tensor([[81],
        [ 6],
        [54],
        [51],
        [35],
        [ 9],
        [ 8],
        [17]], device='cuda:0') 
[2022-08-15 07:05:17,683][__main__][DEBUG] - batch 7: tensor([[2],
        [4],
        [4],
        [5],
        [4],
        [4],
        [1],
        [3]], device='cuda:0') 
[2022-08-15 07:05:17,693][__main__][DEBUG] - batch 8: tensor([[[60, 60, 60,  ..., 60, 60, 60],
         [60, 60, 60,  ..., 60, 60, 60],
         [60, 60, 60,  ..., 60, 60, 60],
         ...,
         [60, 60, 60,  ..., 60, 60, 60],
         [60, 60, 60,  ..., 60, 60, 60],
         [60, 60, 60,  ..., 60, 60, 60]],

        [[60, 60, 60,  ..., 60, 60, 60],
         [60, 60, 60,  ..., 60, 60, 60],
         [60, 60, 60,  ..., 60, 60, 60],
         ...,
         [60, 60, 60,  ..., 60, 60, 60],
         [60, 60, 60,  ..., 60, 60, 60],
         [60, 60, 60,  ..., 60, 60, 60]],

        [[60, 60, 60,  ..., 60, 60, 60],
         [60, 60, 60,  ..., 60, 60, 60],
         [60, 60, 60,  ..., 60, 60, 60],
         ...,
         [60, 60, 60,  ..., 60, 60, 60],
         [60, 60, 60,  ..., 60, 60, 60],
         [60, 60, 60,  ..., 60, 60, 60]],

        ...,

        [[60, 60, 60,  ..., 60, 60, 60],
         [60, 60, 60,  ..., 60, 60, 60],
         [60, 60, 60,  ..., 60, 60, 60],
         ...,
         [60, 60, 60,  ..., 60, 60, 60],
         [60, 60, 60,  ..., 60, 60, 60],
         [60, 60, 60,  ..., 60, 60, 60]],

        [[60, 60, 60,  ..., 60, 60, 60],
         [60, 60, 60,  ..., 60, 60, 60],
         [60, 60, 60,  ..., 60, 60, 60],
         ...,
         [60, 60, 60,  ..., 60, 60, 60],
         [60, 60, 60,  ..., 60, 60, 60],
         [60, 60, 60,  ..., 60, 60, 60]],

        [[60, 60, 60,  ..., 60, 60, 60],
         [60, 60, 60,  ..., 60, 60, 60],
         [60, 60, 60,  ..., 60, 60, 60],
         ...,
         [60, 60, 60,  ..., 60, 60, 60],
         [60, 60, 60,  ..., 60, 60, 60],
         [60, 60, 60,  ..., 60, 60, 60]]], device='cuda:0') 
[2022-08-15 07:05:18,005][__main__][DEBUG] - Stop training because loss=tensor(nan, device='cuda:0')
[2022-08-15 07:07:02,944][__main__][DEBUG] - epoch is 0
[2022-08-15 07:07:02,945][__main__][DEBUG] - validation loss is tensor(nan, device='cuda:0')
[2022-08-15 07:07:05,896][__main__][DEBUG] - Stop training because loss=tensor(nan, device='cuda:0')
[2022-08-15 07:08:51,084][__main__][DEBUG] - epoch is 1
[2022-08-15 07:08:51,085][__main__][DEBUG] - validation loss is tensor(nan, device='cuda:0')
[2022-08-15 07:08:54,059][__main__][DEBUG] - Stop training because loss=tensor(nan, device='cuda:0')
