[2022-08-14 23:33:59,216][urllib3.connectionpool][DEBUG] - Starting new HTTPS connection (1): s3.amazonaws.com:443
[2022-08-14 23:33:59,991][urllib3.connectionpool][DEBUG] - https://s3.amazonaws.com:443 "HEAD /models.huggingface.co/bert/t5-spiece.model HTTP/1.1" 200 0
[2022-08-14 23:33:59,993][filelock][DEBUG] - Attempting to acquire lock 140551255246544 on /root/.cache/torch/transformers/68f1b8dbca4350743bb54b8c4169fd38cbabaad564f85a9239337a8d0342af9f.9995af32582a1a7062cb3173c118cb7b4636fa03feb967340f20fc37406f021f.lock
[2022-08-14 23:33:59,993][filelock][DEBUG] - Lock 140551255246544 acquired on /root/.cache/torch/transformers/68f1b8dbca4350743bb54b8c4169fd38cbabaad564f85a9239337a8d0342af9f.9995af32582a1a7062cb3173c118cb7b4636fa03feb967340f20fc37406f021f.lock
[2022-08-14 23:33:59,993][transformers.file_utils][INFO] - https://s3.amazonaws.com/models.huggingface.co/bert/t5-spiece.model not found in cache or force_download set to True, downloading to /root/.cache/torch/transformers/tmp437fgxtn
[2022-08-14 23:33:59,995][urllib3.connectionpool][DEBUG] - Starting new HTTPS connection (1): s3.amazonaws.com:443
[2022-08-14 23:34:00,779][urllib3.connectionpool][DEBUG] - https://s3.amazonaws.com:443 "GET /models.huggingface.co/bert/t5-spiece.model HTTP/1.1" 200 791656
[2022-08-14 23:34:01,706][transformers.file_utils][INFO] - storing https://s3.amazonaws.com/models.huggingface.co/bert/t5-spiece.model in cache at /root/.cache/torch/transformers/68f1b8dbca4350743bb54b8c4169fd38cbabaad564f85a9239337a8d0342af9f.9995af32582a1a7062cb3173c118cb7b4636fa03feb967340f20fc37406f021f
[2022-08-14 23:34:01,706][transformers.file_utils][INFO] - creating metadata file for /root/.cache/torch/transformers/68f1b8dbca4350743bb54b8c4169fd38cbabaad564f85a9239337a8d0342af9f.9995af32582a1a7062cb3173c118cb7b4636fa03feb967340f20fc37406f021f
[2022-08-14 23:34:01,707][filelock][DEBUG] - Attempting to release lock 140551255246544 on /root/.cache/torch/transformers/68f1b8dbca4350743bb54b8c4169fd38cbabaad564f85a9239337a8d0342af9f.9995af32582a1a7062cb3173c118cb7b4636fa03feb967340f20fc37406f021f.lock
[2022-08-14 23:34:01,707][filelock][DEBUG] - Lock 140551255246544 released on /root/.cache/torch/transformers/68f1b8dbca4350743bb54b8c4169fd38cbabaad564f85a9239337a8d0342af9f.9995af32582a1a7062cb3173c118cb7b4636fa03feb967340f20fc37406f021f.lock
[2022-08-14 23:34:01,707][transformers.tokenization_utils_base][INFO] - loading file https://s3.amazonaws.com/models.huggingface.co/bert/t5-spiece.model from cache at /root/.cache/torch/transformers/68f1b8dbca4350743bb54b8c4169fd38cbabaad564f85a9239337a8d0342af9f.9995af32582a1a7062cb3173c118cb7b4636fa03feb967340f20fc37406f021f
[2022-08-14 23:34:24,149][urllib3.connectionpool][DEBUG] - Starting new HTTPS connection (1): s3.amazonaws.com:443
[2022-08-14 23:34:24,916][urllib3.connectionpool][DEBUG] - https://s3.amazonaws.com:443 "HEAD /models.huggingface.co/bert/t5-base-config.json HTTP/1.1" 200 0
[2022-08-14 23:34:24,918][filelock][DEBUG] - Attempting to acquire lock 140549996890896 on /root/.cache/torch/transformers/40578967d1f029acb6162b36db9d8b4307063e885990ccd297c2c5be1cf1b3d7.2995d650f5eba18c8baa4146e210d32d56165e90d374281741fc78b872cd6c9b.lock
[2022-08-14 23:34:24,918][filelock][DEBUG] - Lock 140549996890896 acquired on /root/.cache/torch/transformers/40578967d1f029acb6162b36db9d8b4307063e885990ccd297c2c5be1cf1b3d7.2995d650f5eba18c8baa4146e210d32d56165e90d374281741fc78b872cd6c9b.lock
[2022-08-14 23:34:24,919][transformers.file_utils][INFO] - https://s3.amazonaws.com/models.huggingface.co/bert/t5-base-config.json not found in cache or force_download set to True, downloading to /root/.cache/torch/transformers/tmpspq67_i7
[2022-08-14 23:34:24,920][urllib3.connectionpool][DEBUG] - Starting new HTTPS connection (1): s3.amazonaws.com:443
[2022-08-14 23:34:25,704][urllib3.connectionpool][DEBUG] - https://s3.amazonaws.com:443 "GET /models.huggingface.co/bert/t5-base-config.json HTTP/1.1" 200 1199
[2022-08-14 23:34:25,706][transformers.file_utils][INFO] - storing https://s3.amazonaws.com/models.huggingface.co/bert/t5-base-config.json in cache at /root/.cache/torch/transformers/40578967d1f029acb6162b36db9d8b4307063e885990ccd297c2c5be1cf1b3d7.2995d650f5eba18c8baa4146e210d32d56165e90d374281741fc78b872cd6c9b
[2022-08-14 23:34:25,707][transformers.file_utils][INFO] - creating metadata file for /root/.cache/torch/transformers/40578967d1f029acb6162b36db9d8b4307063e885990ccd297c2c5be1cf1b3d7.2995d650f5eba18c8baa4146e210d32d56165e90d374281741fc78b872cd6c9b
[2022-08-14 23:34:25,707][filelock][DEBUG] - Attempting to release lock 140549996890896 on /root/.cache/torch/transformers/40578967d1f029acb6162b36db9d8b4307063e885990ccd297c2c5be1cf1b3d7.2995d650f5eba18c8baa4146e210d32d56165e90d374281741fc78b872cd6c9b.lock
[2022-08-14 23:34:25,707][filelock][DEBUG] - Lock 140549996890896 released on /root/.cache/torch/transformers/40578967d1f029acb6162b36db9d8b4307063e885990ccd297c2c5be1cf1b3d7.2995d650f5eba18c8baa4146e210d32d56165e90d374281741fc78b872cd6c9b.lock
[2022-08-14 23:34:25,707][transformers.configuration_utils][INFO] - loading configuration file https://s3.amazonaws.com/models.huggingface.co/bert/t5-base-config.json from cache at /root/.cache/torch/transformers/40578967d1f029acb6162b36db9d8b4307063e885990ccd297c2c5be1cf1b3d7.2995d650f5eba18c8baa4146e210d32d56165e90d374281741fc78b872cd6c9b
[2022-08-14 23:34:25,708][transformers.configuration_utils][INFO] - Model config T5Config {
  "architectures": [
    "T5WithLMHeadModel"
  ],
  "d_ff": 3072,
  "d_kv": 64,
  "d_model": 768,
  "decoder_start_token_id": 0,
  "dropout_rate": 0.1,
  "eos_token_id": 1,
  "initializer_factor": 1.0,
  "is_encoder_decoder": true,
  "layer_norm_epsilon": 1e-06,
  "model_type": "t5",
  "n_positions": 512,
  "num_heads": 12,
  "num_layers": 12,
  "output_past": true,
  "pad_token_id": 0,
  "relative_attention_num_buckets": 32,
  "task_specific_params": {
    "summarization": {
      "early_stopping": true,
      "length_penalty": 2.0,
      "max_length": 200,
      "min_length": 30,
      "no_repeat_ngram_size": 3,
      "num_beams": 4,
      "prefix": "summarize: "
    },
    "translation_en_to_de": {
      "early_stopping": true,
      "max_length": 300,
      "num_beams": 4,
      "prefix": "translate English to German: "
    },
    "translation_en_to_fr": {
      "early_stopping": true,
      "max_length": 300,
      "num_beams": 4,
      "prefix": "translate English to French: "
    },
    "translation_en_to_ro": {
      "early_stopping": true,
      "max_length": 300,
      "num_beams": 4,
      "prefix": "translate English to Romanian: "
    }
  },
  "vocab_size": 32128
}

[2022-08-14 23:34:25,709][urllib3.connectionpool][DEBUG] - Starting new HTTPS connection (1): cdn.huggingface.co:443
[2022-08-14 23:34:26,610][urllib3.connectionpool][DEBUG] - https://cdn.huggingface.co:443 "HEAD /t5-base-pytorch_model.bin HTTP/1.1" 200 0
[2022-08-14 23:34:26,612][filelock][DEBUG] - Attempting to acquire lock 140549996889872 on /root/.cache/torch/transformers/f6f2fde9fa7611f4eff74620de9cbe734e7a717b5b143bd283cae4c2d6022990.54f906ff53bd09195cfc183a29cadc81b7705f07fcdb796d24163cb632b6bdfa.lock
[2022-08-14 23:34:26,612][filelock][DEBUG] - Lock 140549996889872 acquired on /root/.cache/torch/transformers/f6f2fde9fa7611f4eff74620de9cbe734e7a717b5b143bd283cae4c2d6022990.54f906ff53bd09195cfc183a29cadc81b7705f07fcdb796d24163cb632b6bdfa.lock
[2022-08-14 23:34:26,613][transformers.file_utils][INFO] - https://cdn.huggingface.co/t5-base-pytorch_model.bin not found in cache or force_download set to True, downloading to /root/.cache/torch/transformers/tmpm3zt78wm
[2022-08-14 23:34:26,614][urllib3.connectionpool][DEBUG] - Starting new HTTPS connection (1): cdn.huggingface.co:443
[2022-08-14 23:34:26,998][urllib3.connectionpool][DEBUG] - https://cdn.huggingface.co:443 "GET /t5-base-pytorch_model.bin HTTP/1.1" 200 891691430
[2022-08-14 23:35:10,947][transformers.file_utils][INFO] - storing https://cdn.huggingface.co/t5-base-pytorch_model.bin in cache at /root/.cache/torch/transformers/f6f2fde9fa7611f4eff74620de9cbe734e7a717b5b143bd283cae4c2d6022990.54f906ff53bd09195cfc183a29cadc81b7705f07fcdb796d24163cb632b6bdfa
[2022-08-14 23:35:10,947][transformers.file_utils][INFO] - creating metadata file for /root/.cache/torch/transformers/f6f2fde9fa7611f4eff74620de9cbe734e7a717b5b143bd283cae4c2d6022990.54f906ff53bd09195cfc183a29cadc81b7705f07fcdb796d24163cb632b6bdfa
[2022-08-14 23:35:10,947][filelock][DEBUG] - Attempting to release lock 140549996889872 on /root/.cache/torch/transformers/f6f2fde9fa7611f4eff74620de9cbe734e7a717b5b143bd283cae4c2d6022990.54f906ff53bd09195cfc183a29cadc81b7705f07fcdb796d24163cb632b6bdfa.lock
[2022-08-14 23:35:10,948][filelock][DEBUG] - Lock 140549996889872 released on /root/.cache/torch/transformers/f6f2fde9fa7611f4eff74620de9cbe734e7a717b5b143bd283cae4c2d6022990.54f906ff53bd09195cfc183a29cadc81b7705f07fcdb796d24163cb632b6bdfa.lock
[2022-08-14 23:35:10,948][transformers.modeling_utils][INFO] - loading weights file https://cdn.huggingface.co/t5-base-pytorch_model.bin from cache at /root/.cache/torch/transformers/f6f2fde9fa7611f4eff74620de9cbe734e7a717b5b143bd283cae4c2d6022990.54f906ff53bd09195cfc183a29cadc81b7705f07fcdb796d24163cb632b6bdfa
[2022-08-14 23:35:16,356][transformers.modeling_utils][INFO] - All model checkpoint weights were used when initializing T5ForConditionalGeneration.

[2022-08-14 23:35:16,356][transformers.modeling_utils][WARNING] - Some weights of T5ForConditionalGeneration were not initialized from the model checkpoint at t5-base and are newly initialized: ['encoder.embed_tokens.weight', 'decoder.embed_tokens.weight', 'lm_head.weight']
You should probably TRAIN this model on a down-stream task to be able to use it for predictions and inference.
[2022-08-14 23:35:21,868][__main__][DEBUG] - Parameter model.shared.weight: torch.Size([32128, 768]), require_grad=True
[2022-08-14 23:35:21,868][__main__][DEBUG] - Parameter model.encoder.block.0.layer.0.SelfAttention.q.weight: torch.Size([768, 768]), require_grad=True
[2022-08-14 23:35:21,868][__main__][DEBUG] - Parameter model.encoder.block.0.layer.0.SelfAttention.k.weight: torch.Size([768, 768]), require_grad=True
[2022-08-14 23:35:21,869][__main__][DEBUG] - Parameter model.encoder.block.0.layer.0.SelfAttention.v.weight: torch.Size([768, 768]), require_grad=True
[2022-08-14 23:35:21,869][__main__][DEBUG] - Parameter model.encoder.block.0.layer.0.SelfAttention.o.weight: torch.Size([768, 768]), require_grad=True
[2022-08-14 23:35:21,869][__main__][DEBUG] - Parameter model.encoder.block.0.layer.0.SelfAttention.relative_attention_bias.weight: torch.Size([32, 12]), require_grad=True
[2022-08-14 23:35:21,869][__main__][DEBUG] - Parameter model.encoder.block.0.layer.0.layer_norm.weight: torch.Size([768]), require_grad=True
[2022-08-14 23:35:21,869][__main__][DEBUG] - Parameter model.encoder.block.0.layer.1.DenseReluDense.wi.weight: torch.Size([3072, 768]), require_grad=True
[2022-08-14 23:35:21,869][__main__][DEBUG] - Parameter model.encoder.block.0.layer.1.DenseReluDense.wo.weight: torch.Size([768, 3072]), require_grad=True
[2022-08-14 23:35:21,869][__main__][DEBUG] - Parameter model.encoder.block.0.layer.1.layer_norm.weight: torch.Size([768]), require_grad=True
[2022-08-14 23:35:21,869][__main__][DEBUG] - Parameter model.encoder.block.1.layer.0.SelfAttention.q.weight: torch.Size([768, 768]), require_grad=True
[2022-08-14 23:35:21,870][__main__][DEBUG] - Parameter model.encoder.block.1.layer.0.SelfAttention.k.weight: torch.Size([768, 768]), require_grad=True
[2022-08-14 23:35:21,870][__main__][DEBUG] - Parameter model.encoder.block.1.layer.0.SelfAttention.v.weight: torch.Size([768, 768]), require_grad=True
[2022-08-14 23:35:21,870][__main__][DEBUG] - Parameter model.encoder.block.1.layer.0.SelfAttention.o.weight: torch.Size([768, 768]), require_grad=True
[2022-08-14 23:35:21,870][__main__][DEBUG] - Parameter model.encoder.block.1.layer.0.layer_norm.weight: torch.Size([768]), require_grad=True
[2022-08-14 23:35:21,870][__main__][DEBUG] - Parameter model.encoder.block.1.layer.1.DenseReluDense.wi.weight: torch.Size([3072, 768]), require_grad=True
[2022-08-14 23:35:21,870][__main__][DEBUG] - Parameter model.encoder.block.1.layer.1.DenseReluDense.wo.weight: torch.Size([768, 3072]), require_grad=True
[2022-08-14 23:35:21,870][__main__][DEBUG] - Parameter model.encoder.block.1.layer.1.layer_norm.weight: torch.Size([768]), require_grad=True
[2022-08-14 23:35:21,870][__main__][DEBUG] - Parameter model.encoder.block.2.layer.0.SelfAttention.q.weight: torch.Size([768, 768]), require_grad=True
[2022-08-14 23:35:21,871][__main__][DEBUG] - Parameter model.encoder.block.2.layer.0.SelfAttention.k.weight: torch.Size([768, 768]), require_grad=True
[2022-08-14 23:35:21,871][__main__][DEBUG] - Parameter model.encoder.block.2.layer.0.SelfAttention.v.weight: torch.Size([768, 768]), require_grad=True
[2022-08-14 23:35:21,871][__main__][DEBUG] - Parameter model.encoder.block.2.layer.0.SelfAttention.o.weight: torch.Size([768, 768]), require_grad=True
[2022-08-14 23:35:21,871][__main__][DEBUG] - Parameter model.encoder.block.2.layer.0.layer_norm.weight: torch.Size([768]), require_grad=True
[2022-08-14 23:35:21,871][__main__][DEBUG] - Parameter model.encoder.block.2.layer.1.DenseReluDense.wi.weight: torch.Size([3072, 768]), require_grad=True
[2022-08-14 23:35:21,871][__main__][DEBUG] - Parameter model.encoder.block.2.layer.1.DenseReluDense.wo.weight: torch.Size([768, 3072]), require_grad=True
[2022-08-14 23:35:21,871][__main__][DEBUG] - Parameter model.encoder.block.2.layer.1.layer_norm.weight: torch.Size([768]), require_grad=True
[2022-08-14 23:35:21,871][__main__][DEBUG] - Parameter model.encoder.block.3.layer.0.SelfAttention.q.weight: torch.Size([768, 768]), require_grad=True
[2022-08-14 23:35:21,872][__main__][DEBUG] - Parameter model.encoder.block.3.layer.0.SelfAttention.k.weight: torch.Size([768, 768]), require_grad=True
[2022-08-14 23:35:21,872][__main__][DEBUG] - Parameter model.encoder.block.3.layer.0.SelfAttention.v.weight: torch.Size([768, 768]), require_grad=True
[2022-08-14 23:35:21,872][__main__][DEBUG] - Parameter model.encoder.block.3.layer.0.SelfAttention.o.weight: torch.Size([768, 768]), require_grad=True
[2022-08-14 23:35:21,872][__main__][DEBUG] - Parameter model.encoder.block.3.layer.0.layer_norm.weight: torch.Size([768]), require_grad=True
[2022-08-14 23:35:21,872][__main__][DEBUG] - Parameter model.encoder.block.3.layer.1.DenseReluDense.wi.weight: torch.Size([3072, 768]), require_grad=True
[2022-08-14 23:35:21,872][__main__][DEBUG] - Parameter model.encoder.block.3.layer.1.DenseReluDense.wo.weight: torch.Size([768, 3072]), require_grad=True
[2022-08-14 23:35:21,872][__main__][DEBUG] - Parameter model.encoder.block.3.layer.1.layer_norm.weight: torch.Size([768]), require_grad=True
[2022-08-14 23:35:21,872][__main__][DEBUG] - Parameter model.encoder.block.4.layer.0.SelfAttention.q.weight: torch.Size([768, 768]), require_grad=True
[2022-08-14 23:35:21,872][__main__][DEBUG] - Parameter model.encoder.block.4.layer.0.SelfAttention.k.weight: torch.Size([768, 768]), require_grad=True
[2022-08-14 23:35:21,873][__main__][DEBUG] - Parameter model.encoder.block.4.layer.0.SelfAttention.v.weight: torch.Size([768, 768]), require_grad=True
[2022-08-14 23:35:21,873][__main__][DEBUG] - Parameter model.encoder.block.4.layer.0.SelfAttention.o.weight: torch.Size([768, 768]), require_grad=True
[2022-08-14 23:35:21,873][__main__][DEBUG] - Parameter model.encoder.block.4.layer.0.layer_norm.weight: torch.Size([768]), require_grad=True
[2022-08-14 23:35:21,873][__main__][DEBUG] - Parameter model.encoder.block.4.layer.1.DenseReluDense.wi.weight: torch.Size([3072, 768]), require_grad=True
[2022-08-14 23:35:21,873][__main__][DEBUG] - Parameter model.encoder.block.4.layer.1.DenseReluDense.wo.weight: torch.Size([768, 3072]), require_grad=True
[2022-08-14 23:35:21,873][__main__][DEBUG] - Parameter model.encoder.block.4.layer.1.layer_norm.weight: torch.Size([768]), require_grad=True
[2022-08-14 23:35:21,873][__main__][DEBUG] - Parameter model.encoder.block.5.layer.0.SelfAttention.q.weight: torch.Size([768, 768]), require_grad=True
[2022-08-14 23:35:21,873][__main__][DEBUG] - Parameter model.encoder.block.5.layer.0.SelfAttention.k.weight: torch.Size([768, 768]), require_grad=True
[2022-08-14 23:35:21,874][__main__][DEBUG] - Parameter model.encoder.block.5.layer.0.SelfAttention.v.weight: torch.Size([768, 768]), require_grad=True
[2022-08-14 23:35:21,874][__main__][DEBUG] - Parameter model.encoder.block.5.layer.0.SelfAttention.o.weight: torch.Size([768, 768]), require_grad=True
[2022-08-14 23:35:21,874][__main__][DEBUG] - Parameter model.encoder.block.5.layer.0.layer_norm.weight: torch.Size([768]), require_grad=True
[2022-08-14 23:35:21,874][__main__][DEBUG] - Parameter model.encoder.block.5.layer.1.DenseReluDense.wi.weight: torch.Size([3072, 768]), require_grad=True
[2022-08-14 23:35:21,874][__main__][DEBUG] - Parameter model.encoder.block.5.layer.1.DenseReluDense.wo.weight: torch.Size([768, 3072]), require_grad=True
[2022-08-14 23:35:21,874][__main__][DEBUG] - Parameter model.encoder.block.5.layer.1.layer_norm.weight: torch.Size([768]), require_grad=True
[2022-08-14 23:35:21,874][__main__][DEBUG] - Parameter model.encoder.block.6.layer.0.SelfAttention.q.weight: torch.Size([768, 768]), require_grad=True
[2022-08-14 23:35:21,874][__main__][DEBUG] - Parameter model.encoder.block.6.layer.0.SelfAttention.k.weight: torch.Size([768, 768]), require_grad=True
[2022-08-14 23:35:21,874][__main__][DEBUG] - Parameter model.encoder.block.6.layer.0.SelfAttention.v.weight: torch.Size([768, 768]), require_grad=True
[2022-08-14 23:35:21,875][__main__][DEBUG] - Parameter model.encoder.block.6.layer.0.SelfAttention.o.weight: torch.Size([768, 768]), require_grad=True
[2022-08-14 23:35:21,875][__main__][DEBUG] - Parameter model.encoder.block.6.layer.0.layer_norm.weight: torch.Size([768]), require_grad=True
[2022-08-14 23:35:21,875][__main__][DEBUG] - Parameter model.encoder.block.6.layer.1.DenseReluDense.wi.weight: torch.Size([3072, 768]), require_grad=True
[2022-08-14 23:35:21,875][__main__][DEBUG] - Parameter model.encoder.block.6.layer.1.DenseReluDense.wo.weight: torch.Size([768, 3072]), require_grad=True
[2022-08-14 23:35:21,875][__main__][DEBUG] - Parameter model.encoder.block.6.layer.1.layer_norm.weight: torch.Size([768]), require_grad=True
[2022-08-14 23:35:21,875][__main__][DEBUG] - Parameter model.encoder.block.7.layer.0.SelfAttention.q.weight: torch.Size([768, 768]), require_grad=True
[2022-08-14 23:35:21,875][__main__][DEBUG] - Parameter model.encoder.block.7.layer.0.SelfAttention.k.weight: torch.Size([768, 768]), require_grad=True
[2022-08-14 23:35:21,875][__main__][DEBUG] - Parameter model.encoder.block.7.layer.0.SelfAttention.v.weight: torch.Size([768, 768]), require_grad=True
[2022-08-14 23:35:21,875][__main__][DEBUG] - Parameter model.encoder.block.7.layer.0.SelfAttention.o.weight: torch.Size([768, 768]), require_grad=True
[2022-08-14 23:35:21,876][__main__][DEBUG] - Parameter model.encoder.block.7.layer.0.layer_norm.weight: torch.Size([768]), require_grad=True
[2022-08-14 23:35:21,876][__main__][DEBUG] - Parameter model.encoder.block.7.layer.1.DenseReluDense.wi.weight: torch.Size([3072, 768]), require_grad=True
[2022-08-14 23:35:21,876][__main__][DEBUG] - Parameter model.encoder.block.7.layer.1.DenseReluDense.wo.weight: torch.Size([768, 3072]), require_grad=True
[2022-08-14 23:35:21,876][__main__][DEBUG] - Parameter model.encoder.block.7.layer.1.layer_norm.weight: torch.Size([768]), require_grad=True
[2022-08-14 23:35:21,876][__main__][DEBUG] - Parameter model.encoder.block.8.layer.0.SelfAttention.q.weight: torch.Size([768, 768]), require_grad=True
[2022-08-14 23:35:21,876][__main__][DEBUG] - Parameter model.encoder.block.8.layer.0.SelfAttention.k.weight: torch.Size([768, 768]), require_grad=True
[2022-08-14 23:35:21,876][__main__][DEBUG] - Parameter model.encoder.block.8.layer.0.SelfAttention.v.weight: torch.Size([768, 768]), require_grad=True
[2022-08-14 23:35:21,876][__main__][DEBUG] - Parameter model.encoder.block.8.layer.0.SelfAttention.o.weight: torch.Size([768, 768]), require_grad=True
[2022-08-14 23:35:21,877][__main__][DEBUG] - Parameter model.encoder.block.8.layer.0.layer_norm.weight: torch.Size([768]), require_grad=True
[2022-08-14 23:35:21,877][__main__][DEBUG] - Parameter model.encoder.block.8.layer.1.DenseReluDense.wi.weight: torch.Size([3072, 768]), require_grad=True
[2022-08-14 23:35:21,877][__main__][DEBUG] - Parameter model.encoder.block.8.layer.1.DenseReluDense.wo.weight: torch.Size([768, 3072]), require_grad=True
[2022-08-14 23:35:21,877][__main__][DEBUG] - Parameter model.encoder.block.8.layer.1.layer_norm.weight: torch.Size([768]), require_grad=True
[2022-08-14 23:35:21,877][__main__][DEBUG] - Parameter model.encoder.block.9.layer.0.SelfAttention.q.weight: torch.Size([768, 768]), require_grad=True
[2022-08-14 23:35:21,877][__main__][DEBUG] - Parameter model.encoder.block.9.layer.0.SelfAttention.k.weight: torch.Size([768, 768]), require_grad=True
[2022-08-14 23:35:21,877][__main__][DEBUG] - Parameter model.encoder.block.9.layer.0.SelfAttention.v.weight: torch.Size([768, 768]), require_grad=True
[2022-08-14 23:35:21,877][__main__][DEBUG] - Parameter model.encoder.block.9.layer.0.SelfAttention.o.weight: torch.Size([768, 768]), require_grad=True
[2022-08-14 23:35:21,877][__main__][DEBUG] - Parameter model.encoder.block.9.layer.0.layer_norm.weight: torch.Size([768]), require_grad=True
[2022-08-14 23:35:21,878][__main__][DEBUG] - Parameter model.encoder.block.9.layer.1.DenseReluDense.wi.weight: torch.Size([3072, 768]), require_grad=True
[2022-08-14 23:35:21,878][__main__][DEBUG] - Parameter model.encoder.block.9.layer.1.DenseReluDense.wo.weight: torch.Size([768, 3072]), require_grad=True
[2022-08-14 23:35:21,878][__main__][DEBUG] - Parameter model.encoder.block.9.layer.1.layer_norm.weight: torch.Size([768]), require_grad=True
[2022-08-14 23:35:21,878][__main__][DEBUG] - Parameter model.encoder.block.10.layer.0.SelfAttention.q.weight: torch.Size([768, 768]), require_grad=True
[2022-08-14 23:35:21,878][__main__][DEBUG] - Parameter model.encoder.block.10.layer.0.SelfAttention.k.weight: torch.Size([768, 768]), require_grad=True
[2022-08-14 23:35:21,878][__main__][DEBUG] - Parameter model.encoder.block.10.layer.0.SelfAttention.v.weight: torch.Size([768, 768]), require_grad=True
[2022-08-14 23:35:21,878][__main__][DEBUG] - Parameter model.encoder.block.10.layer.0.SelfAttention.o.weight: torch.Size([768, 768]), require_grad=True
[2022-08-14 23:35:21,878][__main__][DEBUG] - Parameter model.encoder.block.10.layer.0.layer_norm.weight: torch.Size([768]), require_grad=True
[2022-08-14 23:35:21,878][__main__][DEBUG] - Parameter model.encoder.block.10.layer.1.DenseReluDense.wi.weight: torch.Size([3072, 768]), require_grad=True
[2022-08-14 23:35:21,879][__main__][DEBUG] - Parameter model.encoder.block.10.layer.1.DenseReluDense.wo.weight: torch.Size([768, 3072]), require_grad=True
[2022-08-14 23:35:21,879][__main__][DEBUG] - Parameter model.encoder.block.10.layer.1.layer_norm.weight: torch.Size([768]), require_grad=True
[2022-08-14 23:35:21,879][__main__][DEBUG] - Parameter model.encoder.block.11.layer.0.SelfAttention.q.weight: torch.Size([768, 768]), require_grad=True
[2022-08-14 23:35:21,879][__main__][DEBUG] - Parameter model.encoder.block.11.layer.0.SelfAttention.k.weight: torch.Size([768, 768]), require_grad=True
[2022-08-14 23:35:21,879][__main__][DEBUG] - Parameter model.encoder.block.11.layer.0.SelfAttention.v.weight: torch.Size([768, 768]), require_grad=True
[2022-08-14 23:35:21,879][__main__][DEBUG] - Parameter model.encoder.block.11.layer.0.SelfAttention.o.weight: torch.Size([768, 768]), require_grad=True
[2022-08-14 23:35:21,879][__main__][DEBUG] - Parameter model.encoder.block.11.layer.0.layer_norm.weight: torch.Size([768]), require_grad=True
[2022-08-14 23:35:21,879][__main__][DEBUG] - Parameter model.encoder.block.11.layer.1.DenseReluDense.wi.weight: torch.Size([3072, 768]), require_grad=True
[2022-08-14 23:35:21,879][__main__][DEBUG] - Parameter model.encoder.block.11.layer.1.DenseReluDense.wo.weight: torch.Size([768, 3072]), require_grad=True
[2022-08-14 23:35:21,880][__main__][DEBUG] - Parameter model.encoder.block.11.layer.1.layer_norm.weight: torch.Size([768]), require_grad=True
[2022-08-14 23:35:21,880][__main__][DEBUG] - Parameter model.encoder.final_layer_norm.weight: torch.Size([768]), require_grad=True
[2022-08-14 23:35:21,880][__main__][DEBUG] - Parameter model.decoder.block.0.layer.0.SelfAttention.q.weight: torch.Size([768, 768]), require_grad=True
[2022-08-14 23:35:21,880][__main__][DEBUG] - Parameter model.decoder.block.0.layer.0.SelfAttention.k.weight: torch.Size([768, 768]), require_grad=True
[2022-08-14 23:35:21,880][__main__][DEBUG] - Parameter model.decoder.block.0.layer.0.SelfAttention.v.weight: torch.Size([768, 768]), require_grad=True
[2022-08-14 23:35:21,880][__main__][DEBUG] - Parameter model.decoder.block.0.layer.0.SelfAttention.o.weight: torch.Size([768, 768]), require_grad=True
[2022-08-14 23:35:21,880][__main__][DEBUG] - Parameter model.decoder.block.0.layer.0.SelfAttention.relative_attention_bias.weight: torch.Size([32, 12]), require_grad=True
[2022-08-14 23:35:21,881][__main__][DEBUG] - Parameter model.decoder.block.0.layer.0.layer_norm.weight: torch.Size([768]), require_grad=True
[2022-08-14 23:35:21,881][__main__][DEBUG] - Parameter model.decoder.block.0.layer.1.EncDecAttention.q.weight: torch.Size([768, 768]), require_grad=True
[2022-08-14 23:35:21,881][__main__][DEBUG] - Parameter model.decoder.block.0.layer.1.EncDecAttention.k.weight: torch.Size([768, 768]), require_grad=True
[2022-08-14 23:35:21,881][__main__][DEBUG] - Parameter model.decoder.block.0.layer.1.EncDecAttention.v.weight: torch.Size([768, 768]), require_grad=True
[2022-08-14 23:35:21,881][__main__][DEBUG] - Parameter model.decoder.block.0.layer.1.EncDecAttention.o.weight: torch.Size([768, 768]), require_grad=True
[2022-08-14 23:35:21,881][__main__][DEBUG] - Parameter model.decoder.block.0.layer.1.EncDecAttention.relative_attention_bias.weight: torch.Size([32, 12]), require_grad=True
[2022-08-14 23:35:21,881][__main__][DEBUG] - Parameter model.decoder.block.0.layer.1.layer_norm.weight: torch.Size([768]), require_grad=True
[2022-08-14 23:35:21,881][__main__][DEBUG] - Parameter model.decoder.block.0.layer.2.DenseReluDense.wi.weight: torch.Size([3072, 768]), require_grad=True
[2022-08-14 23:35:21,882][__main__][DEBUG] - Parameter model.decoder.block.0.layer.2.DenseReluDense.wo.weight: torch.Size([768, 3072]), require_grad=True
[2022-08-14 23:35:21,882][__main__][DEBUG] - Parameter model.decoder.block.0.layer.2.layer_norm.weight: torch.Size([768]), require_grad=True
[2022-08-14 23:35:21,882][__main__][DEBUG] - Parameter model.decoder.block.1.layer.0.SelfAttention.q.weight: torch.Size([768, 768]), require_grad=True
[2022-08-14 23:35:21,882][__main__][DEBUG] - Parameter model.decoder.block.1.layer.0.SelfAttention.k.weight: torch.Size([768, 768]), require_grad=True
[2022-08-14 23:35:21,882][__main__][DEBUG] - Parameter model.decoder.block.1.layer.0.SelfAttention.v.weight: torch.Size([768, 768]), require_grad=True
[2022-08-14 23:35:21,882][__main__][DEBUG] - Parameter model.decoder.block.1.layer.0.SelfAttention.o.weight: torch.Size([768, 768]), require_grad=True
[2022-08-14 23:35:21,882][__main__][DEBUG] - Parameter model.decoder.block.1.layer.0.layer_norm.weight: torch.Size([768]), require_grad=True
[2022-08-14 23:35:21,882][__main__][DEBUG] - Parameter model.decoder.block.1.layer.1.EncDecAttention.q.weight: torch.Size([768, 768]), require_grad=True
[2022-08-14 23:35:21,938][__main__][DEBUG] - Parameter model.decoder.block.1.layer.1.EncDecAttention.k.weight: torch.Size([768, 768]), require_grad=True
[2022-08-14 23:35:21,938][__main__][DEBUG] - Parameter model.decoder.block.1.layer.1.EncDecAttention.v.weight: torch.Size([768, 768]), require_grad=True
[2022-08-14 23:35:21,938][__main__][DEBUG] - Parameter model.decoder.block.1.layer.1.EncDecAttention.o.weight: torch.Size([768, 768]), require_grad=True
[2022-08-14 23:35:21,938][__main__][DEBUG] - Parameter model.decoder.block.1.layer.1.layer_norm.weight: torch.Size([768]), require_grad=True
[2022-08-14 23:35:21,938][__main__][DEBUG] - Parameter model.decoder.block.1.layer.2.DenseReluDense.wi.weight: torch.Size([3072, 768]), require_grad=True
[2022-08-14 23:35:21,938][__main__][DEBUG] - Parameter model.decoder.block.1.layer.2.DenseReluDense.wo.weight: torch.Size([768, 3072]), require_grad=True
[2022-08-14 23:35:21,939][__main__][DEBUG] - Parameter model.decoder.block.1.layer.2.layer_norm.weight: torch.Size([768]), require_grad=True
[2022-08-14 23:35:21,939][__main__][DEBUG] - Parameter model.decoder.block.2.layer.0.SelfAttention.q.weight: torch.Size([768, 768]), require_grad=True
[2022-08-14 23:35:21,939][__main__][DEBUG] - Parameter model.decoder.block.2.layer.0.SelfAttention.k.weight: torch.Size([768, 768]), require_grad=True
[2022-08-14 23:35:21,939][__main__][DEBUG] - Parameter model.decoder.block.2.layer.0.SelfAttention.v.weight: torch.Size([768, 768]), require_grad=True
[2022-08-14 23:35:21,939][__main__][DEBUG] - Parameter model.decoder.block.2.layer.0.SelfAttention.o.weight: torch.Size([768, 768]), require_grad=True
[2022-08-14 23:35:21,940][__main__][DEBUG] - Parameter model.decoder.block.2.layer.0.layer_norm.weight: torch.Size([768]), require_grad=True
[2022-08-14 23:35:21,940][__main__][DEBUG] - Parameter model.decoder.block.2.layer.1.EncDecAttention.q.weight: torch.Size([768, 768]), require_grad=True
[2022-08-14 23:35:21,940][__main__][DEBUG] - Parameter model.decoder.block.2.layer.1.EncDecAttention.k.weight: torch.Size([768, 768]), require_grad=True
[2022-08-14 23:35:21,940][__main__][DEBUG] - Parameter model.decoder.block.2.layer.1.EncDecAttention.v.weight: torch.Size([768, 768]), require_grad=True
[2022-08-14 23:35:21,940][__main__][DEBUG] - Parameter model.decoder.block.2.layer.1.EncDecAttention.o.weight: torch.Size([768, 768]), require_grad=True
[2022-08-14 23:35:21,941][__main__][DEBUG] - Parameter model.decoder.block.2.layer.1.layer_norm.weight: torch.Size([768]), require_grad=True
[2022-08-14 23:35:21,941][__main__][DEBUG] - Parameter model.decoder.block.2.layer.2.DenseReluDense.wi.weight: torch.Size([3072, 768]), require_grad=True
[2022-08-14 23:35:21,941][__main__][DEBUG] - Parameter model.decoder.block.2.layer.2.DenseReluDense.wo.weight: torch.Size([768, 3072]), require_grad=True
[2022-08-14 23:35:21,941][__main__][DEBUG] - Parameter model.decoder.block.2.layer.2.layer_norm.weight: torch.Size([768]), require_grad=True
[2022-08-14 23:35:21,941][__main__][DEBUG] - Parameter model.decoder.block.3.layer.0.SelfAttention.q.weight: torch.Size([768, 768]), require_grad=True
[2022-08-14 23:35:21,942][__main__][DEBUG] - Parameter model.decoder.block.3.layer.0.SelfAttention.k.weight: torch.Size([768, 768]), require_grad=True
[2022-08-14 23:35:21,942][__main__][DEBUG] - Parameter model.decoder.block.3.layer.0.SelfAttention.v.weight: torch.Size([768, 768]), require_grad=True
[2022-08-14 23:35:21,942][__main__][DEBUG] - Parameter model.decoder.block.3.layer.0.SelfAttention.o.weight: torch.Size([768, 768]), require_grad=True
[2022-08-14 23:35:21,942][__main__][DEBUG] - Parameter model.decoder.block.3.layer.0.layer_norm.weight: torch.Size([768]), require_grad=True
[2022-08-14 23:35:21,942][__main__][DEBUG] - Parameter model.decoder.block.3.layer.1.EncDecAttention.q.weight: torch.Size([768, 768]), require_grad=True
[2022-08-14 23:35:21,942][__main__][DEBUG] - Parameter model.decoder.block.3.layer.1.EncDecAttention.k.weight: torch.Size([768, 768]), require_grad=True
[2022-08-14 23:35:21,943][__main__][DEBUG] - Parameter model.decoder.block.3.layer.1.EncDecAttention.v.weight: torch.Size([768, 768]), require_grad=True
[2022-08-14 23:35:21,943][__main__][DEBUG] - Parameter model.decoder.block.3.layer.1.EncDecAttention.o.weight: torch.Size([768, 768]), require_grad=True
[2022-08-14 23:35:21,943][__main__][DEBUG] - Parameter model.decoder.block.3.layer.1.layer_norm.weight: torch.Size([768]), require_grad=True
[2022-08-14 23:35:21,943][__main__][DEBUG] - Parameter model.decoder.block.3.layer.2.DenseReluDense.wi.weight: torch.Size([3072, 768]), require_grad=True
[2022-08-14 23:35:21,943][__main__][DEBUG] - Parameter model.decoder.block.3.layer.2.DenseReluDense.wo.weight: torch.Size([768, 3072]), require_grad=True
[2022-08-14 23:35:21,943][__main__][DEBUG] - Parameter model.decoder.block.3.layer.2.layer_norm.weight: torch.Size([768]), require_grad=True
[2022-08-14 23:35:21,943][__main__][DEBUG] - Parameter model.decoder.block.4.layer.0.SelfAttention.q.weight: torch.Size([768, 768]), require_grad=True
[2022-08-14 23:35:21,943][__main__][DEBUG] - Parameter model.decoder.block.4.layer.0.SelfAttention.k.weight: torch.Size([768, 768]), require_grad=True
[2022-08-14 23:35:21,944][__main__][DEBUG] - Parameter model.decoder.block.4.layer.0.SelfAttention.v.weight: torch.Size([768, 768]), require_grad=True
[2022-08-14 23:35:21,944][__main__][DEBUG] - Parameter model.decoder.block.4.layer.0.SelfAttention.o.weight: torch.Size([768, 768]), require_grad=True
[2022-08-14 23:35:21,944][__main__][DEBUG] - Parameter model.decoder.block.4.layer.0.layer_norm.weight: torch.Size([768]), require_grad=True
[2022-08-14 23:35:21,944][__main__][DEBUG] - Parameter model.decoder.block.4.layer.1.EncDecAttention.q.weight: torch.Size([768, 768]), require_grad=True
[2022-08-14 23:35:21,944][__main__][DEBUG] - Parameter model.decoder.block.4.layer.1.EncDecAttention.k.weight: torch.Size([768, 768]), require_grad=True
[2022-08-14 23:35:21,944][__main__][DEBUG] - Parameter model.decoder.block.4.layer.1.EncDecAttention.v.weight: torch.Size([768, 768]), require_grad=True
[2022-08-14 23:35:21,944][__main__][DEBUG] - Parameter model.decoder.block.4.layer.1.EncDecAttention.o.weight: torch.Size([768, 768]), require_grad=True
[2022-08-14 23:35:21,944][__main__][DEBUG] - Parameter model.decoder.block.4.layer.1.layer_norm.weight: torch.Size([768]), require_grad=True
[2022-08-14 23:35:21,944][__main__][DEBUG] - Parameter model.decoder.block.4.layer.2.DenseReluDense.wi.weight: torch.Size([3072, 768]), require_grad=True
[2022-08-14 23:35:21,944][__main__][DEBUG] - Parameter model.decoder.block.4.layer.2.DenseReluDense.wo.weight: torch.Size([768, 3072]), require_grad=True
[2022-08-14 23:35:21,944][__main__][DEBUG] - Parameter model.decoder.block.4.layer.2.layer_norm.weight: torch.Size([768]), require_grad=True
[2022-08-14 23:35:21,945][__main__][DEBUG] - Parameter model.decoder.block.5.layer.0.SelfAttention.q.weight: torch.Size([768, 768]), require_grad=True
[2022-08-14 23:35:21,945][__main__][DEBUG] - Parameter model.decoder.block.5.layer.0.SelfAttention.k.weight: torch.Size([768, 768]), require_grad=True
[2022-08-14 23:35:21,945][__main__][DEBUG] - Parameter model.decoder.block.5.layer.0.SelfAttention.v.weight: torch.Size([768, 768]), require_grad=True
[2022-08-14 23:35:21,945][__main__][DEBUG] - Parameter model.decoder.block.5.layer.0.SelfAttention.o.weight: torch.Size([768, 768]), require_grad=True
[2022-08-14 23:35:21,945][__main__][DEBUG] - Parameter model.decoder.block.5.layer.0.layer_norm.weight: torch.Size([768]), require_grad=True
[2022-08-14 23:35:21,945][__main__][DEBUG] - Parameter model.decoder.block.5.layer.1.EncDecAttention.q.weight: torch.Size([768, 768]), require_grad=True
[2022-08-14 23:35:21,945][__main__][DEBUG] - Parameter model.decoder.block.5.layer.1.EncDecAttention.k.weight: torch.Size([768, 768]), require_grad=True
[2022-08-14 23:35:21,945][__main__][DEBUG] - Parameter model.decoder.block.5.layer.1.EncDecAttention.v.weight: torch.Size([768, 768]), require_grad=True
[2022-08-14 23:35:21,945][__main__][DEBUG] - Parameter model.decoder.block.5.layer.1.EncDecAttention.o.weight: torch.Size([768, 768]), require_grad=True
[2022-08-14 23:35:21,945][__main__][DEBUG] - Parameter model.decoder.block.5.layer.1.layer_norm.weight: torch.Size([768]), require_grad=True
[2022-08-14 23:35:21,945][__main__][DEBUG] - Parameter model.decoder.block.5.layer.2.DenseReluDense.wi.weight: torch.Size([3072, 768]), require_grad=True
[2022-08-14 23:35:21,946][__main__][DEBUG] - Parameter model.decoder.block.5.layer.2.DenseReluDense.wo.weight: torch.Size([768, 3072]), require_grad=True
[2022-08-14 23:35:21,946][__main__][DEBUG] - Parameter model.decoder.block.5.layer.2.layer_norm.weight: torch.Size([768]), require_grad=True
[2022-08-14 23:35:21,946][__main__][DEBUG] - Parameter model.decoder.block.6.layer.0.SelfAttention.q.weight: torch.Size([768, 768]), require_grad=True
[2022-08-14 23:35:21,946][__main__][DEBUG] - Parameter model.decoder.block.6.layer.0.SelfAttention.k.weight: torch.Size([768, 768]), require_grad=True
[2022-08-14 23:35:21,946][__main__][DEBUG] - Parameter model.decoder.block.6.layer.0.SelfAttention.v.weight: torch.Size([768, 768]), require_grad=True
[2022-08-14 23:35:21,946][__main__][DEBUG] - Parameter model.decoder.block.6.layer.0.SelfAttention.o.weight: torch.Size([768, 768]), require_grad=True
[2022-08-14 23:35:21,946][__main__][DEBUG] - Parameter model.decoder.block.6.layer.0.layer_norm.weight: torch.Size([768]), require_grad=True
[2022-08-14 23:35:21,946][__main__][DEBUG] - Parameter model.decoder.block.6.layer.1.EncDecAttention.q.weight: torch.Size([768, 768]), require_grad=True
[2022-08-14 23:35:21,946][__main__][DEBUG] - Parameter model.decoder.block.6.layer.1.EncDecAttention.k.weight: torch.Size([768, 768]), require_grad=True
[2022-08-14 23:35:21,946][__main__][DEBUG] - Parameter model.decoder.block.6.layer.1.EncDecAttention.v.weight: torch.Size([768, 768]), require_grad=True
[2022-08-14 23:35:21,946][__main__][DEBUG] - Parameter model.decoder.block.6.layer.1.EncDecAttention.o.weight: torch.Size([768, 768]), require_grad=True
[2022-08-14 23:35:21,947][__main__][DEBUG] - Parameter model.decoder.block.6.layer.1.layer_norm.weight: torch.Size([768]), require_grad=True
[2022-08-14 23:35:21,947][__main__][DEBUG] - Parameter model.decoder.block.6.layer.2.DenseReluDense.wi.weight: torch.Size([3072, 768]), require_grad=True
[2022-08-14 23:35:21,947][__main__][DEBUG] - Parameter model.decoder.block.6.layer.2.DenseReluDense.wo.weight: torch.Size([768, 3072]), require_grad=True
[2022-08-14 23:35:21,947][__main__][DEBUG] - Parameter model.decoder.block.6.layer.2.layer_norm.weight: torch.Size([768]), require_grad=True
[2022-08-14 23:35:21,947][__main__][DEBUG] - Parameter model.decoder.block.7.layer.0.SelfAttention.q.weight: torch.Size([768, 768]), require_grad=True
[2022-08-14 23:35:21,947][__main__][DEBUG] - Parameter model.decoder.block.7.layer.0.SelfAttention.k.weight: torch.Size([768, 768]), require_grad=True
[2022-08-14 23:35:21,947][__main__][DEBUG] - Parameter model.decoder.block.7.layer.0.SelfAttention.v.weight: torch.Size([768, 768]), require_grad=True
[2022-08-14 23:35:21,947][__main__][DEBUG] - Parameter model.decoder.block.7.layer.0.SelfAttention.o.weight: torch.Size([768, 768]), require_grad=True
[2022-08-14 23:35:21,947][__main__][DEBUG] - Parameter model.decoder.block.7.layer.0.layer_norm.weight: torch.Size([768]), require_grad=True
[2022-08-14 23:35:21,948][__main__][DEBUG] - Parameter model.decoder.block.7.layer.1.EncDecAttention.q.weight: torch.Size([768, 768]), require_grad=True
[2022-08-14 23:35:21,948][__main__][DEBUG] - Parameter model.decoder.block.7.layer.1.EncDecAttention.k.weight: torch.Size([768, 768]), require_grad=True
[2022-08-14 23:35:21,948][__main__][DEBUG] - Parameter model.decoder.block.7.layer.1.EncDecAttention.v.weight: torch.Size([768, 768]), require_grad=True
[2022-08-14 23:35:21,948][__main__][DEBUG] - Parameter model.decoder.block.7.layer.1.EncDecAttention.o.weight: torch.Size([768, 768]), require_grad=True
[2022-08-14 23:35:21,948][__main__][DEBUG] - Parameter model.decoder.block.7.layer.1.layer_norm.weight: torch.Size([768]), require_grad=True
[2022-08-14 23:35:21,948][__main__][DEBUG] - Parameter model.decoder.block.7.layer.2.DenseReluDense.wi.weight: torch.Size([3072, 768]), require_grad=True
[2022-08-14 23:35:21,948][__main__][DEBUG] - Parameter model.decoder.block.7.layer.2.DenseReluDense.wo.weight: torch.Size([768, 3072]), require_grad=True
[2022-08-14 23:35:21,948][__main__][DEBUG] - Parameter model.decoder.block.7.layer.2.layer_norm.weight: torch.Size([768]), require_grad=True
[2022-08-14 23:35:21,948][__main__][DEBUG] - Parameter model.decoder.block.8.layer.0.SelfAttention.q.weight: torch.Size([768, 768]), require_grad=True
[2022-08-14 23:35:21,949][__main__][DEBUG] - Parameter model.decoder.block.8.layer.0.SelfAttention.k.weight: torch.Size([768, 768]), require_grad=True
[2022-08-14 23:35:21,949][__main__][DEBUG] - Parameter model.decoder.block.8.layer.0.SelfAttention.v.weight: torch.Size([768, 768]), require_grad=True
[2022-08-14 23:35:21,949][__main__][DEBUG] - Parameter model.decoder.block.8.layer.0.SelfAttention.o.weight: torch.Size([768, 768]), require_grad=True
[2022-08-14 23:35:21,949][__main__][DEBUG] - Parameter model.decoder.block.8.layer.0.layer_norm.weight: torch.Size([768]), require_grad=True
[2022-08-14 23:35:21,949][__main__][DEBUG] - Parameter model.decoder.block.8.layer.1.EncDecAttention.q.weight: torch.Size([768, 768]), require_grad=True
[2022-08-14 23:35:21,949][__main__][DEBUG] - Parameter model.decoder.block.8.layer.1.EncDecAttention.k.weight: torch.Size([768, 768]), require_grad=True
[2022-08-14 23:35:21,949][__main__][DEBUG] - Parameter model.decoder.block.8.layer.1.EncDecAttention.v.weight: torch.Size([768, 768]), require_grad=True
[2022-08-14 23:35:21,949][__main__][DEBUG] - Parameter model.decoder.block.8.layer.1.EncDecAttention.o.weight: torch.Size([768, 768]), require_grad=True
[2022-08-14 23:35:21,949][__main__][DEBUG] - Parameter model.decoder.block.8.layer.1.layer_norm.weight: torch.Size([768]), require_grad=True
[2022-08-14 23:35:21,950][__main__][DEBUG] - Parameter model.decoder.block.8.layer.2.DenseReluDense.wi.weight: torch.Size([3072, 768]), require_grad=True
[2022-08-14 23:35:21,950][__main__][DEBUG] - Parameter model.decoder.block.8.layer.2.DenseReluDense.wo.weight: torch.Size([768, 3072]), require_grad=True
[2022-08-14 23:35:21,950][__main__][DEBUG] - Parameter model.decoder.block.8.layer.2.layer_norm.weight: torch.Size([768]), require_grad=True
[2022-08-14 23:35:21,950][__main__][DEBUG] - Parameter model.decoder.block.9.layer.0.SelfAttention.q.weight: torch.Size([768, 768]), require_grad=True
[2022-08-14 23:35:21,950][__main__][DEBUG] - Parameter model.decoder.block.9.layer.0.SelfAttention.k.weight: torch.Size([768, 768]), require_grad=True
[2022-08-14 23:35:21,950][__main__][DEBUG] - Parameter model.decoder.block.9.layer.0.SelfAttention.v.weight: torch.Size([768, 768]), require_grad=True
[2022-08-14 23:35:21,950][__main__][DEBUG] - Parameter model.decoder.block.9.layer.0.SelfAttention.o.weight: torch.Size([768, 768]), require_grad=True
[2022-08-14 23:35:21,950][__main__][DEBUG] - Parameter model.decoder.block.9.layer.0.layer_norm.weight: torch.Size([768]), require_grad=True
[2022-08-14 23:35:21,950][__main__][DEBUG] - Parameter model.decoder.block.9.layer.1.EncDecAttention.q.weight: torch.Size([768, 768]), require_grad=True
[2022-08-14 23:35:21,950][__main__][DEBUG] - Parameter model.decoder.block.9.layer.1.EncDecAttention.k.weight: torch.Size([768, 768]), require_grad=True
[2022-08-14 23:35:21,950][__main__][DEBUG] - Parameter model.decoder.block.9.layer.1.EncDecAttention.v.weight: torch.Size([768, 768]), require_grad=True
[2022-08-14 23:35:21,950][__main__][DEBUG] - Parameter model.decoder.block.9.layer.1.EncDecAttention.o.weight: torch.Size([768, 768]), require_grad=True
[2022-08-14 23:35:21,951][__main__][DEBUG] - Parameter model.decoder.block.9.layer.1.layer_norm.weight: torch.Size([768]), require_grad=True
[2022-08-14 23:35:21,951][__main__][DEBUG] - Parameter model.decoder.block.9.layer.2.DenseReluDense.wi.weight: torch.Size([3072, 768]), require_grad=True
[2022-08-14 23:35:21,951][__main__][DEBUG] - Parameter model.decoder.block.9.layer.2.DenseReluDense.wo.weight: torch.Size([768, 3072]), require_grad=True
[2022-08-14 23:35:21,951][__main__][DEBUG] - Parameter model.decoder.block.9.layer.2.layer_norm.weight: torch.Size([768]), require_grad=True
[2022-08-14 23:35:21,951][__main__][DEBUG] - Parameter model.decoder.block.10.layer.0.SelfAttention.q.weight: torch.Size([768, 768]), require_grad=True
[2022-08-14 23:35:21,951][__main__][DEBUG] - Parameter model.decoder.block.10.layer.0.SelfAttention.k.weight: torch.Size([768, 768]), require_grad=True
[2022-08-14 23:35:21,951][__main__][DEBUG] - Parameter model.decoder.block.10.layer.0.SelfAttention.v.weight: torch.Size([768, 768]), require_grad=True
[2022-08-14 23:35:21,951][__main__][DEBUG] - Parameter model.decoder.block.10.layer.0.SelfAttention.o.weight: torch.Size([768, 768]), require_grad=True
[2022-08-14 23:35:21,951][__main__][DEBUG] - Parameter model.decoder.block.10.layer.0.layer_norm.weight: torch.Size([768]), require_grad=True
[2022-08-14 23:35:21,952][__main__][DEBUG] - Parameter model.decoder.block.10.layer.1.EncDecAttention.q.weight: torch.Size([768, 768]), require_grad=True
[2022-08-14 23:35:21,952][__main__][DEBUG] - Parameter model.decoder.block.10.layer.1.EncDecAttention.k.weight: torch.Size([768, 768]), require_grad=True
[2022-08-14 23:35:21,952][__main__][DEBUG] - Parameter model.decoder.block.10.layer.1.EncDecAttention.v.weight: torch.Size([768, 768]), require_grad=True
[2022-08-14 23:35:21,952][__main__][DEBUG] - Parameter model.decoder.block.10.layer.1.EncDecAttention.o.weight: torch.Size([768, 768]), require_grad=True
[2022-08-14 23:35:21,952][__main__][DEBUG] - Parameter model.decoder.block.10.layer.1.layer_norm.weight: torch.Size([768]), require_grad=True
[2022-08-14 23:35:21,952][__main__][DEBUG] - Parameter model.decoder.block.10.layer.2.DenseReluDense.wi.weight: torch.Size([3072, 768]), require_grad=True
[2022-08-14 23:35:21,952][__main__][DEBUG] - Parameter model.decoder.block.10.layer.2.DenseReluDense.wo.weight: torch.Size([768, 3072]), require_grad=True
[2022-08-14 23:35:21,952][__main__][DEBUG] - Parameter model.decoder.block.10.layer.2.layer_norm.weight: torch.Size([768]), require_grad=True
[2022-08-14 23:35:21,952][__main__][DEBUG] - Parameter model.decoder.block.11.layer.0.SelfAttention.q.weight: torch.Size([768, 768]), require_grad=True
[2022-08-14 23:35:21,952][__main__][DEBUG] - Parameter model.decoder.block.11.layer.0.SelfAttention.k.weight: torch.Size([768, 768]), require_grad=True
[2022-08-14 23:35:21,953][__main__][DEBUG] - Parameter model.decoder.block.11.layer.0.SelfAttention.v.weight: torch.Size([768, 768]), require_grad=True
[2022-08-14 23:35:21,953][__main__][DEBUG] - Parameter model.decoder.block.11.layer.0.SelfAttention.o.weight: torch.Size([768, 768]), require_grad=True
[2022-08-14 23:35:21,953][__main__][DEBUG] - Parameter model.decoder.block.11.layer.0.layer_norm.weight: torch.Size([768]), require_grad=True
[2022-08-14 23:35:21,953][__main__][DEBUG] - Parameter model.decoder.block.11.layer.1.EncDecAttention.q.weight: torch.Size([768, 768]), require_grad=True
[2022-08-14 23:35:21,953][__main__][DEBUG] - Parameter model.decoder.block.11.layer.1.EncDecAttention.k.weight: torch.Size([768, 768]), require_grad=True
[2022-08-14 23:35:21,954][__main__][DEBUG] - Parameter model.decoder.block.11.layer.1.EncDecAttention.v.weight: torch.Size([768, 768]), require_grad=True
[2022-08-14 23:35:21,954][__main__][DEBUG] - Parameter model.decoder.block.11.layer.1.EncDecAttention.o.weight: torch.Size([768, 768]), require_grad=True
[2022-08-14 23:35:21,954][__main__][DEBUG] - Parameter model.decoder.block.11.layer.1.layer_norm.weight: torch.Size([768]), require_grad=True
[2022-08-14 23:35:21,954][__main__][DEBUG] - Parameter model.decoder.block.11.layer.2.DenseReluDense.wi.weight: torch.Size([3072, 768]), require_grad=True
[2022-08-14 23:35:21,954][__main__][DEBUG] - Parameter model.decoder.block.11.layer.2.DenseReluDense.wo.weight: torch.Size([768, 3072]), require_grad=True
[2022-08-14 23:35:21,954][__main__][DEBUG] - Parameter model.decoder.block.11.layer.2.layer_norm.weight: torch.Size([768]), require_grad=True
[2022-08-14 23:35:21,955][__main__][DEBUG] - Parameter model.decoder.final_layer_norm.weight: torch.Size([768]), require_grad=True
[2022-08-14 23:35:21,957][__main__][DEBUG] - Starting training!
[2022-08-14 23:35:22,904][__main__][DEBUG] - batch 0: tensor([[ 784, 9413,  908,  ..., 6327,  908,    1],
        [ 784, 9413,  908,  ..., 6327,  908,    1],
        [ 784, 9413,  908,  ..., 6327,  908,    1],
        ...,
        [ 784, 9413,  908,  ..., 6327,  908,    1],
        [ 784, 9413,  908,  ..., 6327,  908,    1],
        [ 784, 9413,  908,  ..., 6327,  908,    1]], device='cuda:0') 
[2022-08-14 23:35:22,914][__main__][DEBUG] - batch 1: tensor([[1, 1, 1,  ..., 1, 1, 1],
        [1, 1, 1,  ..., 1, 1, 1],
        [1, 1, 1,  ..., 1, 1, 1],
        ...,
        [1, 1, 1,  ..., 1, 1, 1],
        [1, 1, 1,  ..., 1, 1, 1],
        [1, 1, 1,  ..., 1, 1, 1]], device='cuda:0') 
[2022-08-14 23:35:22,922][__main__][DEBUG] - batch 2: tensor([[   3,   17,  208,  ...,    0,    0,    0],
        [5349,    1,    0,  ...,    0,    0,    0],
        [2600,    3,   32,  ...,    0,    0,    0],
        ...,
        [2772,   49,    3,  ...,    0,    0,    0],
        [2100,  372, 2859,  ...,    0,    0,    0],
        [2859, 1128,    3,  ...,    0,    0,    0]], device='cuda:0') 
[2022-08-14 23:35:22,924][__main__][DEBUG] - batch 3: tensor([[1, 1, 1,  ..., 0, 0, 0],
        [1, 1, 0,  ..., 0, 0, 0],
        [1, 1, 1,  ..., 0, 0, 0],
        ...,
        [1, 1, 1,  ..., 0, 0, 0],
        [1, 1, 1,  ..., 0, 0, 0],
        [1, 1, 1,  ..., 0, 0, 0]], device='cuda:0') 
[2022-08-14 23:52:02,603][__main__][DEBUG] - epoch is 0
[2022-08-14 23:52:02,604][__main__][DEBUG] - validation loss is tensor(0.1148, device='cuda:0')
[2022-08-15 00:09:04,951][__main__][DEBUG] - early stop
