[2022-08-15 05:33:12,812][transformers.tokenization_utils_base][INFO] - Model name 'pretrain_model/jointgt_t5' not found in model shortcut name list (t5-small, t5-base, t5-large, t5-3b, t5-11b). Assuming 'pretrain_model/jointgt_t5' is a path, a model identifier, or url to a directory containing tokenizer files.
[2022-08-15 05:33:13,248][transformers.tokenization_utils_base][INFO] - Didn't find file pretrain_model/jointgt_t5/added_tokens.json. We won't load it.
[2022-08-15 05:33:13,248][transformers.tokenization_utils_base][INFO] - Didn't find file pretrain_model/jointgt_t5/special_tokens_map.json. We won't load it.
[2022-08-15 05:33:13,248][transformers.tokenization_utils_base][INFO] - Didn't find file pretrain_model/jointgt_t5/tokenizer_config.json. We won't load it.
[2022-08-15 05:33:13,249][transformers.tokenization_utils_base][INFO] - loading file pretrain_model/jointgt_t5/spiece.model
[2022-08-15 05:33:13,249][transformers.tokenization_utils_base][INFO] - loading file None
[2022-08-15 05:33:13,249][transformers.tokenization_utils_base][INFO] - loading file None
[2022-08-15 05:33:13,249][transformers.tokenization_utils_base][INFO] - loading file None
[2022-08-15 05:33:13,249][transformers.tokenization_utils_base][INFO] - loading file pretrain_model/jointgt_t5/tokenizer.json
[2022-08-15 05:33:30,405][transformers.configuration_utils][INFO] - loading configuration file pretrain_model/jointgt_t5/config.json
[2022-08-15 05:33:30,406][transformers.configuration_utils][INFO] - Model config T5Config {
  "architectures": [
    "MyT5Pretrain"
  ],
  "d_ff": 3072,
  "d_kv": 64,
  "d_model": 768,
  "decoder_start_token_id": 0,
  "dropout_rate": 0.1,
  "eos_token_id": 1,
  "initializer_factor": 1.0,
  "is_encoder_decoder": true,
  "layer_norm_epsilon": 1e-06,
  "model_type": "t5",
  "n_positions": 512,
  "num_heads": 12,
  "num_layers": 12,
  "output_past": true,
  "pad_token_id": 0,
  "relative_attention_num_buckets": 32,
  "task_specific_params": {
    "summarization": {
      "early_stopping": true,
      "length_penalty": 2.0,
      "max_length": 200,
      "min_length": 30,
      "no_repeat_ngram_size": 3,
      "num_beams": 4,
      "prefix": "summarize: "
    },
    "translation_en_to_de": {
      "early_stopping": true,
      "max_length": 300,
      "num_beams": 4,
      "prefix": "translate English to German: "
    },
    "translation_en_to_fr": {
      "early_stopping": true,
      "max_length": 300,
      "num_beams": 4,
      "prefix": "translate English to French: "
    },
    "translation_en_to_ro": {
      "early_stopping": true,
      "max_length": 300,
      "num_beams": 4,
      "prefix": "translate English to Romanian: "
    }
  },
  "vocab_size": 32128
}

[2022-08-15 05:33:30,407][transformers.modeling_utils][INFO] - loading weights file pretrain_model/jointgt_t5/pytorch_model.bin
[2022-08-15 05:33:46,852][transformers.modeling_utils][INFO] - All model checkpoint weights were used when initializing MyT5ForConditionalGeneration.

[2022-08-15 05:33:46,852][transformers.modeling_utils][INFO] - All the weights of MyT5ForConditionalGeneration were initialized from the model checkpoint at pretrain_model/jointgt_t5.
If your task is similar to the task the model of the ckeckpoint was trained on, you can already use MyT5ForConditionalGeneration for predictions without further training.
[2022-08-15 05:33:50,876][__main__][DEBUG] - Parameter model.shared.weight: torch.Size([32128, 768]), require_grad=True
[2022-08-15 05:33:50,877][__main__][DEBUG] - Parameter model.encoder.block.0.layer.0.SelfAttention.q.weight: torch.Size([768, 768]), require_grad=True
[2022-08-15 05:33:50,877][__main__][DEBUG] - Parameter model.encoder.block.0.layer.0.SelfAttention.k.weight: torch.Size([768, 768]), require_grad=True
[2022-08-15 05:33:50,877][__main__][DEBUG] - Parameter model.encoder.block.0.layer.0.SelfAttention.v.weight: torch.Size([768, 768]), require_grad=True
[2022-08-15 05:33:50,877][__main__][DEBUG] - Parameter model.encoder.block.0.layer.0.SelfAttention.o.weight: torch.Size([768, 768]), require_grad=True
[2022-08-15 05:33:50,878][__main__][DEBUG] - Parameter model.encoder.block.0.layer.0.SelfAttention.relative_attention_bias.weight: torch.Size([32, 12]), require_grad=True
[2022-08-15 05:33:50,878][__main__][DEBUG] - Parameter model.encoder.block.0.layer.0.SelfStructAttention.q.weight: torch.Size([768, 768]), require_grad=True
[2022-08-15 05:33:50,878][__main__][DEBUG] - Parameter model.encoder.block.0.layer.0.SelfStructAttention.k.weight: torch.Size([768, 768]), require_grad=True
[2022-08-15 05:33:50,878][__main__][DEBUG] - Parameter model.encoder.block.0.layer.0.SelfStructAttention.v.weight: torch.Size([768, 768]), require_grad=True
[2022-08-15 05:33:50,878][__main__][DEBUG] - Parameter model.encoder.block.0.layer.0.SelfStructAttention.rel_k.weight: torch.Size([768, 768]), require_grad=True
[2022-08-15 05:33:50,878][__main__][DEBUG] - Parameter model.encoder.block.0.layer.0.SelfStructAttention.rel_v.weight: torch.Size([768, 768]), require_grad=True
[2022-08-15 05:33:50,879][__main__][DEBUG] - Parameter model.encoder.block.0.layer.0.SelfStructAttention.o.weight: torch.Size([768, 768]), require_grad=True
[2022-08-15 05:33:50,879][__main__][DEBUG] - Parameter model.encoder.block.0.layer.0.SelfStructAttention.relative_attention_bias.weight: torch.Size([32, 12]), require_grad=True
[2022-08-15 05:33:50,879][__main__][DEBUG] - Parameter model.encoder.block.0.layer.0.layer_norm.weight: torch.Size([768]), require_grad=True
[2022-08-15 05:33:50,879][__main__][DEBUG] - Parameter model.encoder.block.0.layer.1.DenseReluDense.wi.weight: torch.Size([3072, 768]), require_grad=True
[2022-08-15 05:33:50,879][__main__][DEBUG] - Parameter model.encoder.block.0.layer.1.DenseReluDense.wo.weight: torch.Size([768, 3072]), require_grad=True
[2022-08-15 05:33:50,879][__main__][DEBUG] - Parameter model.encoder.block.0.layer.1.layer_norm.weight: torch.Size([768]), require_grad=True
[2022-08-15 05:33:50,880][__main__][DEBUG] - Parameter model.encoder.block.1.layer.0.SelfAttention.q.weight: torch.Size([768, 768]), require_grad=True
[2022-08-15 05:33:50,880][__main__][DEBUG] - Parameter model.encoder.block.1.layer.0.SelfAttention.k.weight: torch.Size([768, 768]), require_grad=True
[2022-08-15 05:33:50,880][__main__][DEBUG] - Parameter model.encoder.block.1.layer.0.SelfAttention.v.weight: torch.Size([768, 768]), require_grad=True
[2022-08-15 05:33:50,880][__main__][DEBUG] - Parameter model.encoder.block.1.layer.0.SelfAttention.o.weight: torch.Size([768, 768]), require_grad=True
[2022-08-15 05:33:50,880][__main__][DEBUG] - Parameter model.encoder.block.1.layer.0.SelfStructAttention.q.weight: torch.Size([768, 768]), require_grad=True
[2022-08-15 05:33:50,880][__main__][DEBUG] - Parameter model.encoder.block.1.layer.0.SelfStructAttention.k.weight: torch.Size([768, 768]), require_grad=True
[2022-08-15 05:33:50,880][__main__][DEBUG] - Parameter model.encoder.block.1.layer.0.SelfStructAttention.v.weight: torch.Size([768, 768]), require_grad=True
[2022-08-15 05:33:50,880][__main__][DEBUG] - Parameter model.encoder.block.1.layer.0.SelfStructAttention.rel_k.weight: torch.Size([768, 768]), require_grad=True
[2022-08-15 05:33:50,881][__main__][DEBUG] - Parameter model.encoder.block.1.layer.0.SelfStructAttention.rel_v.weight: torch.Size([768, 768]), require_grad=True
[2022-08-15 05:33:50,881][__main__][DEBUG] - Parameter model.encoder.block.1.layer.0.SelfStructAttention.o.weight: torch.Size([768, 768]), require_grad=True
[2022-08-15 05:33:50,881][__main__][DEBUG] - Parameter model.encoder.block.1.layer.0.layer_norm.weight: torch.Size([768]), require_grad=True
[2022-08-15 05:33:50,881][__main__][DEBUG] - Parameter model.encoder.block.1.layer.1.DenseReluDense.wi.weight: torch.Size([3072, 768]), require_grad=True
[2022-08-15 05:33:50,881][__main__][DEBUG] - Parameter model.encoder.block.1.layer.1.DenseReluDense.wo.weight: torch.Size([768, 3072]), require_grad=True
[2022-08-15 05:33:50,881][__main__][DEBUG] - Parameter model.encoder.block.1.layer.1.layer_norm.weight: torch.Size([768]), require_grad=True
[2022-08-15 05:33:50,881][__main__][DEBUG] - Parameter model.encoder.block.2.layer.0.SelfAttention.q.weight: torch.Size([768, 768]), require_grad=True
[2022-08-15 05:33:50,882][__main__][DEBUG] - Parameter model.encoder.block.2.layer.0.SelfAttention.k.weight: torch.Size([768, 768]), require_grad=True
[2022-08-15 05:33:50,882][__main__][DEBUG] - Parameter model.encoder.block.2.layer.0.SelfAttention.v.weight: torch.Size([768, 768]), require_grad=True
[2022-08-15 05:33:50,882][__main__][DEBUG] - Parameter model.encoder.block.2.layer.0.SelfAttention.o.weight: torch.Size([768, 768]), require_grad=True
[2022-08-15 05:33:50,882][__main__][DEBUG] - Parameter model.encoder.block.2.layer.0.SelfStructAttention.q.weight: torch.Size([768, 768]), require_grad=True
[2022-08-15 05:33:50,882][__main__][DEBUG] - Parameter model.encoder.block.2.layer.0.SelfStructAttention.k.weight: torch.Size([768, 768]), require_grad=True
[2022-08-15 05:33:50,882][__main__][DEBUG] - Parameter model.encoder.block.2.layer.0.SelfStructAttention.v.weight: torch.Size([768, 768]), require_grad=True
[2022-08-15 05:33:50,882][__main__][DEBUG] - Parameter model.encoder.block.2.layer.0.SelfStructAttention.rel_k.weight: torch.Size([768, 768]), require_grad=True
[2022-08-15 05:33:50,882][__main__][DEBUG] - Parameter model.encoder.block.2.layer.0.SelfStructAttention.rel_v.weight: torch.Size([768, 768]), require_grad=True
[2022-08-15 05:33:50,883][__main__][DEBUG] - Parameter model.encoder.block.2.layer.0.SelfStructAttention.o.weight: torch.Size([768, 768]), require_grad=True
[2022-08-15 05:33:50,883][__main__][DEBUG] - Parameter model.encoder.block.2.layer.0.layer_norm.weight: torch.Size([768]), require_grad=True
[2022-08-15 05:33:50,883][__main__][DEBUG] - Parameter model.encoder.block.2.layer.1.DenseReluDense.wi.weight: torch.Size([3072, 768]), require_grad=True
[2022-08-15 05:33:50,883][__main__][DEBUG] - Parameter model.encoder.block.2.layer.1.DenseReluDense.wo.weight: torch.Size([768, 3072]), require_grad=True
[2022-08-15 05:33:50,883][__main__][DEBUG] - Parameter model.encoder.block.2.layer.1.layer_norm.weight: torch.Size([768]), require_grad=True
[2022-08-15 05:33:50,883][__main__][DEBUG] - Parameter model.encoder.block.3.layer.0.SelfAttention.q.weight: torch.Size([768, 768]), require_grad=True
[2022-08-15 05:33:50,883][__main__][DEBUG] - Parameter model.encoder.block.3.layer.0.SelfAttention.k.weight: torch.Size([768, 768]), require_grad=True
[2022-08-15 05:33:50,884][__main__][DEBUG] - Parameter model.encoder.block.3.layer.0.SelfAttention.v.weight: torch.Size([768, 768]), require_grad=True
[2022-08-15 05:33:50,884][__main__][DEBUG] - Parameter model.encoder.block.3.layer.0.SelfAttention.o.weight: torch.Size([768, 768]), require_grad=True
[2022-08-15 05:33:50,884][__main__][DEBUG] - Parameter model.encoder.block.3.layer.0.SelfStructAttention.q.weight: torch.Size([768, 768]), require_grad=True
[2022-08-15 05:33:50,884][__main__][DEBUG] - Parameter model.encoder.block.3.layer.0.SelfStructAttention.k.weight: torch.Size([768, 768]), require_grad=True
[2022-08-15 05:33:50,884][__main__][DEBUG] - Parameter model.encoder.block.3.layer.0.SelfStructAttention.v.weight: torch.Size([768, 768]), require_grad=True
[2022-08-15 05:33:50,884][__main__][DEBUG] - Parameter model.encoder.block.3.layer.0.SelfStructAttention.rel_k.weight: torch.Size([768, 768]), require_grad=True
[2022-08-15 05:33:50,884][__main__][DEBUG] - Parameter model.encoder.block.3.layer.0.SelfStructAttention.rel_v.weight: torch.Size([768, 768]), require_grad=True
[2022-08-15 05:33:50,885][__main__][DEBUG] - Parameter model.encoder.block.3.layer.0.SelfStructAttention.o.weight: torch.Size([768, 768]), require_grad=True
[2022-08-15 05:33:50,885][__main__][DEBUG] - Parameter model.encoder.block.3.layer.0.layer_norm.weight: torch.Size([768]), require_grad=True
[2022-08-15 05:33:50,885][__main__][DEBUG] - Parameter model.encoder.block.3.layer.1.DenseReluDense.wi.weight: torch.Size([3072, 768]), require_grad=True
[2022-08-15 05:33:50,885][__main__][DEBUG] - Parameter model.encoder.block.3.layer.1.DenseReluDense.wo.weight: torch.Size([768, 3072]), require_grad=True
[2022-08-15 05:33:50,885][__main__][DEBUG] - Parameter model.encoder.block.3.layer.1.layer_norm.weight: torch.Size([768]), require_grad=True
[2022-08-15 05:33:50,885][__main__][DEBUG] - Parameter model.encoder.block.4.layer.0.SelfAttention.q.weight: torch.Size([768, 768]), require_grad=True
[2022-08-15 05:33:50,886][__main__][DEBUG] - Parameter model.encoder.block.4.layer.0.SelfAttention.k.weight: torch.Size([768, 768]), require_grad=True
[2022-08-15 05:33:50,886][__main__][DEBUG] - Parameter model.encoder.block.4.layer.0.SelfAttention.v.weight: torch.Size([768, 768]), require_grad=True
[2022-08-15 05:33:50,886][__main__][DEBUG] - Parameter model.encoder.block.4.layer.0.SelfAttention.o.weight: torch.Size([768, 768]), require_grad=True
[2022-08-15 05:33:50,886][__main__][DEBUG] - Parameter model.encoder.block.4.layer.0.SelfStructAttention.q.weight: torch.Size([768, 768]), require_grad=True
[2022-08-15 05:33:50,886][__main__][DEBUG] - Parameter model.encoder.block.4.layer.0.SelfStructAttention.k.weight: torch.Size([768, 768]), require_grad=True
[2022-08-15 05:33:50,886][__main__][DEBUG] - Parameter model.encoder.block.4.layer.0.SelfStructAttention.v.weight: torch.Size([768, 768]), require_grad=True
[2022-08-15 05:33:50,887][__main__][DEBUG] - Parameter model.encoder.block.4.layer.0.SelfStructAttention.rel_k.weight: torch.Size([768, 768]), require_grad=True
[2022-08-15 05:33:50,887][__main__][DEBUG] - Parameter model.encoder.block.4.layer.0.SelfStructAttention.rel_v.weight: torch.Size([768, 768]), require_grad=True
[2022-08-15 05:33:50,887][__main__][DEBUG] - Parameter model.encoder.block.4.layer.0.SelfStructAttention.o.weight: torch.Size([768, 768]), require_grad=True
[2022-08-15 05:33:50,887][__main__][DEBUG] - Parameter model.encoder.block.4.layer.0.layer_norm.weight: torch.Size([768]), require_grad=True
[2022-08-15 05:33:50,887][__main__][DEBUG] - Parameter model.encoder.block.4.layer.1.DenseReluDense.wi.weight: torch.Size([3072, 768]), require_grad=True
[2022-08-15 05:33:50,887][__main__][DEBUG] - Parameter model.encoder.block.4.layer.1.DenseReluDense.wo.weight: torch.Size([768, 3072]), require_grad=True
[2022-08-15 05:33:50,887][__main__][DEBUG] - Parameter model.encoder.block.4.layer.1.layer_norm.weight: torch.Size([768]), require_grad=True
[2022-08-15 05:33:50,887][__main__][DEBUG] - Parameter model.encoder.block.5.layer.0.SelfAttention.q.weight: torch.Size([768, 768]), require_grad=True
[2022-08-15 05:33:50,888][__main__][DEBUG] - Parameter model.encoder.block.5.layer.0.SelfAttention.k.weight: torch.Size([768, 768]), require_grad=True
[2022-08-15 05:33:50,888][__main__][DEBUG] - Parameter model.encoder.block.5.layer.0.SelfAttention.v.weight: torch.Size([768, 768]), require_grad=True
[2022-08-15 05:33:50,888][__main__][DEBUG] - Parameter model.encoder.block.5.layer.0.SelfAttention.o.weight: torch.Size([768, 768]), require_grad=True
[2022-08-15 05:33:50,888][__main__][DEBUG] - Parameter model.encoder.block.5.layer.0.SelfStructAttention.q.weight: torch.Size([768, 768]), require_grad=True
[2022-08-15 05:33:50,888][__main__][DEBUG] - Parameter model.encoder.block.5.layer.0.SelfStructAttention.k.weight: torch.Size([768, 768]), require_grad=True
[2022-08-15 05:33:50,888][__main__][DEBUG] - Parameter model.encoder.block.5.layer.0.SelfStructAttention.v.weight: torch.Size([768, 768]), require_grad=True
[2022-08-15 05:33:50,888][__main__][DEBUG] - Parameter model.encoder.block.5.layer.0.SelfStructAttention.rel_k.weight: torch.Size([768, 768]), require_grad=True
[2022-08-15 05:33:50,888][__main__][DEBUG] - Parameter model.encoder.block.5.layer.0.SelfStructAttention.rel_v.weight: torch.Size([768, 768]), require_grad=True
[2022-08-15 05:33:50,889][__main__][DEBUG] - Parameter model.encoder.block.5.layer.0.SelfStructAttention.o.weight: torch.Size([768, 768]), require_grad=True
[2022-08-15 05:33:50,889][__main__][DEBUG] - Parameter model.encoder.block.5.layer.0.layer_norm.weight: torch.Size([768]), require_grad=True
[2022-08-15 05:33:50,889][__main__][DEBUG] - Parameter model.encoder.block.5.layer.1.DenseReluDense.wi.weight: torch.Size([3072, 768]), require_grad=True
[2022-08-15 05:33:50,889][__main__][DEBUG] - Parameter model.encoder.block.5.layer.1.DenseReluDense.wo.weight: torch.Size([768, 3072]), require_grad=True
[2022-08-15 05:33:50,889][__main__][DEBUG] - Parameter model.encoder.block.5.layer.1.layer_norm.weight: torch.Size([768]), require_grad=True
[2022-08-15 05:33:50,889][__main__][DEBUG] - Parameter model.encoder.block.6.layer.0.SelfAttention.q.weight: torch.Size([768, 768]), require_grad=True
[2022-08-15 05:33:50,889][__main__][DEBUG] - Parameter model.encoder.block.6.layer.0.SelfAttention.k.weight: torch.Size([768, 768]), require_grad=True
[2022-08-15 05:33:50,890][__main__][DEBUG] - Parameter model.encoder.block.6.layer.0.SelfAttention.v.weight: torch.Size([768, 768]), require_grad=True
[2022-08-15 05:33:50,890][__main__][DEBUG] - Parameter model.encoder.block.6.layer.0.SelfAttention.o.weight: torch.Size([768, 768]), require_grad=True
[2022-08-15 05:33:50,890][__main__][DEBUG] - Parameter model.encoder.block.6.layer.0.SelfStructAttention.q.weight: torch.Size([768, 768]), require_grad=True
[2022-08-15 05:33:50,890][__main__][DEBUG] - Parameter model.encoder.block.6.layer.0.SelfStructAttention.k.weight: torch.Size([768, 768]), require_grad=True
[2022-08-15 05:33:50,890][__main__][DEBUG] - Parameter model.encoder.block.6.layer.0.SelfStructAttention.v.weight: torch.Size([768, 768]), require_grad=True
[2022-08-15 05:33:50,890][__main__][DEBUG] - Parameter model.encoder.block.6.layer.0.SelfStructAttention.rel_k.weight: torch.Size([768, 768]), require_grad=True
[2022-08-15 05:33:50,890][__main__][DEBUG] - Parameter model.encoder.block.6.layer.0.SelfStructAttention.rel_v.weight: torch.Size([768, 768]), require_grad=True
[2022-08-15 05:33:50,890][__main__][DEBUG] - Parameter model.encoder.block.6.layer.0.SelfStructAttention.o.weight: torch.Size([768, 768]), require_grad=True
[2022-08-15 05:33:50,891][__main__][DEBUG] - Parameter model.encoder.block.6.layer.0.layer_norm.weight: torch.Size([768]), require_grad=True
[2022-08-15 05:33:50,891][__main__][DEBUG] - Parameter model.encoder.block.6.layer.1.DenseReluDense.wi.weight: torch.Size([3072, 768]), require_grad=True
[2022-08-15 05:33:50,891][__main__][DEBUG] - Parameter model.encoder.block.6.layer.1.DenseReluDense.wo.weight: torch.Size([768, 3072]), require_grad=True
[2022-08-15 05:33:50,891][__main__][DEBUG] - Parameter model.encoder.block.6.layer.1.layer_norm.weight: torch.Size([768]), require_grad=True
[2022-08-15 05:33:50,891][__main__][DEBUG] - Parameter model.encoder.block.7.layer.0.SelfAttention.q.weight: torch.Size([768, 768]), require_grad=True
[2022-08-15 05:33:50,891][__main__][DEBUG] - Parameter model.encoder.block.7.layer.0.SelfAttention.k.weight: torch.Size([768, 768]), require_grad=True
[2022-08-15 05:33:50,891][__main__][DEBUG] - Parameter model.encoder.block.7.layer.0.SelfAttention.v.weight: torch.Size([768, 768]), require_grad=True
[2022-08-15 05:33:50,891][__main__][DEBUG] - Parameter model.encoder.block.7.layer.0.SelfAttention.o.weight: torch.Size([768, 768]), require_grad=True
[2022-08-15 05:33:50,892][__main__][DEBUG] - Parameter model.encoder.block.7.layer.0.SelfStructAttention.q.weight: torch.Size([768, 768]), require_grad=True
[2022-08-15 05:33:50,892][__main__][DEBUG] - Parameter model.encoder.block.7.layer.0.SelfStructAttention.k.weight: torch.Size([768, 768]), require_grad=True
[2022-08-15 05:33:50,892][__main__][DEBUG] - Parameter model.encoder.block.7.layer.0.SelfStructAttention.v.weight: torch.Size([768, 768]), require_grad=True
[2022-08-15 05:33:50,892][__main__][DEBUG] - Parameter model.encoder.block.7.layer.0.SelfStructAttention.rel_k.weight: torch.Size([768, 768]), require_grad=True
[2022-08-15 05:33:50,892][__main__][DEBUG] - Parameter model.encoder.block.7.layer.0.SelfStructAttention.rel_v.weight: torch.Size([768, 768]), require_grad=True
[2022-08-15 05:33:50,892][__main__][DEBUG] - Parameter model.encoder.block.7.layer.0.SelfStructAttention.o.weight: torch.Size([768, 768]), require_grad=True
[2022-08-15 05:33:50,892][__main__][DEBUG] - Parameter model.encoder.block.7.layer.0.layer_norm.weight: torch.Size([768]), require_grad=True
[2022-08-15 05:33:50,892][__main__][DEBUG] - Parameter model.encoder.block.7.layer.1.DenseReluDense.wi.weight: torch.Size([3072, 768]), require_grad=True
[2022-08-15 05:33:50,893][__main__][DEBUG] - Parameter model.encoder.block.7.layer.1.DenseReluDense.wo.weight: torch.Size([768, 3072]), require_grad=True
[2022-08-15 05:33:50,893][__main__][DEBUG] - Parameter model.encoder.block.7.layer.1.layer_norm.weight: torch.Size([768]), require_grad=True
[2022-08-15 05:33:50,893][__main__][DEBUG] - Parameter model.encoder.block.8.layer.0.SelfAttention.q.weight: torch.Size([768, 768]), require_grad=True
[2022-08-15 05:33:50,893][__main__][DEBUG] - Parameter model.encoder.block.8.layer.0.SelfAttention.k.weight: torch.Size([768, 768]), require_grad=True
[2022-08-15 05:33:50,893][__main__][DEBUG] - Parameter model.encoder.block.8.layer.0.SelfAttention.v.weight: torch.Size([768, 768]), require_grad=True
[2022-08-15 05:33:50,893][__main__][DEBUG] - Parameter model.encoder.block.8.layer.0.SelfAttention.o.weight: torch.Size([768, 768]), require_grad=True
[2022-08-15 05:33:50,893][__main__][DEBUG] - Parameter model.encoder.block.8.layer.0.SelfStructAttention.q.weight: torch.Size([768, 768]), require_grad=True
[2022-08-15 05:33:50,936][__main__][DEBUG] - Parameter model.encoder.block.8.layer.0.SelfStructAttention.k.weight: torch.Size([768, 768]), require_grad=True
[2022-08-15 05:33:50,937][__main__][DEBUG] - Parameter model.encoder.block.8.layer.0.SelfStructAttention.v.weight: torch.Size([768, 768]), require_grad=True
[2022-08-15 05:33:50,937][__main__][DEBUG] - Parameter model.encoder.block.8.layer.0.SelfStructAttention.rel_k.weight: torch.Size([768, 768]), require_grad=True
[2022-08-15 05:33:50,938][__main__][DEBUG] - Parameter model.encoder.block.8.layer.0.SelfStructAttention.rel_v.weight: torch.Size([768, 768]), require_grad=True
[2022-08-15 05:33:50,938][__main__][DEBUG] - Parameter model.encoder.block.8.layer.0.SelfStructAttention.o.weight: torch.Size([768, 768]), require_grad=True
[2022-08-15 05:33:50,938][__main__][DEBUG] - Parameter model.encoder.block.8.layer.0.layer_norm.weight: torch.Size([768]), require_grad=True
[2022-08-15 05:33:50,938][__main__][DEBUG] - Parameter model.encoder.block.8.layer.1.DenseReluDense.wi.weight: torch.Size([3072, 768]), require_grad=True
[2022-08-15 05:33:50,938][__main__][DEBUG] - Parameter model.encoder.block.8.layer.1.DenseReluDense.wo.weight: torch.Size([768, 3072]), require_grad=True
[2022-08-15 05:33:50,939][__main__][DEBUG] - Parameter model.encoder.block.8.layer.1.layer_norm.weight: torch.Size([768]), require_grad=True
[2022-08-15 05:33:50,939][__main__][DEBUG] - Parameter model.encoder.block.9.layer.0.SelfAttention.q.weight: torch.Size([768, 768]), require_grad=True
[2022-08-15 05:33:50,939][__main__][DEBUG] - Parameter model.encoder.block.9.layer.0.SelfAttention.k.weight: torch.Size([768, 768]), require_grad=True
[2022-08-15 05:33:50,939][__main__][DEBUG] - Parameter model.encoder.block.9.layer.0.SelfAttention.v.weight: torch.Size([768, 768]), require_grad=True
[2022-08-15 05:33:50,939][__main__][DEBUG] - Parameter model.encoder.block.9.layer.0.SelfAttention.o.weight: torch.Size([768, 768]), require_grad=True
[2022-08-15 05:33:50,939][__main__][DEBUG] - Parameter model.encoder.block.9.layer.0.SelfStructAttention.q.weight: torch.Size([768, 768]), require_grad=True
[2022-08-15 05:33:50,940][__main__][DEBUG] - Parameter model.encoder.block.9.layer.0.SelfStructAttention.k.weight: torch.Size([768, 768]), require_grad=True
[2022-08-15 05:33:50,940][__main__][DEBUG] - Parameter model.encoder.block.9.layer.0.SelfStructAttention.v.weight: torch.Size([768, 768]), require_grad=True
[2022-08-15 05:33:50,940][__main__][DEBUG] - Parameter model.encoder.block.9.layer.0.SelfStructAttention.rel_k.weight: torch.Size([768, 768]), require_grad=True
[2022-08-15 05:33:50,940][__main__][DEBUG] - Parameter model.encoder.block.9.layer.0.SelfStructAttention.rel_v.weight: torch.Size([768, 768]), require_grad=True
[2022-08-15 05:33:50,940][__main__][DEBUG] - Parameter model.encoder.block.9.layer.0.SelfStructAttention.o.weight: torch.Size([768, 768]), require_grad=True
[2022-08-15 05:33:50,940][__main__][DEBUG] - Parameter model.encoder.block.9.layer.0.layer_norm.weight: torch.Size([768]), require_grad=True
[2022-08-15 05:33:50,940][__main__][DEBUG] - Parameter model.encoder.block.9.layer.1.DenseReluDense.wi.weight: torch.Size([3072, 768]), require_grad=True
[2022-08-15 05:33:50,940][__main__][DEBUG] - Parameter model.encoder.block.9.layer.1.DenseReluDense.wo.weight: torch.Size([768, 3072]), require_grad=True
[2022-08-15 05:33:50,941][__main__][DEBUG] - Parameter model.encoder.block.9.layer.1.layer_norm.weight: torch.Size([768]), require_grad=True
[2022-08-15 05:33:50,941][__main__][DEBUG] - Parameter model.encoder.block.10.layer.0.SelfAttention.q.weight: torch.Size([768, 768]), require_grad=True
[2022-08-15 05:33:50,941][__main__][DEBUG] - Parameter model.encoder.block.10.layer.0.SelfAttention.k.weight: torch.Size([768, 768]), require_grad=True
[2022-08-15 05:33:50,941][__main__][DEBUG] - Parameter model.encoder.block.10.layer.0.SelfAttention.v.weight: torch.Size([768, 768]), require_grad=True
[2022-08-15 05:33:50,941][__main__][DEBUG] - Parameter model.encoder.block.10.layer.0.SelfAttention.o.weight: torch.Size([768, 768]), require_grad=True
[2022-08-15 05:33:50,941][__main__][DEBUG] - Parameter model.encoder.block.10.layer.0.SelfStructAttention.q.weight: torch.Size([768, 768]), require_grad=True
[2022-08-15 05:33:50,941][__main__][DEBUG] - Parameter model.encoder.block.10.layer.0.SelfStructAttention.k.weight: torch.Size([768, 768]), require_grad=True
[2022-08-15 05:33:50,941][__main__][DEBUG] - Parameter model.encoder.block.10.layer.0.SelfStructAttention.v.weight: torch.Size([768, 768]), require_grad=True
[2022-08-15 05:33:50,941][__main__][DEBUG] - Parameter model.encoder.block.10.layer.0.SelfStructAttention.rel_k.weight: torch.Size([768, 768]), require_grad=True
[2022-08-15 05:33:50,942][__main__][DEBUG] - Parameter model.encoder.block.10.layer.0.SelfStructAttention.rel_v.weight: torch.Size([768, 768]), require_grad=True
[2022-08-15 05:33:50,942][__main__][DEBUG] - Parameter model.encoder.block.10.layer.0.SelfStructAttention.o.weight: torch.Size([768, 768]), require_grad=True
[2022-08-15 05:33:50,942][__main__][DEBUG] - Parameter model.encoder.block.10.layer.0.layer_norm.weight: torch.Size([768]), require_grad=True
[2022-08-15 05:33:50,942][__main__][DEBUG] - Parameter model.encoder.block.10.layer.1.DenseReluDense.wi.weight: torch.Size([3072, 768]), require_grad=True
[2022-08-15 05:33:50,942][__main__][DEBUG] - Parameter model.encoder.block.10.layer.1.DenseReluDense.wo.weight: torch.Size([768, 3072]), require_grad=True
[2022-08-15 05:33:50,942][__main__][DEBUG] - Parameter model.encoder.block.10.layer.1.layer_norm.weight: torch.Size([768]), require_grad=True
[2022-08-15 05:33:50,942][__main__][DEBUG] - Parameter model.encoder.block.11.layer.0.SelfAttention.q.weight: torch.Size([768, 768]), require_grad=True
[2022-08-15 05:33:50,942][__main__][DEBUG] - Parameter model.encoder.block.11.layer.0.SelfAttention.k.weight: torch.Size([768, 768]), require_grad=True
[2022-08-15 05:33:50,943][__main__][DEBUG] - Parameter model.encoder.block.11.layer.0.SelfAttention.v.weight: torch.Size([768, 768]), require_grad=True
[2022-08-15 05:33:50,943][__main__][DEBUG] - Parameter model.encoder.block.11.layer.0.SelfAttention.o.weight: torch.Size([768, 768]), require_grad=True
[2022-08-15 05:33:50,943][__main__][DEBUG] - Parameter model.encoder.block.11.layer.0.SelfStructAttention.q.weight: torch.Size([768, 768]), require_grad=True
[2022-08-15 05:33:50,943][__main__][DEBUG] - Parameter model.encoder.block.11.layer.0.SelfStructAttention.k.weight: torch.Size([768, 768]), require_grad=True
[2022-08-15 05:33:50,943][__main__][DEBUG] - Parameter model.encoder.block.11.layer.0.SelfStructAttention.v.weight: torch.Size([768, 768]), require_grad=True
[2022-08-15 05:33:50,943][__main__][DEBUG] - Parameter model.encoder.block.11.layer.0.SelfStructAttention.rel_k.weight: torch.Size([768, 768]), require_grad=True
[2022-08-15 05:33:50,943][__main__][DEBUG] - Parameter model.encoder.block.11.layer.0.SelfStructAttention.rel_v.weight: torch.Size([768, 768]), require_grad=True
[2022-08-15 05:33:50,944][__main__][DEBUG] - Parameter model.encoder.block.11.layer.0.SelfStructAttention.o.weight: torch.Size([768, 768]), require_grad=True
[2022-08-15 05:33:50,944][__main__][DEBUG] - Parameter model.encoder.block.11.layer.0.layer_norm.weight: torch.Size([768]), require_grad=True
[2022-08-15 05:33:50,944][__main__][DEBUG] - Parameter model.encoder.block.11.layer.1.DenseReluDense.wi.weight: torch.Size([3072, 768]), require_grad=True
[2022-08-15 05:33:50,944][__main__][DEBUG] - Parameter model.encoder.block.11.layer.1.DenseReluDense.wo.weight: torch.Size([768, 3072]), require_grad=True
[2022-08-15 05:33:50,944][__main__][DEBUG] - Parameter model.encoder.block.11.layer.1.layer_norm.weight: torch.Size([768]), require_grad=True
[2022-08-15 05:33:50,945][__main__][DEBUG] - Parameter model.encoder.final_layer_norm.weight: torch.Size([768]), require_grad=True
[2022-08-15 05:33:50,945][__main__][DEBUG] - Parameter model.decoder.block.0.layer.0.SelfAttention.q.weight: torch.Size([768, 768]), require_grad=True
[2022-08-15 05:33:50,945][__main__][DEBUG] - Parameter model.decoder.block.0.layer.0.SelfAttention.k.weight: torch.Size([768, 768]), require_grad=True
[2022-08-15 05:33:50,945][__main__][DEBUG] - Parameter model.decoder.block.0.layer.0.SelfAttention.v.weight: torch.Size([768, 768]), require_grad=True
[2022-08-15 05:33:50,945][__main__][DEBUG] - Parameter model.decoder.block.0.layer.0.SelfAttention.o.weight: torch.Size([768, 768]), require_grad=True
[2022-08-15 05:33:50,945][__main__][DEBUG] - Parameter model.decoder.block.0.layer.0.SelfAttention.relative_attention_bias.weight: torch.Size([32, 12]), require_grad=True
[2022-08-15 05:33:50,945][__main__][DEBUG] - Parameter model.decoder.block.0.layer.0.layer_norm.weight: torch.Size([768]), require_grad=True
[2022-08-15 05:33:50,945][__main__][DEBUG] - Parameter model.decoder.block.0.layer.1.EncDecAttention.q.weight: torch.Size([768, 768]), require_grad=True
[2022-08-15 05:33:50,946][__main__][DEBUG] - Parameter model.decoder.block.0.layer.1.EncDecAttention.k.weight: torch.Size([768, 768]), require_grad=True
[2022-08-15 05:33:50,946][__main__][DEBUG] - Parameter model.decoder.block.0.layer.1.EncDecAttention.v.weight: torch.Size([768, 768]), require_grad=True
[2022-08-15 05:33:50,946][__main__][DEBUG] - Parameter model.decoder.block.0.layer.1.EncDecAttention.o.weight: torch.Size([768, 768]), require_grad=True
[2022-08-15 05:33:50,946][__main__][DEBUG] - Parameter model.decoder.block.0.layer.1.EncDecAttention.relative_attention_bias.weight: torch.Size([32, 12]), require_grad=True
[2022-08-15 05:33:50,946][__main__][DEBUG] - Parameter model.decoder.block.0.layer.1.layer_norm.weight: torch.Size([768]), require_grad=True
[2022-08-15 05:33:50,946][__main__][DEBUG] - Parameter model.decoder.block.0.layer.2.DenseReluDense.wi.weight: torch.Size([3072, 768]), require_grad=True
[2022-08-15 05:33:50,946][__main__][DEBUG] - Parameter model.decoder.block.0.layer.2.DenseReluDense.wo.weight: torch.Size([768, 3072]), require_grad=True
[2022-08-15 05:33:50,946][__main__][DEBUG] - Parameter model.decoder.block.0.layer.2.layer_norm.weight: torch.Size([768]), require_grad=True
[2022-08-15 05:33:50,947][__main__][DEBUG] - Parameter model.decoder.block.1.layer.0.SelfAttention.q.weight: torch.Size([768, 768]), require_grad=True
[2022-08-15 05:33:50,947][__main__][DEBUG] - Parameter model.decoder.block.1.layer.0.SelfAttention.k.weight: torch.Size([768, 768]), require_grad=True
[2022-08-15 05:33:50,947][__main__][DEBUG] - Parameter model.decoder.block.1.layer.0.SelfAttention.v.weight: torch.Size([768, 768]), require_grad=True
[2022-08-15 05:33:50,947][__main__][DEBUG] - Parameter model.decoder.block.1.layer.0.SelfAttention.o.weight: torch.Size([768, 768]), require_grad=True
[2022-08-15 05:33:50,947][__main__][DEBUG] - Parameter model.decoder.block.1.layer.0.layer_norm.weight: torch.Size([768]), require_grad=True
[2022-08-15 05:33:50,947][__main__][DEBUG] - Parameter model.decoder.block.1.layer.1.EncDecAttention.q.weight: torch.Size([768, 768]), require_grad=True
[2022-08-15 05:33:50,947][__main__][DEBUG] - Parameter model.decoder.block.1.layer.1.EncDecAttention.k.weight: torch.Size([768, 768]), require_grad=True
[2022-08-15 05:33:50,947][__main__][DEBUG] - Parameter model.decoder.block.1.layer.1.EncDecAttention.v.weight: torch.Size([768, 768]), require_grad=True
[2022-08-15 05:33:50,948][__main__][DEBUG] - Parameter model.decoder.block.1.layer.1.EncDecAttention.o.weight: torch.Size([768, 768]), require_grad=True
[2022-08-15 05:33:50,948][__main__][DEBUG] - Parameter model.decoder.block.1.layer.1.layer_norm.weight: torch.Size([768]), require_grad=True
[2022-08-15 05:33:50,948][__main__][DEBUG] - Parameter model.decoder.block.1.layer.2.DenseReluDense.wi.weight: torch.Size([3072, 768]), require_grad=True
[2022-08-15 05:33:50,948][__main__][DEBUG] - Parameter model.decoder.block.1.layer.2.DenseReluDense.wo.weight: torch.Size([768, 3072]), require_grad=True
[2022-08-15 05:33:50,948][__main__][DEBUG] - Parameter model.decoder.block.1.layer.2.layer_norm.weight: torch.Size([768]), require_grad=True
[2022-08-15 05:33:50,948][__main__][DEBUG] - Parameter model.decoder.block.2.layer.0.SelfAttention.q.weight: torch.Size([768, 768]), require_grad=True
[2022-08-15 05:33:50,948][__main__][DEBUG] - Parameter model.decoder.block.2.layer.0.SelfAttention.k.weight: torch.Size([768, 768]), require_grad=True
[2022-08-15 05:33:50,948][__main__][DEBUG] - Parameter model.decoder.block.2.layer.0.SelfAttention.v.weight: torch.Size([768, 768]), require_grad=True
[2022-08-15 05:33:50,949][__main__][DEBUG] - Parameter model.decoder.block.2.layer.0.SelfAttention.o.weight: torch.Size([768, 768]), require_grad=True
[2022-08-15 05:33:50,949][__main__][DEBUG] - Parameter model.decoder.block.2.layer.0.layer_norm.weight: torch.Size([768]), require_grad=True
[2022-08-15 05:33:50,949][__main__][DEBUG] - Parameter model.decoder.block.2.layer.1.EncDecAttention.q.weight: torch.Size([768, 768]), require_grad=True
[2022-08-15 05:33:50,949][__main__][DEBUG] - Parameter model.decoder.block.2.layer.1.EncDecAttention.k.weight: torch.Size([768, 768]), require_grad=True
[2022-08-15 05:33:50,949][__main__][DEBUG] - Parameter model.decoder.block.2.layer.1.EncDecAttention.v.weight: torch.Size([768, 768]), require_grad=True
[2022-08-15 05:33:50,949][__main__][DEBUG] - Parameter model.decoder.block.2.layer.1.EncDecAttention.o.weight: torch.Size([768, 768]), require_grad=True
[2022-08-15 05:33:50,949][__main__][DEBUG] - Parameter model.decoder.block.2.layer.1.layer_norm.weight: torch.Size([768]), require_grad=True
[2022-08-15 05:33:50,949][__main__][DEBUG] - Parameter model.decoder.block.2.layer.2.DenseReluDense.wi.weight: torch.Size([3072, 768]), require_grad=True
[2022-08-15 05:33:50,949][__main__][DEBUG] - Parameter model.decoder.block.2.layer.2.DenseReluDense.wo.weight: torch.Size([768, 3072]), require_grad=True
[2022-08-15 05:33:50,950][__main__][DEBUG] - Parameter model.decoder.block.2.layer.2.layer_norm.weight: torch.Size([768]), require_grad=True
[2022-08-15 05:33:50,950][__main__][DEBUG] - Parameter model.decoder.block.3.layer.0.SelfAttention.q.weight: torch.Size([768, 768]), require_grad=True
[2022-08-15 05:33:50,950][__main__][DEBUG] - Parameter model.decoder.block.3.layer.0.SelfAttention.k.weight: torch.Size([768, 768]), require_grad=True
[2022-08-15 05:33:50,950][__main__][DEBUG] - Parameter model.decoder.block.3.layer.0.SelfAttention.v.weight: torch.Size([768, 768]), require_grad=True
[2022-08-15 05:33:50,950][__main__][DEBUG] - Parameter model.decoder.block.3.layer.0.SelfAttention.o.weight: torch.Size([768, 768]), require_grad=True
[2022-08-15 05:33:50,950][__main__][DEBUG] - Parameter model.decoder.block.3.layer.0.layer_norm.weight: torch.Size([768]), require_grad=True
[2022-08-15 05:33:50,950][__main__][DEBUG] - Parameter model.decoder.block.3.layer.1.EncDecAttention.q.weight: torch.Size([768, 768]), require_grad=True
[2022-08-15 05:33:50,950][__main__][DEBUG] - Parameter model.decoder.block.3.layer.1.EncDecAttention.k.weight: torch.Size([768, 768]), require_grad=True
[2022-08-15 05:33:50,951][__main__][DEBUG] - Parameter model.decoder.block.3.layer.1.EncDecAttention.v.weight: torch.Size([768, 768]), require_grad=True
[2022-08-15 05:33:50,951][__main__][DEBUG] - Parameter model.decoder.block.3.layer.1.EncDecAttention.o.weight: torch.Size([768, 768]), require_grad=True
[2022-08-15 05:33:50,951][__main__][DEBUG] - Parameter model.decoder.block.3.layer.1.layer_norm.weight: torch.Size([768]), require_grad=True
[2022-08-15 05:33:50,951][__main__][DEBUG] - Parameter model.decoder.block.3.layer.2.DenseReluDense.wi.weight: torch.Size([3072, 768]), require_grad=True
[2022-08-15 05:33:50,951][__main__][DEBUG] - Parameter model.decoder.block.3.layer.2.DenseReluDense.wo.weight: torch.Size([768, 3072]), require_grad=True
[2022-08-15 05:33:50,951][__main__][DEBUG] - Parameter model.decoder.block.3.layer.2.layer_norm.weight: torch.Size([768]), require_grad=True
[2022-08-15 05:33:50,951][__main__][DEBUG] - Parameter model.decoder.block.4.layer.0.SelfAttention.q.weight: torch.Size([768, 768]), require_grad=True
[2022-08-15 05:33:50,952][__main__][DEBUG] - Parameter model.decoder.block.4.layer.0.SelfAttention.k.weight: torch.Size([768, 768]), require_grad=True
[2022-08-15 05:33:50,952][__main__][DEBUG] - Parameter model.decoder.block.4.layer.0.SelfAttention.v.weight: torch.Size([768, 768]), require_grad=True
[2022-08-15 05:33:50,952][__main__][DEBUG] - Parameter model.decoder.block.4.layer.0.SelfAttention.o.weight: torch.Size([768, 768]), require_grad=True
[2022-08-15 05:33:50,952][__main__][DEBUG] - Parameter model.decoder.block.4.layer.0.layer_norm.weight: torch.Size([768]), require_grad=True
[2022-08-15 05:33:50,952][__main__][DEBUG] - Parameter model.decoder.block.4.layer.1.EncDecAttention.q.weight: torch.Size([768, 768]), require_grad=True
[2022-08-15 05:33:50,952][__main__][DEBUG] - Parameter model.decoder.block.4.layer.1.EncDecAttention.k.weight: torch.Size([768, 768]), require_grad=True
[2022-08-15 05:33:50,952][__main__][DEBUG] - Parameter model.decoder.block.4.layer.1.EncDecAttention.v.weight: torch.Size([768, 768]), require_grad=True
[2022-08-15 05:33:50,952][__main__][DEBUG] - Parameter model.decoder.block.4.layer.1.EncDecAttention.o.weight: torch.Size([768, 768]), require_grad=True
[2022-08-15 05:33:50,952][__main__][DEBUG] - Parameter model.decoder.block.4.layer.1.layer_norm.weight: torch.Size([768]), require_grad=True
[2022-08-15 05:33:50,953][__main__][DEBUG] - Parameter model.decoder.block.4.layer.2.DenseReluDense.wi.weight: torch.Size([3072, 768]), require_grad=True
[2022-08-15 05:33:50,953][__main__][DEBUG] - Parameter model.decoder.block.4.layer.2.DenseReluDense.wo.weight: torch.Size([768, 3072]), require_grad=True
[2022-08-15 05:33:50,953][__main__][DEBUG] - Parameter model.decoder.block.4.layer.2.layer_norm.weight: torch.Size([768]), require_grad=True
[2022-08-15 05:33:50,953][__main__][DEBUG] - Parameter model.decoder.block.5.layer.0.SelfAttention.q.weight: torch.Size([768, 768]), require_grad=True
[2022-08-15 05:33:50,953][__main__][DEBUG] - Parameter model.decoder.block.5.layer.0.SelfAttention.k.weight: torch.Size([768, 768]), require_grad=True
[2022-08-15 05:33:50,953][__main__][DEBUG] - Parameter model.decoder.block.5.layer.0.SelfAttention.v.weight: torch.Size([768, 768]), require_grad=True
[2022-08-15 05:33:50,953][__main__][DEBUG] - Parameter model.decoder.block.5.layer.0.SelfAttention.o.weight: torch.Size([768, 768]), require_grad=True
[2022-08-15 05:33:50,954][__main__][DEBUG] - Parameter model.decoder.block.5.layer.0.layer_norm.weight: torch.Size([768]), require_grad=True
[2022-08-15 05:33:50,954][__main__][DEBUG] - Parameter model.decoder.block.5.layer.1.EncDecAttention.q.weight: torch.Size([768, 768]), require_grad=True
[2022-08-15 05:33:50,954][__main__][DEBUG] - Parameter model.decoder.block.5.layer.1.EncDecAttention.k.weight: torch.Size([768, 768]), require_grad=True
[2022-08-15 05:33:51,048][__main__][DEBUG] - Parameter model.decoder.block.5.layer.1.EncDecAttention.v.weight: torch.Size([768, 768]), require_grad=True
[2022-08-15 05:33:51,049][__main__][DEBUG] - Parameter model.decoder.block.5.layer.1.EncDecAttention.o.weight: torch.Size([768, 768]), require_grad=True
[2022-08-15 05:33:51,049][__main__][DEBUG] - Parameter model.decoder.block.5.layer.1.layer_norm.weight: torch.Size([768]), require_grad=True
[2022-08-15 05:33:51,049][__main__][DEBUG] - Parameter model.decoder.block.5.layer.2.DenseReluDense.wi.weight: torch.Size([3072, 768]), require_grad=True
[2022-08-15 05:33:51,049][__main__][DEBUG] - Parameter model.decoder.block.5.layer.2.DenseReluDense.wo.weight: torch.Size([768, 3072]), require_grad=True
[2022-08-15 05:33:51,050][__main__][DEBUG] - Parameter model.decoder.block.5.layer.2.layer_norm.weight: torch.Size([768]), require_grad=True
[2022-08-15 05:33:51,050][__main__][DEBUG] - Parameter model.decoder.block.6.layer.0.SelfAttention.q.weight: torch.Size([768, 768]), require_grad=True
[2022-08-15 05:33:51,050][__main__][DEBUG] - Parameter model.decoder.block.6.layer.0.SelfAttention.k.weight: torch.Size([768, 768]), require_grad=True
[2022-08-15 05:33:51,050][__main__][DEBUG] - Parameter model.decoder.block.6.layer.0.SelfAttention.v.weight: torch.Size([768, 768]), require_grad=True
[2022-08-15 05:33:51,050][__main__][DEBUG] - Parameter model.decoder.block.6.layer.0.SelfAttention.o.weight: torch.Size([768, 768]), require_grad=True
[2022-08-15 05:33:51,050][__main__][DEBUG] - Parameter model.decoder.block.6.layer.0.layer_norm.weight: torch.Size([768]), require_grad=True
[2022-08-15 05:33:51,051][__main__][DEBUG] - Parameter model.decoder.block.6.layer.1.EncDecAttention.q.weight: torch.Size([768, 768]), require_grad=True
[2022-08-15 05:33:51,051][__main__][DEBUG] - Parameter model.decoder.block.6.layer.1.EncDecAttention.k.weight: torch.Size([768, 768]), require_grad=True
[2022-08-15 05:33:51,051][__main__][DEBUG] - Parameter model.decoder.block.6.layer.1.EncDecAttention.v.weight: torch.Size([768, 768]), require_grad=True
[2022-08-15 05:33:51,051][__main__][DEBUG] - Parameter model.decoder.block.6.layer.1.EncDecAttention.o.weight: torch.Size([768, 768]), require_grad=True
[2022-08-15 05:33:51,051][__main__][DEBUG] - Parameter model.decoder.block.6.layer.1.layer_norm.weight: torch.Size([768]), require_grad=True
[2022-08-15 05:33:51,051][__main__][DEBUG] - Parameter model.decoder.block.6.layer.2.DenseReluDense.wi.weight: torch.Size([3072, 768]), require_grad=True
[2022-08-15 05:33:51,052][__main__][DEBUG] - Parameter model.decoder.block.6.layer.2.DenseReluDense.wo.weight: torch.Size([768, 3072]), require_grad=True
[2022-08-15 05:33:51,052][__main__][DEBUG] - Parameter model.decoder.block.6.layer.2.layer_norm.weight: torch.Size([768]), require_grad=True
[2022-08-15 05:33:51,052][__main__][DEBUG] - Parameter model.decoder.block.7.layer.0.SelfAttention.q.weight: torch.Size([768, 768]), require_grad=True
[2022-08-15 05:33:51,052][__main__][DEBUG] - Parameter model.decoder.block.7.layer.0.SelfAttention.k.weight: torch.Size([768, 768]), require_grad=True
[2022-08-15 05:33:51,052][__main__][DEBUG] - Parameter model.decoder.block.7.layer.0.SelfAttention.v.weight: torch.Size([768, 768]), require_grad=True
[2022-08-15 05:33:51,052][__main__][DEBUG] - Parameter model.decoder.block.7.layer.0.SelfAttention.o.weight: torch.Size([768, 768]), require_grad=True
[2022-08-15 05:33:51,053][__main__][DEBUG] - Parameter model.decoder.block.7.layer.0.layer_norm.weight: torch.Size([768]), require_grad=True
[2022-08-15 05:33:51,053][__main__][DEBUG] - Parameter model.decoder.block.7.layer.1.EncDecAttention.q.weight: torch.Size([768, 768]), require_grad=True
[2022-08-15 05:33:51,053][__main__][DEBUG] - Parameter model.decoder.block.7.layer.1.EncDecAttention.k.weight: torch.Size([768, 768]), require_grad=True
[2022-08-15 05:33:51,053][__main__][DEBUG] - Parameter model.decoder.block.7.layer.1.EncDecAttention.v.weight: torch.Size([768, 768]), require_grad=True
[2022-08-15 05:33:51,053][__main__][DEBUG] - Parameter model.decoder.block.7.layer.1.EncDecAttention.o.weight: torch.Size([768, 768]), require_grad=True
[2022-08-15 05:33:51,053][__main__][DEBUG] - Parameter model.decoder.block.7.layer.1.layer_norm.weight: torch.Size([768]), require_grad=True
[2022-08-15 05:33:51,054][__main__][DEBUG] - Parameter model.decoder.block.7.layer.2.DenseReluDense.wi.weight: torch.Size([3072, 768]), require_grad=True
[2022-08-15 05:33:51,054][__main__][DEBUG] - Parameter model.decoder.block.7.layer.2.DenseReluDense.wo.weight: torch.Size([768, 3072]), require_grad=True
[2022-08-15 05:33:51,054][__main__][DEBUG] - Parameter model.decoder.block.7.layer.2.layer_norm.weight: torch.Size([768]), require_grad=True
[2022-08-15 05:33:51,054][__main__][DEBUG] - Parameter model.decoder.block.8.layer.0.SelfAttention.q.weight: torch.Size([768, 768]), require_grad=True
[2022-08-15 05:33:51,054][__main__][DEBUG] - Parameter model.decoder.block.8.layer.0.SelfAttention.k.weight: torch.Size([768, 768]), require_grad=True
[2022-08-15 05:33:51,054][__main__][DEBUG] - Parameter model.decoder.block.8.layer.0.SelfAttention.v.weight: torch.Size([768, 768]), require_grad=True
[2022-08-15 05:33:51,055][__main__][DEBUG] - Parameter model.decoder.block.8.layer.0.SelfAttention.o.weight: torch.Size([768, 768]), require_grad=True
[2022-08-15 05:33:51,055][__main__][DEBUG] - Parameter model.decoder.block.8.layer.0.layer_norm.weight: torch.Size([768]), require_grad=True
[2022-08-15 05:33:51,055][__main__][DEBUG] - Parameter model.decoder.block.8.layer.1.EncDecAttention.q.weight: torch.Size([768, 768]), require_grad=True
[2022-08-15 05:33:51,056][__main__][DEBUG] - Parameter model.decoder.block.8.layer.1.EncDecAttention.k.weight: torch.Size([768, 768]), require_grad=True
[2022-08-15 05:33:51,056][__main__][DEBUG] - Parameter model.decoder.block.8.layer.1.EncDecAttention.v.weight: torch.Size([768, 768]), require_grad=True
[2022-08-15 05:33:51,056][__main__][DEBUG] - Parameter model.decoder.block.8.layer.1.EncDecAttention.o.weight: torch.Size([768, 768]), require_grad=True
[2022-08-15 05:33:51,056][__main__][DEBUG] - Parameter model.decoder.block.8.layer.1.layer_norm.weight: torch.Size([768]), require_grad=True
[2022-08-15 05:33:51,057][__main__][DEBUG] - Parameter model.decoder.block.8.layer.2.DenseReluDense.wi.weight: torch.Size([3072, 768]), require_grad=True
[2022-08-15 05:33:51,057][__main__][DEBUG] - Parameter model.decoder.block.8.layer.2.DenseReluDense.wo.weight: torch.Size([768, 3072]), require_grad=True
[2022-08-15 05:33:51,057][__main__][DEBUG] - Parameter model.decoder.block.8.layer.2.layer_norm.weight: torch.Size([768]), require_grad=True
[2022-08-15 05:33:51,057][__main__][DEBUG] - Parameter model.decoder.block.9.layer.0.SelfAttention.q.weight: torch.Size([768, 768]), require_grad=True
[2022-08-15 05:33:51,057][__main__][DEBUG] - Parameter model.decoder.block.9.layer.0.SelfAttention.k.weight: torch.Size([768, 768]), require_grad=True
[2022-08-15 05:33:51,057][__main__][DEBUG] - Parameter model.decoder.block.9.layer.0.SelfAttention.v.weight: torch.Size([768, 768]), require_grad=True
[2022-08-15 05:33:51,058][__main__][DEBUG] - Parameter model.decoder.block.9.layer.0.SelfAttention.o.weight: torch.Size([768, 768]), require_grad=True
[2022-08-15 05:33:51,058][__main__][DEBUG] - Parameter model.decoder.block.9.layer.0.layer_norm.weight: torch.Size([768]), require_grad=True
[2022-08-15 05:33:51,058][__main__][DEBUG] - Parameter model.decoder.block.9.layer.1.EncDecAttention.q.weight: torch.Size([768, 768]), require_grad=True
[2022-08-15 05:33:51,058][__main__][DEBUG] - Parameter model.decoder.block.9.layer.1.EncDecAttention.k.weight: torch.Size([768, 768]), require_grad=True
[2022-08-15 05:33:51,058][__main__][DEBUG] - Parameter model.decoder.block.9.layer.1.EncDecAttention.v.weight: torch.Size([768, 768]), require_grad=True
[2022-08-15 05:33:51,059][__main__][DEBUG] - Parameter model.decoder.block.9.layer.1.EncDecAttention.o.weight: torch.Size([768, 768]), require_grad=True
[2022-08-15 05:33:51,059][__main__][DEBUG] - Parameter model.decoder.block.9.layer.1.layer_norm.weight: torch.Size([768]), require_grad=True
[2022-08-15 05:33:51,059][__main__][DEBUG] - Parameter model.decoder.block.9.layer.2.DenseReluDense.wi.weight: torch.Size([3072, 768]), require_grad=True
[2022-08-15 05:33:51,059][__main__][DEBUG] - Parameter model.decoder.block.9.layer.2.DenseReluDense.wo.weight: torch.Size([768, 3072]), require_grad=True
[2022-08-15 05:33:51,059][__main__][DEBUG] - Parameter model.decoder.block.9.layer.2.layer_norm.weight: torch.Size([768]), require_grad=True
[2022-08-15 05:33:51,059][__main__][DEBUG] - Parameter model.decoder.block.10.layer.0.SelfAttention.q.weight: torch.Size([768, 768]), require_grad=True
[2022-08-15 05:33:51,060][__main__][DEBUG] - Parameter model.decoder.block.10.layer.0.SelfAttention.k.weight: torch.Size([768, 768]), require_grad=True
[2022-08-15 05:33:51,060][__main__][DEBUG] - Parameter model.decoder.block.10.layer.0.SelfAttention.v.weight: torch.Size([768, 768]), require_grad=True
[2022-08-15 05:33:51,060][__main__][DEBUG] - Parameter model.decoder.block.10.layer.0.SelfAttention.o.weight: torch.Size([768, 768]), require_grad=True
[2022-08-15 05:33:51,060][__main__][DEBUG] - Parameter model.decoder.block.10.layer.0.layer_norm.weight: torch.Size([768]), require_grad=True
[2022-08-15 05:33:51,060][__main__][DEBUG] - Parameter model.decoder.block.10.layer.1.EncDecAttention.q.weight: torch.Size([768, 768]), require_grad=True
[2022-08-15 05:33:51,060][__main__][DEBUG] - Parameter model.decoder.block.10.layer.1.EncDecAttention.k.weight: torch.Size([768, 768]), require_grad=True
[2022-08-15 05:33:51,060][__main__][DEBUG] - Parameter model.decoder.block.10.layer.1.EncDecAttention.v.weight: torch.Size([768, 768]), require_grad=True
[2022-08-15 05:33:51,061][__main__][DEBUG] - Parameter model.decoder.block.10.layer.1.EncDecAttention.o.weight: torch.Size([768, 768]), require_grad=True
[2022-08-15 05:33:51,061][__main__][DEBUG] - Parameter model.decoder.block.10.layer.1.layer_norm.weight: torch.Size([768]), require_grad=True
[2022-08-15 05:33:51,062][__main__][DEBUG] - Parameter model.decoder.block.10.layer.2.DenseReluDense.wi.weight: torch.Size([3072, 768]), require_grad=True
[2022-08-15 05:33:51,062][__main__][DEBUG] - Parameter model.decoder.block.10.layer.2.DenseReluDense.wo.weight: torch.Size([768, 3072]), require_grad=True
[2022-08-15 05:33:51,062][__main__][DEBUG] - Parameter model.decoder.block.10.layer.2.layer_norm.weight: torch.Size([768]), require_grad=True
[2022-08-15 05:33:51,062][__main__][DEBUG] - Parameter model.decoder.block.11.layer.0.SelfAttention.q.weight: torch.Size([768, 768]), require_grad=True
[2022-08-15 05:33:51,062][__main__][DEBUG] - Parameter model.decoder.block.11.layer.0.SelfAttention.k.weight: torch.Size([768, 768]), require_grad=True
[2022-08-15 05:33:51,062][__main__][DEBUG] - Parameter model.decoder.block.11.layer.0.SelfAttention.v.weight: torch.Size([768, 768]), require_grad=True
[2022-08-15 05:33:51,063][__main__][DEBUG] - Parameter model.decoder.block.11.layer.0.SelfAttention.o.weight: torch.Size([768, 768]), require_grad=True
[2022-08-15 05:33:51,063][__main__][DEBUG] - Parameter model.decoder.block.11.layer.0.layer_norm.weight: torch.Size([768]), require_grad=True
[2022-08-15 05:33:51,063][__main__][DEBUG] - Parameter model.decoder.block.11.layer.1.EncDecAttention.q.weight: torch.Size([768, 768]), require_grad=True
[2022-08-15 05:33:51,063][__main__][DEBUG] - Parameter model.decoder.block.11.layer.1.EncDecAttention.k.weight: torch.Size([768, 768]), require_grad=True
[2022-08-15 05:33:51,063][__main__][DEBUG] - Parameter model.decoder.block.11.layer.1.EncDecAttention.v.weight: torch.Size([768, 768]), require_grad=True
[2022-08-15 05:33:51,064][__main__][DEBUG] - Parameter model.decoder.block.11.layer.1.EncDecAttention.o.weight: torch.Size([768, 768]), require_grad=True
[2022-08-15 05:33:51,065][__main__][DEBUG] - Parameter model.decoder.block.11.layer.1.layer_norm.weight: torch.Size([768]), require_grad=True
[2022-08-15 05:33:51,065][__main__][DEBUG] - Parameter model.decoder.block.11.layer.2.DenseReluDense.wi.weight: torch.Size([3072, 768]), require_grad=True
[2022-08-15 05:33:51,066][__main__][DEBUG] - Parameter model.decoder.block.11.layer.2.DenseReluDense.wo.weight: torch.Size([768, 3072]), require_grad=True
[2022-08-15 05:33:51,066][__main__][DEBUG] - Parameter model.decoder.block.11.layer.2.layer_norm.weight: torch.Size([768]), require_grad=True
[2022-08-15 05:33:51,067][__main__][DEBUG] - Parameter model.decoder.final_layer_norm.weight: torch.Size([768]), require_grad=True
[2022-08-15 05:33:51,073][__main__][DEBUG] - Starting training!
[2022-08-15 05:33:52,150][__main__][DEBUG] - batch 0: tensor([[ 784, 9413,  908,  ..., 6327,  908,    1],
        [ 784, 9413,  908,  ..., 6327,  908,    1],
        [ 784, 9413,  908,  ..., 6327,  908,    1],
        [ 784, 9413,  908,  ...,    0,    0,    0]], device='cuda:0') 
[2022-08-15 05:33:52,162][__main__][DEBUG] - batch 1: tensor([[1, 1, 1,  ..., 1, 1, 1],
        [1, 1, 1,  ..., 1, 1, 1],
        [1, 1, 1,  ..., 1, 1, 1],
        [1, 1, 1,  ..., 0, 0, 0]], device='cuda:0') 
[2022-08-15 05:33:52,163][__main__][DEBUG] - batch 2: tensor([[    3,    87,  6661,  ...,     0,     0,     0],
        [    3,    87,    17,  ...,     0,     0,     0],
        [    3,    87,  6661,  ...,     0,     0,     0],
        [    3,    87, 22170,  ...,     0,     0,     0]], device='cuda:0') 
[2022-08-15 05:33:52,165][__main__][DEBUG] - batch 3: tensor([[1, 1, 1,  ..., 0, 0, 0],
        [1, 1, 1,  ..., 0, 0, 0],
        [1, 1, 1,  ..., 0, 0, 0],
        [1, 1, 1,  ..., 0, 0, 0]], device='cuda:0') 
[2022-08-15 05:33:52,166][__main__][DEBUG] - batch 4: tensor([[50, 50, 50,  ..., 50, 50, 50],
        [50, 50, 50,  ..., 50, 50, 50],
        [50, 50, 50,  ..., 50, 50, 50],
        [50, 50, 50,  ..., 50, 50, 50]], device='cuda:0') 
[2022-08-15 05:33:52,167][__main__][DEBUG] - batch 5: tensor([[60, 60, 60,  ..., 60, 60, 60],
        [60, 60, 60,  ..., 60, 60, 60],
        [60, 60, 60,  ..., 60, 60, 60],
        [60, 60, 60,  ..., 60, 60, 60]], device='cuda:0') 
[2022-08-15 05:33:52,175][__main__][DEBUG] - batch 6: tensor([[71],
        [ 9],
        [15],
        [ 3]], device='cuda:0') 
[2022-08-15 05:33:52,175][__main__][DEBUG] - batch 7: tensor([[10],
        [ 5],
        [15],
        [ 2]], device='cuda:0') 
[2022-08-15 05:33:52,181][__main__][DEBUG] - batch 8: tensor([[[60, 60, 60,  ..., 60, 60, 60],
         [60, 60, 60,  ..., 60, 60, 60],
         [60, 60, 60,  ..., 60, 60, 60],
         ...,
         [60, 60, 60,  ..., 60, 60, 60],
         [60, 60, 60,  ..., 60, 60, 60],
         [60, 60, 60,  ..., 60, 60, 60]],

        [[60, 13, 60,  ..., 60, 60, 60],
         [ 3, 60, 60,  ..., 60, 60, 60],
         [11, 60, 60,  ..., 60, 60, 60],
         ...,
         [60, 60, 60,  ..., 60, 60, 60],
         [60, 60, 60,  ..., 60, 60, 60],
         [60, 60, 60,  ..., 60, 60, 60]],

        [[60, 60, 60,  ..., 60, 60, 60],
         [60, 60, 60,  ..., 60, 60, 60],
         [60, 60, 60,  ..., 60, 60, 60],
         ...,
         [60, 60, 60,  ..., 60, 60, 60],
         [60, 60, 60,  ..., 60, 60, 60],
         [60, 60, 60,  ..., 60, 60, 60]],

        [[60, 60,  1,  ..., 60, 60, 60],
         [60, 60,  0,  ..., 60, 60, 60],
         [ 2, 60, 60,  ..., 60, 60, 60],
         ...,
         [60, 60, 60,  ..., 60, 60, 60],
         [60, 60, 60,  ..., 60, 60, 60],
         [60, 60, 60,  ..., 60, 60, 60]]], device='cuda:0') 
[2022-08-15 05:39:04,905][__main__][DEBUG] - epoch is 0
[2022-08-15 05:39:04,907][__main__][DEBUG] - validation loss is tensor(2.2837, device='cuda:0')
[2022-08-15 05:44:20,846][__main__][DEBUG] - early stop
